Removed Pin From Net: NetName=3V3 Pin=J2-1
Removed Pin From Net: NetName=3V3 Pin=J2-2
Removed Pin From Net: NetName=USB_DDM Pin=J2-3
Removed Pin From Net: NetName=USB_DDP Pin=J2-4
Removed Pin From Net: NetName=GND Pin=J2-7
Removed Pin From Net: NetName=GND Pin=J2-8
Removed Pin From Net: NetName=USB_VBUS Pin=J2-10
Removed Pin From Net: NetName=LED_GREEN Pin=J2-13
Removed Pin From Net: NetName=LED_RED Pin=J2-14
Removed Pin From Net: NetName=LED_BTN01 Pin=J2-15
Removed Pin From Net: NetName=LED_BTN02 Pin=J2-16
Removed Pin From Net: NetName=GND Pin=J2-17
Removed Pin From Net: NetName=GND Pin=J2-18
Removed Pin From Net: NetName=GND Pin=J2-25
Removed Pin From Net: NetName=SD_CD Pin=J2-27
Removed Pin From Net: NetName=SD_MCDA2 Pin=J2-28
Removed Pin From Net: NetName=SD_MCDA3 Pin=J2-29
Removed Pin From Net: NetName=SD_MCDA1 Pin=J2-30
Removed Pin From Net: NetName=SD_MCCK Pin=J2-31
Removed Pin From Net: NetName=SD_MCCDA Pin=J2-32
Removed Pin From Net: NetName=SD_MCDA0 Pin=J2-33
Removed Pin From Net: NetName=GND Pin=J2-34
Removed Pin From Net: NetName=3V3 Pin=J2-39
Removed Pin From Net: NetName=3V3 Pin=J2-40
Removed Member From Class: ClassName=PMV2_IBV1_Altium_page01 Member=J2
Added Component: Designator=J?(HeaderX70b)
Added Pin To Net: NetName=3V3 Pin=J?-1
Added Pin To Net: NetName=3V3 Pin=J?-2
Added Pin To Net: NetName=USB_DDM Pin=J?-3
Added Pin To Net: NetName=USB_DDP Pin=J?-4
Added Pin To Net: NetName=GND Pin=J?-7
Added Pin To Net: NetName=GND Pin=J?-8
Added Pin To Net: NetName=LED_GREEN Pin=J?-10
Added Pin To Net: NetName=USB_VBUS Pin=J?-11
Added Pin To Net: NetName=LED_RED Pin=J?-12
Added Pin To Net: NetName=LED_BTN01 Pin=J?-14
Added Pin To Net: NetName=LED_BTN02 Pin=J?-16
Added Pin To Net: NetName=GND Pin=J?-17
Added Pin To Net: NetName=GND Pin=J?-18
Added Pin To Net: NetName=SD_CD Pin=J?-27
Added Pin To Net: NetName=SD_MCDA2 Pin=J?-28
Added Pin To Net: NetName=SD_MCDA3 Pin=J?-29
Added Pin To Net: NetName=SD_MCDA1 Pin=J?-30
Added Pin To Net: NetName=SD_MCCK Pin=J?-31
Added Pin To Net: NetName=SD_MCCDA Pin=J?-32
Added Pin To Net: NetName=SD_MCDA0 Pin=J?-33
Added Pin To Net: NetName=GND Pin=J?-34
Added Pin To Net: NetName=3V3 Pin=J?-39
Added Pin To Net: NetName=3V3 Pin=J?-40
Added Member To Class: ClassName=PMV2_IBV1_Altium_page01 Member=Component J? CON_Header_2x30_PMV2
Added Room: Name=PMV2_IBV1_Altium_page01
