Removed Pin From Net: NetName=GND Pin=D8-2
Removed Pin From Net: NetName=GND Pin=D9-2
Removed Pin From Net: NetName=NetD8_1 Pin=R19-1
Removed Pin From Net: NetName=LED_GREEN Pin=R19-2
Removed Pin From Net: NetName=NetD9_1 Pin=R20-1
Removed Pin From Net: NetName=LED_RED Pin=R20-2
Removed Member From Class: ClassName=PMV2_IBV1_Altium_page01 Member=R19
Removed Member From Class: ClassName=PMV2_IBV1_Altium_page01 Member=R20
Added Component: Designator=Q?(SOT23-3M)
Added Component: Designator=Q?(SOT23-3M)
Added Component: Designator=R?(RESC3216N)
Added Component: Designator=R?(RESC3216N)
Added Component: Designator=R?(RESC3216N)
Added Component: Designator=R?(RESC3216N)
Added Pin To Net: NetName=GND Pin=Q?-2
Added Pin To Net: NetName=GND Pin=Q?-2
Added Pin To Net: NetName=NetD8_1 Pin=R?-1
Added Pin To Net: NetName=NetD9_1 Pin=R?-1
Added Pin To Net: NetName=3V3 Pin=R?-2
Added Pin To Net: NetName=3V3 Pin=R?-2
Added Pin To Net: NetName=LED_GREEN Pin=R?-2
Added Pin To Net: NetName=LED_RED Pin=R?-2
Added Pin To Net: NetName=NetD8_2 Pin=D8-2
Added Pin To Net: NetName=NetD8_2 Pin=Q?-3
Added Net: Name=NetD8_2
Added Pin To Net: NetName=NetD9_2 Pin=D9-2
Added Pin To Net: NetName=NetD9_2 Pin=Q?-3
Added Net: Name=NetD9_2
Added Pin To Net: NetName=NetQ?_1 Pin=Q?-1
Added Pin To Net: NetName=NetQ?_1 Pin=R?-1
Added Net: Name=NetQ?_1
Added Member To Class: ClassName=PMV2_IBV1_Altium_page01 Member=Component Q? 2N7002
Added Member To Class: ClassName=PMV2_IBV1_Altium_page01 Member=Component R? RES_RC1206FR-071KL_Yageo
Added Room: Name=PMV2_IBV1_Altium_page01
