Change Component Designator: OldDesignator=R3 NewDesignator=R7
Change Component Designator: OldDesignator=R4 NewDesignator=R8
Change Component Designator: OldDesignator=R5 NewDesignator=R9
Change Component Designator: OldDesignator=R6 NewDesignator=R10
Change Component Designator: OldDesignator=R7 NewDesignator=R11
Change Component Designator: OldDesignator=R8 NewDesignator=R12
Change Component Designator: OldDesignator=R9 NewDesignator=R13
Change Component Designator: OldDesignator=R10 NewDesignator=R14
Change Component Designator: OldDesignator=R11 NewDesignator=R15
Change Component Designator: OldDesignator=R12 NewDesignator=R16
Change Component Designator: OldDesignator=R13 NewDesignator=R17
Change Component Designator: OldDesignator=R14 NewDesignator=R18
Change Component Designator: OldDesignator=R15 NewDesignator=R3
Change Component Designator: OldDesignator=R16 NewDesignator=R4
Added Component: Designator=R5(RESC3216N)
Added Component: Designator=R6(RESC3216N)
Added Pin To Net: NetName=BTN01 Pin=R5-1
Added Pin To Net: NetName=3V3 Pin=R5-2
Added Pin To Net: NetName=BTN02 Pin=R6-1
Added Pin To Net: NetName=3V3 Pin=R6-2
Added Member To Class: ClassName=PMV2_IBV1_Altium_page01 Member=Component R17 RES_RC1206JR-07100RL_Yageo
Added Member To Class: ClassName=PMV2_IBV1_Altium_page01 Member=Component R18 RES_RC1206JR-07100RL_Yageo
Added Room: Name=PMV2_IBV1_Altium_page01
