Removed Pin From Net: NetName=NetC1_23 Pin=C1-1
Removed Pin From Net: NetName=ADC1 Pin=C1-2
Removed Pin From Net: NetName=NetC2_23 Pin=C2-1
Removed Pin From Net: NetName=NetC2_22 Pin=C2-2
Removed Pin From Net: NetName=NetC3_22 Pin=C3-2
Removed Pin From Net: NetName=+5V Pin=C4-1
Removed Pin From Net: NetName=AGND Pin=C4-2
Removed Pin From Net: NetName=+5V Pin=C5-1
Removed Pin From Net: NetName=AGND Pin=C5-2
Removed Pin From Net: NetName=+1V5c Pin=C6-1
Removed Pin From Net: NetName=AGND Pin=C6-2
Removed Pin From Net: NetName=NetC7_22 Pin=C7-2
Removed Pin From Net: NetName=NetC8_22 Pin=C8-1
Removed Pin From Net: NetName=+1V5c Pin=C8-2
Removed Pin From Net: NetName=NetC9_22 Pin=C9-1
Removed Pin From Net: NetName=AGND Pin=C9-2
Removed Pin From Net: NetName=NetC10_23 Pin=C10-1
Removed Pin From Net: NetName=ADC2 Pin=C10-2
Removed Pin From Net: NetName=NetC11_23 Pin=C11-1
Removed Pin From Net: NetName=NetC11_22 Pin=C11-2
Removed Pin From Net: NetName=+5V Pin=C12-1
Removed Pin From Net: NetName=AGND Pin=C12-2
Removed Pin From Net: NetName=+1V5v Pin=C13-1
Removed Pin From Net: NetName=AGND Pin=C13-2
Removed Pin From Net: NetName=+3V3 Pin=C14-1
Removed Pin From Net: NetName=DGND Pin=C14-2
Removed Pin From Net: NetName=NetC15_22 Pin=C15-1
Removed Pin From Net: NetName=DGND Pin=C15-2
Removed Pin From Net: NetName=NetC16_23 Pin=C16-1
Removed Pin From Net: NetName=DGND Pin=C16-2
Removed Pin From Net: NetName=NetC16_23 Pin=C17-1
Removed Pin From Net: NetName=DGND Pin=C17-2
Removed Pin From Net: NetName=NetC16_23 Pin=C18-1
Removed Pin From Net: NetName=DGND Pin=C18-2
Removed Pin From Net: NetName=NetC16_23 Pin=C19-1
Removed Pin From Net: NetName=DGND Pin=C19-2
Removed Pin From Net: NetName=NetC16_23 Pin=C20-1
Removed Pin From Net: NetName=DGND Pin=C20-2
Removed Pin From Net: NetName=NetC16_23 Pin=C21-1
Removed Pin From Net: NetName=DGND Pin=C21-2
Removed Pin From Net: NetName=NetC22_22 Pin=C22-1
Removed Pin From Net: NetName=DGND Pin=C22-2
Removed Pin From Net: NetName=PB9 Pin=C23-1
Removed Pin From Net: NetName=DGND Pin=C23-2
Removed Pin From Net: NetName=NetC24_23 Pin=C24-1
Removed Pin From Net: NetName=DGND Pin=C24-2
Removed Pin From Net: NetName=NetC24_23 Pin=C25-1
Removed Pin From Net: NetName=DGND Pin=C25-2
Removed Pin From Net: NetName=NetC24_23 Pin=C26-1
Removed Pin From Net: NetName=DGND Pin=C26-2
Removed Pin From Net: NetName=NetC24_23 Pin=C27-1
Removed Pin From Net: NetName=DGND Pin=C27-2
Removed Pin From Net: NetName=NetC24_23 Pin=C28-1
Removed Pin From Net: NetName=DGND Pin=C28-2
Removed Pin From Net: NetName=NetC29_23 Pin=C29-1
Removed Pin From Net: NetName=DGND Pin=C29-2
Removed Pin From Net: NetName=NetC29_23 Pin=C30-1
Removed Pin From Net: NetName=DGND Pin=C30-2
Removed Pin From Net: NetName=PB8 Pin=C31-1
Removed Pin From Net: NetName=DGND Pin=C31-2
Removed Pin From Net: NetName=USB VBUS Pin=C33-1
Removed Pin From Net: NetName=DGND Pin=C33-2
Removed Pin From Net: NetName=+3V3 Pin=C34-1
Removed Pin From Net: NetName=DGND Pin=C34-2
Removed Pin From Net: NetName=ADVREF Pin=C35-1
Removed Pin From Net: NetName=DGND Pin=C35-2
Removed Pin From Net: NetName=+5V Pin=C36-1
Removed Pin From Net: NetName=AGND Pin=C36-2
Removed Pin From Net: NetName=+3V3 Pin=C37-1
Removed Pin From Net: NetName=AGND Pin=C37-2
Removed Pin From Net: NetName=+5V Pin=C38-1
Removed Pin From Net: NetName=AGND Pin=C38-2
Removed Pin From Net: NetName=+12V Pin=C39-1
Removed Pin From Net: NetName=AGND Pin=C39-2
Removed Pin From Net: NetName=+5V Pin=C40-1
Removed Pin From Net: NetName=AGND Pin=C40-2
Removed Pin From Net: NetName=+3V3_WIFI Pin=C41-1
Removed Pin From Net: NetName=AGND Pin=C41-2
Removed Pin From Net: NetName=+3V3_WIFI Pin=C42-1
Removed Pin From Net: NetName=GND_WIFI Pin=C42-2
Removed Pin From Net: NetName=+3V3_WIFI Pin=C45-1
Removed Pin From Net: NetName=GND_WIFI Pin=C45-2
Removed Pin From Net: NetName=+5V Pin=C46-1
Removed Pin From Net: NetName=AGND Pin=C46-2
Removed Pin From Net: NetName=+1V5v Pin=C47-1
Removed Pin From Net: NetName=NetC47_22 Pin=C47-2
Removed Pin From Net: NetName=NetC48_22 Pin=C48-1
Removed Pin From Net: NetName=AGND Pin=C48-2
Removed Pin From Net: NetName=+5V Pin=C49-1
Removed Pin From Net: NetName=AGND Pin=C49-2
Removed Pin From Net: NetName=+5V Pin=C50-1
Removed Pin From Net: NetName=AGND Pin=C50-2
Removed Pin From Net: NetName=+5V Pin=C51-1
Removed Pin From Net: NetName=AGND Pin=C51-2
Removed Pin From Net: NetName=+5V Pin=C52-1
Removed Pin From Net: NetName=AGND Pin=C52-2
Removed Pin From Net: NetName=NetC53_25 Pin=C53-1
Removed Pin From Net: NetName=NetC53_24 Pin=C53-2
Removed Pin From Net: NetName=-5V Pin=C54-1
Removed Pin From Net: NetName=AGND Pin=C54-2
Removed Pin From Net: NetName=-5V Pin=C55-1
Removed Pin From Net: NetName=AGND Pin=C55-2
Removed Pin From Net: NetName=-5V Pin=C56-1
Removed Pin From Net: NetName=AGND Pin=C56-2
Removed Pin From Net: NetName=-5V Pin=C57-1
Removed Pin From Net: NetName=AGND Pin=C57-2
Removed Pin From Net: NetName=ERASE Pin=J e-1
Removed Pin From Net: NetName=+3V3 Pin=J e-2
Removed Pin From Net: NetName=RESET Pin=J r-1
Removed Pin From Net: NetName=DGND Pin=J r-2
Removed Pin From Net: NetName=USB VBUS Pin=R48-1
Removed Pin From Net: NetName=DGND Pin=R48-2
Removed Pin From Net: NetName=ARM LED1 Pin=U3-15
Removed Pin From Net: NetName=PA2 Pin=U3-23
Removed Pin From Net: NetName=NetC22_22 Pin=Y1-1
Removed Pin From Net: NetName=NetC15_22 Pin=Y1-2
Removed Pin From Net: NetName=PB8 Pin=Y2-1
Removed Pin From Net: NetName=PB9 Pin=Y2-2
Change Component Footprint: Designator=J e Old Footprint=HDR1X2 New Footprint=Res 1206 ok
Change Component Comment : Designator=J e Old Comment=Comment New Comment=RC1206JR-07180KL
Change Component Comment : Designator=J r Old Comment=Comment New Comment=UX60SC-MB-5S8
Change Component Designator: OldDesignator=J e NewDesignator=R48
Change Component Designator: OldDesignator=J r NewDesignator=U9
Added Pin To Net: NetName=USB VBUS Pin=R48-1
Added Pin To Net: NetName=DGND Pin=R48-2
Added Pin To Net: NetName=ARM LED1 Pin=U3-13
Added Pin To Net: NetName=PA23 Pin=U3-15
Added Pin To Net: NetName=NetR47_1 Pin=U9-1
Added Pin To Net: NetName=NetR49_2 Pin=U9-2
Added Pin To Net: NetName=PA24 Pin=U3-23
Added Net: Name=PA24
Added Member To Class: ClassName=arm Member=Component R48 RC1206JR-07180KL
Added Member To Class: ClassName=arm Member=Component U9 UX60SC-MB-5S8
Added Room: Name=adc_chanels.b
Added Room: Name=arm
Added Room: Name=supply
