Removed Pin From Net: NetName=VIN Pin=C9-1
Removed Pin From Net: NetName=AGND Pin=C9-2
Removed Pin From Net: NetName=VIN Pin=C10-1
Removed Pin From Net: NetName=AGND Pin=C10-2
Removed Pin From Net: NetName=AGND Pin=C11-1
Removed Pin From Net: NetName=-5V_A Pin=C11-2
Removed Pin From Net: NetName=-5V_A Pin=C12-2
Removed Pin From Net: NetName=AGND Pin=C13-1
Removed Pin From Net: NetName=-5V_A Pin=C13-2
Removed Pin From Net: NetName=-5V_A Pin=C14-2
Removed Pin From Net: NetName=VIN Pin=C15-1
Removed Pin From Net: NetName=-5V_A Pin=C15-2
Removed Pin From Net: NetName=VIN Pin=C16-1
Removed Pin From Net: NetName=-5V_A Pin=C16-2
Removed Pin From Net: NetName=AGND Pin=C21-2
Removed Pin From Net: NetName=AGND Pin=C22-1
Removed Pin From Net: NetName=+5V_A Pin=C22-2
Removed Pin From Net: NetName=AGND Pin=C26-1
Removed Pin From Net: NetName=-5V_A Pin=D2-2
Removed Pin From Net: NetName=-5V_A Pin=J1-8
Removed Pin From Net: NetName=-5V_A Pin=J1-9
Removed Pin From Net: NetName=-5V_A Pin=J1-20
Removed Pin From Net: NetName=-5V_A Pin=J1-21
Removed Pin From Net: NetName=-5V_A Pin=J2-8
Removed Pin From Net: NetName=-5V_A Pin=J2-9
Removed Pin From Net: NetName=-5V_A Pin=J2-20
Removed Pin From Net: NetName=-5V_A Pin=J2-21
Removed Pin From Net: NetName=NetJ6_1 Pin=J6-1
Removed Pin From Net: NetName=NetJ6_2 Pin=J6-2
Removed Pin From Net: NetName=AGND Pin=L2-2
Removed Pin From Net: NetName=AGND Pin=R4-1
Removed Pin From Net: NetName=-5V_A Pin=R5-1
Removed Pin From Net: NetName=-5V_A Pin=R6-2
Removed Pin From Net: NetName=NetC18_1 Pin=R7-1
Removed Pin From Net: NetName=NetC19_2 Pin=R7-2
Removed Pin From Net: NetName=NetC17_1 Pin=R11-1
Removed Pin From Net: NetName=NetC17_2 Pin=R11-2
Removed Pin From Net: NetName=NetC19_2 Pin=R12-1
Removed Pin From Net: NetName=NetC17_2 Pin=R12-2
Removed Pin From Net: NetName=NetC18_2 Pin=R13-1
Removed Pin From Net: NetName=NetC19_2 Pin=R13-2
Removed Pin From Net: NetName=AGND Pin=R18-1
Removed Pin From Net: NetName=NetC20_1 Pin=R18-2
Removed Pin From Net: NetName=NetC19_2 Pin=R19-1
Removed Pin From Net: NetName=AGND Pin=R19-2
Removed Pin From Net: NetName=AGND Pin=R20-1
Removed Pin From Net: NetName=NetC28_1 Pin=R31-1
Removed Pin From Net: NetName=AGND Pin=R32-1
Removed Pin From Net: NetName=NetC27_1 Pin=R32-2
Removed Pin From Net: NetName=AGND Pin=R33-2
Removed Pin From Net: NetName=AGND Pin=R34-1
Removed Pin From Net: NetName=NetC28_1 Pin=R34-2
Removed Pin From Net: NetName=NetC30_1 Pin=R35-1
Removed Pin From Net: NetName=NetC31_2 Pin=R35-2
Removed Pin From Net: NetName=NetC29_1 Pin=R39-1
Removed Pin From Net: NetName=NetC29_2 Pin=R39-2
Removed Pin From Net: NetName=NetC31_2 Pin=R40-1
Removed Pin From Net: NetName=NetC29_2 Pin=R40-2
Removed Pin From Net: NetName=NetC30_2 Pin=R41-1
Removed Pin From Net: NetName=NetC31_2 Pin=R41-2
Removed Pin From Net: NetName=NetC33_1 Pin=R45-1
Removed Pin From Net: NetName=AGND Pin=R46-1
Removed Pin From Net: NetName=NetC32_1 Pin=R46-2
Removed Pin From Net: NetName=NetC31_2 Pin=R47-1
Removed Pin From Net: NetName=AGND Pin=R47-2
Removed Pin From Net: NetName=AGND Pin=R48-1
Removed Pin From Net: NetName=NetC33_1 Pin=R48-2
Removed Pin From Net: NetName=NetC37_1 Pin=R49-1
Removed Pin From Net: NetName=NetC38_2 Pin=R49-2
Removed Pin From Net: NetName=NetC36_1 Pin=R53-1
Removed Pin From Net: NetName=NetC36_2 Pin=R53-2
Removed Pin From Net: NetName=NetC38_2 Pin=R54-1
Removed Pin From Net: NetName=NetC36_2 Pin=R54-2
Removed Pin From Net: NetName=NetC37_2 Pin=R55-1
Removed Pin From Net: NetName=NetC38_2 Pin=R55-2
Removed Pin From Net: NetName=NetC40_1 Pin=R59-1
Removed Pin From Net: NetName=AGND Pin=R60-1
Removed Pin From Net: NetName=NetC39_1 Pin=R60-2
Removed Pin From Net: NetName=NetC38_2 Pin=R61-1
Removed Pin From Net: NetName=AGND Pin=R61-2
Removed Pin From Net: NetName=AGND Pin=R62-1
Removed Pin From Net: NetName=NetC40_1 Pin=R62-2
Removed Pin From Net: NetName=VIN Pin=U2-2
Removed Pin From Net: NetName=-5V_A Pin=U2-4
Removed Pin From Net: NetName=NetC14_1 Pin=U2-7
Removed Pin From Net: NetName=-5V_A Pin=U2-8
Removed Member From Class: ClassName=pqm_v2_page3 Member=R7
Removed Member From Class: ClassName=pqm_v2_page3 Member=R11
Removed Member From Class: ClassName=pqm_v2_page3 Member=R12
Removed Member From Class: ClassName=pqm_v2_page3 Member=R13
Removed Member From Class: ClassName=pqm_v2_page3 Member=R17
Removed Member From Class: ClassName=pqm_v2_page3 Member=R18
Removed Member From Class: ClassName=pqm_v2_page3 Member=R19
Removed Member From Class: ClassName=pqm_v2_page3 Member=R20
Removed Member From Class: ClassName=pqm_v2_page3 Member=R21
Removed Member From Class: ClassName=pqm_v2_page3 Member=R25
Removed Member From Class: ClassName=pqm_v2_page3 Member=R26
Removed Member From Class: ClassName=pqm_v2_page3 Member=R27
Removed Member From Class: ClassName=pqm_v2_page3 Member=R31
Removed Member From Class: ClassName=pqm_v2_page3 Member=R32
Removed Member From Class: ClassName=pqm_v2_page3 Member=R33
Removed Member From Class: ClassName=pqm_v2_page3 Member=R34
Removed Member From Class: ClassName=pqm_v2_page3 Member=R35
Removed Member From Class: ClassName=pqm_v2_page3 Member=R39
Removed Member From Class: ClassName=pqm_v2_page3 Member=R40
Removed Member From Class: ClassName=pqm_v2_page3 Member=R41
Removed Member From Class: ClassName=pqm_v2_page3 Member=R45
Removed Member From Class: ClassName=pqm_v2_page3 Member=R46
Removed Member From Class: ClassName=pqm_v2_page3 Member=R47
Removed Member From Class: ClassName=pqm_v2_page3 Member=R48
Removed Member From Class: ClassName=pqm_v2_page3 Member=R49
Removed Member From Class: ClassName=pqm_v2_page3 Member=R53
Removed Member From Class: ClassName=pqm_v2_page3 Member=R54
Removed Member From Class: ClassName=pqm_v2_page3 Member=R55
Removed Member From Class: ClassName=pqm_v2_page3 Member=R59
Removed Member From Class: ClassName=pqm_v2_page3 Member=R60
Removed Member From Class: ClassName=pqm_v2_page3 Member=R61
Removed Member From Class: ClassName=pqm_v2_page3 Member=R62
Change Component DesignItemId : Designator=C14 Old DesignItemId=CAP_C3216X7R1E105M085AA_TDK New DesignItemId=cap
Change Component DesignItemId : Designator=C15 Old DesignItemId=CAP_C3225Y5V1H106Z_TDK New DesignItemId=cap
Change Component DesignItemId : Designator=C16 Old DesignItemId=CAP_C3225Y5V1H106Z_TDK New DesignItemId=cap
Change Component DesignItemId : Designator=C11 Old DesignItemId=CAP_EEU-FC1E121_PANASONIC New DesignItemId=cap
Change Component DesignItemId : Designator=C12 Old DesignItemId=CAP_EEU-FC1E121_PANASONIC New DesignItemId=cap
Change Component Footprint: Designator=C15 Old Footprint=CAPC3225X135N New Footprint=CAPC3216X135N_B
Change Component Footprint: Designator=C16 Old Footprint=CAPC3225X135N New Footprint=CAPC3216X135N_B
Change Component Footprint: Designator=C11 Old Footprint=CAPPRD250W50D630H1250 New Footprint=CAPC3216X135N_B
Change Component Footprint: Designator=C12 Old Footprint=CAPPRD250W50D630H1250 New Footprint=CAPC3216X135N_B
Change Component Comment : Designator=C14 Old Comment=CAP_C3216X7R1E105M085AA_TDK New Comment=cap
Change Component Comment : Designator=C15 Old Comment=CAP_C3225Y5V1H106Z_TDK New Comment=cap
Change Component Comment : Designator=C16 Old Comment=CAP_C3225Y5V1H106Z_TDK New Comment=cap
Change Component Comment : Designator=C11 Old Comment=CAP_EEU-FC1E121_PANASONIC New Comment=cap
Change Component Comment : Designator=C12 Old Comment=CAP_EEU-FC1E121_PANASONIC New Comment=cap
Change Component Description : Designator=C14 Old Description=1 µF, 25 V, Capacitores cerámicos, X7R, 1206 (3216 métrico), 0.126" L x 0.063" A (3.20 mm x 1.60 mm) New Description=
Added Component: Designator=J6(PHOENIX_1729128)
Added Component: Designator=R16(RESC3216N)
Added Component: Designator=R16(RESC3216N)
Added Component: Designator=R16(RESC3216N)
Added Component: Designator=R16(RESC3216N)
Added Component: Designator=R16(RESC3216N)
Added Component: Designator=R16(RESC3216N)
Added Component: Designator=R16(RESC3216N)
Added Component: Designator=R16(RESC3216N)
Added Component: Designator=R16(RESC3216N)
Added Component: Designator=R16(RESC3216N)
Added Component: Designator=R16(RESC3216N)
Added Component: Designator=R16(RESC3216N)
Added Component: Designator=R16(RESC3216N)
Added Component: Designator=R16(RESC3216N)
Added Component: Designator=R16(RESC3216N)
Added Component: Designator=R16(RESC3216N)
Added Component: Designator=R16(RESC3216N)
Added Component: Designator=R16(RESC3216N)
Added Component: Designator=R16(RESC3216N)
Added Component: Designator=R16(RESC3216N)
Added Component: Designator=R16(RESC3216N)
Added Component: Designator=R16(RESC3216N)
Added Component: Designator=R16(RESC3216N)
Added Component: Designator=R16(RESC3216N)
Added Component: Designator=R16(RESC3216N)
Added Component: Designator=R16(RESC3216N)
Added Component: Designator=R16(RESC3216N)
Added Component: Designator=R16(RESC3216N)
Added Component: Designator=R16(RESC3216N)
Added Component: Designator=R16(RESC3216N)
Added Component: Designator=R16(RESC3216N)
Added Component: Designator=R16(RESC3216N)
Added Pin To Net: NetName=AGND Pin=C11-2
Added Pin To Net: NetName=+5V_A Pin=C12-2
Added Pin To Net: NetName=AGND Pin=C16-1
Added Pin To Net: NetName=NetJ6_1 Pin=J6-1
Added Pin To Net: NetName=NetJ6_2 Pin=J6-2
Added Pin To Net: NetName=NetC17_2 Pin=R16-1
Added Pin To Net: NetName=NetC18_1 Pin=R16-1
Added Pin To Net: NetName=NetC18_2 Pin=R16-1
Added Pin To Net: NetName=NetC19_2 Pin=R16-1
Added Pin To Net: NetName=NetC19_2 Pin=R16-1
Added Pin To Net: NetName=NetC20_1 Pin=R16-1
Added Pin To Net: NetName=NetC27_1 Pin=R16-1
Added Pin To Net: NetName=NetC28_1 Pin=R16-1
Added Pin To Net: NetName=NetC28_1 Pin=R16-1
Added Pin To Net: NetName=NetC29_2 Pin=R16-1
Added Pin To Net: NetName=NetC30_1 Pin=R16-1
Added Pin To Net: NetName=NetC30_2 Pin=R16-1
Added Pin To Net: NetName=NetC31_2 Pin=R16-1
Added Pin To Net: NetName=NetC31_2 Pin=R16-1
Added Pin To Net: NetName=NetC32_1 Pin=R16-1
Added Pin To Net: NetName=NetC33_1 Pin=R16-1
Added Pin To Net: NetName=NetC33_1 Pin=R16-1
Added Pin To Net: NetName=NetC36_2 Pin=R16-1
Added Pin To Net: NetName=NetC37_1 Pin=R16-1
Added Pin To Net: NetName=NetC37_2 Pin=R16-1
Added Pin To Net: NetName=NetC38_2 Pin=R16-1
Added Pin To Net: NetName=NetC38_2 Pin=R16-1
Added Pin To Net: NetName=NetC39_1 Pin=R16-1
Added Pin To Net: NetName=NetC40_1 Pin=R16-1
Added Pin To Net: NetName=NetC40_1 Pin=R16-1
Added Pin To Net: NetName=AGND Pin=R16-2
Added Pin To Net: NetName=AGND Pin=R16-2
Added Pin To Net: NetName=AGND Pin=R16-2
Added Pin To Net: NetName=AGND Pin=R16-2
Added Pin To Net: NetName=AGND Pin=R16-2
Added Pin To Net: NetName=AGND Pin=R16-2
Added Pin To Net: NetName=AGND Pin=R16-2
Added Pin To Net: NetName=AGND Pin=R16-2
Added Pin To Net: NetName=AGND Pin=R16-2
Added Pin To Net: NetName=AGND Pin=R16-2
Added Pin To Net: NetName=AGND Pin=R16-2
Added Pin To Net: NetName=AGND Pin=R16-2
Added Pin To Net: NetName=NetC14_1 Pin=R16-2
Added Pin To Net: NetName=NetC17_1 Pin=R16-2
Added Pin To Net: NetName=NetC17_2 Pin=R16-2
Added Pin To Net: NetName=NetC19_2 Pin=R16-2
Added Pin To Net: NetName=NetC19_2 Pin=R16-2
Added Pin To Net: NetName=NetC29_1 Pin=R16-2
Added Pin To Net: NetName=NetC29_2 Pin=R16-2
Added Pin To Net: NetName=NetC31_2 Pin=R16-2
Added Pin To Net: NetName=NetC31_2 Pin=R16-2
Added Pin To Net: NetName=NetC36_1 Pin=R16-2
Added Pin To Net: NetName=NetC36_2 Pin=R16-2
Added Pin To Net: NetName=NetC38_2 Pin=R16-2
Added Pin To Net: NetName=NetC38_2 Pin=R16-2
Added Pin To Net: NetName=NetC14_1 Pin=R24-1
Added Pin To Net: NetName=NetC14_1 Pin=U3-9
Added Pin To Net: NetName=NetC11_1 Pin=C11-1
Added Pin To Net: NetName=NetC11_1 Pin=R16-1
Added Pin To Net: NetName=NetC11_1 Pin=R16-1
Added Pin To Net: NetName=NetC11_1 Pin=U3-5
Added Net: Name=NetC11_1
Added Pin To Net: NetName=NetC14_2 Pin=C14-2
Added Pin To Net: NetName=NetC14_2 Pin=R16-1
Added Pin To Net: NetName=NetC14_2 Pin=R16-2
Added Pin To Net: NetName=NetC14_2 Pin=U3-8
Added Net: Name=NetC14_2
Added Pin To Net: NetName=NetC15_1 Pin=C15-1
Added Pin To Net: NetName=NetC15_1 Pin=R16-1
Added Pin To Net: NetName=NetC15_1 Pin=U3-14
Added Net: Name=NetC15_1
Added Pin To Net: NetName=NetC15_2 Pin=C15-2
Added Pin To Net: NetName=NetC15_2 Pin=R16-1
Added Pin To Net: NetName=NetC15_2 Pin=U3-12
Added Net: Name=NetC15_2
Added Pin To Net: NetName=NetC16_2 Pin=C16-2
Added Pin To Net: NetName=NetC16_2 Pin=R16-1
Added Pin To Net: NetName=NetC16_2 Pin=R16-1
Added Pin To Net: NetName=NetC16_2 Pin=R16-2
Added Pin To Net: NetName=NetC16_2 Pin=R16-2
Added Net: Name=NetC16_2
Added Pin To Net: NetName=NetR16_2 Pin=R16-2
Added Pin To Net: NetName=NetR16_2 Pin=R16-2
Added Pin To Net: NetName=NetR16_2 Pin=R16-2
Added Pin To Net: NetName=NetR16_2 Pin=R16-2
Added Net: Name=NetR16_2
Added Class: Name=pqm_v2_page1
Added Member To Class: ClassName=pqm_v2_page3 Member=Component J6 HeaderX2
Added Room: Name=pqm_v2_page1
Added Room: Name=pqm_v2_page2
Added Room: Name=pqm_v2_page3
Added Room: Name=pqm_v2_page5
