Removed Pin From Net: NetName=NetC7_1 Pin=C7-1
Removed Pin From Net: NetName=NetC?_1 Pin=C?-1
Removed Pin From Net: NetName=GND_ISO Pin=C?-2
Added Component: Designator=U6(SOP28)
Added Pin To Net: NetName=+5V_A Pin=C7-1
Added Pin To Net: NetName=NetC7_1 Pin=C7-1
Added Pin To Net: NetName=AGND Pin=C7-2
Added Pin To Net: NetName=3.3V_ISO Pin=C?-1
Added Pin To Net: NetName=NetC7_1 Pin=C?-1
Added Pin To Net: NetName=NetC?_1 Pin=C?-1
Added Pin To Net: NetName=AGND Pin=C?-2
Added Pin To Net: NetName=GND_ISO Pin=C?-2
Added Pin To Net: NetName=GND_ISO Pin=C?-2
Added Pin To Net: NetName=NetC7_1 Pin=U6-1
Added Pin To Net: NetName=NetC7_1 Pin=U6-2
Added Pin To Net: NetName=NetC?_1 Pin=U6-12
Added Pin To Net: NetName=GND_ISO Pin=U6-13
Added Pin To Net: NetName=NetR?_1 Pin=U6-16
Added Pin To Net: NetName=NetC?_1 Pin=U6-17
Added Pin To Net: NetName=AGND Pin=U6-26
Added Pin To Net: NetName=AGND Pin=U6-27
Added Member To Class: ClassName=pqm_v2_page1 Member=Component L1 MAG_SRR1005-100M_BOURNS
Added Member To Class: ClassName=pqm_v2_page1 Member=Component U6 IC_DCR010503U_TI
