Change Component Designator: Old Designator=C8 New Designator=C35
Change Component Designator: Old Designator=C9 New Designator=C36
Change Component Designator: Old Designator=C10 New Designator=C37
Change Component Designator: Old Designator=C11 New Designator=C38
Change Component Designator: Old Designator=C13 New Designator=C55
Change Component Designator: Old Designator=C15 New Designator=C39
Change Component Designator: Old Designator=C16 New Designator=C40
Change Component Designator: Old Designator=C17 New Designator=C43
Change Component Designator: Old Designator=C18 New Designator=C44
Change Component Designator: Old Designator=C20 New Designator=C47
Change Component Designator: Old Designator=C21 New Designator=C41
Change Component Designator: Old Designator=C22 New Designator=C49
Change Component Designator: Old Designator=C23 New Designator=C50
Change Component Designator: Old Designator=C25 New Designator=C53
Change Component Designator: Old Designator=C27 New Designator=C51
Change Component Designator: Old Designator=C28 New Designator=C52
Change Component Designator: Old Designator=C29 New Designator=C57
Change Component Designator: Old Designator=C30 New Designator=C58
Change Component Designator: Old Designator=C73 New Designator=C42
Change Component Designator: Old Designator=C74 New Designator=C48
Change Component Designator: Old Designator=C89 New Designator=C45
Change Component Designator: Old Designator=C90 New Designator=C46
Change Component Designator: Old Designator=C91 New Designator=C54
Change Component Designator: Old Designator=C92 New Designator=C56
Change Component Designator: Old Designator=J4 New Designator=J9
Change Component Designator: Old Designator=J15 New Designator=J12
Change Component Designator: Old Designator=J16 New Designator=J15
Change Component Designator: Old Designator=J17 New Designator=J18
Change Component Designator: Old Designator=J18 New Designator=J10
Change Component Designator: Old Designator=J19 New Designator=J11
Change Component Designator: Old Designator=J20 New Designator=J19
Change Component Designator: Old Designator=J21 New Designator=J20
Change Component Designator: Old Designator=J22 New Designator=J13
Change Component Designator: Old Designator=J23 New Designator=J14
Change Component Designator: Old Designator=J25 New Designator=J16
Change Component Designator: Old Designator=J26 New Designator=J17
Change Component Designator: Old Designator=R4 New Designator=R26
Change Component Designator: Old Designator=R5 New Designator=R13
Change Component Designator: Old Designator=R6 New Designator=R14
Change Component Designator: Old Designator=R7 New Designator=R15
Change Component Designator: Old Designator=R8 New Designator=R17
Change Component Designator: Old Designator=R9 New Designator=R18
Change Component Designator: Old Designator=R10 New Designator=R19
Change Component Designator: Old Designator=R11 New Designator=R20
Change Component Designator: Old Designator=R12 New Designator=R21
Change Component Designator: Old Designator=R13 New Designator=R22
Change Component Designator: Old Designator=R15 New Designator=R24
Change Component Designator: Old Designator=R16 New Designator=R25
Change Component Designator: Old Designator=R17 New Designator=R27
Change Component Designator: Old Designator=R19 New Designator=R28
Change Component Designator: Old Designator=R20 New Designator=R29
Change Component Designator: Old Designator=R21 New Designator=R31
Change Component Designator: Old Designator=R22 New Designator=R32
Change Component Designator: Old Designator=R23 New Designator=R33
Change Component Designator: Old Designator=R24 New Designator=R34
Change Component Designator: Old Designator=R25 New Designator=R35
Change Component Designator: Old Designator=R26 New Designator=R37
Change Component Designator: Old Designator=R27 New Designator=R38
Change Component Designator: Old Designator=R28 New Designator=R42
Change Component Designator: Old Designator=R29 New Designator=R39
Change Component Designator: Old Designator=R30 New Designator=R40
Change Component Designator: Old Designator=R31 New Designator=R41
Change Component Designator: Old Designator=R33 New Designator=R43
Change Component Designator: Old Designator=R34 New Designator=R45
Change Component Designator: Old Designator=R35 New Designator=R46
Change Component Designator: Old Designator=R36 New Designator=R47
Change Component Designator: Old Designator=R37 New Designator=R48
Change Component Designator: Old Designator=R38 New Designator=R49
Change Component Designator: Old Designator=R39 New Designator=R51
Change Component Designator: Old Designator=R40 New Designator=R52
Change Component Designator: Old Designator=R41 New Designator=R53
Change Component Designator: Old Designator=R42 New Designator=R57
Change Component Designator: Old Designator=R43 New Designator=R54
Change Component Designator: Old Designator=R44 New Designator=R55
Change Component Designator: Old Designator=R45 New Designator=R56
Change Component Designator: Old Designator=R47 New Designator=R58
Change Component Designator: Old Designator=R48 New Designator=R60
Change Component Designator: Old Designator=R49 New Designator=R61
Change Component Designator: Old Designator=R50 New Designator=R62
Change Component Designator: Old Designator=R51 New Designator=R63
Change Component Designator: Old Designator=R52 New Designator=R64
Change Component Designator: Old Designator=R53 New Designator=R67
Change Component Designator: Old Designator=R54 New Designator=R68
Change Component Designator: Old Designator=R55 New Designator=R65
Change Component Designator: Old Designator=R56 New Designator=R72
Change Component Designator: Old Designator=R57 New Designator=R69
Change Component Designator: Old Designator=R58 New Designator=R70
Change Component Designator: Old Designator=R59 New Designator=R71
Change Component Designator: Old Designator=R112 New Designator=R59
Change Component Designator: Old Designator=R114 New Designator=R66
Change Component Designator: Old Designator=R116 New Designator=R44
Change Component Designator: Old Designator=R118 New Designator=R50
Change Component Designator: Old Designator=R120 New Designator=R16
Change Component Designator: Old Designator=R122 New Designator=R23
Change Component Designator: Old Designator=R123 New Designator=R30
Change Component Designator: Old Designator=R124 New Designator=R36
Change Component Designator: Old Designator=U3 New Designator=U5
Change Component Designator: Old Designator=U3 New Designator=U5
Change Component Designator: Old Designator=U3 New Designator=U9
Change Component Designator: Old Designator=U4 New Designator=U7
Change Component Part ID : Designator=U7 Old Part ID =1 New Part ID =2
Change Component Designator: Old Designator=U4 New Designator=U7
Change Component Part ID : Designator=U7 Old Part ID =2 New Part ID =3
Change Component Designator: Old Designator=U4 New Designator=U9
Change Component Part ID : Designator=U9 Old Part ID =3 New Part ID =2
Change Component Designator: Old Designator=U12 New Designator=U6
Change Component Designator: Old Designator=U16 New Designator=U10
Change Component Part ID : Designator=U10 Old Part ID =1 New Part ID =2
Change Component Designator: Old Designator=U16 New Designator=U10
Change Component Part ID : Designator=U10 Old Part ID =2 New Part ID =3
Change Component Designator: Old Designator=U16 New Designator=U9
Change Component Part ID : Designator=U9 Old Part ID =3 New Part ID =1
Change Component Designator: Old Designator=U17 New Designator=U5
Change Component Part ID : Designator=U5 Old Part ID =1 New Part ID =3
Change Component Designator: Old Designator=U17 New Designator=U7
Change Component Part ID : Designator=U7 Old Part ID =2 New Part ID =1
Change Component Designator: Old Designator=U17 New Designator=U10
Change Component Part ID : Designator=U10 Old Part ID =3 New Part ID =1
Change Component Designator: Old Designator=U18 New Designator=U8
