Removed Pin From Net: NetName=+5V_A Pin=C13-2
Removed Pin From Net: NetName=+5V_A Pin=C25-2
Removed Pin From Net: NetName=+5V_A Pin=C35-2
Removed Pin From Net: NetName=+5V_A Pin=C44-2
Removed Pin From Net: NetName=+5V_A Pin=J2-3
Removed Pin From Net: NetName=+5V_A Pin=J2-10
Removed Pin From Net: NetName=+5V_A Pin=J2-11
Removed Pin From Net: NetName=+5V_A Pin=U3-4
Removed Pin From Net: NetName=+5V_A Pin=U4-4
Removed Pin From Net: NetName=+5V_A Pin=U5-4
Removed Pin From Net: NetName=+5V_A Pin=U6-4
Added Pin To Net: NetName=+5V Pin=C13-2
Added Pin To Net: NetName=+5V Pin=C25-2
Added Pin To Net: NetName=+5V Pin=C35-2
Added Pin To Net: NetName=+5V Pin=C44-2
Added Pin To Net: NetName=+5V Pin=J2-3
Added Pin To Net: NetName=+5V Pin=J2-10
Added Pin To Net: NetName=+5V Pin=J2-11
Added Pin To Net: NetName=+5V Pin=U3-4
Added Pin To Net: NetName=+5V Pin=U4-4
Added Pin To Net: NetName=+5V Pin=U5-4
Added Pin To Net: NetName=+5V Pin=U6-4
