Removed Pin From Net: NetName=VL1 Pin=C9-2
Removed Pin From Net: NetName=VL_1V5_A Pin=C10-1
Removed Pin From Net: NetName=AGND Pin=C11-1
Removed Pin From Net: NetName=+5V Pin=C13-1
Removed Pin From Net: NetName=AGND Pin=C13-2
Removed Pin From Net: NetName=3.3V_ISO Pin=C14-1
Removed Pin From Net: NetName=GND_ISO Pin=C14-2
Removed Pin From Net: NetName=VL2 Pin=C16-2
Removed Pin From Net: NetName=VL_1V5_A Pin=C17-1
Removed Pin From Net: NetName=AGND Pin=C18-1
Removed Pin From Net: NetName=IL1 Pin=C19-2
Removed Pin From Net: NetName=+5V Pin=C21-1
Removed Pin From Net: NetName=AGND Pin=C21-2
Removed Pin From Net: NetName=VL_1V5_B Pin=C22-1
Removed Pin From Net: NetName=AGND Pin=C23-1
Removed Pin From Net: NetName=IL_1V5_A Pin=C24-1
Removed Pin From Net: NetName=+5V Pin=C25-1
Removed Pin From Net: NetName=AGND Pin=C25-2
Removed Pin From Net: NetName=VL4 Pin=C28-2
Removed Pin From Net: NetName=VL_1V5_B Pin=C29-1
Removed Pin From Net: NetName=AGND Pin=C30-1
Removed Pin From Net: NetName=AGND Pin=C31-1
Removed Pin From Net: NetName=NetC32_1 Pin=C33-1
Removed Pin From Net: NetName=AGND Pin=C33-2
Removed Pin From Net: NetName=GND_ISO Pin=C34-2
Removed Pin From Net: NetName=+5V Pin=C35-1
Removed Pin From Net: NetName=AGND Pin=C35-2
Removed Pin From Net: NetName=IL2 Pin=C37-2
Removed Pin From Net: NetName=IL_1V5_A Pin=C38-1
Removed Pin From Net: NetName=AGND Pin=C39-1
Removed Pin From Net: NetName=IL3 Pin=C41-2
Removed Pin From Net: NetName=IL_1V5_A Pin=C42-1
Removed Pin From Net: NetName=AGND Pin=C43-1
Removed Pin From Net: NetName=+5V Pin=C44-1
Removed Pin From Net: NetName=AGND Pin=C44-2
Removed Pin From Net: NetName=IL4 Pin=C46-2
Removed Pin From Net: NetName=IL_1V5_A Pin=C47-1
Removed Pin From Net: NetName=AGND Pin=C48-1
Removed Pin From Net: NetName=NetC59_1 Pin=C59-1
Removed Pin From Net: NetName=NetC59_1 Pin=C61-2
Removed Pin From Net: NetName=NetC59_1 Pin=C62-2
Removed Pin From Net: NetName=NetC59_1 Pin=C63-2
Removed Pin From Net: NetName=NetC59_1 Pin=C64-2
Removed Pin From Net: NetName=NetC67_1 Pin=C67-1
Removed Pin From Net: NetName=VL_1V5_A Pin=C73-1
Removed Pin From Net: NetName=AGND Pin=C73-2
Removed Pin From Net: NetName=VL3 Pin=C74-2
Removed Pin From Net: NetName=+5V Pin=C75-1
Removed Pin From Net: NetName=+5V Pin=C76-1
Removed Pin From Net: NetName=AGND Pin=C76-2
Removed Pin From Net: NetName=IL_2V5_A Pin=C77-1
Removed Pin From Net: NetName=AGND Pin=C77-2
Removed Pin From Net: NetName=IL_1V5_A Pin=C78-1
Removed Pin From Net: NetName=AGND Pin=C78-2
Removed Pin From Net: NetName=NetC81_1 Pin=C81-1
Removed Pin From Net: NetName=IL_2V5_A Pin=C85-2
Removed Pin From Net: NetName=IL_2V5_A Pin=C86-1
Removed Pin From Net: NetName=3.3V_ISO Pin=J3-1
Removed Pin From Net: NetName=UART0_TX Pin=J3-2
Removed Pin From Net: NetName=GND_ISO Pin=J3-6
Removed Pin From Net: NetName=AGND Pin=J3-8
Removed Pin From Net: NetName=AGND Pin=J3-10
Removed Pin From Net: NetName=AGND Pin=J3-12
Removed Pin From Net: NetName=AGND Pin=J3-14
Removed Pin From Net: NetName=VL4 Pin=J3-15
Removed Pin From Net: NetName=VL3 Pin=J3-17
Removed Pin From Net: NetName=VL2 Pin=J3-19
Removed Pin From Net: NetName=VL1 Pin=J3-21
Removed Pin From Net: NetName=AGND Pin=J3-27
Removed Pin From Net: NetName=AGND Pin=J3-37
Removed Pin From Net: NetName=UART_RX_SUPPLY Pin=J3-43
Removed Pin From Net: NetName=AGND Pin=J3-47
Removed Pin From Net: NetName=TCK_DSP Pin=J3-48
Removed Pin From Net: NetName=TMS_DSP Pin=J3-49
Removed Pin From Net: NetName=EMU1 Pin=J3-50
Removed Pin From Net: NetName=3.3V_ISO Pin=J3-51
Removed Pin From Net: NetName=UART0_RX Pin=J3-52
Removed Pin From Net: NetName=GND_ISO Pin=J3-56
Removed Pin From Net: NetName=AGND Pin=J3-58
Removed Pin From Net: NetName=AGND Pin=J3-60
Removed Pin From Net: NetName=AGND Pin=J3-62
Removed Pin From Net: NetName=AGND Pin=J3-64
Removed Pin From Net: NetName=IL4 Pin=J3-65
Removed Pin From Net: NetName=IL3 Pin=J3-67
Removed Pin From Net: NetName=IL2 Pin=J3-69
Removed Pin From Net: NetName=IL1 Pin=J3-71
Removed Pin From Net: NetName=+5V Pin=J3-77
Removed Pin From Net: NetName=+5V Pin=J3-82
Removed Pin From Net: NetName=+5V Pin=J3-87
Removed Pin From Net: NetName=GPIO17 Pin=J3-88
Removed Pin From Net: NetName=GPIO19 Pin=J3-89
Removed Pin From Net: NetName=GPIO21 Pin=J3-90
Removed Pin From Net: NetName=GPIO23 Pin=J3-91
Removed Pin From Net: NetName=+5V Pin=J3-92
Removed Pin From Net: NetName=UART_TX_SUPPLY Pin=J3-93
Removed Pin From Net: NetName=GPIO31 Pin=J3-94
Removed Pin From Net: NetName=GPIO33 Pin=J3-95
Removed Pin From Net: NetName=+5V Pin=J3-96
Removed Pin From Net: NetName=TDI_DSP Pin=J3-97
Removed Pin From Net: NetName=TDO_DSP Pin=J3-98
Removed Pin From Net: NetName=TRSTN Pin=J3-99
Removed Pin From Net: NetName=EMU0 Pin=J3-100
Removed Pin From Net: NetName=TMS_DSP Pin=J5-1
Removed Pin From Net: NetName=EMU1 Pin=J5-2
Removed Pin From Net: NetName=TCK_DSP Pin=J5-3
Removed Pin From Net: NetName=AGND Pin=J5-4
Removed Pin From Net: NetName=TDO_DSP Pin=J5-5
Removed Pin From Net: NetName=EMU0 Pin=J5-6
Removed Pin From Net: NetName=TDI_DSP Pin=J5-7
Removed Pin From Net: NetName=TRSTN Pin=J5-8
Removed Pin From Net: NetName=NetC81_1 Pin=J6-3
Removed Pin From Net: NetName=NetC86_2 Pin=J6-8
Removed Pin From Net: NetName=IL1 Pin=J9-1
Removed Pin From Net: NetName=AGND Pin=J9-2
Removed Pin From Net: NetName=IL2 Pin=J10-1
Removed Pin From Net: NetName=AGND Pin=J10-2
Removed Pin From Net: NetName=NetJ15_1 Pin=J15-1
Removed Pin From Net: NetName=NetJ16_1 Pin=J16-1
Removed Pin From Net: NetName=NetJ18_1 Pin=J18-1
Removed Pin From Net: NetName=VL1 Pin=J19-1
Removed Pin From Net: NetName=VL3 Pin=J26-1
Removed Pin From Net: NetName=AGND Pin=J26-2
Removed Pin From Net: NetName=NetC59_1 Pin=L3-1
Removed Pin From Net: NetName=AGND Pin=R4-2
Removed Pin From Net: NetName=NetJ18_1 Pin=R7-1
Removed Pin From Net: NetName=IL_2V5_A Pin=R14-1
Removed Pin From Net: NetName=VL_1V5_A Pin=R15-2
Removed Pin From Net: NetName=AGND Pin=R16-1
Removed Pin From Net: NetName=VL1 Pin=R17-1
Removed Pin From Net: NetName=NetJ15_1 Pin=R19-2
Removed Pin From Net: NetName=VL2 Pin=R28-1
Removed Pin From Net: NetName=VL_1V5_A Pin=R29-2
Removed Pin From Net: NetName=AGND Pin=R30-2
Removed Pin From Net: NetName=AGND Pin=R31-2
Removed Pin From Net: NetName=NetC12_1 Pin=R32-1
Removed Pin From Net: NetName=IL_2V5_A Pin=R32-2
Removed Pin From Net: NetName=NetJ16_1 Pin=R33-2
Removed Pin From Net: NetName=VL3 Pin=R42-1
Removed Pin From Net: NetName=VL_1V5_B Pin=R43-2
Removed Pin From Net: NetName=AGND Pin=R44-2
Removed Pin From Net: NetName=AGND Pin=R45-2
Removed Pin From Net: NetName=NetC12_1 Pin=R46-2
Removed Pin From Net: NetName=VL4 Pin=R56-1
Removed Pin From Net: NetName=VL_1V5_B Pin=R57-2
Removed Pin From Net: NetName=AGND Pin=R58-1
Removed Pin From Net: NetName=AGND Pin=R59-2
Removed Pin From Net: NetName=NetC81_1 Pin=R63-2
Removed Pin From Net: NetName=IL_1V5_A Pin=R66-2
Removed Pin From Net: NetName=AGND Pin=R67-1
Removed Pin From Net: NetName=AGND Pin=R68-2
Removed Pin From Net: NetName=IL1 Pin=R69-1
Removed Pin From Net: NetName=NetC84_2 Pin=R70-1
Removed Pin From Net: NetName=NetC83_1 Pin=R70-2
Removed Pin From Net: NetName=NetC36_1 Pin=R72-1
Removed Pin From Net: NetName=IL_2V5_A Pin=R72-2
Removed Pin From Net: NetName=NetC36_1 Pin=R73-2
Removed Pin From Net: NetName=NetC39_2 Pin=R75-1
Removed Pin From Net: NetName=NetC86_2 Pin=R76-1
Removed Pin From Net: NetName=NetC38_2 Pin=R78-1
Removed Pin From Net: NetName=NetC38_2 Pin=R79-1
Removed Pin From Net: NetName=IL_1V5_A Pin=R79-2
Removed Pin From Net: NetName=AGND Pin=R80-1
Removed Pin From Net: NetName=AGND Pin=R81-2
Removed Pin From Net: NetName=IL2 Pin=R82-1
Removed Pin From Net: NetName=NetC40_1 Pin=R85-1
Removed Pin From Net: NetName=IL_2V5_A Pin=R85-2
Removed Pin From Net: NetName=NetC40_1 Pin=R86-2
Removed Pin From Net: NetName=NetC43_2 Pin=R88-1
Removed Pin From Net: NetName=IL_1V5_A Pin=R92-2
Removed Pin From Net: NetName=AGND Pin=R93-1
Removed Pin From Net: NetName=AGND Pin=R94-2
Removed Pin From Net: NetName=IL3 Pin=R95-1
Removed Pin From Net: NetName=IL_2V5_A Pin=R98-2
Removed Pin From Net: NetName=IL_2V5_A Pin=R103-2
Removed Pin From Net: NetName=NetC47_2 Pin=R104-1
Removed Pin From Net: NetName=NetC47_2 Pin=R105-1
Removed Pin From Net: NetName=IL_1V5_A Pin=R105-2
Removed Pin From Net: NetName=AGND Pin=R106-1
Removed Pin From Net: NetName=AGND Pin=R107-2
Removed Pin From Net: NetName=IL4 Pin=R108-1
Removed Pin From Net: NetName=IL_2V5_A Pin=R111-1
Removed Pin From Net: NetName=NetC81_1 Pin=R111-2
Removed Pin From Net: NetName=IL_2V5_A Pin=R113-2
Removed Pin From Net: NetName=IL_2V5_A Pin=R115-1
Removed Pin From Net: NetName=NetC83_1 Pin=R115-2
Removed Pin From Net: NetName=NetC84_2 Pin=R117-1
Removed Pin From Net: NetName=IL_2V5_A Pin=R117-2
Removed Pin From Net: NetName=IL_2V5_A Pin=R119-1
Removed Pin From Net: NetName=NetJ18_1 Pin=R120-2
Removed Pin From Net: NetName=NetC86_2 Pin=R121-1
Removed Pin From Net: NetName=IL_2V5_A Pin=R121-2
Removed Pin From Net: NetName=NetR20_1 Pin=R123-2
Removed Pin From Net: NetName=AGND Pin=U3-4
Removed Pin From Net: NetName=VL1 Pin=U3-7
Removed Pin From Net: NetName=+5V Pin=U3-8
Removed Pin From Net: NetName=AGND Pin=U4-4
Removed Pin From Net: NetName=VL3 Pin=U4-7
Removed Pin From Net: NetName=+5V Pin=U4-8
Removed Pin From Net: NetName=NetC12_1 Pin=U5-2
Removed Pin From Net: NetName=+5V Pin=U5-4
Removed Pin From Net: NetName=NetC36_1 Pin=U5-6
Removed Pin From Net: NetName=IL2 Pin=U5-8
Removed Pin From Net: NetName=NetC39_2 Pin=U5-9
Removed Pin From Net: NetName=AGND Pin=U5-11
Removed Pin From Net: NetName=IL1 Pin=U5-14
Removed Pin From Net: NetName=NetC40_1 Pin=U6-2
Removed Pin From Net: NetName=+5V Pin=U6-4
Removed Pin From Net: NetName=NetC47_2 Pin=U6-5
Removed Pin From Net: NetName=IL4 Pin=U6-8
Removed Pin From Net: NetName=AGND Pin=U6-11
Removed Pin From Net: NetName=NetC43_2 Pin=U6-13
Removed Pin From Net: NetName=IL3 Pin=U6-14
Removed Pin From Net: NetName=IL_2V5_A Pin=U7-5
Removed Pin From Net: NetName=+5V Pin=U7-7
Removed Pin From Net: NetName=NetC81_1 Pin=U8-2
Removed Pin From Net: NetName=NetC83_1 Pin=U9-2
Removed Pin From Net: NetName=NetC84_2 Pin=U9-3
Removed Pin From Net: NetName=IL_2V5_A Pin=U9-5
Removed Pin From Net: NetName=+5V Pin=U9-7
Removed Pin From Net: NetName=NetR71_1 Pin=U9-8
Removed Pin From Net: NetName=NetC86_2 Pin=U10-3
Removed Pin From Net: NetName=ADVREF Pin=U11-1
Removed Pin From Net: NetName=GND_ISO Pin=U11-2
Removed Pin From Net: NetName=AD4 Pin=U11-3
Removed Pin From Net: NetName=AD5 Pin=U11-4
Removed Pin From Net: NetName=UART1_RX Pin=U11-5
Removed Pin From Net: NetName=UART1_TX Pin=U11-6
Removed Pin From Net: NetName=NetC59_1 Pin=U11-8
Removed Pin From Net: NetName=AD0 Pin=U11-9
Removed Pin From Net: NetName=AD1 Pin=U11-10
Removed Pin From Net: NetName=AD8 Pin=U11-11
Removed Pin From Net: NetName=NetC59_1 Pin=U11-12
Removed Pin From Net: NetName=AD2 Pin=U11-13
Removed Pin From Net: NetName=AD9 Pin=U11-14
Removed Pin From Net: NetName=PA23 Pin=U11-15
Removed Pin From Net: NetName=AD3 Pin=U11-16
Removed Pin From Net: NetName=GND_ISO Pin=U11-17
Removed Pin From Net: NetName=GPIO0 Pin=U11-19
Removed Pin From Net: NetName=GPIO1 Pin=U11-20
Removed Pin From Net: NetName=SPI_SPCK Pin=U11-21
Removed Pin From Net: NetName=SPI_MOSI Pin=U11-22
Removed Pin From Net: NetName=PA24 Pin=U11-23
Removed Pin From Net: NetName=NetC59_1 Pin=U11-24
Removed Pin From Net: NetName=SD_CD Pin=U11-25
Removed Pin From Net: NetName=SD_MCDA2 Pin=U11-26
Removed Pin From Net: NetName=SPI_MISO Pin=U11-27
Removed Pin From Net: NetName=SPI_NPCS0 Pin=U11-28
Removed Pin From Net: NetName=UART0_TX Pin=U11-29
Removed Pin From Net: NetName=UART0_RX Pin=U11-30
Removed Pin From Net: NetName=NetC67_1 Pin=U11-32
Removed Pin From Net: NetName=TDI Pin=U11-33
Removed Pin From Net: NetName=PA6 Pin=U11-34
Removed Pin From Net: NetName=SPI_NPCS3 Pin=U11-35
Removed Pin From Net: NetName=I2C_TCLK0 Pin=U11-36
Removed Pin From Net: NetName=SD_MCDA3 Pin=U11-37
Removed Pin From Net: NetName=SD_MCCDA Pin=U11-38
Removed Pin From Net: NetName=R\E\S\E\T\ Pin=U11-39
Removed Pin From Net: NetName=SD_MCCK Pin=U11-41
Removed Pin From Net: NetName=SD_MCDA0 Pin=U11-42
Removed Pin From Net: NetName=I2C_TWD0 Pin=U11-43
Removed Pin From Net: NetName=GPIO2 Pin=U11-44
Removed Pin From Net: NetName=GND_ISO Pin=U11-46
Removed Pin From Net: NetName=GPIO3 Pin=U11-47
Removed Pin From Net: NetName=TDO Pin=U11-49
Removed Pin From Net: NetName=TMS Pin=U11-51
Removed Pin From Net: NetName=SD_MCDA1 Pin=U11-52
Removed Pin From Net: NetName=TCK Pin=U11-53
Removed Pin From Net: NetName=NetC59_1 Pin=U11-54
Removed Pin From Net: NetName=USB_DDM Pin=U11-56
Removed Pin From Net: NetName=USB_DDP Pin=U11-57
Removed Pin From Net: NetName=DAC0 Pin=U11-59
Removed Pin From Net: NetName=GND_ISO Pin=U11-60
Removed Pin From Net: NetName=PB8 Pin=U11-61
Removed Pin From Net: NetName=PB9 Pin=U11-62
Removed Pin From Net: NetName=DAC1 Pin=U11-63
Removed Pin From Net: NetName=NetC60_1 Pin=U11-64
Removed Pin From Net: NetName=AGND Pin=U16-4
Removed Pin From Net: NetName=VL4 Pin=U16-7
Removed Pin From Net: NetName=+5V Pin=U16-8
Removed Pin From Net: NetName=VL2 Pin=U17-7
Removed Pin From Net: NetName=NetC67_1 Pin=Y1-1
Removed Member From Class: ClassName=pqm_v2_page1 Member=C14
Removed Member From Class: ClassName=pqm_v2_page1 Member=C33
Removed Member From Class: ClassName=pqm_v2_page1 Member=C34
Removed Member From Class: ClassName=pqm_v2_page2 Member=J11
Removed Member From Class: ClassName=pqm_v2_page2 Member=J14
Removed Member From Class: ClassName=pqm_v2_page1 Member=R60
Removed Member From Class: ClassName=pqm_v2_page2 Member=U11
Change Component DesignItemId : Designator=C85 Old DesignItemId=CAP_CC0805JRNPO9BN101_YAGEO New DesignItemId=CAP_GRM2195C1H103FA01D_MURATA
Change Component DesignItemId : Designator=C86 Old DesignItemId=CAP_CC0805JRNPO9BN101_YAGEO New DesignItemId=CAP_GRM2195C1H103FA01D_MURATA
Change Component DesignItemId : Designator=C77 Old DesignItemId=CAP_CC0805KKX7R7BB105_YAGEO New DesignItemId=CAP_GRM2195C1H103FA01D_MURATA
Change Component DesignItemId : Designator=C78 Old DesignItemId=CAP_CC0805KKX7R7BB105_YAGEO New DesignItemId=CAP_GRM2195C1H103FA01D_MURATA
Change Component DesignItemId : Designator=C35 Old DesignItemId=CAP_CC0805KRX7R8BB104_YAGEO New DesignItemId=CAP_GRM2195C1H103FA01D_MURATA
Change Component DesignItemId : Designator=C44 Old DesignItemId=CAP_CC0805KRX7R8BB104_YAGEO New DesignItemId=CAP_GRM2195C1H103FA01D_MURATA
Change Component DesignItemId : Designator=C12 Old DesignItemId=CAP_GRM2195C1H103FA01D_MURATA New DesignItemId=CAP_CC0805KKX7R7BB105_YAGEO
Change Component DesignItemId : Designator=C41 Old DesignItemId=CAP_GRM2195C1H103FA01D_MURATA New DesignItemId=CAP_CC0805KKX7R7BB105_YAGEO
Change Component DesignItemId : Designator=C42 Old DesignItemId=CAP_GRM2195C1H103FA01D_MURATA New DesignItemId=CAP_CC0805KKX7R7BB105_YAGEO
Change Component DesignItemId : Designator=C74 Old DesignItemId=CAP_GRM2195C1H103FA01D_MURATA New DesignItemId=CAP_CC0805KKX7R7BB105_YAGEO
Change Component DesignItemId : Designator=C10 Old DesignItemId=CAP_GRM2195C1H103FA01D_MURATA New DesignItemId=CAP_CC0805KRX7R8BB104_YAGEO
Change Component DesignItemId : Designator=C11 Old DesignItemId=CAP_GRM2195C1H103FA01D_MURATA New DesignItemId=CAP_CC1206KKX7R7BB225_YAGEO
Change Component DesignItemId : Designator=J5 Old DesignItemId=CON_Header_2X4 New DesignItemId=CON_DIM_100
Change Component DesignItemId : Designator=J4 Old DesignItemId=CON_HeaderX2 New DesignItemId=CON_Header_2X4
Change Component DesignItemId : Designator=J9 Old DesignItemId=CON_RADX2 New DesignItemId=CON_HeaderX2
Change Component DesignItemId : Designator=U11 Old DesignItemId=IC_ATSAM4S8BA-AU_ATMEL New DesignItemId=IC_TLV2474_ANALOG
Change Component DesignItemId : Designator=U7 Old DesignItemId=IC_INA121U New DesignItemId=IC_TLV2472_ANALOG
Change Component DesignItemId : Designator=U9 Old DesignItemId=IC_INA121U New DesignItemId=IC_TLV2472_ANALOG
Change Component DesignItemId : Designator=U3 Old DesignItemId=IC_TLV2472_ANALOG New DesignItemId=IC_ATSAM4S8BA-AU_ATMEL
Change Component DesignItemId : Designator=U5 Old DesignItemId=IC_TLV2474_ANALOG New DesignItemId=IC_TLV2472_ANALOG
Change Component DesignItemId : Designator=R63 Old DesignItemId=RES_RC0805FR-071RL_YAGEO New DesignItemId=RES_RC0805FR-079K31L_YAGEO
Change Component DesignItemId : Designator=R70 Old DesignItemId=RES_RC0805FR-071RL_YAGEO New DesignItemId=RES_RC0805FR-079K31L_YAGEO
Change Component DesignItemId : Designator=R110 Old DesignItemId=RES_RC0805FR-071RL_YAGEO New DesignItemId=RES_RC0805FR-0710KL_YAGEO
Change Component DesignItemId : Designator=R76 Old DesignItemId=RES_RC0805FR-071RL_YAGEO New DesignItemId=RES_RC0805FR-0749K9L_YAGEO
Change Component DesignItemId : Designator=R32 Old DesignItemId=RES_RC0805FR-073K16L_YAGEO New DesignItemId=RES_RC0805FR-074K7L_YAGEO
Change Component DesignItemId : Designator=R78 Old DesignItemId=RES_RC0805FR-073K16L_YAGEO New DesignItemId=RES_RC0805FR-079K31L_YAGEO
Change Component DesignItemId : Designator=R91 Old DesignItemId=RES_RC0805FR-073K16L_YAGEO New DesignItemId=RES_RC0805FR-079K31L_YAGEO
Change Component DesignItemId : Designator=R104 Old DesignItemId=RES_RC0805FR-073K16L_YAGEO New DesignItemId=RES_RC0805FR-079K31L_YAGEO
Change Component DesignItemId : Designator=R72 Old DesignItemId=RES_RC0805FR-073K16L_YAGEO New DesignItemId=RES_RC0805FR-0710KL_YAGEO
Change Component DesignItemId : Designator=R85 Old DesignItemId=RES_RC0805FR-073K16L_YAGEO New DesignItemId=RES_RC0805FR-0710KL_YAGEO
Change Component DesignItemId : Designator=R98 Old DesignItemId=RES_RC0805FR-073K16L_YAGEO New DesignItemId=RES_RC0805FR-0710KL_YAGEO
Change Component DesignItemId : Designator=R65 Old DesignItemId=RES_RC0805FR-073K16L_YAGEO New DesignItemId=RES_RC0805FR-07412KL_YAGEO
Change Component DesignItemId : Designator=R73 Old DesignItemId=RES_RC0805FR-074K7L_YAGEO New DesignItemId=RES_RC0805FR-073K16L_YAGEO
Change Component DesignItemId : Designator=R86 Old DesignItemId=RES_RC0805FR-074K7L_YAGEO New DesignItemId=RES_RC0805FR-073K16L_YAGEO
Change Component DesignItemId : Designator=R99 Old DesignItemId=RES_RC0805FR-074K7L_YAGEO New DesignItemId=RES_RC0805FR-073K16L_YAGEO
Change Component DesignItemId : Designator=R57 Old DesignItemId=RES_RC0805FR-074K7L_YAGEO New DesignItemId=RES_RC0805FR-0710KL_YAGEO
Change Component DesignItemId : Designator=R15 Old DesignItemId=RES_RC0805FR-074K7L_YAGEO New DesignItemId=RES_RC0805FR-07412KL_YAGEO
Change Component DesignItemId : Designator=R22 Old DesignItemId=RES_RC0805FR-074K7L_YAGEO New DesignItemId=RES_RC0805FR-07412KL_YAGEO
Change Component DesignItemId : Designator=R29 Old DesignItemId=RES_RC0805FR-074K7L_YAGEO New DesignItemId=RES_RC0805FR-07412KL_YAGEO
Change Component DesignItemId : Designator=R38 Old DesignItemId=RES_RC0805FR-074K7L_YAGEO New DesignItemId=RES_RC0805FR-07412KL_YAGEO
Change Component DesignItemId : Designator=R43 Old DesignItemId=RES_RC0805FR-074K7L_YAGEO New DesignItemId=RES_RC0805FR-07412KL_YAGEO
Change Component DesignItemId : Designator=R46 Old DesignItemId=RES_RC0805FR-074K7L_YAGEO New DesignItemId=RES_RC0805FR-07412KL_YAGEO
Change Component DesignItemId : Designator=R52 Old DesignItemId=RES_RC0805FR-074K7L_YAGEO New DesignItemId=RES_RC0805FR-07412KL_YAGEO
Change Component DesignItemId : Designator=R75 Old DesignItemId=RES_RC0805FR-074K7L_YAGEO New DesignItemId=RES_RC0805FR-07510KL_YAGEO
Change Component DesignItemId : Designator=R88 Old DesignItemId=RES_RC0805FR-074K7L_YAGEO New DesignItemId=RES_RC0805FR-07510KL_YAGEO
Change Component DesignItemId : Designator=R101 Old DesignItemId=RES_RC0805FR-074K7L_YAGEO New DesignItemId=RES_RC0805FR-07510KL_YAGEO
Change Component DesignItemId : Designator=R74 Old DesignItemId=RES_RC0805FR-079K31L_YAGEO New DesignItemId=RES_RC0805FR-074K7L_YAGEO
Change Component DesignItemId : Designator=R87 Old DesignItemId=RES_RC0805FR-079K31L_YAGEO New DesignItemId=RES_RC0805FR-074K7L_YAGEO
Change Component DesignItemId : Designator=R100 Old DesignItemId=RES_RC0805FR-079K31L_YAGEO New DesignItemId=RES_RC0805FR-074K7L_YAGEO
Change Component DesignItemId : Designator=R37 Old DesignItemId=RES_RC0805FR-079K31L_YAGEO New DesignItemId=RES_RC0805FR-07412KL_YAGEO
Change Component DesignItemId : Designator=R51 Old DesignItemId=RES_RC0805FR-079K31L_YAGEO New DesignItemId=RES_RC0805FR-07412KL_YAGEO
Change Component DesignItemId : Designator=R58 Old DesignItemId=RES_RC0805FR-079K31L_YAGEO New DesignItemId=RES_RC0805FR-07412KL_YAGEO
Change Component DesignItemId : Designator=R61 Old DesignItemId=RES_RC0805FR-079K31L_YAGEO New DesignItemId=RES_RC0805FR-07412KL_YAGEO
Change Component DesignItemId : Designator=R67 Old DesignItemId=RES_RC0805FR-079K31L_YAGEO New DesignItemId=RES_RC0805FR-07412KL_YAGEO
Change Component DesignItemId : Designator=R80 Old DesignItemId=RES_RC0805FR-079K31L_YAGEO New DesignItemId=RES_RC0805FR-07510KL_YAGEO
Change Component DesignItemId : Designator=R93 Old DesignItemId=RES_RC0805FR-079K31L_YAGEO New DesignItemId=RES_RC0805FR-07510KL_YAGEO
Change Component DesignItemId : Designator=R106 Old DesignItemId=RES_RC0805FR-079K31L_YAGEO New DesignItemId=RES_RC0805FR-07510KL_YAGEO
Change Component DesignItemId : Designator=R81 Old DesignItemId=RES_RC0805FR-0710KL_YAGEO New DesignItemId=RES_RC0805FR-073K16L_YAGEO
Change Component DesignItemId : Designator=R94 Old DesignItemId=RES_RC0805FR-0710KL_YAGEO New DesignItemId=RES_RC0805FR-073K16L_YAGEO
Change Component DesignItemId : Designator=R107 Old DesignItemId=RES_RC0805FR-0710KL_YAGEO New DesignItemId=RES_RC0805FR-073K16L_YAGEO
Change Component DesignItemId : Designator=R17 Old DesignItemId=RES_RC0805FR-0710KL_YAGEO New DesignItemId=RES_RC0805FR-074K7L_YAGEO
Change Component DesignItemId : Designator=R69 Old DesignItemId=RES_RC0805FR-0710KL_YAGEO New DesignItemId=RES_RC0805FR-074K7L_YAGEO
Change Component DesignItemId : Designator=R82 Old DesignItemId=RES_RC0805FR-0710KL_YAGEO New DesignItemId=RES_RC0805FR-074K7L_YAGEO
Change Component DesignItemId : Designator=R95 Old DesignItemId=RES_RC0805FR-0710KL_YAGEO New DesignItemId=RES_RC0805FR-074K7L_YAGEO
Change Component DesignItemId : Designator=R108 Old DesignItemId=RES_RC0805FR-0710KL_YAGEO New DesignItemId=RES_RC0805FR-074K7L_YAGEO
Change Component DesignItemId : Designator=R28 Old DesignItemId=RES_RC0805FR-0710KL_YAGEO New DesignItemId=RES_RC0805FR-07412KL_YAGEO
Change Component DesignItemId : Designator=R31 Old DesignItemId=RES_RC0805FR-0710KL_YAGEO New DesignItemId=RES_RC0805FR-07412KL_YAGEO
Change Component DesignItemId : Designator=R45 Old DesignItemId=RES_RC0805FR-0710KL_YAGEO New DesignItemId=RES_RC0805FR-07412KL_YAGEO
Change Component DesignItemId : Designator=R68 Old DesignItemId=RES_RC0805FR-0710KL_YAGEO New DesignItemId=RES_RC0805FR-07412KL_YAGEO
Change Component DesignItemId : Designator=R77 Old DesignItemId=RES_RC0805FR-0749K9L_YAGEO New DesignItemId=RES_RC0805FR-071RL_YAGEO
Change Component DesignItemId : Designator=R64 Old DesignItemId=RES_RC0805FR-0749K9L_YAGEO New DesignItemId=RES_RC0805FR-074K7L_YAGEO
Change Component DesignItemId : Designator=R18 Old DesignItemId=RES_RC0805FR-0749K9L_YAGEO New DesignItemId=RES_RC0805FR-079K31L_YAGEO
Change Component DesignItemId : Designator=R71 Old DesignItemId=RES_RC0805FR-0749K9L_YAGEO New DesignItemId=RES_RC0805FR-0710KL_YAGEO
Change Component DesignItemId : Designator=R19 Old DesignItemId=RES_RC0805FR-07412KL_YAGEO New DesignItemId=RES_RC0805FR-074K7L_YAGEO
Change Component DesignItemId : Designator=R34 Old DesignItemId=RES_RC0805FR-07412KL_YAGEO New DesignItemId=RES_RC0805FR-074K7L_YAGEO
Change Component DesignItemId : Designator=R39 Old DesignItemId=RES_RC0805FR-07412KL_YAGEO New DesignItemId=RES_RC0805FR-074K7L_YAGEO
Change Component DesignItemId : Designator=R47 Old DesignItemId=RES_RC0805FR-07412KL_YAGEO New DesignItemId=RES_RC0805FR-074K7L_YAGEO
Change Component DesignItemId : Designator=R49 Old DesignItemId=RES_RC0805FR-07412KL_YAGEO New DesignItemId=RES_RC0805FR-074K7L_YAGEO
Change Component DesignItemId : Designator=R54 Old DesignItemId=RES_RC0805FR-07412KL_YAGEO New DesignItemId=RES_RC0805FR-074K7L_YAGEO
Change Component DesignItemId : Designator=R25 Old DesignItemId=RES_RC0805FR-07412KL_YAGEO New DesignItemId=RES_RC0805FR-079K31L_YAGEO
Change Component DesignItemId : Designator=R33 Old DesignItemId=RES_RC0805FR-07412KL_YAGEO New DesignItemId=RES_RC0805FR-079K31L_YAGEO
Change Component DesignItemId : Designator=R40 Old DesignItemId=RES_RC0805FR-07412KL_YAGEO New DesignItemId=RES_RC0805FR-079K31L_YAGEO
Change Component DesignItemId : Designator=R48 Old DesignItemId=RES_RC0805FR-07412KL_YAGEO New DesignItemId=RES_RC0805FR-079K31L_YAGEO
Change Component DesignItemId : Designator=R55 Old DesignItemId=RES_RC0805FR-07412KL_YAGEO New DesignItemId=RES_RC0805FR-079K31L_YAGEO
Change Component DesignItemId : Designator=R26 Old DesignItemId=RES_RC0805FR-07412KL_YAGEO New DesignItemId=RES_RC0805FR-0710KL_YAGEO
Change Component DesignItemId : Designator=R27 Old DesignItemId=RES_RC0805FR-07412KL_YAGEO New DesignItemId=RES_RC0805FR-0710KL_YAGEO
Change Component DesignItemId : Designator=R41 Old DesignItemId=RES_RC0805FR-07412KL_YAGEO New DesignItemId=RES_RC0805FR-0710KL_YAGEO
Change Component DesignItemId : Designator=R103 Old DesignItemId=RES_RC0805FR-07510KL_YAGEO New DesignItemId=RES_RC0805FR-071RL_YAGEO
Change Component DesignItemId : Designator=R113 Old DesignItemId=RES_RC0805FR-07510KL_YAGEO New DesignItemId=RES_RC0805FR-074K7L_YAGEO
Change Component DesignItemId : Designator=R121 Old DesignItemId=RES_RC0805FR-07510KL_YAGEO New DesignItemId=RES_RC0805FR-074K7L_YAGEO
Change Component DesignItemId : Designator=R117 Old DesignItemId=RES_RC0805FR-07510KL_YAGEO New DesignItemId=RES_RC0805FR-079K31L_YAGEO
Change Component DesignItemId : Designator=R111 Old DesignItemId=RES_RC0805FR-07510KL_YAGEO New DesignItemId=RES_RC0805FR-0710KL_YAGEO
Change Component DesignItemId : Designator=R115 Old DesignItemId=RES_RC0805FR-07510KL_YAGEO New DesignItemId=RES_RC0805FR-0749K9L_YAGEO
Change Component DesignItemId : Designator=R14 Old DesignItemId=RES_RC0805FR-07510KL_YAGEO New DesignItemId=RES_RC0805FR-07412KL_YAGEO
Change Component Footprint: Designator=C11 Old Footprint=CAPC2013X110N New Footprint=CAPC3216X135N_B
Change Component Footprint: Designator=J5 Old Footprint=HDR2X4 New Footprint=DIMM1.27-2V100
Change Component Footprint: Designator=J4 Old Footprint=PHOENIX_1729128 New Footprint=HDR2X4
Change Component Footprint: Designator=J9 Old Footprint=RAD2 New Footprint=PHOENIX_1729128
Change Component Footprint: Designator=U3 Old Footprint=SOIC127P600-8BN New Footprint=TQFP50P1000X1000X160-64N
Change Component Footprint: Designator=U5 Old Footprint=SOIC127P600-14AN New Footprint=SOIC127P600-8BN
Change Component Footprint: Designator=U11 Old Footprint=TQFP50P1000X1000X160-64N New Footprint=SOIC127P600-14AN
Change Component Comment : Designator=C85 Old Comment=CAP_CC0805JRNPO9BN101_YAGEO New Comment=CAP_GRM2195C1H103FA01D_MURATA
Change Component Comment : Designator=C86 Old Comment=CAP_CC0805JRNPO9BN101_YAGEO New Comment=CAP_GRM2195C1H103FA01D_MURATA
Change Component Comment : Designator=C77 Old Comment=CAP_CC0805KKX7R7BB105_YAGEO New Comment=CAP_GRM2195C1H103FA01D_MURATA
Change Component Comment : Designator=C78 Old Comment=CAP_CC0805KKX7R7BB105_YAGEO New Comment=CAP_GRM2195C1H103FA01D_MURATA
Change Component Comment : Designator=C35 Old Comment=CAP_CC0805KRX7R8BB104_YAGEO New Comment=CAP_GRM2195C1H103FA01D_MURATA
Change Component Comment : Designator=C44 Old Comment=CAP_CC0805KRX7R8BB104_YAGEO New Comment=CAP_GRM2195C1H103FA01D_MURATA
Change Component Comment : Designator=C12 Old Comment=CAP_GRM2195C1H103FA01D_MURATA New Comment=CAP_CC0805KKX7R7BB105_YAGEO
Change Component Comment : Designator=C41 Old Comment=CAP_GRM2195C1H103FA01D_MURATA New Comment=CAP_CC0805KKX7R7BB105_YAGEO
Change Component Comment : Designator=C42 Old Comment=CAP_GRM2195C1H103FA01D_MURATA New Comment=CAP_CC0805KKX7R7BB105_YAGEO
Change Component Comment : Designator=C74 Old Comment=CAP_GRM2195C1H103FA01D_MURATA New Comment=CAP_CC0805KKX7R7BB105_YAGEO
Change Component Comment : Designator=C10 Old Comment=CAP_GRM2195C1H103FA01D_MURATA New Comment=CAP_CC0805KRX7R8BB104_YAGEO
Change Component Comment : Designator=C11 Old Comment=CAP_GRM2195C1H103FA01D_MURATA New Comment=CAP_CC1206KKX7R7BB225_YAGEO
Change Component Comment : Designator=J5 Old Comment=CON_Header_2X4 New Comment=DIM 100 - F28335
Change Component Comment : Designator=J9 Old Comment=CON_RADX2 New Comment=HeaderX2
Change Component Comment : Designator=J4 Old Comment=HeaderX2 New Comment=CON_Header_2X4
Change Component Comment : Designator=U11 Old Comment=IC_ATSAM4S8BA-AU_ATMEL New Comment=IC_TLV2474_ANALOG
Change Component Comment : Designator=U7 Old Comment=IC_INA121U New Comment=IC_TLV2472_ANALOG
Change Component Comment : Designator=U9 Old Comment=IC_INA121U New Comment=IC_TLV2472_ANALOG
Change Component Comment : Designator=U3 Old Comment=IC_TLV2472_ANALOG New Comment=IC_ATSAM4S8BA-AU_ATMEL
Change Component Comment : Designator=U5 Old Comment=IC_TLV2474_ANALOG New Comment=IC_TLV2472_ANALOG
Change Component Comment : Designator=R63 Old Comment=RES_RC0805FR-071RL_YAGEO New Comment=RES_RC0805FR-079K31L_YAGEO
Change Component Comment : Designator=R70 Old Comment=RES_RC0805FR-071RL_YAGEO New Comment=RES_RC0805FR-079K31L_YAGEO
Change Component Comment : Designator=R110 Old Comment=RES_RC0805FR-071RL_YAGEO New Comment=RES_RC0805FR-0710KL_YAGEO
Change Component Comment : Designator=R76 Old Comment=RES_RC0805FR-071RL_YAGEO New Comment=RES_RC0805FR-0749K9L_YAGEO
Change Component Comment : Designator=R32 Old Comment=RES_RC0805FR-073K16L_YAGEO New Comment=RES_RC0805FR-074K7L_YAGEO
Change Component Comment : Designator=R78 Old Comment=RES_RC0805FR-073K16L_YAGEO New Comment=RES_RC0805FR-079K31L_YAGEO
Change Component Comment : Designator=R91 Old Comment=RES_RC0805FR-073K16L_YAGEO New Comment=RES_RC0805FR-079K31L_YAGEO
Change Component Comment : Designator=R104 Old Comment=RES_RC0805FR-073K16L_YAGEO New Comment=RES_RC0805FR-079K31L_YAGEO
Change Component Comment : Designator=R72 Old Comment=RES_RC0805FR-073K16L_YAGEO New Comment=RES_RC0805FR-0710KL_YAGEO
Change Component Comment : Designator=R85 Old Comment=RES_RC0805FR-073K16L_YAGEO New Comment=RES_RC0805FR-0710KL_YAGEO
Change Component Comment : Designator=R98 Old Comment=RES_RC0805FR-073K16L_YAGEO New Comment=RES_RC0805FR-0710KL_YAGEO
Change Component Comment : Designator=R65 Old Comment=RES_RC0805FR-073K16L_YAGEO New Comment=RES_RC0805FR-07412KL_YAGEO
Change Component Comment : Designator=R73 Old Comment=RES_RC0805FR-074K7L_YAGEO New Comment=RES_RC0805FR-073K16L_YAGEO
Change Component Comment : Designator=R86 Old Comment=RES_RC0805FR-074K7L_YAGEO New Comment=RES_RC0805FR-073K16L_YAGEO
Change Component Comment : Designator=R99 Old Comment=RES_RC0805FR-074K7L_YAGEO New Comment=RES_RC0805FR-073K16L_YAGEO
Change Component Comment : Designator=R57 Old Comment=RES_RC0805FR-074K7L_YAGEO New Comment=RES_RC0805FR-0710KL_YAGEO
Change Component Comment : Designator=R15 Old Comment=RES_RC0805FR-074K7L_YAGEO New Comment=RES_RC0805FR-07412KL_YAGEO
Change Component Comment : Designator=R22 Old Comment=RES_RC0805FR-074K7L_YAGEO New Comment=RES_RC0805FR-07412KL_YAGEO
Change Component Comment : Designator=R29 Old Comment=RES_RC0805FR-074K7L_YAGEO New Comment=RES_RC0805FR-07412KL_YAGEO
Change Component Comment : Designator=R38 Old Comment=RES_RC0805FR-074K7L_YAGEO New Comment=RES_RC0805FR-07412KL_YAGEO
Change Component Comment : Designator=R43 Old Comment=RES_RC0805FR-074K7L_YAGEO New Comment=RES_RC0805FR-07412KL_YAGEO
Change Component Comment : Designator=R46 Old Comment=RES_RC0805FR-074K7L_YAGEO New Comment=RES_RC0805FR-07412KL_YAGEO
Change Component Comment : Designator=R52 Old Comment=RES_RC0805FR-074K7L_YAGEO New Comment=RES_RC0805FR-07412KL_YAGEO
Change Component Comment : Designator=R75 Old Comment=RES_RC0805FR-074K7L_YAGEO New Comment=RES_RC0805FR-07510KL_YAGEO
Change Component Comment : Designator=R88 Old Comment=RES_RC0805FR-074K7L_YAGEO New Comment=RES_RC0805FR-07510KL_YAGEO
Change Component Comment : Designator=R101 Old Comment=RES_RC0805FR-074K7L_YAGEO New Comment=RES_RC0805FR-07510KL_YAGEO
Change Component Comment : Designator=R74 Old Comment=RES_RC0805FR-079K31L_YAGEO New Comment=RES_RC0805FR-074K7L_YAGEO
Change Component Comment : Designator=R87 Old Comment=RES_RC0805FR-079K31L_YAGEO New Comment=RES_RC0805FR-074K7L_YAGEO
Change Component Comment : Designator=R100 Old Comment=RES_RC0805FR-079K31L_YAGEO New Comment=RES_RC0805FR-074K7L_YAGEO
Change Component Comment : Designator=R37 Old Comment=RES_RC0805FR-079K31L_YAGEO New Comment=RES_RC0805FR-07412KL_YAGEO
Change Component Comment : Designator=R51 Old Comment=RES_RC0805FR-079K31L_YAGEO New Comment=RES_RC0805FR-07412KL_YAGEO
Change Component Comment : Designator=R58 Old Comment=RES_RC0805FR-079K31L_YAGEO New Comment=RES_RC0805FR-07412KL_YAGEO
Change Component Comment : Designator=R61 Old Comment=RES_RC0805FR-079K31L_YAGEO New Comment=RES_RC0805FR-07412KL_YAGEO
Change Component Comment : Designator=R67 Old Comment=RES_RC0805FR-079K31L_YAGEO New Comment=RES_RC0805FR-07412KL_YAGEO
Change Component Comment : Designator=R80 Old Comment=RES_RC0805FR-079K31L_YAGEO New Comment=RES_RC0805FR-07510KL_YAGEO
Change Component Comment : Designator=R93 Old Comment=RES_RC0805FR-079K31L_YAGEO New Comment=RES_RC0805FR-07510KL_YAGEO
Change Component Comment : Designator=R106 Old Comment=RES_RC0805FR-079K31L_YAGEO New Comment=RES_RC0805FR-07510KL_YAGEO
Change Component Comment : Designator=R81 Old Comment=RES_RC0805FR-0710KL_YAGEO New Comment=RES_RC0805FR-073K16L_YAGEO
Change Component Comment : Designator=R94 Old Comment=RES_RC0805FR-0710KL_YAGEO New Comment=RES_RC0805FR-073K16L_YAGEO
Change Component Comment : Designator=R107 Old Comment=RES_RC0805FR-0710KL_YAGEO New Comment=RES_RC0805FR-073K16L_YAGEO
Change Component Comment : Designator=R17 Old Comment=RES_RC0805FR-0710KL_YAGEO New Comment=RES_RC0805FR-074K7L_YAGEO
Change Component Comment : Designator=R69 Old Comment=RES_RC0805FR-0710KL_YAGEO New Comment=RES_RC0805FR-074K7L_YAGEO
Change Component Comment : Designator=R82 Old Comment=RES_RC0805FR-0710KL_YAGEO New Comment=RES_RC0805FR-074K7L_YAGEO
Change Component Comment : Designator=R95 Old Comment=RES_RC0805FR-0710KL_YAGEO New Comment=RES_RC0805FR-074K7L_YAGEO
Change Component Comment : Designator=R108 Old Comment=RES_RC0805FR-0710KL_YAGEO New Comment=RES_RC0805FR-074K7L_YAGEO
Change Component Comment : Designator=R28 Old Comment=RES_RC0805FR-0710KL_YAGEO New Comment=RES_RC0805FR-07412KL_YAGEO
Change Component Comment : Designator=R31 Old Comment=RES_RC0805FR-0710KL_YAGEO New Comment=RES_RC0805FR-07412KL_YAGEO
Change Component Comment : Designator=R45 Old Comment=RES_RC0805FR-0710KL_YAGEO New Comment=RES_RC0805FR-07412KL_YAGEO
Change Component Comment : Designator=R68 Old Comment=RES_RC0805FR-0710KL_YAGEO New Comment=RES_RC0805FR-07412KL_YAGEO
Change Component Comment : Designator=R77 Old Comment=RES_RC0805FR-0749K9L_YAGEO New Comment=RES_RC0805FR-071RL_YAGEO
Change Component Comment : Designator=R64 Old Comment=RES_RC0805FR-0749K9L_YAGEO New Comment=RES_RC0805FR-074K7L_YAGEO
Change Component Comment : Designator=R18 Old Comment=RES_RC0805FR-0749K9L_YAGEO New Comment=RES_RC0805FR-079K31L_YAGEO
Change Component Comment : Designator=R71 Old Comment=RES_RC0805FR-0749K9L_YAGEO New Comment=RES_RC0805FR-0710KL_YAGEO
Change Component Comment : Designator=R19 Old Comment=RES_RC0805FR-07412KL_YAGEO New Comment=RES_RC0805FR-074K7L_YAGEO
Change Component Comment : Designator=R34 Old Comment=RES_RC0805FR-07412KL_YAGEO New Comment=RES_RC0805FR-074K7L_YAGEO
Change Component Comment : Designator=R39 Old Comment=RES_RC0805FR-07412KL_YAGEO New Comment=RES_RC0805FR-074K7L_YAGEO
Change Component Comment : Designator=R47 Old Comment=RES_RC0805FR-07412KL_YAGEO New Comment=RES_RC0805FR-074K7L_YAGEO
Change Component Comment : Designator=R49 Old Comment=RES_RC0805FR-07412KL_YAGEO New Comment=RES_RC0805FR-074K7L_YAGEO
Change Component Comment : Designator=R54 Old Comment=RES_RC0805FR-07412KL_YAGEO New Comment=RES_RC0805FR-074K7L_YAGEO
Change Component Comment : Designator=R25 Old Comment=RES_RC0805FR-07412KL_YAGEO New Comment=RES_RC0805FR-079K31L_YAGEO
Change Component Comment : Designator=R33 Old Comment=RES_RC0805FR-07412KL_YAGEO New Comment=RES_RC0805FR-079K31L_YAGEO
Change Component Comment : Designator=R40 Old Comment=RES_RC0805FR-07412KL_YAGEO New Comment=RES_RC0805FR-079K31L_YAGEO
Change Component Comment : Designator=R48 Old Comment=RES_RC0805FR-07412KL_YAGEO New Comment=RES_RC0805FR-079K31L_YAGEO
Change Component Comment : Designator=R55 Old Comment=RES_RC0805FR-07412KL_YAGEO New Comment=RES_RC0805FR-079K31L_YAGEO
Change Component Comment : Designator=R26 Old Comment=RES_RC0805FR-07412KL_YAGEO New Comment=RES_RC0805FR-0710KL_YAGEO
Change Component Comment : Designator=R27 Old Comment=RES_RC0805FR-07412KL_YAGEO New Comment=RES_RC0805FR-0710KL_YAGEO
Change Component Comment : Designator=R41 Old Comment=RES_RC0805FR-07412KL_YAGEO New Comment=RES_RC0805FR-0710KL_YAGEO
Change Component Comment : Designator=R103 Old Comment=RES_RC0805FR-07510KL_YAGEO New Comment=RES_RC0805FR-071RL_YAGEO
Change Component Comment : Designator=R113 Old Comment=RES_RC0805FR-07510KL_YAGEO New Comment=RES_RC0805FR-074K7L_YAGEO
Change Component Comment : Designator=R121 Old Comment=RES_RC0805FR-07510KL_YAGEO New Comment=RES_RC0805FR-074K7L_YAGEO
Change Component Comment : Designator=R117 Old Comment=RES_RC0805FR-07510KL_YAGEO New Comment=RES_RC0805FR-079K31L_YAGEO
Change Component Comment : Designator=R111 Old Comment=RES_RC0805FR-07510KL_YAGEO New Comment=RES_RC0805FR-0710KL_YAGEO
Change Component Comment : Designator=R115 Old Comment=RES_RC0805FR-07510KL_YAGEO New Comment=RES_RC0805FR-0749K9L_YAGEO
Change Component Comment : Designator=R14 Old Comment=RES_RC0805FR-07510KL_YAGEO New Comment=RES_RC0805FR-07412KL_YAGEO
Change Component Designator: OldDesignator=C26 NewDesignator=C8
Change Component Designator: OldDesignator=C32 NewDesignator=C9
Change Component Designator: OldDesignator=C49 NewDesignator=C13
Change Component Designator: OldDesignator=C50 NewDesignator=C14
Change Component Designator: OldDesignator=C51 NewDesignator=C15
Change Component Designator: OldDesignator=C52 NewDesignator=C16
Change Component Designator: OldDesignator=C53 NewDesignator=C17
Change Component Designator: OldDesignator=C54 NewDesignator=C23
Change Component Designator: OldDesignator=C55 NewDesignator=C24
Change Component Designator: OldDesignator=C56 NewDesignator=C25
Change Component Designator: OldDesignator=C57 NewDesignator=C26
Change Component Designator: OldDesignator=C58 NewDesignator=C27
Change Component Designator: OldDesignator=C59 NewDesignator=C29
Change Component Designator: OldDesignator=C60 NewDesignator=C28
Change Component Designator: OldDesignator=C61 NewDesignator=C30
Change Component Designator: OldDesignator=C62 NewDesignator=C31
Change Component Designator: OldDesignator=C63 NewDesignator=C32
Change Component Designator: OldDesignator=C64 NewDesignator=C33
Change Component Designator: OldDesignator=C65 NewDesignator=C34
Change Component Designator: OldDesignator=C66 NewDesignator=C18
Change Component Designator: OldDesignator=C67 NewDesignator=C21
Change Component Designator: OldDesignator=C68 NewDesignator=C22
Change Component Designator: OldDesignator=C69 NewDesignator=C63
Change Component Designator: OldDesignator=C70 NewDesignator=C64
Change Component Designator: OldDesignator=C71 NewDesignator=C65
Change Component Designator: OldDesignator=C72 NewDesignator=C66
Change Component Designator: OldDesignator=C79 NewDesignator=C67
Change Component Designator: OldDesignator=C80 NewDesignator=C68
Change Component Designator: OldDesignator=C81 NewDesignator=C73
Change Component Designator: OldDesignator=C82 NewDesignator=C76
Change Component Designator: OldDesignator=C87 NewDesignator=C19
Change Component Designator: OldDesignator=C88 NewDesignator=C20
Change Component Designator: OldDesignator=C89 NewDesignator=C45
Change Component Designator: OldDesignator=C90 NewDesignator=C46
Change Component Designator: OldDesignator=C91 NewDesignator=C54
Change Component Designator: OldDesignator=C92 NewDesignator=C56
Change Component Designator: OldDesignator=D2 NewDesignator=D3
Change Component Designator: OldDesignator=D3 NewDesignator=D4
Change Component Designator: OldDesignator=D8 NewDesignator=D2
Change Component Designator: OldDesignator=J6 NewDesignator=J22
Change Component Designator: OldDesignator=J7 NewDesignator=J8
Change Component Designator: OldDesignator=J8 NewDesignator=J6
Change Component Designator: OldDesignator=J11 NewDesignator=J3
Change Component Designator: OldDesignator=J12 NewDesignator=J24
Change Component Designator: OldDesignator=J13 NewDesignator=J25
Change Component Designator: OldDesignator=J14 NewDesignator=J7
Change Component Designator: OldDesignator=J15 NewDesignator=J12
Change Component Designator: OldDesignator=J16 NewDesignator=J15
Change Component Designator: OldDesignator=J17 NewDesignator=J18
Change Component Designator: OldDesignator=J19 NewDesignator=J17
Change Component Designator: OldDesignator=J20 NewDesignator=J19
Change Component Designator: OldDesignator=J21 NewDesignator=J20
Change Component Designator: OldDesignator=J22 NewDesignator=J13
Change Component Designator: OldDesignator=J23 NewDesignator=J14
Change Component Designator: OldDesignator=R1 NewDesignator=R2
Change Component Designator: OldDesignator=R2 NewDesignator=R3
Change Component Designator: OldDesignator=R3 NewDesignator=R4
Change Component Designator: OldDesignator=R60 NewDesignator=R1
Change Component Designator: OldDesignator=R83 NewDesignator=R6
Change Component Designator: OldDesignator=R84 NewDesignator=R7
Change Component Designator: OldDesignator=R89 NewDesignator=R8
Change Component Designator: OldDesignator=R90 NewDesignator=R9
Change Component Designator: OldDesignator=R96 NewDesignator=R11
Change Component Designator: OldDesignator=R97 NewDesignator=R12
Change Component Designator: OldDesignator=R102 NewDesignator=R5
Change Component Designator: OldDesignator=R109 NewDesignator=R10
Change Component Designator: OldDesignator=R112 NewDesignator=R59
Change Component Designator: OldDesignator=R114 NewDesignator=R66
Change Component Designator: OldDesignator=R116 NewDesignator=R44
Change Component Designator: OldDesignator=R118 NewDesignator=R50
Change Component Designator: OldDesignator=R120 NewDesignator=R16
Change Component Designator: OldDesignator=R122 NewDesignator=R23
Change Component Designator: OldDesignator=R123 NewDesignator=R30
Change Component Designator: OldDesignator=R124 NewDesignator=R36
Change Component Designator: OldDesignator=U8 NewDesignator=U13
Change Component Designator: OldDesignator=U10 NewDesignator=U18
Change Component Designator: OldDesignator=U12 NewDesignator=U6
Change Component Designator: OldDesignator=U13 NewDesignator=U16
Change Component Designator: OldDesignator=U15 NewDesignator=U4
Change Component Designator: OldDesignator=U17 NewDesignator=U10
Change Component Designator: OldDesignator=U18 NewDesignator=U8
Change Component Description : Designator=C35 Old Description=CAP CER 0.1UF 25V 10% X7R 0805 New Description=CAP CER 10000PF 50V NP0 0805
Change Component Description : Designator=C44 Old Description=CAP CER 0.1UF 25V 10% X7R 0805 New Description=CAP CER 10000PF 50V NP0 0805
Change Component Description : Designator=C77 Old Description=CAP CER 1UF 16V X7R 0805 New Description=CAP CER 10000PF 50V NP0 0805
Change Component Description : Designator=C78 Old Description=CAP CER 1UF 16V X7R 0805 New Description=CAP CER 10000PF 50V NP0 0805
Change Component Description : Designator=C85 Old Description=CAP CER 100PF 50V NPO 0805 New Description=CAP CER 10000PF 50V NP0 0805
Change Component Description : Designator=C86 Old Description=CAP CER 100PF 50V NPO 0805 New Description=CAP CER 10000PF 50V NP0 0805
Change Component Description : Designator=C10 Old Description=CAP CER 10000PF 50V NP0 0805 New Description=CAP CER 0.1UF 25V 10% X7R 0805
Change Component Description : Designator=C12 Old Description=CAP CER 10000PF 50V NP0 0805 New Description=CAP CER 1UF 16V X7R 0805
Change Component Description : Designator=C41 Old Description=CAP CER 10000PF 50V NP0 0805 New Description=CAP CER 1UF 16V X7R 0805
Change Component Description : Designator=C42 Old Description=CAP CER 10000PF 50V NP0 0805 New Description=CAP CER 1UF 16V X7R 0805
Change Component Description : Designator=C74 Old Description=CAP CER 10000PF 50V NP0 0805 New Description=CAP CER 1UF 16V X7R 0805
Change Component Description : Designator=U7 Old Description=IC OPAMP INSTR 600KHZ 8SOIC New Description=IC OPAMP GP 2.8MHZ RRO 8SOIC
Change Component Description : Designator=U9 Old Description=IC OPAMP INSTR 600KHZ 8SOIC New Description=IC OPAMP GP 2.8MHZ RRO 8SOIC
Change Component Description : Designator=R63 Old Description=RES SMD 1 OHM 1% 1/8W 0805 New Description=RES SMD 9.31K OHM 1% 1/8W 0805
Change Component Description : Designator=R70 Old Description=RES SMD 1 OHM 1% 1/8W 0805 New Description=RES SMD 9.31K OHM 1% 1/8W 0805
Change Component Description : Designator=R110 Old Description=RES SMD 1 OHM 1% 1/8W 0805 New Description=RES SMD 10K OHM 1% 1/8W 0805
Change Component Description : Designator=R76 Old Description=RES SMD 1 OHM 1% 1/8W 0805 New Description=RES SMD 49.9K OHM 1% 1/8W 0805
Change Component Description : Designator=R32 Old Description=RES SMD 3.16K OHM 1% 1/8W 0805 New Description=RES SMD 4.7K OHM 1% 1/8W 0805
Change Component Description : Designator=R78 Old Description=RES SMD 3.16K OHM 1% 1/8W 0805 New Description=RES SMD 9.31K OHM 1% 1/8W 0805
Change Component Description : Designator=R91 Old Description=RES SMD 3.16K OHM 1% 1/8W 0805 New Description=RES SMD 9.31K OHM 1% 1/8W 0805
Change Component Description : Designator=R104 Old Description=RES SMD 3.16K OHM 1% 1/8W 0805 New Description=RES SMD 9.31K OHM 1% 1/8W 0805
Change Component Description : Designator=R72 Old Description=RES SMD 3.16K OHM 1% 1/8W 0805 New Description=RES SMD 10K OHM 1% 1/8W 0805
Change Component Description : Designator=R85 Old Description=RES SMD 3.16K OHM 1% 1/8W 0805 New Description=RES SMD 10K OHM 1% 1/8W 0805
Change Component Description : Designator=R98 Old Description=RES SMD 3.16K OHM 1% 1/8W 0805 New Description=RES SMD 10K OHM 1% 1/8W 0805
Change Component Description : Designator=R65 Old Description=RES SMD 3.16K OHM 1% 1/8W 0805 New Description=RES SMD 412K OHM 1% 1/8W 0805
Change Component Description : Designator=R73 Old Description=RES SMD 4.7K OHM 1% 1/8W 0805 New Description=RES SMD 3.16K OHM 1% 1/8W 0805
Change Component Description : Designator=R86 Old Description=RES SMD 4.7K OHM 1% 1/8W 0805 New Description=RES SMD 3.16K OHM 1% 1/8W 0805
Change Component Description : Designator=R99 Old Description=RES SMD 4.7K OHM 1% 1/8W 0805 New Description=RES SMD 3.16K OHM 1% 1/8W 0805
Change Component Description : Designator=R57 Old Description=RES SMD 4.7K OHM 1% 1/8W 0805 New Description=RES SMD 10K OHM 1% 1/8W 0805
Change Component Description : Designator=R15 Old Description=RES SMD 4.7K OHM 1% 1/8W 0805 New Description=RES SMD 412K OHM 1% 1/8W 0805
Change Component Description : Designator=R22 Old Description=RES SMD 4.7K OHM 1% 1/8W 0805 New Description=RES SMD 412K OHM 1% 1/8W 0805
Change Component Description : Designator=R29 Old Description=RES SMD 4.7K OHM 1% 1/8W 0805 New Description=RES SMD 412K OHM 1% 1/8W 0805
Change Component Description : Designator=R38 Old Description=RES SMD 4.7K OHM 1% 1/8W 0805 New Description=RES SMD 412K OHM 1% 1/8W 0805
Change Component Description : Designator=R43 Old Description=RES SMD 4.7K OHM 1% 1/8W 0805 New Description=RES SMD 412K OHM 1% 1/8W 0805
Change Component Description : Designator=R46 Old Description=RES SMD 4.7K OHM 1% 1/8W 0805 New Description=RES SMD 412K OHM 1% 1/8W 0805
Change Component Description : Designator=R52 Old Description=RES SMD 4.7K OHM 1% 1/8W 0805 New Description=RES SMD 412K OHM 1% 1/8W 0805
Change Component Description : Designator=R75 Old Description=RES SMD 4.7K OHM 1% 1/8W 0805 New Description=RES SMD 510K OHM 1% 1/8W 0805
Change Component Description : Designator=R88 Old Description=RES SMD 4.7K OHM 1% 1/8W 0805 New Description=RES SMD 510K OHM 1% 1/8W 0805
Change Component Description : Designator=R101 Old Description=RES SMD 4.7K OHM 1% 1/8W 0805 New Description=RES SMD 510K OHM 1% 1/8W 0805
Change Component Description : Designator=R74 Old Description=RES SMD 9.31K OHM 1% 1/8W 0805 New Description=RES SMD 4.7K OHM 1% 1/8W 0805
Change Component Description : Designator=R87 Old Description=RES SMD 9.31K OHM 1% 1/8W 0805 New Description=RES SMD 4.7K OHM 1% 1/8W 0805
Change Component Description : Designator=R100 Old Description=RES SMD 9.31K OHM 1% 1/8W 0805 New Description=RES SMD 4.7K OHM 1% 1/8W 0805
Change Component Description : Designator=R37 Old Description=RES SMD 9.31K OHM 1% 1/8W 0805 New Description=RES SMD 412K OHM 1% 1/8W 0805
Change Component Description : Designator=R51 Old Description=RES SMD 9.31K OHM 1% 1/8W 0805 New Description=RES SMD 412K OHM 1% 1/8W 0805
Change Component Description : Designator=R58 Old Description=RES SMD 9.31K OHM 1% 1/8W 0805 New Description=RES SMD 412K OHM 1% 1/8W 0805
Change Component Description : Designator=R61 Old Description=RES SMD 9.31K OHM 1% 1/8W 0805 New Description=RES SMD 412K OHM 1% 1/8W 0805
Change Component Description : Designator=R67 Old Description=RES SMD 9.31K OHM 1% 1/8W 0805 New Description=RES SMD 412K OHM 1% 1/8W 0805
Change Component Description : Designator=R80 Old Description=RES SMD 9.31K OHM 1% 1/8W 0805 New Description=RES SMD 510K OHM 1% 1/8W 0805
Change Component Description : Designator=R93 Old Description=RES SMD 9.31K OHM 1% 1/8W 0805 New Description=RES SMD 510K OHM 1% 1/8W 0805
Change Component Description : Designator=R106 Old Description=RES SMD 9.31K OHM 1% 1/8W 0805 New Description=RES SMD 510K OHM 1% 1/8W 0805
Change Component Description : Designator=R81 Old Description=RES SMD 10K OHM 1% 1/8W 0805 New Description=RES SMD 3.16K OHM 1% 1/8W 0805
Change Component Description : Designator=R94 Old Description=RES SMD 10K OHM 1% 1/8W 0805 New Description=RES SMD 3.16K OHM 1% 1/8W 0805
Change Component Description : Designator=R107 Old Description=RES SMD 10K OHM 1% 1/8W 0805 New Description=RES SMD 3.16K OHM 1% 1/8W 0805
Change Component Description : Designator=R17 Old Description=RES SMD 10K OHM 1% 1/8W 0805 New Description=RES SMD 4.7K OHM 1% 1/8W 0805
Change Component Description : Designator=R69 Old Description=RES SMD 10K OHM 1% 1/8W 0805 New Description=RES SMD 4.7K OHM 1% 1/8W 0805
Change Component Description : Designator=R82 Old Description=RES SMD 10K OHM 1% 1/8W 0805 New Description=RES SMD 4.7K OHM 1% 1/8W 0805
Change Component Description : Designator=R95 Old Description=RES SMD 10K OHM 1% 1/8W 0805 New Description=RES SMD 4.7K OHM 1% 1/8W 0805
Change Component Description : Designator=R108 Old Description=RES SMD 10K OHM 1% 1/8W 0805 New Description=RES SMD 4.7K OHM 1% 1/8W 0805
Change Component Description : Designator=R28 Old Description=RES SMD 10K OHM 1% 1/8W 0805 New Description=RES SMD 412K OHM 1% 1/8W 0805
Change Component Description : Designator=R31 Old Description=RES SMD 10K OHM 1% 1/8W 0805 New Description=RES SMD 412K OHM 1% 1/8W 0805
Change Component Description : Designator=R45 Old Description=RES SMD 10K OHM 1% 1/8W 0805 New Description=RES SMD 412K OHM 1% 1/8W 0805
Change Component Description : Designator=R68 Old Description=RES SMD 10K OHM 1% 1/8W 0805 New Description=RES SMD 412K OHM 1% 1/8W 0805
Change Component Description : Designator=R77 Old Description=RES SMD 49.9K OHM 1% 1/8W 0805 New Description=RES SMD 1 OHM 1% 1/8W 0805
Change Component Description : Designator=R64 Old Description=RES SMD 49.9K OHM 1% 1/8W 0805 New Description=RES SMD 4.7K OHM 1% 1/8W 0805
Change Component Description : Designator=R18 Old Description=RES SMD 49.9K OHM 1% 1/8W 0805 New Description=RES SMD 9.31K OHM 1% 1/8W 0805
Change Component Description : Designator=R71 Old Description=RES SMD 49.9K OHM 1% 1/8W 0805 New Description=RES SMD 10K OHM 1% 1/8W 0805
Change Component Description : Designator=R19 Old Description=RES SMD 412K OHM 1% 1/8W 0805 New Description=RES SMD 4.7K OHM 1% 1/8W 0805
Change Component Description : Designator=R34 Old Description=RES SMD 412K OHM 1% 1/8W 0805 New Description=RES SMD 4.7K OHM 1% 1/8W 0805
Change Component Description : Designator=R39 Old Description=RES SMD 412K OHM 1% 1/8W 0805 New Description=RES SMD 4.7K OHM 1% 1/8W 0805
Change Component Description : Designator=R47 Old Description=RES SMD 412K OHM 1% 1/8W 0805 New Description=RES SMD 4.7K OHM 1% 1/8W 0805
Change Component Description : Designator=R49 Old Description=RES SMD 412K OHM 1% 1/8W 0805 New Description=RES SMD 4.7K OHM 1% 1/8W 0805
Change Component Description : Designator=R54 Old Description=RES SMD 412K OHM 1% 1/8W 0805 New Description=RES SMD 4.7K OHM 1% 1/8W 0805
Change Component Description : Designator=R25 Old Description=RES SMD 412K OHM 1% 1/8W 0805 New Description=RES SMD 9.31K OHM 1% 1/8W 0805
Change Component Description : Designator=R33 Old Description=RES SMD 412K OHM 1% 1/8W 0805 New Description=RES SMD 9.31K OHM 1% 1/8W 0805
Change Component Description : Designator=R40 Old Description=RES SMD 412K OHM 1% 1/8W 0805 New Description=RES SMD 9.31K OHM 1% 1/8W 0805
Change Component Description : Designator=R48 Old Description=RES SMD 412K OHM 1% 1/8W 0805 New Description=RES SMD 9.31K OHM 1% 1/8W 0805
Change Component Description : Designator=R55 Old Description=RES SMD 412K OHM 1% 1/8W 0805 New Description=RES SMD 9.31K OHM 1% 1/8W 0805
Change Component Description : Designator=R26 Old Description=RES SMD 412K OHM 1% 1/8W 0805 New Description=RES SMD 10K OHM 1% 1/8W 0805
Change Component Description : Designator=R27 Old Description=RES SMD 412K OHM 1% 1/8W 0805 New Description=RES SMD 10K OHM 1% 1/8W 0805
Change Component Description : Designator=R41 Old Description=RES SMD 412K OHM 1% 1/8W 0805 New Description=RES SMD 10K OHM 1% 1/8W 0805
Change Component Description : Designator=R103 Old Description=RES SMD 510K OHM 1% 1/8W 0805 New Description=RES SMD 1 OHM 1% 1/8W 0805
Change Component Description : Designator=R113 Old Description=RES SMD 510K OHM 1% 1/8W 0805 New Description=RES SMD 4.7K OHM 1% 1/8W 0805
Change Component Description : Designator=R121 Old Description=RES SMD 510K OHM 1% 1/8W 0805 New Description=RES SMD 4.7K OHM 1% 1/8W 0805
Change Component Description : Designator=R117 Old Description=RES SMD 510K OHM 1% 1/8W 0805 New Description=RES SMD 9.31K OHM 1% 1/8W 0805
Change Component Description : Designator=R111 Old Description=RES SMD 510K OHM 1% 1/8W 0805 New Description=RES SMD 10K OHM 1% 1/8W 0805
Change Component Description : Designator=R115 Old Description=RES SMD 510K OHM 1% 1/8W 0805 New Description=RES SMD 49.9K OHM 1% 1/8W 0805
Change Component Description : Designator=R14 Old Description=RES SMD 510K OHM 1% 1/8W 0805 New Description=RES SMD 412K OHM 1% 1/8W 0805
Added Component: Designator=C49(CAPC2013X110N)
Added Component: Designator=C50(CAPC2013X110N)
Added Component: Designator=C51(CAPC2013X110N)
Added Component: Designator=C52(CAPC2013X110N)
Added Component: Designator=C53(CAPC2013X110N)
Added Component: Designator=C55(CAPC2013X110N)
Added Component: Designator=C57(CAPC2013X110N)
Added Component: Designator=C58(CAPC2013X110N)
Added Component: Designator=C59(CAPC2013X110N)
Added Component: Designator=C60(CAPC2013X110N)
Added Component: Designator=C61(CAPC2013X110N)
Added Component: Designator=C62(CAPC2013X110N)
Added Component: Designator=C69(CAPC2013X110N)
Added Component: Designator=C70(CAPC2013X110N)
Added Component: Designator=C71(CAPC2013X110N)
Added Component: Designator=C72(CAPC2013X110N)
Added Component: Designator=C79(CAPC2013X110N)
Added Component: Designator=C80(CAPC2013X110N)
Added Component: Designator=C81(CAPC2013X110N)
Added Component: Designator=C82(CAPC2013X110N)
Added Component: Designator=C87(CAPC2013X110N)
Added Component: Designator=C88(CAPC2013X110N)
Added Component: Designator=C89(CAPC2013X110N)
Added Component: Designator=C90(CAPC2013X110N)
Added Component: Designator=C91(CAPC2013X110N)
Added Component: Designator=C92(CAPC2013X110N)
Added Component: Designator=J11(RAD2)
Added Component: Designator=J16(RAD2)
Added Component: Designator=J21(RAD2)
Added Component: Designator=J23(RAD2)
Added Component: Designator=R60(RESC2013X065BN)
Added Component: Designator=R83(RESC2013X065BN)
Added Component: Designator=R84(RESC2013X065BN)
Added Component: Designator=R89(RESC2013X065BN)
Added Component: Designator=R90(RESC2013X065BN)
Added Component: Designator=R96(RESC2013X065BN)
Added Component: Designator=R97(RESC2013X065BN)
Added Component: Designator=R102(RESC2013X065BN)
Added Component: Designator=R109(RESC2013X065BN)
Added Component: Designator=R112(RESC2013X065BN)
Added Component: Designator=R114(RESC2013X065BN)
Added Component: Designator=R116(RESC2013X065BN)
Added Component: Designator=R118(RESC2013X065BN)
Added Component: Designator=R120(RESC2013X065BN)
Added Component: Designator=R122(RESC2013X065BN)
Added Component: Designator=R123(RESC2013X065BN)
Added Component: Designator=R124(RESC2013X065BN)
Added Component: Designator=U12(SOIC127P600-8BN)
Added Component: Designator=U15(SOIC127P600-14AN)
Added Component: Designator=U17(SOIC127P600-8BN)
Added Pin To Net: NetName=3.3V_ISO Pin=C10-1
Added Pin To Net: NetName=GND_ISO Pin=C10-2
Added Pin To Net: NetName=NetC32_1 Pin=C11-1
Added Pin To Net: NetName=AGND Pin=C11-2
Added Pin To Net: NetName=GND_ISO Pin=C12-2
Added Pin To Net: NetName=VL1 Pin=C36-2
Added Pin To Net: NetName=VL_1V5_A Pin=C37-1
Added Pin To Net: NetName=AGND Pin=C38-1
Added Pin To Net: NetName=VL2 Pin=C40-2
Added Pin To Net: NetName=+5V Pin=C41-1
Added Pin To Net: NetName=AGND Pin=C41-2
Added Pin To Net: NetName=VL_1V5_A Pin=C42-1
Added Pin To Net: NetName=AGND Pin=C42-2
Added Pin To Net: NetName=VL_1V5_A Pin=C43-1
Added Pin To Net: NetName=AGND Pin=C44-1
Added Pin To Net: NetName=VL3 Pin=C48-2
Added Pin To Net: NetName=VL_1V5_B Pin=C49-1
Added Pin To Net: NetName=AGND Pin=C50-1
Added Pin To Net: NetName=VL4 Pin=C52-2
Added Pin To Net: NetName=+5V Pin=C53-1
Added Pin To Net: NetName=AGND Pin=C53-2
Added Pin To Net: NetName=+5V Pin=C55-1
Added Pin To Net: NetName=AGND Pin=C55-2
Added Pin To Net: NetName=VL_1V5_B Pin=C57-1
Added Pin To Net: NetName=AGND Pin=C58-1
Added Pin To Net: NetName=NetC59_1 Pin=C59-1
Added Pin To Net: NetName=IL1 Pin=C60-2
Added Pin To Net: NetName=+5V Pin=C61-1
Added Pin To Net: NetName=AGND Pin=C61-2
Added Pin To Net: NetName=+5V Pin=C62-1
Added Pin To Net: NetName=AGND Pin=C62-2
Added Pin To Net: NetName=NetC67_1 Pin=C67-1
Added Pin To Net: NetName=IL_1V5_A Pin=C69-1
Added Pin To Net: NetName=AGND Pin=C70-1
Added Pin To Net: NetName=IL2 Pin=C72-2
Added Pin To Net: NetName=+5V Pin=C74-1
Added Pin To Net: NetName=AGND Pin=C74-2
Added Pin To Net: NetName=IL_2V5_A Pin=C75-1
Added Pin To Net: NetName=IL_1V5_A Pin=C77-1
Added Pin To Net: NetName=AGND Pin=C78-1
Added Pin To Net: NetName=+5V Pin=C79-1
Added Pin To Net: NetName=AGND Pin=C79-2
Added Pin To Net: NetName=IL_1V5_A Pin=C80-1
Added Pin To Net: NetName=AGND Pin=C80-2
Added Pin To Net: NetName=NetC81_1 Pin=C81-1
Added Pin To Net: NetName=IL3 Pin=C82-2
Added Pin To Net: NetName=IL_1V5_A Pin=C85-1
Added Pin To Net: NetName=AGND Pin=C86-1
Added Pin To Net: NetName=IL4 Pin=C88-2
Added Pin To Net: NetName=IL_2V5_A Pin=C89-2
Added Pin To Net: NetName=IL_2V5_A Pin=C90-1
Added Pin To Net: NetName=IL_1V5_A Pin=C91-1
Added Pin To Net: NetName=AGND Pin=C92-1
Added Pin To Net: NetName=TMS_DSP Pin=J4-1
Added Pin To Net: NetName=EMU1 Pin=J4-2
Added Pin To Net: NetName=TCK_DSP Pin=J4-3
Added Pin To Net: NetName=AGND Pin=J4-4
Added Pin To Net: NetName=TDO_DSP Pin=J4-5
Added Pin To Net: NetName=EMU0 Pin=J4-6
Added Pin To Net: NetName=TDI_DSP Pin=J4-7
Added Pin To Net: NetName=TRSTN Pin=J4-8
Added Pin To Net: NetName=3.3V_ISO Pin=J5-1
Added Pin To Net: NetName=UART0_TX Pin=J5-2
Added Pin To Net: NetName=GND_ISO Pin=J5-6
Added Pin To Net: NetName=AGND Pin=J5-8
Added Pin To Net: NetName=AGND Pin=J5-10
Added Pin To Net: NetName=AGND Pin=J5-12
Added Pin To Net: NetName=AGND Pin=J5-14
Added Pin To Net: NetName=VL4 Pin=J5-15
Added Pin To Net: NetName=VL3 Pin=J5-17
Added Pin To Net: NetName=VL2 Pin=J5-19
Added Pin To Net: NetName=VL1 Pin=J5-21
Added Pin To Net: NetName=AGND Pin=J5-27
Added Pin To Net: NetName=AGND Pin=J5-37
Added Pin To Net: NetName=UART_RX_SUPPLY Pin=J5-43
Added Pin To Net: NetName=AGND Pin=J5-47
Added Pin To Net: NetName=TCK_DSP Pin=J5-48
Added Pin To Net: NetName=TMS_DSP Pin=J5-49
Added Pin To Net: NetName=EMU1 Pin=J5-50
Added Pin To Net: NetName=3.3V_ISO Pin=J5-51
Added Pin To Net: NetName=UART0_RX Pin=J5-52
Added Pin To Net: NetName=GND_ISO Pin=J5-56
Added Pin To Net: NetName=AGND Pin=J5-58
Added Pin To Net: NetName=AGND Pin=J5-60
Added Pin To Net: NetName=AGND Pin=J5-62
Added Pin To Net: NetName=AGND Pin=J5-64
Added Pin To Net: NetName=IL4 Pin=J5-65
Added Pin To Net: NetName=IL3 Pin=J5-67
Added Pin To Net: NetName=IL2 Pin=J5-69
Added Pin To Net: NetName=IL1 Pin=J5-71
Added Pin To Net: NetName=+5V Pin=J5-77
Added Pin To Net: NetName=+5V Pin=J5-82
Added Pin To Net: NetName=+5V Pin=J5-87
Added Pin To Net: NetName=GPIO17 Pin=J5-88
Added Pin To Net: NetName=GPIO19 Pin=J5-89
Added Pin To Net: NetName=GPIO21 Pin=J5-90
Added Pin To Net: NetName=GPIO23 Pin=J5-91
Added Pin To Net: NetName=+5V Pin=J5-92
Added Pin To Net: NetName=UART_TX_SUPPLY Pin=J5-93
Added Pin To Net: NetName=GPIO31 Pin=J5-94
Added Pin To Net: NetName=GPIO33 Pin=J5-95
Added Pin To Net: NetName=+5V Pin=J5-96
Added Pin To Net: NetName=TDI_DSP Pin=J5-97
Added Pin To Net: NetName=TDO_DSP Pin=J5-98
Added Pin To Net: NetName=TRSTN Pin=J5-99
Added Pin To Net: NetName=EMU0 Pin=J5-100
Added Pin To Net: NetName=VL1 Pin=J11-1
Added Pin To Net: NetName=AGND Pin=J11-2
Added Pin To Net: NetName=NetJ15_1 Pin=J15-1
Added Pin To Net: NetName=NetJ16_1 Pin=J16-1
Added Pin To Net: NetName=VL3 Pin=J17-1
Added Pin To Net: NetName=NetJ18_1 Pin=J18-1
Added Pin To Net: NetName=IL1 Pin=J21-1
Added Pin To Net: NetName=AGND Pin=J21-2
Added Pin To Net: NetName=NetC67_1 Pin=J22-1
Added Pin To Net: NetName=IL2 Pin=J23-1
Added Pin To Net: NetName=AGND Pin=J23-2
Added Pin To Net: NetName=NetC36_1 Pin=R18-1
Added Pin To Net: NetName=NetC38_2 Pin=R19-1
Added Pin To Net: NetName=NetC36_1 Pin=R19-2
Added Pin To Net: NetName=NetR20_1 Pin=R21-2
Added Pin To Net: NetName=VL_1V5_A Pin=R24-2
Added Pin To Net: NetName=AGND Pin=R25-1
Added Pin To Net: NetName=NetC36_1 Pin=R25-2
Added Pin To Net: NetName=AGND Pin=R26-2
Added Pin To Net: NetName=VL1 Pin=R27-1
Added Pin To Net: NetName=NetC39_2 Pin=R32-1
Added Pin To Net: NetName=NetC40_1 Pin=R33-1
Added Pin To Net: NetName=NetC39_2 Pin=R33-2
Added Pin To Net: NetName=NetC40_1 Pin=R34-2
Added Pin To Net: NetName=NetC43_2 Pin=R38-1
Added Pin To Net: NetName=NetC43_2 Pin=R39-1
Added Pin To Net: NetName=VL_1V5_A Pin=R39-2
Added Pin To Net: NetName=NetC40_1 Pin=R40-1
Added Pin To Net: NetName=AGND Pin=R40-2
Added Pin To Net: NetName=AGND Pin=R41-2
Added Pin To Net: NetName=VL2 Pin=R42-1
Added Pin To Net: NetName=NetJ15_1 Pin=R43-2
Added Pin To Net: NetName=NetJ16_1 Pin=R45-1
Added Pin To Net: NetName=NetJ16_1 Pin=R46-2
Added Pin To Net: NetName=NetC47_2 Pin=R47-1
Added Pin To Net: NetName=NetC47_2 Pin=R48-2
Added Pin To Net: NetName=VL_1V5_B Pin=R54-2
Added Pin To Net: NetName=AGND Pin=R55-2
Added Pin To Net: NetName=AGND Pin=R56-2
Added Pin To Net: NetName=VL3 Pin=R57-1
Added Pin To Net: NetName=NetJ18_1 Pin=R58-2
Added Pin To Net: NetName=VL_1V5_B Pin=R69-2
Added Pin To Net: NetName=AGND Pin=R70-1
Added Pin To Net: NetName=AGND Pin=R71-2
Added Pin To Net: NetName=VL4 Pin=R72-1
Added Pin To Net: NetName=NetR71_1 Pin=R72-2
Added Pin To Net: NetName=NetC59_1 Pin=R73-1
Added Pin To Net: NetName=IL_2V5_A Pin=R73-2
Added Pin To Net: NetName=NetC59_1 Pin=R74-2
Added Pin To Net: NetName=IL_2V5_A Pin=R75-1
Added Pin To Net: NetName=NetC67_1 Pin=R75-2
Added Pin To Net: NetName=NetC67_1 Pin=R77-2
Added Pin To Net: NetName=IL_2V5_A Pin=R80-2
Added Pin To Net: NetName=IL_1V5_A Pin=R82-2
Added Pin To Net: NetName=AGND Pin=R83-1
Added Pin To Net: NetName=AGND Pin=R84-2
Added Pin To Net: NetName=IL1 Pin=R85-1
Added Pin To Net: NetName=IL_2V5_A Pin=R86-2
Added Pin To Net: NetName=IL_2V5_A Pin=R88-1
Added Pin To Net: NetName=IL_2V5_A Pin=R93-2
Added Pin To Net: NetName=IL_1V5_A Pin=R95-2
Added Pin To Net: NetName=AGND Pin=R96-1
Added Pin To Net: NetName=AGND Pin=R97-2
Added Pin To Net: NetName=IL2 Pin=R98-1
Added Pin To Net: NetName=NetC81_1 Pin=R99-1
Added Pin To Net: NetName=IL_2V5_A Pin=R99-2
Added Pin To Net: NetName=NetC81_1 Pin=R100-2
Added Pin To Net: NetName=IL_2V5_A Pin=R101-1
Added Pin To Net: NetName=NetC83_1 Pin=R101-2
Added Pin To Net: NetName=NetC84_2 Pin=R103-1
Added Pin To Net: NetName=NetC83_1 Pin=R103-2
Added Pin To Net: NetName=NetC86_2 Pin=R105-1
Added Pin To Net: NetName=NetC84_2 Pin=R106-1
Added Pin To Net: NetName=IL_2V5_A Pin=R106-2
Added Pin To Net: NetName=IL_1V5_A Pin=R108-2
Added Pin To Net: NetName=AGND Pin=R109-1
Added Pin To Net: NetName=AGND Pin=R110-2
Added Pin To Net: NetName=IL3 Pin=R111-1
Added Pin To Net: NetName=IL_2V5_A Pin=R112-2
Added Pin To Net: NetName=IL_2V5_A Pin=R114-1
Added Pin To Net: NetName=IL_2V5_A Pin=R119-2
Added Pin To Net: NetName=IL_1V5_A Pin=R121-2
Added Pin To Net: NetName=AGND Pin=R122-1
Added Pin To Net: NetName=AGND Pin=R123-2
Added Pin To Net: NetName=IL4 Pin=R124-1
Added Pin To Net: NetName=NetC12_1 Pin=U2-12
Added Pin To Net: NetName=NetC12_1 Pin=U2-17
Added Pin To Net: NetName=ADVREF Pin=U3-1
Added Pin To Net: NetName=GND_ISO Pin=U3-2
Added Pin To Net: NetName=AD4 Pin=U3-3
Added Pin To Net: NetName=AD5 Pin=U3-4
Added Pin To Net: NetName=UART1_RX Pin=U3-5
Added Pin To Net: NetName=UART1_TX Pin=U3-6
Added Pin To Net: NetName=AD0 Pin=U3-9
Added Pin To Net: NetName=AD1 Pin=U3-10
Added Pin To Net: NetName=AD8 Pin=U3-11
Added Pin To Net: NetName=AD2 Pin=U3-13
Added Pin To Net: NetName=AD9 Pin=U3-14
Added Pin To Net: NetName=PA23 Pin=U3-15
Added Pin To Net: NetName=AD3 Pin=U3-16
Added Pin To Net: NetName=GND_ISO Pin=U3-17
Added Pin To Net: NetName=GPIO0 Pin=U3-19
Added Pin To Net: NetName=GPIO1 Pin=U3-20
Added Pin To Net: NetName=SPI_SPCK Pin=U3-21
Added Pin To Net: NetName=SPI_MOSI Pin=U3-22
Added Pin To Net: NetName=PA24 Pin=U3-23
Added Pin To Net: NetName=SD_CD Pin=U3-25
Added Pin To Net: NetName=SD_MCDA2 Pin=U3-26
Added Pin To Net: NetName=SPI_MISO Pin=U3-27
Added Pin To Net: NetName=SPI_NPCS0 Pin=U3-28
Added Pin To Net: NetName=UART0_TX Pin=U3-29
Added Pin To Net: NetName=UART0_RX Pin=U3-30
Added Pin To Net: NetName=TDI Pin=U3-33
Added Pin To Net: NetName=PA6 Pin=U3-34
Added Pin To Net: NetName=SPI_NPCS3 Pin=U3-35
Added Pin To Net: NetName=I2C_TCLK0 Pin=U3-36
Added Pin To Net: NetName=SD_MCDA3 Pin=U3-37
Added Pin To Net: NetName=SD_MCCDA Pin=U3-38
Added Pin To Net: NetName=R\E\S\E\T\ Pin=U3-39
Added Pin To Net: NetName=SD_MCCK Pin=U3-41
Added Pin To Net: NetName=SD_MCDA0 Pin=U3-42
Added Pin To Net: NetName=I2C_TWD0 Pin=U3-43
Added Pin To Net: NetName=GPIO2 Pin=U3-44
Added Pin To Net: NetName=GND_ISO Pin=U3-46
Added Pin To Net: NetName=GPIO3 Pin=U3-47
Added Pin To Net: NetName=TDO Pin=U3-49
Added Pin To Net: NetName=TMS Pin=U3-51
Added Pin To Net: NetName=SD_MCDA1 Pin=U3-52
Added Pin To Net: NetName=TCK Pin=U3-53
Added Pin To Net: NetName=USB_DDM Pin=U3-56
Added Pin To Net: NetName=USB_DDP Pin=U3-57
Added Pin To Net: NetName=DAC0 Pin=U3-59
Added Pin To Net: NetName=GND_ISO Pin=U3-60
Added Pin To Net: NetName=PB8 Pin=U3-61
Added Pin To Net: NetName=PB9 Pin=U3-62
Added Pin To Net: NetName=DAC1 Pin=U3-63
Added Pin To Net: NetName=NetC60_1 Pin=U3-64
Added Pin To Net: NetName=AGND Pin=U5-4
Added Pin To Net: NetName=VL1 Pin=U5-7
Added Pin To Net: NetName=+5V Pin=U5-8
Added Pin To Net: NetName=NetC39_2 Pin=U7-1
Added Pin To Net: NetName=NetC43_2 Pin=U7-3
Added Pin To Net: NetName=VL2 Pin=U7-7
Added Pin To Net: NetName=+5V Pin=U7-8
Added Pin To Net: NetName=NetC47_2 Pin=U9-1
Added Pin To Net: NetName=VL3 Pin=U9-7
Added Pin To Net: NetName=+5V Pin=U9-8
Added Pin To Net: NetName=NetR71_1 Pin=U10-6
Added Pin To Net: NetName=VL4 Pin=U10-7
Added Pin To Net: NetName=NetC59_1 Pin=U11-2
Added Pin To Net: NetName=+5V Pin=U11-4
Added Pin To Net: NetName=IL1 Pin=U11-8
Added Pin To Net: NetName=AGND Pin=U11-11
Added Pin To Net: NetName=IL2 Pin=U11-14
Added Pin To Net: NetName=NetC67_1 Pin=U12-2
Added Pin To Net: NetName=AGND Pin=U12-4
Added Pin To Net: NetName=IL_2V5_A Pin=U12-5
Added Pin To Net: NetName=+5V Pin=U12-7
Added Pin To Net: NetName=NetC81_1 Pin=U15-2
Added Pin To Net: NetName=+5V Pin=U15-4
Added Pin To Net: NetName=IL3 Pin=U15-8
Added Pin To Net: NetName=NetC86_2 Pin=U15-9
Added Pin To Net: NetName=AGND Pin=U15-11
Added Pin To Net: NetName=IL4 Pin=U15-14
Added Pin To Net: NetName=NetC83_1 Pin=U17-2
Added Pin To Net: NetName=NetC84_2 Pin=U17-3
Added Pin To Net: NetName=AGND Pin=U17-4
Added Pin To Net: NetName=IL_2V5_A Pin=U17-5
Added Pin To Net: NetName=+5V Pin=U17-7
Change Net Name : Old Net Name=NetC32_1 New Net Name=NetC9_1
Change Net Name : Old Net Name=NetC60_1 New Net Name=NetC28_1
Change Net Name : Old Net Name=NetD3_2 New Net Name=NetD4_2
Change Net Name : Old Net Name=NetD8_1 New Net Name=NetD2_1
Change Net Name : Old Net Name=NetJ16_2 New Net Name=NetJ15_2
Change Net Name : Old Net Name=NetJ17_2 New Net Name=NetJ18_2
Change Net Name : Old Net Name=NetR1_2 New Net Name=NetR2_2
Change Net Name : Old Net Name=NetR2_2 New Net Name=NetR3_2
Change Net Name : Old Net Name=NetR60_1 New Net Name=NetR1_1
Added Pin To Net: NetName=NetC21_1 Pin=C21-1
Added Pin To Net: NetName=NetC21_1 Pin=U3-32
Added Pin To Net: NetName=NetC21_1 Pin=Y1-1
Added Net: Name=NetC21_1
Added Pin To Net: NetName=NetC22_1 Pin=C22-1
Added Pin To Net: NetName=NetC22_1 Pin=U3-31
Added Pin To Net: NetName=NetC22_1 Pin=Y1-2
Added Net: Name=NetC22_1
Added Pin To Net: NetName=NetC23_1 Pin=C23-1
Added Pin To Net: NetName=NetC23_1 Pin=C24-1
Added Pin To Net: NetName=NetC23_1 Pin=C25-1
Added Pin To Net: NetName=NetC23_1 Pin=C26-1
Added Pin To Net: NetName=NetC23_1 Pin=C27-1
Added Pin To Net: NetName=NetC23_1 Pin=D3-1
Added Pin To Net: NetName=NetC23_1 Pin=D4-1
Added Pin To Net: NetName=NetC23_1 Pin=U3-7
Added Pin To Net: NetName=NetC23_1 Pin=U3-18
Added Pin To Net: NetName=NetC23_1 Pin=U3-45
Added Pin To Net: NetName=NetC23_1 Pin=U3-58
Added Net: Name=NetC23_1
Added Pin To Net: NetName=NetC29_1 Pin=C29-1
Added Pin To Net: NetName=NetC29_1 Pin=C30-2
Added Pin To Net: NetName=NetC29_1 Pin=C31-2
Added Pin To Net: NetName=NetC29_1 Pin=C32-2
Added Pin To Net: NetName=NetC29_1 Pin=C33-2
Added Pin To Net: NetName=NetC29_1 Pin=L3-1
Added Pin To Net: NetName=NetC29_1 Pin=U3-8
Added Pin To Net: NetName=NetC29_1 Pin=U3-12
Added Pin To Net: NetName=NetC29_1 Pin=U3-24
Added Pin To Net: NetName=NetC29_1 Pin=U3-54
Added Net: Name=NetC29_1
Added Pin To Net: NetName=NetC35_1 Pin=C35-1
Added Pin To Net: NetName=NetC35_1 Pin=R16-1
Added Pin To Net: NetName=NetC35_1 Pin=R17-2
Added Pin To Net: NetName=NetC35_1 Pin=U5-2
Added Net: Name=NetC35_1
Added Pin To Net: NetName=NetC35_2 Pin=C35-2
Added Pin To Net: NetName=NetC35_2 Pin=R17-1
Added Pin To Net: NetName=NetC35_2 Pin=R18-2
Added Pin To Net: NetName=NetC35_2 Pin=U5-1
Added Net: Name=NetC35_2
Added Pin To Net: NetName=NetC37_2 Pin=C37-2
Added Pin To Net: NetName=NetC37_2 Pin=R23-1
Added Pin To Net: NetName=NetC37_2 Pin=R24-1
Added Pin To Net: NetName=NetC37_2 Pin=U5-3
Added Net: Name=NetC37_2
Added Pin To Net: NetName=NetC39_1 Pin=C39-1
Added Pin To Net: NetName=NetC39_1 Pin=R31-1
Added Pin To Net: NetName=NetC39_1 Pin=R32-2
Added Pin To Net: NetName=NetC39_1 Pin=U7-2
Added Net: Name=NetC39_1
Added Pin To Net: NetName=NetC44_2 Pin=C44-2
Added Pin To Net: NetName=NetC44_2 Pin=R34-1
Added Pin To Net: NetName=NetC44_2 Pin=U7-5
Added Net: Name=NetC44_2
Added Pin To Net: NetName=NetC47_1 Pin=C47-1
Added Pin To Net: NetName=NetC47_1 Pin=R46-1
Added Pin To Net: NetName=NetC47_1 Pin=R47-2
Added Pin To Net: NetName=NetC47_1 Pin=U9-2
Added Net: Name=NetC47_1
Added Pin To Net: NetName=NetC48_1 Pin=C48-1
Added Pin To Net: NetName=NetC48_1 Pin=R48-1
Added Pin To Net: NetName=NetC48_1 Pin=R49-2
Added Pin To Net: NetName=NetC48_1 Pin=R55-1
Added Net: Name=NetC48_1
Added Pin To Net: NetName=NetC49_2 Pin=C49-2
Added Pin To Net: NetName=NetC49_2 Pin=R53-1
Added Pin To Net: NetName=NetC49_2 Pin=R54-1
Added Pin To Net: NetName=NetC49_2 Pin=U9-3
Added Net: Name=NetC49_2
Added Pin To Net: NetName=NetC50_2 Pin=C50-2
Added Pin To Net: NetName=NetC50_2 Pin=R49-1
Added Pin To Net: NetName=NetC50_2 Pin=U9-5
Added Net: Name=NetC50_2
Added Pin To Net: NetName=NetC51_1 Pin=C51-1
Added Pin To Net: NetName=NetC51_1 Pin=R61-1
Added Pin To Net: NetName=NetC51_1 Pin=R62-2
Added Pin To Net: NetName=NetC51_1 Pin=U10-2
Added Net: Name=NetC51_1
Added Pin To Net: NetName=NetC51_2 Pin=C51-2
Added Pin To Net: NetName=NetC51_2 Pin=R62-1
Added Pin To Net: NetName=NetC51_2 Pin=R63-1
Added Pin To Net: NetName=NetC51_2 Pin=U10-1
Added Net: Name=NetC51_2
Added Pin To Net: NetName=NetC52_1 Pin=C52-1
Added Pin To Net: NetName=NetC52_1 Pin=R63-2
Added Pin To Net: NetName=NetC52_1 Pin=R64-2
Added Pin To Net: NetName=NetC52_1 Pin=R70-2
Added Net: Name=NetC52_1
Added Pin To Net: NetName=NetC57_2 Pin=C57-2
Added Pin To Net: NetName=NetC57_2 Pin=R65-1
Added Pin To Net: NetName=NetC57_2 Pin=R69-1
Added Pin To Net: NetName=NetC57_2 Pin=U10-3
Added Net: Name=NetC57_2
Added Pin To Net: NetName=NetC58_2 Pin=C58-2
Added Pin To Net: NetName=NetC58_2 Pin=R64-1
Added Pin To Net: NetName=NetC58_2 Pin=U10-5
Added Net: Name=NetC58_2
Added Pin To Net: NetName=NetC59_2 Pin=C59-2
Added Pin To Net: NetName=NetC59_2 Pin=R74-1
Added Pin To Net: NetName=NetC59_2 Pin=R78-2
Added Pin To Net: NetName=NetC59_2 Pin=U11-1
Added Net: Name=NetC59_2
Added Pin To Net: NetName=NetC60_1 Pin=C60-1
Added Pin To Net: NetName=NetC60_1 Pin=R78-1
Added Pin To Net: NetName=NetC60_1 Pin=R79-2
Added Pin To Net: NetName=NetC60_1 Pin=R83-2
Added Net: Name=NetC60_1
Added Pin To Net: NetName=NetC68_2 Pin=C68-2
Added Pin To Net: NetName=NetC68_2 Pin=J22-2
Added Pin To Net: NetName=NetC68_2 Pin=R77-1
Added Pin To Net: NetName=NetC68_2 Pin=R80-1
Added Pin To Net: NetName=NetC68_2 Pin=U12-3
Added Net: Name=NetC68_2
Added Pin To Net: NetName=NetC69_2 Pin=C69-2
Added Pin To Net: NetName=NetC69_2 Pin=R81-1
Added Pin To Net: NetName=NetC69_2 Pin=R82-1
Added Pin To Net: NetName=NetC69_2 Pin=U11-3
Added Net: Name=NetC69_2
Added Pin To Net: NetName=NetC70_2 Pin=C70-2
Added Pin To Net: NetName=NetC70_2 Pin=R79-1
Added Pin To Net: NetName=NetC70_2 Pin=U11-9
Added Net: Name=NetC70_2
Added Pin To Net: NetName=NetC71_1 Pin=C71-1
Added Pin To Net: NetName=NetC71_1 Pin=R86-1
Added Pin To Net: NetName=NetC71_1 Pin=R87-2
Added Pin To Net: NetName=NetC71_1 Pin=U11-6
Added Net: Name=NetC71_1
Added Pin To Net: NetName=NetC71_2 Pin=C71-2
Added Pin To Net: NetName=NetC71_2 Pin=R87-1
Added Pin To Net: NetName=NetC71_2 Pin=R91-2
Added Pin To Net: NetName=NetC71_2 Pin=U11-7
Added Net: Name=NetC71_2
Added Pin To Net: NetName=NetC72_1 Pin=C72-1
Added Pin To Net: NetName=NetC72_1 Pin=R91-1
Added Pin To Net: NetName=NetC72_1 Pin=R92-2
Added Pin To Net: NetName=NetC72_1 Pin=R96-2
Added Net: Name=NetC72_1
Added Pin To Net: NetName=NetC73_1 Pin=C73-1
Added Pin To Net: NetName=NetC73_1 Pin=J22-3
Added Pin To Net: NetName=NetC73_1 Pin=R88-2
Added Pin To Net: NetName=NetC73_1 Pin=R90-2
Added Pin To Net: NetName=NetC73_1 Pin=U13-2
Added Net: Name=NetC73_1
Added Pin To Net: NetName=NetC76_2 Pin=C76-2
Added Pin To Net: NetName=NetC76_2 Pin=J22-4
Added Pin To Net: NetName=NetC76_2 Pin=R90-1
Added Pin To Net: NetName=NetC76_2 Pin=R93-1
Added Pin To Net: NetName=NetC76_2 Pin=U13-3
Added Net: Name=NetC76_2
Added Pin To Net: NetName=NetC77_2 Pin=C77-2
Added Pin To Net: NetName=NetC77_2 Pin=R94-1
Added Pin To Net: NetName=NetC77_2 Pin=R95-1
Added Pin To Net: NetName=NetC77_2 Pin=U11-5
Added Net: Name=NetC77_2
Added Pin To Net: NetName=NetC78_2 Pin=C78-2
Added Pin To Net: NetName=NetC78_2 Pin=R92-1
Added Pin To Net: NetName=NetC78_2 Pin=U11-13
Added Net: Name=NetC78_2
Added Pin To Net: NetName=NetC81_2 Pin=C81-2
Added Pin To Net: NetName=NetC81_2 Pin=R100-1
Added Pin To Net: NetName=NetC81_2 Pin=R104-2
Added Pin To Net: NetName=NetC81_2 Pin=U15-1
Added Net: Name=NetC81_2
Added Pin To Net: NetName=NetC82_1 Pin=C82-1
Added Pin To Net: NetName=NetC82_1 Pin=R104-1
Added Pin To Net: NetName=NetC82_1 Pin=R105-2
Added Pin To Net: NetName=NetC82_1 Pin=R109-2
Added Net: Name=NetC82_1
Added Pin To Net: NetName=NetC85_2 Pin=C85-2
Added Pin To Net: NetName=NetC85_2 Pin=R107-1
Added Pin To Net: NetName=NetC85_2 Pin=R108-1
Added Pin To Net: NetName=NetC85_2 Pin=U15-3
Added Net: Name=NetC85_2
Added Pin To Net: NetName=NetC87_1 Pin=C87-1
Added Pin To Net: NetName=NetC87_1 Pin=R112-1
Added Pin To Net: NetName=NetC87_1 Pin=R113-2
Added Pin To Net: NetName=NetC87_1 Pin=U15-6
Added Net: Name=NetC87_1
Added Pin To Net: NetName=NetC87_2 Pin=C87-2
Added Pin To Net: NetName=NetC87_2 Pin=R113-1
Added Pin To Net: NetName=NetC87_2 Pin=R117-2
Added Pin To Net: NetName=NetC87_2 Pin=U15-7
Added Net: Name=NetC87_2
Added Pin To Net: NetName=NetC88_1 Pin=C88-1
Added Pin To Net: NetName=NetC88_1 Pin=R117-1
Added Pin To Net: NetName=NetC88_1 Pin=R118-2
Added Pin To Net: NetName=NetC88_1 Pin=R122-2
Added Net: Name=NetC88_1
Added Pin To Net: NetName=NetC89_1 Pin=C89-1
Added Pin To Net: NetName=NetC89_1 Pin=J22-7
Added Pin To Net: NetName=NetC89_1 Pin=R114-2
Added Pin To Net: NetName=NetC89_1 Pin=R116-2
Added Pin To Net: NetName=NetC89_1 Pin=U18-2
Added Net: Name=NetC89_1
Added Pin To Net: NetName=NetC90_2 Pin=C90-2
Added Pin To Net: NetName=NetC90_2 Pin=J22-8
Added Pin To Net: NetName=NetC90_2 Pin=R116-1
Added Pin To Net: NetName=NetC90_2 Pin=R119-1
Added Pin To Net: NetName=NetC90_2 Pin=U18-3
Added Net: Name=NetC90_2
Added Pin To Net: NetName=NetC91_2 Pin=C91-2
Added Pin To Net: NetName=NetC91_2 Pin=R120-1
Added Pin To Net: NetName=NetC91_2 Pin=R121-1
Added Pin To Net: NetName=NetC91_2 Pin=U15-5
Added Net: Name=NetC91_2
Added Pin To Net: NetName=NetC92_2 Pin=C92-2
Added Pin To Net: NetName=NetC92_2 Pin=R118-1
Added Pin To Net: NetName=NetC92_2 Pin=U15-13
Added Net: Name=NetC92_2
Added Pin To Net: NetName=NetJ9_1 Pin=J9-1
Added Pin To Net: NetName=NetJ9_1 Pin=R13-2
Added Net: Name=NetJ9_1
Added Pin To Net: NetName=NetJ9_2 Pin=J9-2
Added Pin To Net: NetName=NetJ9_2 Pin=R20-2
Added Net: Name=NetJ9_2
Added Pin To Net: NetName=NetJ10_1 Pin=J10-1
Added Pin To Net: NetName=NetJ10_1 Pin=R15-1
Added Pin To Net: NetName=NetJ10_1 Pin=R16-2
Added Net: Name=NetJ10_1
Added Pin To Net: NetName=NetJ10_2 Pin=J10-2
Added Pin To Net: NetName=NetJ10_2 Pin=R22-1
Added Pin To Net: NetName=NetJ10_2 Pin=R23-2
Added Net: Name=NetJ10_2
Added Pin To Net: NetName=NetJ12_1 Pin=J12-1
Added Pin To Net: NetName=NetJ12_1 Pin=R28-2
Added Net: Name=NetJ12_1
Added Pin To Net: NetName=NetJ12_2 Pin=J12-2
Added Pin To Net: NetName=NetJ12_2 Pin=R35-2
Added Net: Name=NetJ12_2
Added Pin To Net: NetName=NetJ13_1 Pin=J13-1
Added Pin To Net: NetName=NetJ13_1 Pin=R30-1
Added Pin To Net: NetName=NetJ13_1 Pin=R31-2
Added Net: Name=NetJ13_1
Added Pin To Net: NetName=NetJ13_2 Pin=J13-2
Added Pin To Net: NetName=NetJ13_2 Pin=R37-1
Added Pin To Net: NetName=NetJ13_2 Pin=R38-2
Added Net: Name=NetJ13_2
Added Pin To Net: NetName=NetJ16_2 Pin=J16-2
Added Pin To Net: NetName=NetJ16_2 Pin=R52-1
Added Pin To Net: NetName=NetJ16_2 Pin=R53-2
Added Net: Name=NetJ16_2
Added Pin To Net: NetName=NetJ19_1 Pin=J19-1
Added Pin To Net: NetName=NetJ19_1 Pin=R60-1
Added Pin To Net: NetName=NetJ19_1 Pin=R61-2
Added Net: Name=NetJ19_1
Added Pin To Net: NetName=NetJ19_2 Pin=J19-2
Added Pin To Net: NetName=NetJ19_2 Pin=R65-2
Added Pin To Net: NetName=NetJ19_2 Pin=R68-1
Added Net: Name=NetJ19_2
Added Pin To Net: NetName=NetR10_1 Pin=R10-1
Added Pin To Net: NetName=NetR10_1 Pin=U3-48
Added Net: Name=NetR10_1
Added Pin To Net: NetName=NetR11_2 Pin=R11-2
Added Pin To Net: NetName=NetR11_2 Pin=U3-50
Added Net: Name=NetR11_2
Added Pin To Net: NetName=NetR12_2 Pin=R12-2
Added Pin To Net: NetName=NetR12_2 Pin=U3-40
Added Net: Name=NetR12_2
Added Pin To Net: NetName=NetR13_1 Pin=R13-1
Added Pin To Net: NetName=NetR13_1 Pin=R14-2
Added Net: Name=NetR13_1
Added Pin To Net: NetName=NetR14_1 Pin=R14-1
Added Pin To Net: NetName=NetR14_1 Pin=R15-2
Added Net: Name=NetR14_1
Added Pin To Net: NetName=NetR21_1 Pin=R21-1
Added Pin To Net: NetName=NetR21_1 Pin=R22-2
Added Net: Name=NetR21_1
Added Pin To Net: NetName=NetR26_1 Pin=R26-1
Added Pin To Net: NetName=NetR26_1 Pin=R27-2
Added Pin To Net: NetName=NetR26_1 Pin=U5-6
Added Net: Name=NetR26_1
Added Pin To Net: NetName=NetR28_1 Pin=R28-1
Added Pin To Net: NetName=NetR28_1 Pin=R29-2
Added Net: Name=NetR28_1
Added Pin To Net: NetName=NetR29_1 Pin=R29-1
Added Pin To Net: NetName=NetR29_1 Pin=R30-2
Added Net: Name=NetR29_1
Added Pin To Net: NetName=NetR35_1 Pin=R35-1
Added Pin To Net: NetName=NetR35_1 Pin=R36-2
Added Net: Name=NetR35_1
Added Pin To Net: NetName=NetR36_1 Pin=R36-1
Added Pin To Net: NetName=NetR36_1 Pin=R37-2
Added Net: Name=NetR36_1
Added Pin To Net: NetName=NetR41_1 Pin=R41-1
Added Pin To Net: NetName=NetR41_1 Pin=R42-2
Added Pin To Net: NetName=NetR41_1 Pin=U7-6
Added Net: Name=NetR41_1
Added Pin To Net: NetName=NetR43_1 Pin=R43-1
Added Pin To Net: NetName=NetR43_1 Pin=R44-2
Added Net: Name=NetR43_1
Added Pin To Net: NetName=NetR44_1 Pin=R44-1
Added Pin To Net: NetName=NetR44_1 Pin=R45-2
Added Net: Name=NetR44_1
Added Pin To Net: NetName=NetR50_1 Pin=R50-1
Added Pin To Net: NetName=NetR50_1 Pin=R51-2
Added Net: Name=NetR50_1
Added Pin To Net: NetName=NetR51_1 Pin=R51-1
Added Pin To Net: NetName=NetR51_1 Pin=R52-2
Added Net: Name=NetR51_1
Added Pin To Net: NetName=NetR56_1 Pin=R56-1
Added Pin To Net: NetName=NetR56_1 Pin=R57-2
Added Pin To Net: NetName=NetR56_1 Pin=U9-6
Added Net: Name=NetR56_1
Added Pin To Net: NetName=NetR58_1 Pin=R58-1
Added Pin To Net: NetName=NetR58_1 Pin=R59-2
Added Net: Name=NetR58_1
Added Pin To Net: NetName=NetR59_1 Pin=R59-1
Added Pin To Net: NetName=NetR59_1 Pin=R60-2
Added Net: Name=NetR59_1
Added Pin To Net: NetName=NetR66_1 Pin=R66-1
Added Pin To Net: NetName=NetR66_1 Pin=R67-2
Added Net: Name=NetR66_1
Added Pin To Net: NetName=NetR67_1 Pin=R67-1
Added Pin To Net: NetName=NetR67_1 Pin=R68-2
Added Net: Name=NetR67_1
Added Pin To Net: NetName=NetR76_1 Pin=R76-1
Added Pin To Net: NetName=NetR76_1 Pin=U12-8
Added Net: Name=NetR76_1
Added Pin To Net: NetName=NetR76_2 Pin=R76-2
Added Pin To Net: NetName=NetR76_2 Pin=U12-1
Added Net: Name=NetR76_2
Added Pin To Net: NetName=NetR81_2 Pin=R81-2
Added Pin To Net: NetName=NetR81_2 Pin=U12-6
Added Net: Name=NetR81_2
Added Pin To Net: NetName=NetR84_1 Pin=R84-1
Added Pin To Net: NetName=NetR84_1 Pin=R85-2
Added Pin To Net: NetName=NetR84_1 Pin=U11-10
Added Net: Name=NetR84_1
Added Pin To Net: NetName=NetR89_1 Pin=R89-1
Added Pin To Net: NetName=NetR89_1 Pin=U13-8
Added Net: Name=NetR89_1
Added Pin To Net: NetName=NetR89_2 Pin=R89-2
Added Pin To Net: NetName=NetR89_2 Pin=U13-1
Added Net: Name=NetR89_2
Added Pin To Net: NetName=NetR94_2 Pin=R94-2
Added Pin To Net: NetName=NetR94_2 Pin=U13-6
Added Net: Name=NetR94_2
Added Pin To Net: NetName=NetR97_1 Pin=R97-1
Added Pin To Net: NetName=NetR97_1 Pin=R98-2
Added Pin To Net: NetName=NetR97_1 Pin=U11-12
Added Net: Name=NetR97_1
Added Pin To Net: NetName=NetR102_1 Pin=R102-1
Added Pin To Net: NetName=NetR102_1 Pin=U17-8
Added Net: Name=NetR102_1
Added Pin To Net: NetName=NetR102_2 Pin=R102-2
Added Pin To Net: NetName=NetR102_2 Pin=U17-1
Added Net: Name=NetR102_2
Added Pin To Net: NetName=NetR107_2 Pin=R107-2
Added Pin To Net: NetName=NetR107_2 Pin=U17-6
Added Net: Name=NetR107_2
Added Pin To Net: NetName=NetR110_1 Pin=R110-1
Added Pin To Net: NetName=NetR110_1 Pin=R111-2
Added Pin To Net: NetName=NetR110_1 Pin=U15-10
Added Net: Name=NetR110_1
Added Pin To Net: NetName=NetR115_1 Pin=R115-1
Added Pin To Net: NetName=NetR115_1 Pin=U18-8
Added Net: Name=NetR115_1
Added Pin To Net: NetName=NetR115_2 Pin=R115-2
Added Pin To Net: NetName=NetR115_2 Pin=U18-1
Added Net: Name=NetR115_2
Added Pin To Net: NetName=NetR120_2 Pin=R120-2
Added Pin To Net: NetName=NetR120_2 Pin=U18-6
Added Net: Name=NetR120_2
Added Pin To Net: NetName=NetR123_1 Pin=R123-1
Added Pin To Net: NetName=NetR123_1 Pin=R124-2
Added Pin To Net: NetName=NetR123_1 Pin=U15-12
Added Net: Name=NetR123_1
Added Class: Name=pqm_v2_page3
Added Class: Name=pqm_v2_page4
Added Member To Class: ClassName=pqm_v2_page1 Member=Component C10 CAP_CC0805KRX7R8BB104_YAGEO
Added Member To Class: ClassName=pqm_v2_page1 Member=Component C11 CAP_CC1206KKX7R7BB225_YAGEO
Added Member To Class: ClassName=pqm_v2_page1 Member=Component C12 CAP_CC0805KKX7R7BB105_YAGEO
Added Member To Class: ClassName=pqm_v2_page2 Member=Component J4 CON_Header_2X4
Added Member To Class: ClassName=pqm_v2_page2 Member=Component J8 CON_BAT
Added Member To Class: ClassName=pqm_v2_page1 Member=Component R4 RES_ERJ-8ENF7321V_Panasonic
Added Member To Class: ClassName=pqm_v2_page2 Member=Component U3 IC_ATSAM4S8BA-AU_ATMEL
