Removed Pin From Net: NetName=NetC9_1 Pin=C9-1
Removed Pin From Net: NetName=NetC9_2 Pin=C9-2
Removed Pin From Net: NetName=NetC10_1 Pin=C10-1
Removed Pin From Net: NetName=NetC16_1 Pin=C16-1
Removed Pin From Net: NetName=NetC16_2 Pin=C16-2
Removed Pin From Net: NetName=NetC17_1 Pin=C17-1
Removed Pin From Net: NetName=NetC22_1 Pin=C22-1
Removed Pin From Net: NetName=NetC28_1 Pin=C28-1
Removed Pin From Net: NetName=NetC28_2 Pin=C28-2
Removed Pin From Net: NetName=NetC29_1 Pin=C29-1
Removed Pin From Net: NetName=NetC74_1 Pin=C74-1
Removed Pin From Net: NetName=NetC74_2 Pin=C74-2
Removed Pin From Net: NetName=NetC24_2 Pin=C78-1
Removed Pin From Net: NetName=AGND Pin=C78-2
Removed Pin From Net: NetName=NetJ6_1 Pin=R110-1
Removed Pin From Net: NetName=NetJ6_2 Pin=R110-2
Change Component DesignItemId : Designator=C8 Old DesignItemId=cap New DesignItemId=CAP_GRM2195C1H103FA01D_MURATA
Change Component DesignItemId : Designator=C9 Old DesignItemId=cap New DesignItemId=CAP_GRM2195C1H103FA01D_MURATA
Change Component DesignItemId : Designator=C10 Old DesignItemId=cap New DesignItemId=CAP_GRM2195C1H103FA01D_MURATA
Change Component DesignItemId : Designator=C11 Old DesignItemId=cap New DesignItemId=CAP_GRM2195C1H103FA01D_MURATA
Change Component DesignItemId : Designator=C15 Old DesignItemId=cap New DesignItemId=CAP_GRM2195C1H103FA01D_MURATA
Change Component DesignItemId : Designator=C16 Old DesignItemId=cap New DesignItemId=CAP_GRM2195C1H103FA01D_MURATA
Change Component DesignItemId : Designator=C17 Old DesignItemId=cap New DesignItemId=CAP_GRM2195C1H103FA01D_MURATA
Change Component DesignItemId : Designator=C18 Old DesignItemId=cap New DesignItemId=CAP_GRM2195C1H103FA01D_MURATA
Change Component DesignItemId : Designator=C20 Old DesignItemId=cap New DesignItemId=CAP_GRM2195C1H103FA01D_MURATA
Change Component DesignItemId : Designator=C22 Old DesignItemId=cap New DesignItemId=CAP_GRM2195C1H103FA01D_MURATA
Change Component DesignItemId : Designator=C23 Old DesignItemId=cap New DesignItemId=CAP_GRM2195C1H103FA01D_MURATA
Change Component DesignItemId : Designator=C27 Old DesignItemId=cap New DesignItemId=CAP_GRM2195C1H103FA01D_MURATA
Change Component DesignItemId : Designator=C28 Old DesignItemId=cap New DesignItemId=CAP_GRM2195C1H103FA01D_MURATA
Change Component DesignItemId : Designator=C29 Old DesignItemId=cap New DesignItemId=CAP_GRM2195C1H103FA01D_MURATA
Change Component DesignItemId : Designator=C30 Old DesignItemId=cap New DesignItemId=CAP_GRM2195C1H103FA01D_MURATA
Change Component DesignItemId : Designator=C74 Old DesignItemId=cap New DesignItemId=CAP_GRM2195C1H103FA01D_MURATA
Change Component Comment : Designator=C8 Old Comment=cap New Comment=CAP_GRM2195C1H103FA01D_MURATA
Change Component Comment : Designator=C9 Old Comment=cap New Comment=CAP_GRM2195C1H103FA01D_MURATA
Change Component Comment : Designator=C10 Old Comment=cap New Comment=CAP_GRM2195C1H103FA01D_MURATA
Change Component Comment : Designator=C11 Old Comment=cap New Comment=CAP_GRM2195C1H103FA01D_MURATA
Change Component Comment : Designator=C15 Old Comment=cap New Comment=CAP_GRM2195C1H103FA01D_MURATA
Change Component Comment : Designator=C16 Old Comment=cap New Comment=CAP_GRM2195C1H103FA01D_MURATA
Change Component Comment : Designator=C17 Old Comment=cap New Comment=CAP_GRM2195C1H103FA01D_MURATA
Change Component Comment : Designator=C18 Old Comment=cap New Comment=CAP_GRM2195C1H103FA01D_MURATA
Change Component Comment : Designator=C20 Old Comment=cap New Comment=CAP_GRM2195C1H103FA01D_MURATA
Change Component Comment : Designator=C22 Old Comment=cap New Comment=CAP_GRM2195C1H103FA01D_MURATA
Change Component Comment : Designator=C23 Old Comment=cap New Comment=CAP_GRM2195C1H103FA01D_MURATA
Change Component Comment : Designator=C27 Old Comment=cap New Comment=CAP_GRM2195C1H103FA01D_MURATA
Change Component Comment : Designator=C28 Old Comment=cap New Comment=CAP_GRM2195C1H103FA01D_MURATA
Change Component Comment : Designator=C29 Old Comment=cap New Comment=CAP_GRM2195C1H103FA01D_MURATA
Change Component Comment : Designator=C30 Old Comment=cap New Comment=CAP_GRM2195C1H103FA01D_MURATA
Change Component Comment : Designator=C74 Old Comment=cap New Comment=CAP_GRM2195C1H103FA01D_MURATA
Change Component Description : Designator=C8 Old Description= New Description=CAP CER 10000PF 50V NP0 0805
Change Component Description : Designator=C9 Old Description= New Description=CAP CER 10000PF 50V NP0 0805
Change Component Description : Designator=C10 Old Description= New Description=CAP CER 10000PF 50V NP0 0805
Change Component Description : Designator=C11 Old Description= New Description=CAP CER 10000PF 50V NP0 0805
Change Component Description : Designator=C15 Old Description= New Description=CAP CER 10000PF 50V NP0 0805
Change Component Description : Designator=C16 Old Description= New Description=CAP CER 10000PF 50V NP0 0805
Change Component Description : Designator=C17 Old Description= New Description=CAP CER 10000PF 50V NP0 0805
Change Component Description : Designator=C18 Old Description= New Description=CAP CER 10000PF 50V NP0 0805
Change Component Description : Designator=C20 Old Description= New Description=CAP CER 10000PF 50V NP0 0805
Change Component Description : Designator=C22 Old Description= New Description=CAP CER 10000PF 50V NP0 0805
Change Component Description : Designator=C23 Old Description= New Description=CAP CER 10000PF 50V NP0 0805
Change Component Description : Designator=C27 Old Description= New Description=CAP CER 10000PF 50V NP0 0805
Change Component Description : Designator=C28 Old Description= New Description=CAP CER 10000PF 50V NP0 0805
Change Component Description : Designator=C29 Old Description= New Description=CAP CER 10000PF 50V NP0 0805
Change Component Description : Designator=C30 Old Description= New Description=CAP CER 10000PF 50V NP0 0805
Change Component Description : Designator=C74 Old Description= New Description=CAP CER 10000PF 50V NP0 0805
Added Component: Designator=C78(CAPC2013X110N)
Added Component: Designator=R110(RESC2013X065BN)
Added Pin To Net: NetName=NetC9_2 Pin=C9-1
Added Pin To Net: NetName=NetC9_1 Pin=C9-2
Added Pin To Net: NetName=NetC10_1 Pin=C10-2
Added Pin To Net: NetName=NetC16_2 Pin=C16-1
Added Pin To Net: NetName=NetC16_1 Pin=C16-2
Added Pin To Net: NetName=NetC17_1 Pin=C17-2
Added Pin To Net: NetName=NetC22_1 Pin=C22-2
Added Pin To Net: NetName=NetC28_2 Pin=C28-1
Added Pin To Net: NetName=NetC28_1 Pin=C28-2
Added Pin To Net: NetName=NetC29_1 Pin=C29-2
Added Pin To Net: NetName=NetC74_2 Pin=C74-1
Added Pin To Net: NetName=NetC74_1 Pin=C74-2
Added Pin To Net: NetName=NetC24_2 Pin=C78-1
Added Pin To Net: NetName=AGND Pin=C78-2
Added Pin To Net: NetName=NetJ6_1 Pin=R110-1
Added Pin To Net: NetName=NetJ6_2 Pin=R110-2
Change Net Name : Old Net Name=NetC9_1 New Net Name=NetC9_2
Change Net Name : Old Net Name=NetC9_2 New Net Name=NetC9_1
Change Net Name : Old Net Name=NetC10_1 New Net Name=NetC10_2
Change Net Name : Old Net Name=NetC16_1 New Net Name=NetC16_2
Change Net Name : Old Net Name=NetC16_2 New Net Name=NetC16_1
Change Net Name : Old Net Name=NetC17_1 New Net Name=NetC17_2
Change Net Name : Old Net Name=NetC22_1 New Net Name=NetC22_2
Change Net Name : Old Net Name=NetC28_1 New Net Name=NetC28_2
Change Net Name : Old Net Name=NetC28_2 New Net Name=NetC28_1
Change Net Name : Old Net Name=NetC29_1 New Net Name=NetC29_2
Change Net Name : Old Net Name=NetC74_1 New Net Name=NetC74_2
Change Net Name : Old Net Name=NetC74_2 New Net Name=NetC74_1
Added Pin To Net: NetName=NetC10_1 Pin=C10-1
Added Pin To Net: NetName=NetC10_1 Pin=C17-1
Added Pin To Net: NetName=NetC10_1 Pin=C22-1
Added Pin To Net: NetName=NetC10_1 Pin=C29-1
Added Pin To Net: NetName=NetC10_1 Pin=C73-1
Added Pin To Net: NetName=NetC10_1 Pin=R15-2
Added Pin To Net: NetName=NetC10_1 Pin=R29-2
Added Pin To Net: NetName=NetC10_1 Pin=R43-2
Added Pin To Net: NetName=NetC10_1 Pin=R57-2
Added Pin To Net: NetName=NetC10_1 Pin=U12-2
Added Net: Name=NetC10_1
Added Member To Class: ClassName=pqm_v2_page4 Member=Component C78 cap
Added Member To Class: ClassName=pqm_v2_page4 Member=Component R110 Res
