Removed Pin From Net: NetName=NetC2_1 Pin=C8-1
Removed Pin From Net: NetName=AGND Pin=D2-2
Removed Pin From Net: NetName=NetJ6_1 Pin=J6-1
Removed Pin From Net: NetName=NetJ6_2 Pin=J6-2
Removed Pin From Net: NetName=NetC1_1 Pin=L1-1
Removed Pin From Net: NetName=+5V_A Pin=L1-2
Removed Pin From Net: NetName=AGND Pin=L2-2
Removed Pin From Net: NetName=NetC2_1 Pin=U?-2
Removed Pin From Net: NetName=-5V_A Pin=U?-4
Removed Pin From Net: NetName=-5V_A Pin=U?-8
Change Component DesignItemId : Designator=C3 Old DesignItemId=cap New DesignItemId=CAP_C3216X7R1E105M085AA_TDK
Change Component DesignItemId : Designator=C6 Old DesignItemId=cap New DesignItemId=CAP_C3216X7R1E105M085AA_TDK
Change Component DesignItemId : Designator=C1 Old DesignItemId=cap New DesignItemId=CAP_C3216X7R2J103K115AA_TDK
Change Component DesignItemId : Designator=L1 Old DesignItemId=Inductor Iron New DesignItemId=MAG_SRR1005-100M_BOURNS
Change Component DesignItemId : Designator=D2 Old DesignItemId=LED0 New DesignItemId=DIO_SK36_MICROCOM
Change Component Footprint: Designator=D2 Old Footprint=Led New Footprint=DIOM7959X262N
Change Component Comment : Designator=L1 Old Comment=10uH / 2A New Comment=MAG_SRR1005-100M_BOURNS
Change Component Comment : Designator=C2 Old Comment=47uF New Comment=120uF
Change Component Comment : Designator=C3 Old Comment=cap New Comment=CAP_C3216X7R1E105M085AA_TDK
Change Component Comment : Designator=C6 Old Comment=cap New Comment=CAP_C3216X7R1E105M085AA_TDK
Change Component Comment : Designator=C1 Old Comment=cap New Comment=CAP_C3216X7R2J103K115AA_TDK
Change Component Comment : Designator=D2 Old Comment=LED New Comment=DIO_SK36_MICROCOM
Change Component Designator: OldDesignator=C17 NewDesignator=C7
Change Component Designator: OldDesignator=C18 NewDesignator=C8
Change Component Designator: OldDesignator=C19 NewDesignator=C9
Change Component Designator: OldDesignator=C20 NewDesignator=C10
Change Component Designator: OldDesignator=C21 NewDesignator=C11
Change Component Designator: OldDesignator=C22 NewDesignator=C12
Change Component Designator: OldDesignator=C23 NewDesignator=C13
Change Component Designator: OldDesignator=C24 NewDesignator=C14
Change Component Designator: OldDesignator=C25 NewDesignator=C15
Change Component Designator: OldDesignator=C26 NewDesignator=C16
Change Component Designator: OldDesignator=C27 NewDesignator=C17
Change Component Designator: OldDesignator=C28 NewDesignator=C18
Change Component Designator: OldDesignator=C29 NewDesignator=C19
Change Component Designator: OldDesignator=C30 NewDesignator=C20
Change Component Designator: OldDesignator=C31 NewDesignator=C21
Change Component Designator: OldDesignator=C32 NewDesignator=C22
Change Component Designator: OldDesignator=C33 NewDesignator=C23
Change Component Designator: OldDesignator=C34 NewDesignator=C24
Change Component Designator: OldDesignator=C35 NewDesignator=C25
Change Component Designator: OldDesignator=C36 NewDesignator=C26
Change Component Designator: OldDesignator=C37 NewDesignator=C27
Change Component Designator: OldDesignator=C38 NewDesignator=C28
Change Component Designator: OldDesignator=C39 NewDesignator=C29
Change Component Designator: OldDesignator=C40 NewDesignator=C30
Change Component Designator: OldDesignator=R8 NewDesignator=R5
Change Component Designator: OldDesignator=R9 NewDesignator=R6
Change Component Designator: OldDesignator=R10 NewDesignator=R7
Change Component Designator: OldDesignator=R11 NewDesignator=R8
Change Component Designator: OldDesignator=R12 NewDesignator=R9
Change Component Designator: OldDesignator=R13 NewDesignator=R10
Change Component Designator: OldDesignator=R14 NewDesignator=R11
Change Component Designator: OldDesignator=R15 NewDesignator=R12
Change Component Designator: OldDesignator=R16 NewDesignator=R13
Change Component Designator: OldDesignator=R17 NewDesignator=R14
Change Component Designator: OldDesignator=R18 NewDesignator=R15
Change Component Designator: OldDesignator=R19 NewDesignator=R16
Change Component Designator: OldDesignator=R20 NewDesignator=R17
Change Component Designator: OldDesignator=R21 NewDesignator=R18
Change Component Designator: OldDesignator=R22 NewDesignator=R19
Change Component Designator: OldDesignator=R23 NewDesignator=R20
Change Component Designator: OldDesignator=R24 NewDesignator=R21
Change Component Designator: OldDesignator=R25 NewDesignator=R22
Change Component Designator: OldDesignator=R26 NewDesignator=R23
Change Component Designator: OldDesignator=R27 NewDesignator=R24
Change Component Designator: OldDesignator=R28 NewDesignator=R25
Change Component Designator: OldDesignator=R29 NewDesignator=R26
Change Component Designator: OldDesignator=R30 NewDesignator=R27
Change Component Designator: OldDesignator=R31 NewDesignator=R28
Change Component Designator: OldDesignator=R32 NewDesignator=R29
Change Component Designator: OldDesignator=R33 NewDesignator=R30
Change Component Designator: OldDesignator=R34 NewDesignator=R31
Change Component Designator: OldDesignator=R35 NewDesignator=R32
Change Component Designator: OldDesignator=R36 NewDesignator=R33
Change Component Designator: OldDesignator=R37 NewDesignator=R34
Change Component Designator: OldDesignator=R38 NewDesignator=R35
Change Component Designator: OldDesignator=R39 NewDesignator=R36
Change Component Designator: OldDesignator=R40 NewDesignator=R37
Change Component Designator: OldDesignator=R41 NewDesignator=R38
Change Component Designator: OldDesignator=R42 NewDesignator=R39
Change Component Designator: OldDesignator=R43 NewDesignator=R40
Change Component Designator: OldDesignator=R44 NewDesignator=R41
Change Component Designator: OldDesignator=R45 NewDesignator=R42
Change Component Designator: OldDesignator=R46 NewDesignator=R43
Change Component Designator: OldDesignator=R47 NewDesignator=R44
Change Component Designator: OldDesignator=R48 NewDesignator=R45
Change Component Designator: OldDesignator=R49 NewDesignator=R46
Change Component Designator: OldDesignator=R50 NewDesignator=R47
Change Component Designator: OldDesignator=R51 NewDesignator=R48
Change Component Designator: OldDesignator=R52 NewDesignator=R49
Change Component Designator: OldDesignator=R53 NewDesignator=R50
Change Component Designator: OldDesignator=R54 NewDesignator=R51
Change Component Designator: OldDesignator=R55 NewDesignator=R52
Change Component Designator: OldDesignator=R56 NewDesignator=R53
Change Component Designator: OldDesignator=R57 NewDesignator=R54
Change Component Designator: OldDesignator=R58 NewDesignator=R55
Change Component Designator: OldDesignator=R59 NewDesignator=R56
Change Component Designator: OldDesignator=R60 NewDesignator=R57
Change Component Designator: OldDesignator=R61 NewDesignator=R58
Change Component Designator: OldDesignator=R62 NewDesignator=R59
Change Component Designator: OldDesignator=R63 NewDesignator=R60
Change Component Description : Designator=C3 Old Description= New Description=1 µF, 25 V, Capacitores cerámicos, X7R, 1206 (3216 métrico), 0.126" L x 0.063" A (3.20 mm x 1.60 mm)
Change Component Description : Designator=C6 Old Description= New Description=1 µF, 25 V, Capacitores cerámicos, X7R, 1206 (3216 métrico), 0.126" L x 0.063" A (3.20 mm x 1.60 mm)
Change Component Description : Designator=C1 Old Description= New Description=10000pF, 630 V, Capacitores cerámicos, X7R, 1206 (3216 métrico), 0.126" L x 0.063" A (3.20 mm x 1.60 mm)
Change Component Description : Designator=L1 Old Description=Magnetic-Core Inductor New Description=FIXED IND 10UH 2A 65 MOHM SMD
Change Component Description : Designator=C2 Old Description=Polarized Capacitor (Surface Mount) New Description=Polarized Capacitor
Change Component Library : Designator=L1 Old Library=Miscellaneous Devices.IntLib New Library=pqm_v2_lib_mag.SchLib
Added Component: Designator=C4(CAPC3216X135N_B)
Added Component: Designator=C5(CAPC3216X135N_B)
Added Component: Designator=C*2(CAPAE630770X770N)
Added Component: Designator=C*3(CAPAE630770X770N)
Added Component: Designator=D1(DIOM7959X262N)
Added Component: Designator=J6(PHOENIX_1729128)
Added Component: Designator=R1(RESC3216N)
Added Component: Designator=R2(RESC3216N)
Added Component: Designator=R3(RESC3216N)
Added Component: Designator=R4(RESC3216N)
Added Pin To Net: NetName=VIN Pin=C3-1
Added Pin To Net: NetName=AGND Pin=C3-2
Added Pin To Net: NetName=AGND Pin=C4-2
Added Pin To Net: NetName=VIN Pin=C*2-1
Added Pin To Net: NetName=AGND Pin=C*2-2
Added Pin To Net: NetName=AGND Pin=D1-2
Added Pin To Net: NetName=NetJ6_1 Pin=J6-1
Added Pin To Net: NetName=NetJ6_2 Pin=J6-2
Added Pin To Net: NetName=NetC2_1 Pin=L1-2
Added Pin To Net: NetName=NetC2_1 Pin=R1-1
Added Pin To Net: NetName=AGND Pin=R2-1
Added Pin To Net: NetName=NetR2_2 Pin=R2-2
Added Pin To Net: NetName=AGND Pin=R3-2
Added Pin To Net: NetName=VIN Pin=U?-2
Added Pin To Net: NetName=NetC1_1 Pin=U?-3
Added Pin To Net: NetName=AGND Pin=U?-4
Added Pin To Net: NetName=NetR2_2 Pin=U?-5
Added Pin To Net: NetName=AGND Pin=U?-8
Change Net Name : Old Net Name=NetC17_1 New Net Name=NetC7_1
Change Net Name : Old Net Name=NetC17_2 New Net Name=NetC7_2
Change Net Name : Old Net Name=NetC18_1 New Net Name=NetC8_1
Change Net Name : Old Net Name=NetC18_2 New Net Name=NetC8_2
Change Net Name : Old Net Name=NetC19_2 New Net Name=NetC9_2
Change Net Name : Old Net Name=NetC20_1 New Net Name=NetC10_1
Change Net Name : Old Net Name=NetC21_1 New Net Name=NetC11_1
Change Net Name : Old Net Name=NetC24_1 New Net Name=NetC14_1
Change Net Name : Old Net Name=NetC24_2 New Net Name=NetC14_2
Change Net Name : Old Net Name=NetC25_1 New Net Name=NetC15_1
Change Net Name : Old Net Name=NetC25_2 New Net Name=NetC15_2
Change Net Name : Old Net Name=NetC26_2 New Net Name=NetC16_2
Change Net Name : Old Net Name=NetC27_1 New Net Name=NetC17_1
Change Net Name : Old Net Name=NetC28_1 New Net Name=NetC18_1
Change Net Name : Old Net Name=NetC29_1 New Net Name=NetC19_1
Change Net Name : Old Net Name=NetC29_2 New Net Name=NetC19_2
Change Net Name : Old Net Name=NetC30_1 New Net Name=NetC20_1
Change Net Name : Old Net Name=NetC30_2 New Net Name=NetC20_2
Change Net Name : Old Net Name=NetC31_2 New Net Name=NetC21_2
Change Net Name : Old Net Name=NetC32_1 New Net Name=NetC22_1
Change Net Name : Old Net Name=NetC33_1 New Net Name=NetC23_1
Change Net Name : Old Net Name=NetC36_1 New Net Name=NetC26_1
Change Net Name : Old Net Name=NetC36_2 New Net Name=NetC26_2
Change Net Name : Old Net Name=NetC37_1 New Net Name=NetC27_1
Change Net Name : Old Net Name=NetC37_2 New Net Name=NetC27_2
Change Net Name : Old Net Name=NetC38_2 New Net Name=NetC28_2
Change Net Name : Old Net Name=NetC39_1 New Net Name=NetC29_1
Change Net Name : Old Net Name=NetC40_1 New Net Name=NetC30_1
Change Net Name : Old Net Name=NetR9_1 New Net Name=NetR6_1
Change Net Name : Old Net Name=NetR10_1 New Net Name=NetR7_1
Change Net Name : Old Net Name=NetR15_1 New Net Name=NetR12_1
Change Net Name : Old Net Name=NetR16_1 New Net Name=NetR13_1
Change Net Name : Old Net Name=NetR18_2 New Net Name=NetR15_2
Change Net Name : Old Net Name=NetR23_1 New Net Name=NetR20_1
Change Net Name : Old Net Name=NetR24_1 New Net Name=NetR21_1
Change Net Name : Old Net Name=NetR29_1 New Net Name=NetR26_1
Change Net Name : Old Net Name=NetR30_1 New Net Name=NetR27_1
Change Net Name : Old Net Name=NetR37_1 New Net Name=NetR34_1
Change Net Name : Old Net Name=NetR38_1 New Net Name=NetR35_1
Change Net Name : Old Net Name=NetR43_1 New Net Name=NetR40_1
Change Net Name : Old Net Name=NetR44_1 New Net Name=NetR41_1
Change Net Name : Old Net Name=NetR51_1 New Net Name=NetR48_1
Change Net Name : Old Net Name=NetR52_1 New Net Name=NetR49_1
Change Net Name : Old Net Name=NetR57_1 New Net Name=NetR54_1
Change Net Name : Old Net Name=NetR58_1 New Net Name=NetR55_1
Added Pin To Net: NetName=NetC1_2 Pin=C1-2
Added Pin To Net: NetName=NetC1_2 Pin=D1-1
Added Pin To Net: NetName=NetC1_2 Pin=L1-1
Added Pin To Net: NetName=NetC1_2 Pin=U?-1
Added Net: Name=NetC1_2
Added Pin To Net: NetName=NetC2_2 Pin=C2-2
Added Pin To Net: NetName=NetC2_2 Pin=R1-2
Added Pin To Net: NetName=NetC2_2 Pin=R3-1
Added Pin To Net: NetName=NetC2_2 Pin=U?-6
Added Net: Name=NetC2_2
Added Pin To Net: NetName=NetC4_1 Pin=C4-1
Added Pin To Net: NetName=NetC4_1 Pin=U?-7
Added Net: Name=NetC4_1
Added Class: Name=pqm_v2_page1
Added Member To Class: ClassName=pqm_v2_page3 Member=Component J6 HeaderX2
Added Member To Class: ClassName=pqm_v2_page3 Member=Component J7 HeaderX2
Added Room: Name=pqm_v2_page1
Added Room: Name=pqm_v2_page2
Added Room: Name=pqm_v2_page3
