Replace Part C54 CAP_C2012X6S1C106K085AC_TDK in D:\Carugati\Dropbox\WorkSpace_Altium\pqm_v2\pqm_v2_page5.SchDoc with CAP_C2012X6S1C106K085AC_TDK from pqm_v2_lib_cap.SchLib
Replace Part C55 CAP_CC0805KRX7R8BB104_YAGEO in D:\Carugati\Dropbox\WorkSpace_Altium\pqm_v2\pqm_v2_page5.SchDoc with CAP_CC0805KRX7R8BB104_YAGEO from pqm_v2_lib_cap.SchLib
Replace Part C56 CAP_CC0805KRX7R8BB104_YAGEO in D:\Carugati\Dropbox\WorkSpace_Altium\pqm_v2\pqm_v2_page5.SchDoc with CAP_CC0805KRX7R8BB104_YAGEO from pqm_v2_lib_cap.SchLib
Replace Part C57 CAP_CC0805KRX7R8BB104_YAGEO in D:\Carugati\Dropbox\WorkSpace_Altium\pqm_v2\pqm_v2_page5.SchDoc with CAP_CC0805KRX7R8BB104_YAGEO from pqm_v2_lib_cap.SchLib
Replace Part C58 CAP_CC0805KRX7R8BB104_YAGEO in D:\Carugati\Dropbox\WorkSpace_Altium\pqm_v2\pqm_v2_page5.SchDoc with CAP_CC0805KRX7R8BB104_YAGEO from pqm_v2_lib_cap.SchLib
Replace Part C59 CAP_C2012X6S1C106K085AC_TDK in D:\Carugati\Dropbox\WorkSpace_Altium\pqm_v2\pqm_v2_page5.SchDoc with CAP_C2012X6S1C106K085AC_TDK from pqm_v2_lib_cap.SchLib
Replace Part C60 CAP_C2012X6S1C106K085AC_TDK in D:\Carugati\Dropbox\WorkSpace_Altium\pqm_v2\pqm_v2_page5.SchDoc with CAP_C2012X6S1C106K085AC_TDK from pqm_v2_lib_cap.SchLib
Replace Part C61 CAP_CC0805KRX7R8BB104_YAGEO in D:\Carugati\Dropbox\WorkSpace_Altium\pqm_v2\pqm_v2_page5.SchDoc with CAP_CC0805KRX7R8BB104_YAGEO from pqm_v2_lib_cap.SchLib
Replace Part C62 CAP_CC0805KRX7R8BB104_YAGEO in D:\Carugati\Dropbox\WorkSpace_Altium\pqm_v2\pqm_v2_page5.SchDoc with CAP_CC0805KRX7R8BB104_YAGEO from pqm_v2_lib_cap.SchLib
Replace Part C63 CAP_CC0805KRX7R8BB104_YAGEO in D:\Carugati\Dropbox\WorkSpace_Altium\pqm_v2\pqm_v2_page5.SchDoc with CAP_CC0805KRX7R8BB104_YAGEO from pqm_v2_lib_cap.SchLib
Replace Part C64 CAP_CC0805KRX7R8BB104_YAGEO in D:\Carugati\Dropbox\WorkSpace_Altium\pqm_v2\pqm_v2_page5.SchDoc with CAP_CC0805KRX7R8BB104_YAGEO from pqm_v2_lib_cap.SchLib
Replace Part C65 CAP_CC0805KRX7R8BB104_YAGEO in D:\Carugati\Dropbox\WorkSpace_Altium\pqm_v2\pqm_v2_page5.SchDoc with CAP_CC0805KRX7R8BB104_YAGEO from pqm_v2_lib_cap.SchLib
Replace Part C66 CAP_CC0805KRX7R8BB104_YAGEO in D:\Carugati\Dropbox\WorkSpace_Altium\pqm_v2\pqm_v2_page5.SchDoc with CAP_CC0805KRX7R8BB104_YAGEO from pqm_v2_lib_cap.SchLib
Replace Part C67 CAP_C0805X150J5GACTU_KEMET in D:\Carugati\Dropbox\WorkSpace_Altium\pqm_v2\pqm_v2_page5.SchDoc with CAP_C0805X150J5GACTU_KEMET from pqm_v2_lib_cap.SchLib
Replace Part C68 CAP_C0805X150J5GACTU_KEMET in D:\Carugati\Dropbox\WorkSpace_Altium\pqm_v2\pqm_v2_page5.SchDoc with CAP_C0805X150J5GACTU_KEMET from pqm_v2_lib_cap.SchLib
Replace Part C87 CAP_CC0805KKX7R7BB105_YAGEO in D:\Carugati\Dropbox\WorkSpace_Altium\pqm_v2\pqm_v2_page5.SchDoc with CAP_CC0805KKX7R7BB105_YAGEO from pqm_v2_lib_cap.SchLib
Replace Part C88 CAP_CC0805KKX7R7BB105_YAGEO in D:\Carugati\Dropbox\WorkSpace_Altium\pqm_v2\pqm_v2_page5.SchDoc with CAP_CC0805KKX7R7BB105_YAGEO from pqm_v2_lib_cap.SchLib
Replace Part C95 CAP_C0805X150J5GACTU_KEMET in D:\Carugati\Dropbox\WorkSpace_Altium\pqm_v2\pqm_v2_page5.SchDoc with CAP_C0805X150J5GACTU_KEMET from pqm_v2_lib_cap.SchLib
Replace Part C96 CAP_C0805X150J5GACTU_KEMET in D:\Carugati\Dropbox\WorkSpace_Altium\pqm_v2\pqm_v2_page5.SchDoc with CAP_C0805X150J5GACTU_KEMET from pqm_v2_lib_cap.SchLib
Replace Part D2 DIO_DB2J20900L_PANASONIC in D:\Carugati\Dropbox\WorkSpace_Altium\pqm_v2\pqm_v2_page5.SchDoc with DIO_DB2J20900L_PANASONIC from pqm_v2_lib_diodos.SchLib
Replace Part D3 DIO_DB2J20900L_PANASONIC in D:\Carugati\Dropbox\WorkSpace_Altium\pqm_v2\pqm_v2_page5.SchDoc with DIO_DB2J20900L_PANASONIC from pqm_v2_lib_diodos.SchLib
Replace Part J14 CON_HeaderX40 in D:\Carugati\Dropbox\WorkSpace_Altium\pqm_v2\pqm_v2_page5.SchDoc with CON_HeaderX40 from pqm_v2_lib_connectors.SchLib
Replace Part J15 CON_20021121-00010C4LF_FCI in D:\Carugati\Dropbox\WorkSpace_Altium\pqm_v2\pqm_v2_page5.SchDoc with CON_20021121-00010C4LF_FCI from pqm_v2_lib_connectors.SchLib
Replace Part J16 CON_RADX2 in D:\Carugati\Dropbox\WorkSpace_Altium\pqm_v2\pqm_v2_page5.SchDoc with CON_RADX2 from pqm_v2_lib_connectors.SchLib
Replace Part J19 CON_BAT in D:\Carugati\Dropbox\WorkSpace_Altium\pqm_v2\pqm_v2_page5.SchDoc with CON_BAT from pqm_v2_lib_connectors.SchLib
Replace Part L3 MAG_CM453232-100KLCT_BOURNS in D:\Carugati\Dropbox\WorkSpace_Altium\pqm_v2\pqm_v2_page5.SchDoc with MAG_CM453232-100KLCT_BOURNS from pqm_v2_lib_mag.SchLib
Replace Part R83 RES_AC0805JR-07100KL_YAGEO in D:\Carugati\Dropbox\WorkSpace_Altium\pqm_v2\pqm_v2_page5.SchDoc with RES_AC0805JR-07100KL_YAGEO from pqm_v2_lib_res.SchLib
Replace Part R84 RES_AC0805JR-07100KL_YAGEO in D:\Carugati\Dropbox\WorkSpace_Altium\pqm_v2\pqm_v2_page5.SchDoc with RES_AC0805JR-07100KL_YAGEO from pqm_v2_lib_res.SchLib
Replace Part R89 RES_AC0805JR-07100KL_YAGEO in D:\Carugati\Dropbox\WorkSpace_Altium\pqm_v2\pqm_v2_page5.SchDoc with RES_AC0805JR-07100KL_YAGEO from pqm_v2_lib_res.SchLib
Replace Part R90 RES_AC0805JR-07100KL_YAGEO in D:\Carugati\Dropbox\WorkSpace_Altium\pqm_v2\pqm_v2_page5.SchDoc with RES_AC0805JR-07100KL_YAGEO from pqm_v2_lib_res.SchLib
Replace Part R96 RES_RC0805JR-0710KL_YAGEO in D:\Carugati\Dropbox\WorkSpace_Altium\pqm_v2\pqm_v2_page5.SchDoc with RES_RC0805JR-0710KL_YAGEO from pqm_v2_lib_res.SchLib
Replace Part R97 RES_RC0805JR-0710KL_YAGEO in D:\Carugati\Dropbox\WorkSpace_Altium\pqm_v2\pqm_v2_page5.SchDoc with RES_RC0805JR-0710KL_YAGEO from pqm_v2_lib_res.SchLib
Replace Part R109 RES_AC0805JR-07100KL_YAGEO in D:\Carugati\Dropbox\WorkSpace_Altium\pqm_v2\pqm_v2_page5.SchDoc with RES_AC0805JR-07100KL_YAGEO from pqm_v2_lib_res.SchLib
Replace Part U11 IC_ATSAM4S8BA-AU_ATMEL in D:\Carugati\Dropbox\WorkSpace_Altium\pqm_v2\pqm_v2_page5.SchDoc with IC_ATSAM4S8BA-AU_ATMEL from pqm_v2_lib_ic.SchLib
Replace Part U11 IC_ATSAM4S8BA-AU_ATMEL in D:\Carugati\Dropbox\WorkSpace_Altium\pqm_v2\pqm_v2_page5.SchDoc with IC_ATSAM4S8BA-AU_ATMEL from pqm_v2_lib_ic.SchLib
Replace Part U11 IC_ATSAM4S8BA-AU_ATMEL in D:\Carugati\Dropbox\WorkSpace_Altium\pqm_v2\pqm_v2_page5.SchDoc with IC_ATSAM4S8BA-AU_ATMEL from pqm_v2_lib_ic.SchLib
Replace Part U15 IC_ISL21010_3V0_INTERSIL in D:\Carugati\Dropbox\WorkSpace_Altium\pqm_v2\pqm_v2_page5.SchDoc with IC_ISL21010_3V0_INTERSIL from pqm_v2_lib_ic.SchLib
Replace Part Y1 MSC_ECS-.327-12.5-34S-TR_ECS in D:\Carugati\Dropbox\WorkSpace_Altium\pqm_v2\pqm_v2_page5.SchDoc with MSC_ECS-.327-12.5-34S-TR_ECS from pqm_v2_lib_connectors.SchLib
Replace Part Y2 MSC_ECS-120-20-3X-TR_ECS in D:\Carugati\Dropbox\WorkSpace_Altium\pqm_v2\pqm_v2_page5.SchDoc with MSC_ECS-120-20-3X-TR_ECS from pqm_v2_lib_connectors.SchLib
