Removed Pin From Net: NetName=UART0_TX Pin=J2-1
Removed Pin From Net: NetName=GND_ISO Pin=J2-2
Removed Pin From Net: NetName=+5V_A Pin=J2-6
Removed Pin From Net: NetName=VIN Pin=J2-7
Removed Pin From Net: NetName=VIN Pin=J2-8
Removed Pin From Net: NetName=UART0_RX Pin=J2-9
Removed Pin From Net: NetName=3.3V_ISO Pin=J2-10
Removed Pin From Net: NetName=+5V_A Pin=J2-13
Removed Pin From Net: NetName=+5V_A Pin=J2-14
Removed Pin From Net: NetName=VIN Pin=J2-15
Added Pin To Net: NetName=VIN Pin=J2-1
Added Pin To Net: NetName=VIN Pin=J2-2
Added Pin To Net: NetName=+5V_A Pin=J2-3
Added Pin To Net: NetName=GND_ISO Pin=J2-7
Added Pin To Net: NetName=UART0_TX Pin=J2-8
Added Pin To Net: NetName=VIN Pin=J2-9
Added Pin To Net: NetName=+5V_A Pin=J2-10
Added Pin To Net: NetName=+5V_A Pin=J2-11
Added Pin To Net: NetName=3.3V_ISO Pin=J2-14
Added Pin To Net: NetName=UART0_RX Pin=J2-15
