Removed Pin From Net: NetName=+5V Pin=C93-1
Removed Pin From Net: NetName=AGND Pin=C93-2
Removed Pin From Net: NetName=IL_1V5_B Pin=C94-1
Removed Pin From Net: NetName=AGND Pin=C94-2
Removed Member From Class: ClassName=pqm_v2_page5 Member=J9
Added Component: Designator=C93(CAPC2013X110N)
Added Component: Designator=C94(CAPC2013X110N)
Added Pin To Net: NetName=+5V Pin=C93-1
Added Pin To Net: NetName=AGND Pin=C93-2
Added Pin To Net: NetName=IL_1V5_B Pin=C94-1
Added Pin To Net: NetName=AGND Pin=C94-2
Added Member To Class: ClassName=pqm_v2_page4 Member=Component C93 CAP_CC0805KKX7R7BB105_YAGEO
Added Member To Class: ClassName=pqm_v2_page4 Member=Component C94 CAP_CC0805KKX7R7BB105_YAGEO
Added Member To Class: ClassName=pqm_v2_page3 Member=Component J5 HeaderX2
Added Member To Class: ClassName=pqm_v2_page3 Member=Component J11 HeaderX2
Added Member To Class: ClassName=pqm_v2_page5 Member=Component J15 CON_20021121-00010C4LF_FCI
Added Member To Class: ClassName=pqm_v2_page5 Member=Component J16 CON_RADX2
Added Member To Class: ClassName=pqm_v2_page2 Member=Component J17 COM_HeaderX9
Added Member To Class: ClassName=pqm_v2_page2 Member=Component J18 COM_HeaderX9
Added Member To Class: ClassName=pqm_v2_page5 Member=Component J19 CON_BAT
