Removed Pin From Net: NetName=3.3V_ISO Pin=J11-36
Removed Pin From Net: NetName=3.3V_ISO Pin=J11-37
Removed Pin From Net: NetName=GND_ISO Pin=J11-40
Removed Pin From Net: NetName=GND_ISO Pin=J11-41
Removed Pin From Net: NetName=I2C_TWD0 Pin=J11-42
Removed Pin From Net: NetName=I2C_TCLK0 Pin=J11-43
Removed Pin From Net: NetName=SD_MCDA0 Pin=J11-44
Removed Pin From Net: NetName=SD_MCCK Pin=J11-45
Removed Pin From Net: NetName=SD_MCCDA Pin=J11-46
Removed Pin From Net: NetName=SD_MCDA3 Pin=J11-47
Removed Pin From Net: NetName=SD_MCDA1 Pin=J11-48
Removed Pin From Net: NetName=SD_MCDA2 Pin=J11-49
Removed Pin From Net: NetName=SD_CD Pin=J11-50
Removed Pin From Net: NetName=SPI_NPCS3 Pin=J11-51
Removed Pin From Net: NetName=GND_ISO Pin=J11-52
Removed Pin From Net: NetName=SPI_NPCS0 Pin=J11-53
Removed Pin From Net: NetName=SPI_MISO Pin=J11-54
Removed Pin From Net: NetName=SPI_MOSI Pin=J11-55
Removed Pin From Net: NetName=SPI_SPCK Pin=J11-56
Added Pin To Net: NetName=I2C_TWD0 Pin=J11-40
Added Pin To Net: NetName=I2C_TCLK0 Pin=J11-41
Added Pin To Net: NetName=SD_MCDA0 Pin=J11-42
Added Pin To Net: NetName=SD_MCCK Pin=J11-43
Added Pin To Net: NetName=SD_MCCDA Pin=J11-44
Added Pin To Net: NetName=SD_MCDA3 Pin=J11-45
Added Pin To Net: NetName=SD_MCDA1 Pin=J11-46
Added Pin To Net: NetName=SD_MCDA2 Pin=J11-47
Added Pin To Net: NetName=SD_CD Pin=J11-48
Added Pin To Net: NetName=SPI_NPCS3 Pin=J11-49
Added Pin To Net: NetName=GND_ISO Pin=J11-50
Added Pin To Net: NetName=SPI_NPCS0 Pin=J11-51
Added Pin To Net: NetName=SPI_MISO Pin=J11-52
Added Pin To Net: NetName=SPI_MOSI Pin=J11-53
Added Pin To Net: NetName=SPI_SPCK Pin=J11-54
Added Pin To Net: NetName=GPIO0 Pin=J11-56
Added Pin To Net: NetName=GPIO0 Pin=U11-19
Added Net: Name=GPIO0
Added Pin To Net: NetName=GPIO1 Pin=J11-55
Added Pin To Net: NetName=GPIO1 Pin=U11-20
Added Net: Name=GPIO1
Added Pin To Net: NetName=GPIO2 Pin=J11-37
Added Pin To Net: NetName=GPIO2 Pin=U11-44
Added Net: Name=GPIO2
Added Pin To Net: NetName=GPIO3 Pin=J11-36
Added Pin To Net: NetName=GPIO3 Pin=U11-47
Added Net: Name=GPIO3
