Removed Pin From Net: NetName=NetC10_2 Pin=C24-2
Removed Pin From Net: NetName=NetC10_2 Pin=C38-2
Removed Pin From Net: NetName=NetC10_2 Pin=C42-2
Removed Pin From Net: NetName=NetC10_2 Pin=C47-2
Removed Pin From Net: NetName=NetC10_2 Pin=R66-2
Removed Pin From Net: NetName=NetC10_2 Pin=R79-2
Removed Pin From Net: NetName=NetC10_2 Pin=R92-2
Removed Pin From Net: NetName=NetC10_2 Pin=R105-2
Removed Pin From Net: NetName=NetJ6_1 Pin=R110-1
Removed Pin From Net: NetName=NetJ6_2 Pin=R110-2
Added Component: Designator=R110(RESC2013X065BN)
Added Pin To Net: NetName=NetJ6_1 Pin=R110-1
Added Pin To Net: NetName=NetJ6_2 Pin=R110-2
Added Pin To Net: NetName=NetC24_2 Pin=C24-2
Added Pin To Net: NetName=NetC24_2 Pin=C38-2
Added Pin To Net: NetName=NetC24_2 Pin=C42-2
Added Pin To Net: NetName=NetC24_2 Pin=C47-2
Added Pin To Net: NetName=NetC24_2 Pin=R66-2
Added Pin To Net: NetName=NetC24_2 Pin=R79-2
Added Pin To Net: NetName=NetC24_2 Pin=R92-2
Added Pin To Net: NetName=NetC24_2 Pin=R105-2
Added Net: Name=NetC24_2
Added Member To Class: ClassName=pqm_v2_page4 Member=Component R110 Res
