Removed Pin From Net: NetName=DSP_SCIC_RX Pin=J20-1
Removed Pin From Net: NetName=DSP_SCIC_TX Pin=J20-2
Removed Pin From Net: NetName=DSP_GPIO07 Pin=J20-3
Removed Pin From Net: NetName=DSP_GPIO05 Pin=J20-4
Removed Pin From Net: NetName=DSP_GPIO11 Pin=J20-5
Removed Pin From Net: NetName=DSP_GPIO09 Pin=J20-6
Removed Pin From Net: NetName=DSP_GPIO85 Pin=J20-7
Removed Pin From Net: NetName=DSP_GPIO49 Pin=J20-8
Removed Pin From Net: NetName=DSP_GPIO13 Pin=J20-9
Removed Pin From Net: NetName=DSP_GPIO84 Pin=J20-10
Removed Pin From Net: NetName=DSP_GPIO25 Pin=J20-11
Removed Pin From Net: NetName=DSP_GPIO14 Pin=J20-12
Removed Pin From Net: NetName=DSP_GPIO21 Pin=J20-13
Removed Pin From Net: NetName=DSP_GPIO27 Pin=J20-14
Removed Pin From Net: NetName=DSP_SCIA_RX Pin=J20-15
Removed Pin From Net: NetName=DSP_SCIA_TX Pin=J20-16
Removed Pin From Net: NetName=DSP_I2C_SDAA Pin=J20-17
Removed Pin From Net: NetName=DSP_I2C_SCLA Pin=J20-18
Removed Pin From Net: NetName=UART_TX_SUPPLY Pin=J20-19
Removed Pin From Net: NetName=UART_RX_SUPPLY Pin=J20-20
Removed Pin From Net: NetName=AGND Pin=J20-21
Removed Pin From Net: NetName=AGND Pin=J20-22
Removed Pin From Net: NetName=+5V Pin=J20-31
Removed Pin From Net: NetName=+5V Pin=J20-32
Added Pin To Net: NetName=AGND Pin=J20-1
Added Pin To Net: NetName=AGND Pin=J20-2
Added Pin To Net: NetName=DSP_SCIC_RX Pin=J20-3
Added Pin To Net: NetName=DSP_SCIC_TX Pin=J20-4
Added Pin To Net: NetName=DSP_GPIO07 Pin=J20-5
Added Pin To Net: NetName=DSP_GPIO05 Pin=J20-6
Added Pin To Net: NetName=DSP_GPIO11 Pin=J20-7
Added Pin To Net: NetName=DSP_GPIO09 Pin=J20-8
Added Pin To Net: NetName=DSP_GPIO85 Pin=J20-9
Added Pin To Net: NetName=DSP_GPIO49 Pin=J20-10
Added Pin To Net: NetName=DSP_GPIO13 Pin=J20-11
Added Pin To Net: NetName=DSP_GPIO84 Pin=J20-12
Added Pin To Net: NetName=DSP_GPIO25 Pin=J20-13
Added Pin To Net: NetName=DSP_GPIO14 Pin=J20-14
Added Pin To Net: NetName=DSP_GPIO21 Pin=J20-15
Added Pin To Net: NetName=DSP_GPIO27 Pin=J20-16
Added Pin To Net: NetName=UART_TX_SUPPLY Pin=J20-17
Added Pin To Net: NetName=UART_RX_SUPPLY Pin=J20-18
Added Pin To Net: NetName=DSP_SCIA_RX Pin=J20-19
Added Pin To Net: NetName=DSP_SCIA_TX Pin=J20-20
Added Pin To Net: NetName=DSP_I2C_SDAA Pin=J20-21
Added Pin To Net: NetName=DSP_I2C_SCLA Pin=J20-22
Added Pin To Net: NetName=AGND Pin=J20-23
Added Pin To Net: NetName=AGND Pin=J20-24
Added Pin To Net: NetName=+5V Pin=J20-25
Added Pin To Net: NetName=+5V Pin=J20-26
