Removed Pin From Net: NetName=NetC15_2 Pin=C15-2
Removed Pin From Net: NetName=NetC16_2 Pin=C16-2
Removed Pin From Net: NetName=NetC18_2 Pin=C18-2
Removed Pin From Net: NetName=NetC28_1 Pin=C28-1
Removed Pin From Net: NetName=NetC30_2 Pin=C30-2
Removed Pin From Net: NetName=NetJ6_1 Pin=J6-1
Removed Pin From Net: NetName=NetJ6_2 Pin=J6-2
Removed Pin From Net: NetName=NetC16_2 Pin=R16-1
Removed Pin From Net: NetName=NetC18_2 Pin=U3-6
Removed Pin From Net: NetName=NetC15_2 Pin=U3-12
Removed Pin From Net: NetName=NetC28_1 Pin=U3-13
Removed Pin From Net: NetName=NetC30_2 Pin=U4-5
Removed Member From Class: ClassName=pqm_v2_page3 Member=C37
Removed Member From Class: ClassName=pqm_v2_page3 Member=C40
Change Component Designator: OldDesignator=C11 NewDesignator=C12
Change Component Designator: OldDesignator=C12 NewDesignator=C13
Change Component Designator: OldDesignator=C14 NewDesignator=C15
Change Component Designator: OldDesignator=C15 NewDesignator=C16
Change Component Designator: OldDesignator=C16 NewDesignator=C18
Change Component Designator: OldDesignator=C17 NewDesignator=C8
Change Component Designator: OldDesignator=C18 NewDesignator=C9
Change Component Designator: OldDesignator=C19 NewDesignator=C11
Change Component Designator: OldDesignator=C20 NewDesignator=C10
Change Component Designator: OldDesignator=C23 NewDesignator=C14
Change Component Designator: OldDesignator=C27 NewDesignator=C17
Change Component Designator: OldDesignator=C28 NewDesignator=C19
Change Component Designator: OldDesignator=C29 NewDesignator=C20
Change Component Designator: OldDesignator=C30 NewDesignator=C21
Change Component Designator: OldDesignator=C31 NewDesignator=C23
Change Component Designator: OldDesignator=C32 NewDesignator=C22
Change Component Designator: OldDesignator=C33 NewDesignator=C24
Change Component Designator: OldDesignator=C34 NewDesignator=C25
Change Component Designator: OldDesignator=C35 NewDesignator=C26
Change Component Designator: OldDesignator=C36 NewDesignator=C27
Change Component Designator: OldDesignator=C37 NewDesignator=C28
Change Component Designator: OldDesignator=C38 NewDesignator=C30
Change Component Designator: OldDesignator=C39 NewDesignator=C29
Change Component Designator: OldDesignator=C40 NewDesignator=C31
Change Component Designator: OldDesignator=R8 NewDesignator=R5
Change Component Designator: OldDesignator=R9 NewDesignator=R6
Change Component Designator: OldDesignator=R10 NewDesignator=R7
Change Component Designator: OldDesignator=R14 NewDesignator=R11
Change Component Designator: OldDesignator=R15 NewDesignator=R12
Change Component Designator: OldDesignator=R16 NewDesignator=R4
Change Component Designator: OldDesignator=R16 NewDesignator=R8
Change Component Designator: OldDesignator=R16 NewDesignator=R9
Change Component Designator: OldDesignator=R16 NewDesignator=R10
Change Component Designator: OldDesignator=R16 NewDesignator=R13
Change Component Designator: OldDesignator=R16 NewDesignator=R14
Change Component Designator: OldDesignator=R16 NewDesignator=R15
Change Component Designator: OldDesignator=R16 NewDesignator=R17
Change Component Designator: OldDesignator=R16 NewDesignator=R18
Change Component Designator: OldDesignator=R16 NewDesignator=R22
Change Component Designator: OldDesignator=R16 NewDesignator=R23
Change Component Designator: OldDesignator=R16 NewDesignator=R24
Change Component Designator: OldDesignator=R16 NewDesignator=R28
Change Component Designator: OldDesignator=R16 NewDesignator=R29
Change Component Designator: OldDesignator=R16 NewDesignator=R30
Change Component Designator: OldDesignator=R16 NewDesignator=R31
Change Component Designator: OldDesignator=R16 NewDesignator=R32
Change Component Designator: OldDesignator=R16 NewDesignator=R36
Change Component Designator: OldDesignator=R16 NewDesignator=R37
Change Component Designator: OldDesignator=R16 NewDesignator=R38
Change Component Designator: OldDesignator=R16 NewDesignator=R42
Change Component Designator: OldDesignator=R16 NewDesignator=R43
Change Component Designator: OldDesignator=R16 NewDesignator=R44
Change Component Designator: OldDesignator=R16 NewDesignator=R45
Change Component Designator: OldDesignator=R16 NewDesignator=R46
Change Component Designator: OldDesignator=R16 NewDesignator=R50
Change Component Designator: OldDesignator=R16 NewDesignator=R51
Change Component Designator: OldDesignator=R16 NewDesignator=R52
Change Component Designator: OldDesignator=R16 NewDesignator=R56
Change Component Designator: OldDesignator=R16 NewDesignator=R57
Change Component Designator: OldDesignator=R16 NewDesignator=R58
Change Component Designator: OldDesignator=R16 NewDesignator=R59
Change Component Designator: OldDesignator=R22 NewDesignator=R19
Change Component Designator: OldDesignator=R23 NewDesignator=R20
Change Component Designator: OldDesignator=R24 NewDesignator=R21
Change Component Designator: OldDesignator=R28 NewDesignator=R25
Change Component Designator: OldDesignator=R29 NewDesignator=R26
Change Component Designator: OldDesignator=R30 NewDesignator=R27
Change Component Designator: OldDesignator=R36 NewDesignator=R33
Change Component Designator: OldDesignator=R37 NewDesignator=R34
Change Component Designator: OldDesignator=R38 NewDesignator=R35
Change Component Designator: OldDesignator=R42 NewDesignator=R39
Change Component Designator: OldDesignator=R43 NewDesignator=R40
Change Component Designator: OldDesignator=R44 NewDesignator=R41
Change Component Designator: OldDesignator=R50 NewDesignator=R47
Change Component Designator: OldDesignator=R51 NewDesignator=R48
Change Component Designator: OldDesignator=R52 NewDesignator=R49
Change Component Designator: OldDesignator=R56 NewDesignator=R53
Change Component Designator: OldDesignator=R57 NewDesignator=R54
Change Component Designator: OldDesignator=R58 NewDesignator=R55
Added Component: Designator=J6(PHOENIX_1729128)
Added Component: Designator=U6(SOP28)
Added Pin To Net: NetName=NetC15_2 Pin=C15-2
Added Pin To Net: NetName=NetC16_2 Pin=C16-2
Added Pin To Net: NetName=NetC18_2 Pin=C18-2
Added Pin To Net: NetName=NetC28_1 Pin=C28-1
Added Pin To Net: NetName=NetC30_2 Pin=C30-2
Added Pin To Net: NetName=NetJ6_1 Pin=J6-1
Added Pin To Net: NetName=NetJ6_2 Pin=J6-2
Added Pin To Net: NetName=NetC17_1 Pin=R8-2
Added Pin To Net: NetName=NetC20_1 Pin=R15-1
Added Pin To Net: NetName=AGND Pin=R15-2
Added Pin To Net: NetName=AGND Pin=R16-2
Added Pin To Net: NetName=AGND Pin=R17-2
Added Pin To Net: NetName=NetC18_2 Pin=R18-2
Added Pin To Net: NetName=NetC15_2 Pin=R22-1
Added Pin To Net: NetName=NetC14_1 Pin=R22-2
Added Pin To Net: NetName=NetC18_2 Pin=R23-1
Added Pin To Net: NetName=NetC15_2 Pin=R23-2
Added Pin To Net: NetName=NetC16_2 Pin=R24-1
Added Pin To Net: NetName=NetC18_2 Pin=R24-2
Added Pin To Net: NetName=NetC27_1 Pin=R29-1
Added Pin To Net: NetName=AGND Pin=R29-2
Added Pin To Net: NetName=NetC18_2 Pin=R30-1
Added Pin To Net: NetName=AGND Pin=R30-2
Added Pin To Net: NetName=AGND Pin=R31-2
Added Pin To Net: NetName=NetC29_1 Pin=R36-2
Added Pin To Net: NetName=NetC32_1 Pin=R43-1
Added Pin To Net: NetName=AGND Pin=R43-2
Added Pin To Net: NetName=AGND Pin=R44-2
Added Pin To Net: NetName=AGND Pin=R45-2
Added Pin To Net: NetName=NetC28_1 Pin=R46-1
Added Pin To Net: NetName=NetC30_2 Pin=R46-2
Added Pin To Net: NetName=NetC36_1 Pin=R50-2
Added Pin To Net: NetName=NetC30_2 Pin=R51-1
Added Pin To Net: NetName=NetC30_2 Pin=R52-2
Added Pin To Net: NetName=NetC39_1 Pin=R57-1
Added Pin To Net: NetName=AGND Pin=R57-2
Added Pin To Net: NetName=NetC30_2 Pin=R58-1
Added Pin To Net: NetName=AGND Pin=R58-2
Added Pin To Net: NetName=AGND Pin=R59-2
Added Pin To Net: NetName=NetC15_2 Pin=U3-8
Added Pin To Net: NetName=NetC16_2 Pin=U3-12
Added Pin To Net: NetName=NetC28_1 Pin=U4-14
Change Net Name : Old Net Name=NetC14_1 New Net Name=NetC15_1
Change Net Name : Old Net Name=NetC17_1 New Net Name=NetC8_1
Change Net Name : Old Net Name=NetC20_1 New Net Name=NetC10_1
Change Net Name : Old Net Name=NetC27_1 New Net Name=NetC17_1
Change Net Name : Old Net Name=NetC29_1 New Net Name=NetC20_1
Change Net Name : Old Net Name=NetC32_1 New Net Name=NetC22_1
Change Net Name : Old Net Name=NetC36_1 New Net Name=NetC27_1
Change Net Name : Old Net Name=NetC39_1 New Net Name=NetC29_1
Change Net Name : Old Net Name=NetR8_1 New Net Name=NetR5_1
Change Net Name : Old Net Name=NetR9_1 New Net Name=NetR6_1
Change Net Name : Old Net Name=NetR14_1 New Net Name=NetR11_1
Change Net Name : Old Net Name=NetR15_1 New Net Name=NetR12_1
Change Net Name : Old Net Name=NetR22_1 New Net Name=NetR19_1
Change Net Name : Old Net Name=NetR23_1 New Net Name=NetR20_1
Change Net Name : Old Net Name=NetR28_1 New Net Name=NetR25_1
Change Net Name : Old Net Name=NetR29_1 New Net Name=NetR26_1
Change Net Name : Old Net Name=NetR36_1 New Net Name=NetR33_1
Change Net Name : Old Net Name=NetR37_1 New Net Name=NetR34_1
Change Net Name : Old Net Name=NetR42_1 New Net Name=NetR39_1
Change Net Name : Old Net Name=NetR43_1 New Net Name=NetR40_1
Change Net Name : Old Net Name=NetR50_1 New Net Name=NetR47_1
Change Net Name : Old Net Name=NetR51_1 New Net Name=NetR48_1
Change Net Name : Old Net Name=NetR56_1 New Net Name=NetR53_1
Change Net Name : Old Net Name=NetR57_1 New Net Name=NetR54_1
Added Pin To Net: NetName=NetC8_2 Pin=C8-2
Added Pin To Net: NetName=NetC8_2 Pin=R8-1
Added Pin To Net: NetName=NetC8_2 Pin=R9-2
Added Pin To Net: NetName=NetC8_2 Pin=U3-1
Added Net: Name=NetC8_2
Added Pin To Net: NetName=NetC9_1 Pin=C9-1
Added Pin To Net: NetName=NetC9_1 Pin=R4-1
Added Pin To Net: NetName=NetC9_1 Pin=U3-7
Added Net: Name=NetC9_1
Added Pin To Net: NetName=NetC9_2 Pin=C9-2
Added Pin To Net: NetName=NetC9_2 Pin=R10-1
Added Pin To Net: NetName=NetC9_2 Pin=U3-6
Added Net: Name=NetC9_2
Added Pin To Net: NetName=NetC11_2 Pin=C11-2
Added Pin To Net: NetName=NetC11_2 Pin=R4-2
Added Pin To Net: NetName=NetC11_2 Pin=R9-1
Added Pin To Net: NetName=NetC11_2 Pin=R10-2
Added Pin To Net: NetName=NetC11_2 Pin=R16-1
Added Net: Name=NetC11_2
Added Pin To Net: NetName=NetC12_1 Pin=C12-1
Added Pin To Net: NetName=NetC12_1 Pin=R14-1
Added Pin To Net: NetName=NetC12_1 Pin=R17-1
Added Pin To Net: NetName=NetC12_1 Pin=U3-5
Added Net: Name=NetC12_1
Added Pin To Net: NetName=NetC16_1 Pin=C16-1
Added Pin To Net: NetName=NetC16_1 Pin=R18-1
Added Pin To Net: NetName=NetC16_1 Pin=U3-14
Added Net: Name=NetC16_1
Added Pin To Net: NetName=NetC19_1 Pin=C19-1
Added Pin To Net: NetName=NetC19_1 Pin=R28-1
Added Pin To Net: NetName=NetC19_1 Pin=R31-1
Added Pin To Net: NetName=NetC19_1 Pin=U3-13
Added Net: Name=NetC19_1
Added Pin To Net: NetName=NetC20_2 Pin=C20-2
Added Pin To Net: NetName=NetC20_2 Pin=R36-1
Added Pin To Net: NetName=NetC20_2 Pin=R37-2
Added Pin To Net: NetName=NetC20_2 Pin=U4-1
Added Net: Name=NetC20_2
Added Pin To Net: NetName=NetC21_1 Pin=C21-1
Added Pin To Net: NetName=NetC21_1 Pin=R32-1
Added Pin To Net: NetName=NetC21_1 Pin=U4-7
Added Net: Name=NetC21_1
Added Pin To Net: NetName=NetC21_2 Pin=C21-2
Added Pin To Net: NetName=NetC21_2 Pin=R38-1
Added Pin To Net: NetName=NetC21_2 Pin=U4-5
Added Net: Name=NetC21_2
Added Pin To Net: NetName=NetC23_2 Pin=C23-2
Added Pin To Net: NetName=NetC23_2 Pin=R32-2
Added Pin To Net: NetName=NetC23_2 Pin=R37-1
Added Pin To Net: NetName=NetC23_2 Pin=R38-2
Added Pin To Net: NetName=NetC23_2 Pin=R44-1
Added Net: Name=NetC23_2
Added Pin To Net: NetName=NetC24_1 Pin=C24-1
Added Pin To Net: NetName=NetC24_1 Pin=R42-1
Added Pin To Net: NetName=NetC24_1 Pin=R45-1
Added Pin To Net: NetName=NetC24_1 Pin=U4-6
Added Net: Name=NetC24_1
Added Pin To Net: NetName=NetC27_2 Pin=C27-2
Added Pin To Net: NetName=NetC27_2 Pin=R50-1
Added Pin To Net: NetName=NetC27_2 Pin=R51-2
Added Pin To Net: NetName=NetC27_2 Pin=U4-8
Added Net: Name=NetC27_2
Added Pin To Net: NetName=NetC28_2 Pin=C28-2
Added Pin To Net: NetName=NetC28_2 Pin=R52-1
Added Pin To Net: NetName=NetC28_2 Pin=U4-12
Added Net: Name=NetC28_2
Added Pin To Net: NetName=NetC31_1 Pin=C31-1
Added Pin To Net: NetName=NetC31_1 Pin=R56-1
Added Pin To Net: NetName=NetC31_1 Pin=R59-1
Added Pin To Net: NetName=NetC31_1 Pin=U4-13
Added Net: Name=NetC31_1
Added Pin To Net: NetName=NetR14_2 Pin=R14-2
Added Pin To Net: NetName=NetR14_2 Pin=R28-2
Added Pin To Net: NetName=NetR14_2 Pin=R42-2
Added Pin To Net: NetName=NetR14_2 Pin=R56-2
Added Net: Name=NetR14_2
Added Member To Class: ClassName=pqm_v2_page3 Member=Component C13 cap
Added Member To Class: ClassName=pqm_v2_page3 Member=Component C18 cap
Added Member To Class: ClassName=pqm_v2_page3 Member=Component J6 HeaderX2
Added Member To Class: ClassName=pqm_v2_page3 Member=Component R4 Res
Added Member To Class: ClassName=pqm_v2_page3 Member=Component R8 Res
Added Member To Class: ClassName=pqm_v2_page3 Member=Component R9 Res
Added Member To Class: ClassName=pqm_v2_page3 Member=Component R10 Res
Added Member To Class: ClassName=pqm_v2_page3 Member=Component R14 Res
Added Member To Class: ClassName=pqm_v2_page3 Member=Component R15 Res
Added Member To Class: ClassName=pqm_v2_page3 Member=Component R16 Res
Added Member To Class: ClassName=pqm_v2_page3 Member=Component R17 Res
Added Member To Class: ClassName=pqm_v2_page3 Member=Component R18 Res
Added Member To Class: ClassName=pqm_v2_page3 Member=Component R22 Res
Added Member To Class: ClassName=pqm_v2_page3 Member=Component R23 Res
Added Member To Class: ClassName=pqm_v2_page3 Member=Component R24 Res
Added Member To Class: ClassName=pqm_v2_page3 Member=Component R28 Res
Added Member To Class: ClassName=pqm_v2_page3 Member=Component R29 Res
Added Member To Class: ClassName=pqm_v2_page3 Member=Component R30 Res
Added Member To Class: ClassName=pqm_v2_page3 Member=Component R31 Res
Added Member To Class: ClassName=pqm_v2_page3 Member=Component R32 Res
Added Member To Class: ClassName=pqm_v2_page3 Member=Component R36 Res
Added Member To Class: ClassName=pqm_v2_page3 Member=Component R37 Res
Added Member To Class: ClassName=pqm_v2_page3 Member=Component R38 Res
Added Member To Class: ClassName=pqm_v2_page3 Member=Component R42 Res
Added Member To Class: ClassName=pqm_v2_page3 Member=Component R43 Res
Added Member To Class: ClassName=pqm_v2_page3 Member=Component R44 Res
Added Member To Class: ClassName=pqm_v2_page3 Member=Component R45 Res
Added Member To Class: ClassName=pqm_v2_page3 Member=Component R46 Res
Added Member To Class: ClassName=pqm_v2_page3 Member=Component R50 Res
Added Member To Class: ClassName=pqm_v2_page3 Member=Component R51 Res
Added Member To Class: ClassName=pqm_v2_page3 Member=Component R52 Res
Added Member To Class: ClassName=pqm_v2_page3 Member=Component R56 Res
Added Member To Class: ClassName=pqm_v2_page3 Member=Component R57 Res
Added Member To Class: ClassName=pqm_v2_page3 Member=Component R58 Res
Added Member To Class: ClassName=pqm_v2_page3 Member=Component R59 Res
Added Member To Class: ClassName=pqm_v2_page1 Member=Component U6 IC_DCR010503U_TI
Added Room: Name=pqm_v2_page1
Added Room: Name=pqm_v2_page2
Added Room: Name=pqm_v2_page3
Added Room: Name=pqm_v2_page5
