Removed Pin From Net: NetName=VIN Pin=C9-1
Removed Pin From Net: NetName=AGND Pin=C9-2
Removed Pin From Net: NetName=VIN Pin=C10-1
Removed Pin From Net: NetName=AGND Pin=C10-2
Removed Pin From Net: NetName=AGND Pin=C11-1
Removed Pin From Net: NetName=-5V_A Pin=C11-2
Removed Pin From Net: NetName=-5V_A Pin=C12-2
Removed Pin From Net: NetName=AGND Pin=C13-1
Removed Pin From Net: NetName=-5V_A Pin=C13-2
Removed Pin From Net: NetName=-5V_A Pin=C14-2
Removed Pin From Net: NetName=VIN Pin=C15-1
Removed Pin From Net: NetName=-5V_A Pin=C15-2
Removed Pin From Net: NetName=VIN Pin=C16-1
Removed Pin From Net: NetName=-5V_A Pin=C16-2
Removed Pin From Net: NetName=NetC21_1 Pin=C21-1
Removed Pin From Net: NetName=AGND Pin=C21-2
Removed Pin From Net: NetName=AGND Pin=C22-1
Removed Pin From Net: NetName=+5V_A Pin=C22-2
Removed Pin From Net: NetName=NetC24_1 Pin=C24-1
Removed Pin From Net: NetName=NetC24_2 Pin=C24-2
Removed Pin From Net: NetName=AGND Pin=C26-1
Removed Pin From Net: NetName=NetC26_2 Pin=C26-2
Removed Pin From Net: NetName=-5V_A Pin=D2-2
Removed Pin From Net: NetName=-5V_A Pin=J1-8
Removed Pin From Net: NetName=-5V_A Pin=J1-9
Removed Pin From Net: NetName=-5V_A Pin=J1-20
Removed Pin From Net: NetName=-5V_A Pin=J1-21
Removed Pin From Net: NetName=-5V_A Pin=J2-8
Removed Pin From Net: NetName=-5V_A Pin=J2-9
Removed Pin From Net: NetName=-5V_A Pin=J2-20
Removed Pin From Net: NetName=-5V_A Pin=J2-21
Removed Pin From Net: NetName=NetJ6_1 Pin=J6-1
Removed Pin From Net: NetName=NetJ6_2 Pin=J6-2
Removed Pin From Net: NetName=AGND Pin=L2-2
Removed Pin From Net: NetName=AGND Pin=R4-1
Removed Pin From Net: NetName=-5V_A Pin=R5-1
Removed Pin From Net: NetName=-5V_A Pin=R6-2
Removed Pin From Net: NetName=VIN Pin=U2-2
Removed Pin From Net: NetName=-5V_A Pin=U2-4
Removed Pin From Net: NetName=-5V_A Pin=U2-8
Change Component DesignItemId : Designator=C14 Old DesignItemId=CAP_C3216X7R1E105M085AA_TDK New DesignItemId=cap
Change Component DesignItemId : Designator=C15 Old DesignItemId=CAP_C3225Y5V1H106Z_TDK New DesignItemId=cap
Change Component DesignItemId : Designator=C16 Old DesignItemId=CAP_C3225Y5V1H106Z_TDK New DesignItemId=cap
Change Component DesignItemId : Designator=C11 Old DesignItemId=CAP_EEU-FC1E121_PANASONIC New DesignItemId=cap
Change Component DesignItemId : Designator=C12 Old DesignItemId=CAP_EEU-FC1E121_PANASONIC New DesignItemId=cap
Change Component Description : Designator=C14 Old Description=1 µF, 25 V, Capacitores cerámicos, X7R, 1206 (3216 métrico), 0.126" L x 0.063" A (3.20 mm x 1.60 mm) New Description=
Change Component Description : Designator=C15 Old Description=10 µF, 50 V, Capacitores cerámicos, Y5V (F), 1210 (3225 métrico), 0.126" L x 0.098" A (3.20 mm x 2.50 mm) New Description=
Change Component Description : Designator=C16 Old Description=10 µF, 50 V, Capacitores cerámicos, Y5V (F), 1210 (3225 métrico), 0.126" L x 0.098" A (3.20 mm x 2.50 mm) New Description=
Change Component Description : Designator=C11 Old Description=120µF 25V Aluminum Capacitors Radial, Can 1000 Hrs @ 105°C New Description=
Change Component Description : Designator=C12 Old Description=120µF 25V Aluminum Capacitors Radial, Can 1000 Hrs @ 105°C New Description=
Added Component: Designator=J6(PHOENIX_1729128)
Added Pin To Net: NetName=NetC21_1 Pin=C11-1
Added Pin To Net: NetName=AGND Pin=C11-2
Added Pin To Net: NetName=+5V_A Pin=C12-2
Added Pin To Net: NetName=NetC24_1 Pin=C14-1
Added Pin To Net: NetName=NetC24_2 Pin=C14-2
Added Pin To Net: NetName=AGND Pin=C16-1
Added Pin To Net: NetName=NetC26_2 Pin=C16-2
Added Pin To Net: NetName=NetJ6_1 Pin=J6-1
Added Pin To Net: NetName=NetJ6_2 Pin=J6-2
Change Net Name : Old Net Name=NetC21_1 New Net Name=NetC11_1
Change Net Name : Old Net Name=NetC24_1 New Net Name=NetC14_1
Change Net Name : Old Net Name=NetC24_2 New Net Name=NetC14_2
Change Net Name : Old Net Name=NetC26_2 New Net Name=NetC16_2
Added Pin To Net: NetName=NetC15_1 Pin=C15-1
Added Pin To Net: NetName=NetC15_1 Pin=R21-1
Added Pin To Net: NetName=NetC15_1 Pin=U3-14
Added Net: Name=NetC15_1
Added Pin To Net: NetName=NetC15_2 Pin=C15-2
Added Pin To Net: NetName=NetC15_2 Pin=R27-1
Added Pin To Net: NetName=NetC15_2 Pin=U3-12
Added Net: Name=NetC15_2
Added Class: Name=pqm_v2_page1
Added Member To Class: ClassName=pqm_v2_page3 Member=Component J6 HeaderX2
Added Room: Name=pqm_v2_page1
Added Room: Name=pqm_v2_page2
Added Room: Name=pqm_v2_page3
Added Room: Name=pqm_v2_page5
