Removed Pin From Net: NetName=AGND Pin=C49-2
Removed Pin From Net: NetName=AGND Pin=C50-2
Removed Pin From Net: NetName=AGND Pin=C51-2
Removed Pin From Net: NetName=AGND Pin=C52-2
Removed Pin From Net: NetName=AGND Pin=C53-2
Removed Pin From Net: NetName=AGND Pin=J3-27
Removed Pin From Net: NetName=AGND Pin=J3-37
Removed Pin From Net: NetName=AGND Pin=J3-47
Removed Pin From Net: NetName=AGND Pin=J5-4
Removed Pin From Net: NetName=AGND Pin=J5-8
Removed Pin From Net: NetName=AGND Pin=J5-10
Removed Pin From Net: NetName=AGND Pin=J5-12
Removed Pin From Net: NetName=NetJ6_1 Pin=R110-1
Removed Pin From Net: NetName=NetJ6_2 Pin=R110-2
Added Component: Designator=R110(RESC2013X065BN)
Added Pin To Net: NetName=NetJ6_1 Pin=R110-1
Added Pin To Net: NetName=NetJ6_2 Pin=R110-2
Added Pin To Net: NetName=DGND Pin=C49-2
Added Pin To Net: NetName=DGND Pin=C50-2
Added Pin To Net: NetName=DGND Pin=C51-2
Added Pin To Net: NetName=DGND Pin=C52-2
Added Pin To Net: NetName=DGND Pin=C53-2
Added Pin To Net: NetName=DGND Pin=J3-27
Added Pin To Net: NetName=DGND Pin=J3-37
Added Pin To Net: NetName=DGND Pin=J3-47
Added Pin To Net: NetName=DGND Pin=J5-4
Added Pin To Net: NetName=DGND Pin=J5-8
Added Pin To Net: NetName=DGND Pin=J5-10
Added Pin To Net: NetName=DGND Pin=J5-12
Added Net: Name=DGND
Added Member To Class: ClassName=pqm_v2_page4 Member=Component R110 Res
