Removed Pin From Net: NetName=NetC24_1 Pin=C24-1
Removed Pin From Net: NetName=NetC38_1 Pin=C38-1
Removed Pin From Net: NetName=NetC42_1 Pin=C42-1
Removed Pin From Net: NetName=NetC47_1 Pin=C47-1
Removed Pin From Net: NetName=NetJ6_1 Pin=R110-1
Removed Pin From Net: NetName=NetJ6_2 Pin=R110-2
Change Component DesignItemId : Designator=C24 Old DesignItemId=cap New DesignItemId=CAP_GRM2195C1H103FA01D_MURATA
Change Component DesignItemId : Designator=C31 Old DesignItemId=cap New DesignItemId=CAP_GRM2195C1H103FA01D_MURATA
Change Component DesignItemId : Designator=C38 Old DesignItemId=cap New DesignItemId=CAP_GRM2195C1H103FA01D_MURATA
Change Component DesignItemId : Designator=C39 Old DesignItemId=cap New DesignItemId=CAP_GRM2195C1H103FA01D_MURATA
Change Component DesignItemId : Designator=C42 Old DesignItemId=cap New DesignItemId=CAP_GRM2195C1H103FA01D_MURATA
Change Component DesignItemId : Designator=C43 Old DesignItemId=cap New DesignItemId=CAP_GRM2195C1H103FA01D_MURATA
Change Component DesignItemId : Designator=C47 Old DesignItemId=cap New DesignItemId=CAP_GRM2195C1H103FA01D_MURATA
Change Component DesignItemId : Designator=C48 Old DesignItemId=cap New DesignItemId=CAP_GRM2195C1H103FA01D_MURATA
Change Component DesignItemId : Designator=R66 Old DesignItemId=Res New DesignItemId=RES_RC0805FR-074K7L_YAGEO
Change Component DesignItemId : Designator=R79 Old DesignItemId=Res New DesignItemId=RES_RC0805FR-074K7L_YAGEO
Change Component DesignItemId : Designator=R92 Old DesignItemId=Res New DesignItemId=RES_RC0805FR-074K7L_YAGEO
Change Component DesignItemId : Designator=R105 Old DesignItemId=Res New DesignItemId=RES_RC0805FR-074K7L_YAGEO
Change Component Comment : Designator=C24 Old Comment=cap New Comment=CAP_GRM2195C1H103FA01D_MURATA
Change Component Comment : Designator=C31 Old Comment=cap New Comment=CAP_GRM2195C1H103FA01D_MURATA
Change Component Comment : Designator=C38 Old Comment=cap New Comment=CAP_GRM2195C1H103FA01D_MURATA
Change Component Comment : Designator=C39 Old Comment=cap New Comment=CAP_GRM2195C1H103FA01D_MURATA
Change Component Comment : Designator=C42 Old Comment=cap New Comment=CAP_GRM2195C1H103FA01D_MURATA
Change Component Comment : Designator=C43 Old Comment=cap New Comment=CAP_GRM2195C1H103FA01D_MURATA
Change Component Comment : Designator=C47 Old Comment=cap New Comment=CAP_GRM2195C1H103FA01D_MURATA
Change Component Comment : Designator=C48 Old Comment=cap New Comment=CAP_GRM2195C1H103FA01D_MURATA
Change Component Comment : Designator=R66 Old Comment=Res New Comment=RES_RC0805FR-074K7L_YAGEO
Change Component Comment : Designator=R79 Old Comment=Res New Comment=RES_RC0805FR-074K7L_YAGEO
Change Component Comment : Designator=R92 Old Comment=Res New Comment=RES_RC0805FR-074K7L_YAGEO
Change Component Comment : Designator=R105 Old Comment=Res New Comment=RES_RC0805FR-074K7L_YAGEO
Change Component Description : Designator=C24 Old Description= New Description=CAP CER 10000PF 50V NP0 0805
Change Component Description : Designator=C31 Old Description= New Description=CAP CER 10000PF 50V NP0 0805
Change Component Description : Designator=C38 Old Description= New Description=CAP CER 10000PF 50V NP0 0805
Change Component Description : Designator=C39 Old Description= New Description=CAP CER 10000PF 50V NP0 0805
Change Component Description : Designator=C42 Old Description= New Description=CAP CER 10000PF 50V NP0 0805
Change Component Description : Designator=C43 Old Description= New Description=CAP CER 10000PF 50V NP0 0805
Change Component Description : Designator=C47 Old Description= New Description=CAP CER 10000PF 50V NP0 0805
Change Component Description : Designator=C48 Old Description= New Description=CAP CER 10000PF 50V NP0 0805
Change Component Description : Designator=R66 Old Description=Res New Description=RES SMD 4.7K OHM 1% 1/8W 0805
Change Component Description : Designator=R79 Old Description=Res New Description=RES SMD 4.7K OHM 1% 1/8W 0805
Change Component Description : Designator=R92 Old Description=Res New Description=RES SMD 4.7K OHM 1% 1/8W 0805
Change Component Description : Designator=R105 Old Description=Res New Description=RES SMD 4.7K OHM 1% 1/8W 0805
Added Component: Designator=R110(RESC2013X065BN)
Added Pin To Net: NetName=NetC24_1 Pin=C24-2
Added Pin To Net: NetName=NetC38_1 Pin=C38-2
Added Pin To Net: NetName=NetC42_1 Pin=C42-2
Added Pin To Net: NetName=NetC47_1 Pin=C47-2
Added Pin To Net: NetName=NetJ6_1 Pin=R110-1
Added Pin To Net: NetName=NetJ6_2 Pin=R110-2
Change Net Name : Old Net Name=NetC24_1 New Net Name=NetC24_2
Change Net Name : Old Net Name=NetC38_1 New Net Name=NetC38_2
Change Net Name : Old Net Name=NetC42_1 New Net Name=NetC42_2
Change Net Name : Old Net Name=NetC47_1 New Net Name=NetC47_2
Added Pin To Net: NetName=NetC24_1 Pin=C24-1
Added Pin To Net: NetName=NetC24_1 Pin=C38-1
Added Pin To Net: NetName=NetC24_1 Pin=C42-1
Added Pin To Net: NetName=NetC24_1 Pin=C47-1
Added Pin To Net: NetName=NetC24_1 Pin=C78-1
Added Pin To Net: NetName=NetC24_1 Pin=R66-2
Added Pin To Net: NetName=NetC24_1 Pin=R79-2
Added Pin To Net: NetName=NetC24_1 Pin=R92-2
Added Pin To Net: NetName=NetC24_1 Pin=R105-2
Added Pin To Net: NetName=NetC24_1 Pin=U13-2
Added Net: Name=NetC24_1
Added Member To Class: ClassName=pqm_v2_page4 Member=Component R110 Res
