Removed Pin From Net: NetName=NetJ6_1 Pin=J6-1
Removed Pin From Net: NetName=NetJ6_2 Pin=J6-2
Removed Pin From Net: NetName=NetJ7_1 Pin=J7-1
Removed Pin From Net: NetName=NetJ7_2 Pin=J7-2
Removed Pin From Net: NetName=GND_ISO Pin=J?-2
Removed Pin From Net: NetName=3.3V_ISO Pin=J?-15
Change Component Designator: OldDesignator=C111 NewDesignator=C10
Change Component Designator: OldDesignator=C112 NewDesignator=C8
Change Component Designator: OldDesignator=C113 NewDesignator=C9
Change Component Designator: OldDesignator=C116 NewDesignator=C13
Change Component Designator: OldDesignator=C117 NewDesignator=C14
Change Component Designator: OldDesignator=C118 NewDesignator=C15
Change Component Designator: OldDesignator=C121 NewDesignator=C16
Change Component Designator: OldDesignator=C131 NewDesignator=C1
Change Component Designator: OldDesignator=C132 NewDesignator=C2
Change Component Designator: OldDesignator=C133 NewDesignator=C3
Change Component Designator: OldDesignator=C136 NewDesignator=C6
Change Component Designator: OldDesignator=C137 NewDesignator=C7
Change Component Designator: OldDesignator=C? NewDesignator=C17
Change Component Designator: OldDesignator=C? NewDesignator=C18
Change Component Designator: OldDesignator=C? NewDesignator=C19
Change Component Designator: OldDesignator=C? NewDesignator=C20
Change Component Designator: OldDesignator=C? NewDesignator=C21
Change Component Designator: OldDesignator=C? NewDesignator=C22
Change Component Designator: OldDesignator=C? NewDesignator=C23
Change Component Designator: OldDesignator=C? NewDesignator=C24
Change Component Designator: OldDesignator=C? NewDesignator=C25
Change Component Designator: OldDesignator=C? NewDesignator=C26
Change Component Designator: OldDesignator=C? NewDesignator=C27
Change Component Designator: OldDesignator=C? NewDesignator=C28
Change Component Designator: OldDesignator=C? NewDesignator=C29
Change Component Designator: OldDesignator=C? NewDesignator=C30
Change Component Designator: OldDesignator=C? NewDesignator=C31
Change Component Designator: OldDesignator=C? NewDesignator=C32
Change Component Designator: OldDesignator=C? NewDesignator=C33
Change Component Designator: OldDesignator=C? NewDesignator=C34
Change Component Designator: OldDesignator=C? NewDesignator=C35
Change Component Designator: OldDesignator=C? NewDesignator=C36
Change Component Designator: OldDesignator=C? NewDesignator=C37
Change Component Designator: OldDesignator=C? NewDesignator=C38
Change Component Designator: OldDesignator=C? NewDesignator=C39
Change Component Designator: OldDesignator=C? NewDesignator=C40
Change Component Designator: OldDesignator=D8 NewDesignator=D2
Change Component Designator: OldDesignator=J6 NewDesignator=J5
Change Component Designator: OldDesignator=J8 NewDesignator=J7
Change Component Designator: OldDesignator=J? NewDesignator=J1
Change Component Designator: OldDesignator=J? NewDesignator=J2
Change Component Designator: OldDesignator=L6 NewDesignator=L1
Change Component Designator: OldDesignator=R? NewDesignator=R8
Change Component Designator: OldDesignator=R? NewDesignator=R9
Change Component Designator: OldDesignator=R? NewDesignator=R10
Change Component Designator: OldDesignator=R? NewDesignator=R11
Change Component Designator: OldDesignator=R? NewDesignator=R12
Change Component Designator: OldDesignator=R? NewDesignator=R13
Change Component Designator: OldDesignator=R? NewDesignator=R14
Change Component Designator: OldDesignator=R? NewDesignator=R15
Change Component Designator: OldDesignator=R? NewDesignator=R16
Change Component Designator: OldDesignator=R? NewDesignator=R17
Change Component Designator: OldDesignator=R? NewDesignator=R18
Change Component Designator: OldDesignator=R? NewDesignator=R19
Change Component Designator: OldDesignator=R? NewDesignator=R20
Change Component Designator: OldDesignator=R? NewDesignator=R21
Change Component Designator: OldDesignator=R? NewDesignator=R22
Change Component Designator: OldDesignator=R? NewDesignator=R23
Change Component Designator: OldDesignator=R? NewDesignator=R24
Change Component Designator: OldDesignator=R? NewDesignator=R25
Change Component Designator: OldDesignator=R? NewDesignator=R26
Change Component Designator: OldDesignator=R? NewDesignator=R27
Change Component Designator: OldDesignator=R? NewDesignator=R28
Change Component Designator: OldDesignator=R? NewDesignator=R29
Change Component Designator: OldDesignator=R? NewDesignator=R30
Change Component Designator: OldDesignator=R? NewDesignator=R31
Change Component Designator: OldDesignator=R? NewDesignator=R32
Change Component Designator: OldDesignator=R? NewDesignator=R33
Change Component Designator: OldDesignator=R? NewDesignator=R34
Change Component Designator: OldDesignator=R? NewDesignator=R35
Change Component Designator: OldDesignator=R? NewDesignator=R36
Change Component Designator: OldDesignator=R? NewDesignator=R37
Change Component Designator: OldDesignator=R? NewDesignator=R38
Change Component Designator: OldDesignator=R? NewDesignator=R39
Change Component Designator: OldDesignator=R? NewDesignator=R40
Change Component Designator: OldDesignator=R? NewDesignator=R41
Change Component Designator: OldDesignator=R? NewDesignator=R42
Change Component Designator: OldDesignator=R? NewDesignator=R43
Change Component Designator: OldDesignator=R? NewDesignator=R44
Change Component Designator: OldDesignator=R? NewDesignator=R45
Change Component Designator: OldDesignator=R? NewDesignator=R46
Change Component Designator: OldDesignator=R? NewDesignator=R47
Change Component Designator: OldDesignator=R? NewDesignator=R48
Change Component Designator: OldDesignator=R? NewDesignator=R49
Change Component Designator: OldDesignator=R? NewDesignator=R50
Change Component Designator: OldDesignator=R? NewDesignator=R51
Change Component Designator: OldDesignator=R? NewDesignator=R52
Change Component Designator: OldDesignator=R? NewDesignator=R53
Change Component Designator: OldDesignator=R? NewDesignator=R54
Change Component Designator: OldDesignator=R? NewDesignator=R55
Change Component Designator: OldDesignator=R? NewDesignator=R56
Change Component Designator: OldDesignator=R? NewDesignator=R57
Change Component Designator: OldDesignator=R? NewDesignator=R58
Change Component Designator: OldDesignator=R? NewDesignator=R59
Change Component Designator: OldDesignator=R? NewDesignator=R60
Change Component Designator: OldDesignator=R? NewDesignator=R61
Change Component Designator: OldDesignator=R? NewDesignator=R62
Change Component Designator: OldDesignator=R? NewDesignator=R63
Added Component: Designator=J6(PHOENIX_1729128)
Added Pin To Net: NetName=AGND Pin=C19-1
Added Pin To Net: NetName=AGND Pin=C20-2
Added Pin To Net: NetName=AGND Pin=C21-2
Added Pin To Net: NetName=AGND Pin=C22-1
Added Pin To Net: NetName=+5V_A Pin=C22-2
Added Pin To Net: NetName=AGND Pin=C23-1
Added Pin To Net: NetName=-5V_A Pin=C23-2
Added Pin To Net: NetName=AGND Pin=C26-1
Added Pin To Net: NetName=AGND Pin=C27-2
Added Pin To Net: NetName=AGND Pin=C28-2
Added Pin To Net: NetName=AGND Pin=C31-1
Added Pin To Net: NetName=AGND Pin=C32-2
Added Pin To Net: NetName=AGND Pin=C33-2
Added Pin To Net: NetName=AGND Pin=C34-1
Added Pin To Net: NetName=+5V_A Pin=C34-2
Added Pin To Net: NetName=AGND Pin=C35-1
Added Pin To Net: NetName=-5V_A Pin=C35-2
Added Pin To Net: NetName=AGND Pin=C38-1
Added Pin To Net: NetName=AGND Pin=C39-2
Added Pin To Net: NetName=AGND Pin=C40-2
Added Pin To Net: NetName=GND_ISO Pin=J2-2
Added Pin To Net: NetName=AGND Pin=J2-6
Added Pin To Net: NetName=AGND Pin=J2-7
Added Pin To Net: NetName=-5V_A Pin=J2-8
Added Pin To Net: NetName=-5V_A Pin=J2-9
Added Pin To Net: NetName=+5V_A Pin=J2-10
Added Pin To Net: NetName=+5V_A Pin=J2-11
Added Pin To Net: NetName=VIN Pin=J2-12
Added Pin To Net: NetName=VIN Pin=J2-13
Added Pin To Net: NetName=3.3V_ISO Pin=J2-15
Added Pin To Net: NetName=AGND Pin=J2-18
Added Pin To Net: NetName=AGND Pin=J2-19
Added Pin To Net: NetName=-5V_A Pin=J2-20
Added Pin To Net: NetName=-5V_A Pin=J2-21
Added Pin To Net: NetName=+5V_A Pin=J2-22
Added Pin To Net: NetName=+5V_A Pin=J2-23
Added Pin To Net: NetName=VIN Pin=J2-24
Added Pin To Net: NetName=VIN Pin=J2-25
Added Pin To Net: NetName=NetJ6_1 Pin=J6-1
Added Pin To Net: NetName=NetJ6_2 Pin=J6-2
Added Pin To Net: NetName=NetJ7_1 Pin=J7-1
Added Pin To Net: NetName=NetJ7_2 Pin=J7-2
Added Pin To Net: NetName=NetJ4_1 Pin=R9-2
Added Pin To Net: NetName=NetJ4_2 Pin=R15-2
Added Pin To Net: NetName=AGND Pin=R19-1
Added Pin To Net: NetName=AGND Pin=R20-2
Added Pin To Net: NetName=AGND Pin=R21-1
Added Pin To Net: NetName=AGND Pin=R33-1
Added Pin To Net: NetName=AGND Pin=R34-2
Added Pin To Net: NetName=AGND Pin=R35-1
Added Pin To Net: NetName=NetJ6_1 Pin=R37-2
Added Pin To Net: NetName=NetJ6_2 Pin=R43-2
Added Pin To Net: NetName=AGND Pin=R47-1
Added Pin To Net: NetName=AGND Pin=R48-2
Added Pin To Net: NetName=AGND Pin=R49-1
Added Pin To Net: NetName=NetJ7_1 Pin=R51-2
Added Pin To Net: NetName=NetJ7_2 Pin=R57-2
Added Pin To Net: NetName=AGND Pin=R61-1
Added Pin To Net: NetName=AGND Pin=R62-2
Added Pin To Net: NetName=AGND Pin=R63-1
Added Pin To Net: NetName=NetC112_1 Pin=U?-2
Added Pin To Net: NetName=-5V_A Pin=U?-4
Added Pin To Net: NetName=-5V_A Pin=U?-8
Change Net Name : Old Net Name=NetC112_1 New Net Name=NetC2_1
Change Net Name : Old Net Name=NetC118_1 New Net Name=NetC15_1
Change Net Name : Old Net Name=NetC131_1 New Net Name=NetC1_1
Change Net Name : Old Net Name=NetC136_2 New Net Name=NetC6_2
Change Net Name : Old Net Name=NetJ?_1 New Net Name=NetJ1_1
Change Net Name : Old Net Name=NetJ?_14 New Net Name=NetJ1_14
Added Pin To Net: NetName=NetC10_1 Pin=C10-1
Added Pin To Net: NetName=NetC10_1 Pin=L2-1
Added Pin To Net: NetName=NetC10_1 Pin=U?-1
Added Net: Name=NetC10_1
Added Pin To Net: NetName=NetC17_1 Pin=C17-1
Added Pin To Net: NetName=NetC17_1 Pin=R11-1
Added Pin To Net: NetName=NetC17_1 Pin=R12-1
Added Pin To Net: NetName=NetC17_1 Pin=U1-2
Added Net: Name=NetC17_1
Added Pin To Net: NetName=NetC17_2 Pin=C17-2
Added Pin To Net: NetName=NetC17_2 Pin=R12-2
Added Pin To Net: NetName=NetC17_2 Pin=R13-2
Added Pin To Net: NetName=NetC17_2 Pin=U1-1
Added Net: Name=NetC17_2
Added Pin To Net: NetName=NetC18_1 Pin=C18-1
Added Pin To Net: NetName=NetC18_1 Pin=R8-1
Added Pin To Net: NetName=NetC18_1 Pin=U1-7
Added Net: Name=NetC18_1
Added Pin To Net: NetName=NetC18_2 Pin=C18-2
Added Pin To Net: NetName=NetC18_2 Pin=R14-1
Added Pin To Net: NetName=NetC18_2 Pin=U1-6
Added Net: Name=NetC18_2
Added Pin To Net: NetName=NetC19_2 Pin=C19-2
Added Pin To Net: NetName=NetC19_2 Pin=R8-2
Added Pin To Net: NetName=NetC19_2 Pin=R13-1
Added Pin To Net: NetName=NetC19_2 Pin=R14-2
Added Pin To Net: NetName=NetC19_2 Pin=R20-1
Added Net: Name=NetC19_2
Added Pin To Net: NetName=NetC20_1 Pin=C20-1
Added Pin To Net: NetName=NetC20_1 Pin=R17-1
Added Pin To Net: NetName=NetC20_1 Pin=R19-2
Added Pin To Net: NetName=NetC20_1 Pin=U1-3
Added Net: Name=NetC20_1
Added Pin To Net: NetName=NetC21_1 Pin=C21-1
Added Pin To Net: NetName=NetC21_1 Pin=R18-1
Added Pin To Net: NetName=NetC21_1 Pin=R21-2
Added Pin To Net: NetName=NetC21_1 Pin=U1-5
Added Net: Name=NetC21_1
Added Pin To Net: NetName=NetC24_1 Pin=C24-1
Added Pin To Net: NetName=NetC24_1 Pin=R25-1
Added Pin To Net: NetName=NetC24_1 Pin=R26-1
Added Pin To Net: NetName=NetC24_1 Pin=U1-9
Added Net: Name=NetC24_1
Added Pin To Net: NetName=NetC24_2 Pin=C24-2
Added Pin To Net: NetName=NetC24_2 Pin=R26-2
Added Pin To Net: NetName=NetC24_2 Pin=R27-2
Added Pin To Net: NetName=NetC24_2 Pin=U1-8
Added Net: Name=NetC24_2
Added Pin To Net: NetName=NetC25_1 Pin=C25-1
Added Pin To Net: NetName=NetC25_1 Pin=R22-1
Added Pin To Net: NetName=NetC25_1 Pin=U1-14
Added Net: Name=NetC25_1
Added Pin To Net: NetName=NetC25_2 Pin=C25-2
Added Pin To Net: NetName=NetC25_2 Pin=R28-1
Added Pin To Net: NetName=NetC25_2 Pin=U1-12
Added Net: Name=NetC25_2
Added Pin To Net: NetName=NetC26_2 Pin=C26-2
Added Pin To Net: NetName=NetC26_2 Pin=R22-2
Added Pin To Net: NetName=NetC26_2 Pin=R27-1
Added Pin To Net: NetName=NetC26_2 Pin=R28-2
Added Pin To Net: NetName=NetC26_2 Pin=R34-1
Added Net: Name=NetC26_2
Added Pin To Net: NetName=NetC27_1 Pin=C27-1
Added Pin To Net: NetName=NetC27_1 Pin=R31-1
Added Pin To Net: NetName=NetC27_1 Pin=R33-2
Added Pin To Net: NetName=NetC27_1 Pin=U1-10
Added Net: Name=NetC27_1
Added Pin To Net: NetName=NetC28_1 Pin=C28-1
Added Pin To Net: NetName=NetC28_1 Pin=R32-1
Added Pin To Net: NetName=NetC28_1 Pin=R35-2
Added Pin To Net: NetName=NetC28_1 Pin=U1-13
Added Net: Name=NetC28_1
Added Pin To Net: NetName=NetC29_1 Pin=C29-1
Added Pin To Net: NetName=NetC29_1 Pin=R39-1
Added Pin To Net: NetName=NetC29_1 Pin=R40-1
Added Pin To Net: NetName=NetC29_1 Pin=U2-2
Added Net: Name=NetC29_1
Added Pin To Net: NetName=NetC29_2 Pin=C29-2
Added Pin To Net: NetName=NetC29_2 Pin=R40-2
Added Pin To Net: NetName=NetC29_2 Pin=R41-2
Added Pin To Net: NetName=NetC29_2 Pin=U2-1
Added Net: Name=NetC29_2
Added Pin To Net: NetName=NetC30_1 Pin=C30-1
Added Pin To Net: NetName=NetC30_1 Pin=R36-1
Added Pin To Net: NetName=NetC30_1 Pin=U2-7
Added Net: Name=NetC30_1
Added Pin To Net: NetName=NetC30_2 Pin=C30-2
Added Pin To Net: NetName=NetC30_2 Pin=R42-1
Added Pin To Net: NetName=NetC30_2 Pin=U2-5
Added Net: Name=NetC30_2
Added Pin To Net: NetName=NetC31_2 Pin=C31-2
Added Pin To Net: NetName=NetC31_2 Pin=R36-2
Added Pin To Net: NetName=NetC31_2 Pin=R41-1
Added Pin To Net: NetName=NetC31_2 Pin=R42-2
Added Pin To Net: NetName=NetC31_2 Pin=R48-1
Added Net: Name=NetC31_2
Added Pin To Net: NetName=NetC32_1 Pin=C32-1
Added Pin To Net: NetName=NetC32_1 Pin=R45-1
Added Pin To Net: NetName=NetC32_1 Pin=R47-2
Added Pin To Net: NetName=NetC32_1 Pin=U2-3
Added Net: Name=NetC32_1
Added Pin To Net: NetName=NetC33_1 Pin=C33-1
Added Pin To Net: NetName=NetC33_1 Pin=R46-1
Added Pin To Net: NetName=NetC33_1 Pin=R49-2
Added Pin To Net: NetName=NetC33_1 Pin=U2-6
Added Net: Name=NetC33_1
Added Pin To Net: NetName=NetC36_1 Pin=C36-1
Added Pin To Net: NetName=NetC36_1 Pin=R53-1
Added Pin To Net: NetName=NetC36_1 Pin=R54-1
Added Pin To Net: NetName=NetC36_1 Pin=U2-9
Added Net: Name=NetC36_1
Added Pin To Net: NetName=NetC36_2 Pin=C36-2
Added Pin To Net: NetName=NetC36_2 Pin=R54-2
Added Pin To Net: NetName=NetC36_2 Pin=R55-2
Added Pin To Net: NetName=NetC36_2 Pin=U2-8
Added Net: Name=NetC36_2
Added Pin To Net: NetName=NetC37_1 Pin=C37-1
Added Pin To Net: NetName=NetC37_1 Pin=R50-1
Added Pin To Net: NetName=NetC37_1 Pin=U2-14
Added Net: Name=NetC37_1
Added Pin To Net: NetName=NetC37_2 Pin=C37-2
Added Pin To Net: NetName=NetC37_2 Pin=R56-1
Added Pin To Net: NetName=NetC37_2 Pin=U2-12
Added Net: Name=NetC37_2
Added Pin To Net: NetName=NetC38_2 Pin=C38-2
Added Pin To Net: NetName=NetC38_2 Pin=R50-2
Added Pin To Net: NetName=NetC38_2 Pin=R55-1
Added Pin To Net: NetName=NetC38_2 Pin=R56-2
Added Pin To Net: NetName=NetC38_2 Pin=R62-1
Added Net: Name=NetC38_2
Added Pin To Net: NetName=NetC39_1 Pin=C39-1
Added Pin To Net: NetName=NetC39_1 Pin=R59-1
Added Pin To Net: NetName=NetC39_1 Pin=R61-2
Added Pin To Net: NetName=NetC39_1 Pin=U2-10
Added Net: Name=NetC39_1
Added Pin To Net: NetName=NetC40_1 Pin=C40-1
Added Pin To Net: NetName=NetC40_1 Pin=R60-1
Added Pin To Net: NetName=NetC40_1 Pin=R63-2
Added Pin To Net: NetName=NetC40_1 Pin=U2-13
Added Net: Name=NetC40_1
Added Pin To Net: NetName=NetJ2_1 Pin=J2-1
Added Net: Name=NetJ2_1
Added Pin To Net: NetName=NetJ2_14 Pin=J2-14
Added Net: Name=NetJ2_14
Added Pin To Net: NetName=NetJ5_1 Pin=J5-1
Added Pin To Net: NetName=NetJ5_1 Pin=R23-2
Added Net: Name=NetJ5_1
Added Pin To Net: NetName=NetJ5_2 Pin=J5-2
Added Pin To Net: NetName=NetJ5_2 Pin=R29-2
Added Net: Name=NetJ5_2
Added Pin To Net: NetName=NetR1_2 Pin=U?-6
Added Net: Name=NetR1_2
Added Pin To Net: NetName=NetR2_2 Pin=U?-5
Added Net: Name=NetR2_2
Added Pin To Net: NetName=NetR5_2 Pin=U?-6
Added Net: Name=NetR5_2
Added Pin To Net: NetName=NetR6_2 Pin=U?-5
Added Net: Name=NetR6_2
Added Pin To Net: NetName=NetR9_1 Pin=R9-1
Added Pin To Net: NetName=NetR9_1 Pin=R10-2
Added Net: Name=NetR9_1
Added Pin To Net: NetName=NetR10_1 Pin=R10-1
Added Pin To Net: NetName=NetR10_1 Pin=R11-2
Added Net: Name=NetR10_1
Added Pin To Net: NetName=NetR15_1 Pin=R15-1
Added Pin To Net: NetName=NetR15_1 Pin=R16-2
Added Net: Name=NetR15_1
Added Pin To Net: NetName=NetR16_1 Pin=R16-1
Added Pin To Net: NetName=NetR16_1 Pin=R17-2
Added Net: Name=NetR16_1
Added Pin To Net: NetName=NetR18_2 Pin=R18-2
Added Pin To Net: NetName=NetR18_2 Pin=R32-2
Added Pin To Net: NetName=NetR18_2 Pin=R46-2
Added Pin To Net: NetName=NetR18_2 Pin=R60-2
Added Net: Name=NetR18_2
Added Pin To Net: NetName=NetR23_1 Pin=R23-1
Added Pin To Net: NetName=NetR23_1 Pin=R24-2
Added Net: Name=NetR23_1
Added Pin To Net: NetName=NetR24_1 Pin=R24-1
Added Pin To Net: NetName=NetR24_1 Pin=R25-2
Added Net: Name=NetR24_1
Added Pin To Net: NetName=NetR29_1 Pin=R29-1
Added Pin To Net: NetName=NetR29_1 Pin=R30-2
Added Net: Name=NetR29_1
Added Pin To Net: NetName=NetR30_1 Pin=R30-1
Added Pin To Net: NetName=NetR30_1 Pin=R31-2
Added Net: Name=NetR30_1
Added Pin To Net: NetName=NetR37_1 Pin=R37-1
Added Pin To Net: NetName=NetR37_1 Pin=R38-2
Added Net: Name=NetR37_1
Added Pin To Net: NetName=NetR38_1 Pin=R38-1
Added Pin To Net: NetName=NetR38_1 Pin=R39-2
Added Net: Name=NetR38_1
Added Pin To Net: NetName=NetR43_1 Pin=R43-1
Added Pin To Net: NetName=NetR43_1 Pin=R44-2
Added Net: Name=NetR43_1
Added Pin To Net: NetName=NetR44_1 Pin=R44-1
Added Pin To Net: NetName=NetR44_1 Pin=R45-2
Added Net: Name=NetR44_1
Added Pin To Net: NetName=NetR51_1 Pin=R51-1
Added Pin To Net: NetName=NetR51_1 Pin=R52-2
Added Net: Name=NetR51_1
Added Pin To Net: NetName=NetR52_1 Pin=R52-1
Added Pin To Net: NetName=NetR52_1 Pin=R53-2
Added Net: Name=NetR52_1
Added Pin To Net: NetName=NetR57_1 Pin=R57-1
Added Pin To Net: NetName=NetR57_1 Pin=R58-2
Added Net: Name=NetR57_1
Added Pin To Net: NetName=NetR58_1 Pin=R58-1
Added Pin To Net: NetName=NetR58_1 Pin=R59-2
Added Net: Name=NetR58_1
Added Class: Name=pqm_v2_page1
Added Class: Name=pqm_v2_page3
Added Room: Name=pqm_v2_page1
Added Room: Name=pqm_v2_page3
