Removed Pin From Net: NetName=AGND Pin=J1-6
Removed Pin From Net: NetName=AGND Pin=J1-7
Removed Pin From Net: NetName=+5V_A Pin=J1-10
Removed Pin From Net: NetName=+5V_A Pin=J1-11
Removed Pin From Net: NetName=VIN Pin=J1-12
Removed Pin From Net: NetName=VIN Pin=J1-13
Removed Pin From Net: NetName=AGND Pin=J1-18
Removed Pin From Net: NetName=AGND Pin=J1-19
Removed Pin From Net: NetName=+5V_A Pin=J1-22
Removed Pin From Net: NetName=+5V_A Pin=J1-23
Removed Pin From Net: NetName=VIN Pin=J1-24
Removed Pin From Net: NetName=VIN Pin=J1-25
Removed Pin From Net: NetName=EARTH Pin=J1-26
Removed Pin From Net: NetName=EARTH Pin=J1-27
Removed Pin From Net: NetName=AGND Pin=J2-6
Removed Pin From Net: NetName=AGND Pin=J2-7
Removed Pin From Net: NetName=+5V_A Pin=J2-10
Removed Pin From Net: NetName=+5V_A Pin=J2-11
Removed Pin From Net: NetName=VIN Pin=J2-12
Removed Pin From Net: NetName=VIN Pin=J2-13
Removed Pin From Net: NetName=3.3V_ISO Pin=J2-15
Removed Pin From Net: NetName=AGND Pin=J2-18
Removed Pin From Net: NetName=AGND Pin=J2-19
Removed Pin From Net: NetName=+5V_A Pin=J2-22
Removed Pin From Net: NetName=+5V_A Pin=J2-23
Removed Pin From Net: NetName=VIN Pin=J2-24
Removed Pin From Net: NetName=VIN Pin=J2-25
Change Component DesignItemId : Designator=J1 Old DesignItemId=787202-3 New DesignItemId=788781-1
Change Component DesignItemId : Designator=J2 Old DesignItemId=787202-3 New DesignItemId=788781-1
Change Component Comment : Designator=J1 Old Comment=CON_DB_25 New Comment=CON_DB_15
Change Component Comment : Designator=J2 Old Comment=CON_DB_25 New Comment=CON_DB_15
Change Component Description : Designator=J1 Old Description=Receptacle Assembly, Size 3, 25 Position, Right Angle, .318 Series, Amplimite New Description=Receptacle Assembly, 15 Position, Right Angle, 8.08mm Series, Amplimite, with Screwlocks
Change Component Description : Designator=J2 Old Description=Receptacle Assembly, Size 3, 25 Position, Right Angle, .318 Series, Amplimite New Description=Receptacle Assembly, 15 Position, Right Angle, 8.08mm Series, Amplimite, with Screwlocks
Added Pin To Net: NetName=AGND Pin=J1-4
Added Pin To Net: NetName=AGND Pin=J1-5
Added Pin To Net: NetName=+5V_A Pin=J1-6
Added Pin To Net: NetName=VIN Pin=J1-7
Added Pin To Net: NetName=VIN Pin=J1-8
Added Pin To Net: NetName=AGND Pin=J1-12
Added Pin To Net: NetName=+5V_A Pin=J1-13
Added Pin To Net: NetName=+5V_A Pin=J1-14
Added Pin To Net: NetName=VIN Pin=J1-15
Added Pin To Net: NetName=EARTH Pin=J1-16
Added Pin To Net: NetName=EARTH Pin=J1-17
Added Pin To Net: NetName=AGND Pin=J2-4
Added Pin To Net: NetName=AGND Pin=J2-5
Added Pin To Net: NetName=+5V_A Pin=J2-6
Added Pin To Net: NetName=VIN Pin=J2-7
Added Pin To Net: NetName=VIN Pin=J2-8
Added Pin To Net: NetName=3.3V_ISO Pin=J2-10
Added Pin To Net: NetName=AGND Pin=J2-12
Added Pin To Net: NetName=+5V_A Pin=J2-13
Added Pin To Net: NetName=+5V_A Pin=J2-14
Added Pin To Net: NetName=VIN Pin=J2-15
Added Pin To Net: NetName=EARTH Pin=J2-16
Added Pin To Net: NetName=EARTH Pin=J2-17
Added Pin To Net: NetName=NetJ2_9 Pin=J2-9
Added Net: Name=NetJ2_9
Added Room: Name=pqm_v2_page3
