Replace Part C1 CAP_C3216X7R2J103K115AA_TDK in D:\Carugati\Dropbox\WorkSpace_Altium\pqm_v2\pqm_v2_page1.SchDoc with CAP_C3216X7R2J103K115AA_TDK from pqm_v2_lib_cap.SchLib
Replace Part C2 CAP_EEE-1HA470XP_PANASONIC in D:\Carugati\Dropbox\WorkSpace_Altium\pqm_v2\pqm_v2_page1.SchDoc with CAP_EEE-1HA470XP_PANASONIC from pqm_v2_lib_cap.SchLib
Replace Part C3 CAP_C3216X7R1E105M085AA_TDK in D:\Carugati\Dropbox\WorkSpace_Altium\pqm_v2\pqm_v2_page1.SchDoc with CAP_C3216X7R1E105M085AA_TDK from pqm_v2_lib_cap.SchLib
Replace Part C4 CAP_C3216X7R1E105M085AA_TDK in D:\Carugati\Dropbox\WorkSpace_Altium\pqm_v2\pqm_v2_page1.SchDoc with CAP_C3216X7R1E105M085AA_TDK from pqm_v2_lib_cap.SchLib
Replace Part C5 CAP_EEU-FC1E121_PANASONIC in D:\Carugati\Dropbox\WorkSpace_Altium\pqm_v2\pqm_v2_page1.SchDoc with CAP_EEU-FC1E121_PANASONIC from pqm_v2_lib_cap.SchLib
Replace Part C6 CAP_EEU-FC1E121_PANASONIC in D:\Carugati\Dropbox\WorkSpace_Altium\pqm_v2\pqm_v2_page1.SchDoc with CAP_EEU-FC1E121_PANASONIC from pqm_v2_lib_cap.SchLib
Replace Part C7 CAP_C3216X7R1E105M085AA_TDK in D:\Carugati\Dropbox\WorkSpace_Altium\pqm_v2\pqm_v2_page1.SchDoc with CAP_C3216X7R1E105M085AA_TDK from pqm_v2_lib_cap.SchLib
Replace Part C14 CAP_CC0805KRX7R8BB104_YAGEO in D:\Carugati\Dropbox\WorkSpace_Altium\pqm_v2\pqm_v2_page1.SchDoc with CAP_CC0805KRX7R8BB104_YAGEO from pqm_v2_lib_cap.SchLib
Replace Part C26 CAP_C3216X7R1E105M085AA_TDK in D:\Carugati\Dropbox\WorkSpace_Altium\pqm_v2\pqm_v2_page1.SchDoc with CAP_C3216X7R1E105M085AA_TDK from pqm_v2_lib_cap.SchLib
Replace Part C32 CAP_C3216X7R1E105M085AA_TDK in D:\Carugati\Dropbox\WorkSpace_Altium\pqm_v2\pqm_v2_page1.SchDoc with CAP_C3216X7R1E105M085AA_TDK from pqm_v2_lib_cap.SchLib
Replace Part C33 CAP_CC1206KKX7R7BB225_YAGEO in D:\Carugati\Dropbox\WorkSpace_Altium\pqm_v2\pqm_v2_page1.SchDoc with CAP_CC1206KKX7R7BB225_YAGEO from pqm_v2_lib_cap.SchLib
Replace Part C34 CAP_CC0805KKX7R7BB105_YAGEO in D:\Carugati\Dropbox\WorkSpace_Altium\pqm_v2\pqm_v2_page1.SchDoc with CAP_CC0805KKX7R7BB105_YAGEO from pqm_v2_lib_cap.SchLib
Replace Part D1 DIO_SK36_MICROCOM in D:\Carugati\Dropbox\WorkSpace_Altium\pqm_v2\pqm_v2_page1.SchDoc with DIO_SK36_MICROCOM from pqm_v2_lib_diodos.SchLib
Replace Part D8 LED0 in D:\Carugati\Dropbox\WorkSpace_Altium\pqm_v2\pqm_v2_page1.SchDoc with LED0 from pqm_v2_lib_diodos.SchLib
Replace Part J1 788781-1 in D:\Carugati\Dropbox\WorkSpace_Altium\pqm_v2\pqm_v2_page1.SchDoc with 788781-1 from pqm_v2_lib_connectors.SchLib
Replace Part J2 788781-1 in D:\Carugati\Dropbox\WorkSpace_Altium\pqm_v2\pqm_v2_page1.SchDoc with 788781-1 from pqm_v2_lib_connectors.SchLib
Replace Part L1 MAG_SRR1005-100M_BOURNS in D:\Carugati\Dropbox\WorkSpace_Altium\pqm_v2\pqm_v2_page1.SchDoc with MAG_SRR1005-100M_BOURNS from pqm_v2_lib_mag.SchLib
Replace Part L2 MAG_CM453232-100KLCT_BOURNS in D:\Carugati\Dropbox\WorkSpace_Altium\pqm_v2\pqm_v2_page1.SchDoc with MAG_CM453232-100KLCT_BOURNS from pqm_v2_lib_mag.SchLib
Replace Part R1 RES_ERJ-8ENF2551V_Panasonic in D:\Carugati\Dropbox\WorkSpace_Altium\pqm_v2\pqm_v2_page1.SchDoc with RES_ERJ-8ENF2551V_Panasonic from pqm_v2_lib_res.SchLib
Replace Part R2 RES_ERJ-8GEYJ822V_Panasonic in D:\Carugati\Dropbox\WorkSpace_Altium\pqm_v2\pqm_v2_page1.SchDoc with RES_ERJ-8GEYJ822V_Panasonic from pqm_v2_lib_res.SchLib
Replace Part R3 RES_ERJ-8ENF7321V_Panasonic in D:\Carugati\Dropbox\WorkSpace_Altium\pqm_v2\pqm_v2_page1.SchDoc with RES_ERJ-8ENF7321V_Panasonic from pqm_v2_lib_res.SchLib
Replace Part R60 RES_RC1206FR-0710KL_Yageo in D:\Carugati\Dropbox\WorkSpace_Altium\pqm_v2\pqm_v2_page1.SchDoc with RES_RC1206FR-0710KL_Yageo from pqm_v2_lib_res.SchLib
Replace Part R102 RES_RC0805JR-07330RL_YAGEO in D:\Carugati\Dropbox\WorkSpace_Altium\pqm_v2\pqm_v2_page1.SchDoc with RES_RC0805JR-07330RL_YAGEO from pqm_v2_lib_res.SchLib
Replace Part U1 IC_LM22673TJ-ADJ in D:\Carugati\Dropbox\WorkSpace_Altium\pqm_v2\pqm_v2_page1.SchDoc with IC_LM22673TJ-ADJ from pqm_v2_lib_ic.SchLib
Replace Part U2 IC_DCR010503U_TI in D:\Carugati\Dropbox\WorkSpace_Altium\pqm_v2\pqm_v2_page1.SchDoc with IC_DCR010503U_TI from pqm_v2_lib_ic.SchLib
