Removed Pin From Net: NetName=VL3 Pin=J26-1
Removed Pin From Net: NetName=AGND Pin=J26-2
Added Component: Designator=J26(RAD2)
Added Component: Designator=J?(HDRX9)
Added Pin To Net: NetName=VL3 Pin=J26-1
Added Pin To Net: NetName=AGND Pin=J26-2
Added Pin To Net: NetName=AGND Pin=J?-1
Added Pin To Net: NetName=VL1 Pin=J?-2
Added Pin To Net: NetName=VL2 Pin=J?-3
Added Pin To Net: NetName=VL3 Pin=J?-4
Added Pin To Net: NetName=VL4 Pin=J?-5
Added Pin To Net: NetName=NetJ3_7 Pin=J3-7
Added Pin To Net: NetName=NetJ3_7 Pin=J?-9
Added Net: Name=NetJ3_7
Added Pin To Net: NetName=NetJ3_9 Pin=J3-9
Added Pin To Net: NetName=NetJ3_9 Pin=J?-8
Added Net: Name=NetJ3_9
Added Pin To Net: NetName=NetJ3_11 Pin=J3-11
Added Pin To Net: NetName=NetJ3_11 Pin=J?-7
Added Net: Name=NetJ3_11
Added Pin To Net: NetName=NetJ3_13 Pin=J3-13
Added Pin To Net: NetName=NetJ3_13 Pin=J?-6
Added Net: Name=NetJ3_13
Added Member To Class: ClassName=pqm_v2_page3 Member=Component J26 CON_RADX2
Added Member To Class: ClassName=pqm_v2_page2 Member=Component J? COM_HeaderX9
