Removed Pin From Net: NetName=TCK Pin=J3-48
Removed Pin From Net: NetName=TMS Pin=J3-49
Removed Pin From Net: NetName=TDI Pin=J3-97
Removed Pin From Net: NetName=TDO Pin=J3-98
Removed Pin From Net: NetName=TMS Pin=J5-1
Removed Pin From Net: NetName=TDI Pin=J5-3
Removed Pin From Net: NetName=TDO Pin=J5-7
Removed Pin From Net: NetName=TCK Pin=J5-9
Removed Pin From Net: NetName=TCK Pin=J5-11
Added Pin To Net: NetName=TCK_DSP Pin=J3-48
Added Pin To Net: NetName=TCK_DSP Pin=J5-9
Added Pin To Net: NetName=TCK_DSP Pin=J5-11
Added Net: Name=TCK_DSP
Added Pin To Net: NetName=TDI_DSP Pin=J3-97
Added Pin To Net: NetName=TDI_DSP Pin=J5-3
Added Net: Name=TDI_DSP
Added Pin To Net: NetName=TDO_DSP Pin=J3-98
Added Pin To Net: NetName=TDO_DSP Pin=J5-7
Added Net: Name=TDO_DSP
Added Pin To Net: NetName=TMS_DSP Pin=J3-49
Added Pin To Net: NetName=TMS_DSP Pin=J5-1
Added Net: Name=TMS_DSP
Added Room: Name=pqm_v2_page1
Added Room: Name=pqm_v2_page2
Added Room: Name=pqm_v2_page3
Added Room: Name=pqm_v2_page4
