Removed Pin From Net: NetName=DAC0 Pin=J9-1
Removed Pin From Net: NetName=DAC1 Pin=J9-2
Removed Pin From Net: NetName=GND_ISO Pin=J9-3
Removed Pin From Net: NetName=3.3V_ISO Pin=J11-33
Removed Pin From Net: NetName=3.3V_ISO Pin=J11-34
Removed Pin From Net: NetName=GPIO3 Pin=J11-35
Removed Pin From Net: NetName=GPIO2 Pin=J11-36
Removed Pin From Net: NetName=I2C_TWD0 Pin=J11-37
Removed Pin From Net: NetName=I2C_TCLK0 Pin=J11-38
Removed Pin From Net: NetName=GND_ISO Pin=J11-39
Removed Pin From Net: NetName=SD_MCDA0 Pin=J11-40
Removed Pin From Net: NetName=SD_MCCDA Pin=J11-41
Removed Pin From Net: NetName=SD_MCCK Pin=J11-42
Removed Pin From Net: NetName=SD_MCDA1 Pin=J11-43
Removed Pin From Net: NetName=SD_MCDA3 Pin=J11-44
Removed Pin From Net: NetName=SD_MCDA2 Pin=J11-45
Removed Pin From Net: NetName=SD_CD Pin=J11-46
Removed Pin From Net: NetName=SPI_NPCS3 Pin=J11-47
Removed Pin From Net: NetName=GND_ISO Pin=J11-48
Removed Pin From Net: NetName=SPI_NPCS0 Pin=J11-49
Removed Pin From Net: NetName=SPI_MISO Pin=J11-50
Removed Pin From Net: NetName=SPI_MOSI Pin=J11-51
Removed Pin From Net: NetName=SPI_SPCK Pin=J11-52
Removed Pin From Net: NetName=GPIO1 Pin=J11-53
Removed Pin From Net: NetName=GPIO0 Pin=J11-54
Removed Pin From Net: NetName=GND_ISO Pin=J11-55
Removed Pin From Net: NetName=GND_ISO Pin=J11-56
Removed Pin From Net: NetName=AD3 Pin=J11-57
Removed Pin From Net: NetName=AD9 Pin=J11-58
Removed Pin From Net: NetName=AD2 Pin=J11-59
Removed Pin From Net: NetName=AD8 Pin=J11-60
Removed Pin From Net: NetName=AD1 Pin=J11-61
Removed Pin From Net: NetName=AD0 Pin=J11-62
Removed Pin From Net: NetName=AD5 Pin=J11-63
Removed Pin From Net: NetName=AD4 Pin=J11-64
Removed Pin From Net: NetName=GND_ISO Pin=J11-65
Removed Pin From Net: NetName=GND_ISO Pin=J11-66
Removed Member From Class: ClassName=pqm_v2_page2 Member=J9
Added Pin To Net: NetName=3.3V_ISO Pin=J11-31
Added Pin To Net: NetName=3.3V_ISO Pin=J11-32
Added Pin To Net: NetName=GPIO3 Pin=J11-33
Added Pin To Net: NetName=GPIO2 Pin=J11-34
Added Pin To Net: NetName=I2C_TWD0 Pin=J11-35
Added Pin To Net: NetName=I2C_TCLK0 Pin=J11-36
Added Pin To Net: NetName=GND_ISO Pin=J11-37
Added Pin To Net: NetName=SD_MCDA0 Pin=J11-38
Added Pin To Net: NetName=SD_MCCDA Pin=J11-39
Added Pin To Net: NetName=SD_MCCK Pin=J11-40
Added Pin To Net: NetName=SD_MCDA1 Pin=J11-41
Added Pin To Net: NetName=SD_MCDA3 Pin=J11-42
Added Pin To Net: NetName=SD_MCDA2 Pin=J11-43
Added Pin To Net: NetName=SD_CD Pin=J11-44
Added Pin To Net: NetName=SPI_NPCS3 Pin=J11-45
Added Pin To Net: NetName=GND_ISO Pin=J11-46
Added Pin To Net: NetName=SPI_NPCS0 Pin=J11-47
Added Pin To Net: NetName=SPI_MISO Pin=J11-48
Added Pin To Net: NetName=SPI_MOSI Pin=J11-49
Added Pin To Net: NetName=SPI_SPCK Pin=J11-50
Added Pin To Net: NetName=GPIO1 Pin=J11-51
Added Pin To Net: NetName=GPIO0 Pin=J11-52
Added Pin To Net: NetName=GND_ISO Pin=J11-53
Added Pin To Net: NetName=GND_ISO Pin=J11-54
Added Pin To Net: NetName=AD3 Pin=J11-55
Added Pin To Net: NetName=AD9 Pin=J11-56
Added Pin To Net: NetName=AD2 Pin=J11-57
Added Pin To Net: NetName=AD8 Pin=J11-58
Added Pin To Net: NetName=AD1 Pin=J11-59
Added Pin To Net: NetName=AD0 Pin=J11-60
Added Pin To Net: NetName=AD5 Pin=J11-61
Added Pin To Net: NetName=AD4 Pin=J11-62
Added Pin To Net: NetName=GND_ISO Pin=J11-63
Added Pin To Net: NetName=GND_ISO Pin=J11-64
Added Pin To Net: NetName=DAC1 Pin=J11-65
Added Pin To Net: NetName=DAC0 Pin=J11-66
Added Room: Name=pqm_v2_page1
Added Room: Name=pqm_v2_page2
Added Room: Name=pqm_v2_page3
Added Room: Name=pqm_v2_page4
