Removed Pin From Net: NetName=NetC59_1 Pin=C64-2
Removed Pin From Net: NetName=AGND Pin=J3-8
Removed Pin From Net: NetName=AGND Pin=J3-10
Removed Pin From Net: NetName=AGND Pin=J3-12
Removed Pin From Net: NetName=AGND Pin=J3-14
Removed Pin From Net: NetName=VL4 Pin=J3-15
Removed Pin From Net: NetName=VL3 Pin=J3-17
Removed Pin From Net: NetName=VL2 Pin=J3-19
Removed Pin From Net: NetName=VL1 Pin=J3-21
Removed Pin From Net: NetName=VL1 Pin=J19-1
Removed Pin From Net: NetName=AGND Pin=J19-2
Removed Pin From Net: NetName=VL4 Pin=J21-1
Removed Pin From Net: NetName=AGND Pin=J21-2
Removed Pin From Net: NetName=VL2 Pin=J23-1
Removed Pin From Net: NetName=AGND Pin=J23-2
Removed Pin From Net: NetName=VL3 Pin=J26-1
Removed Pin From Net: NetName=AGND Pin=J26-2
Removed Pin From Net: NetName=AGND Pin=J?-1
Removed Pin From Net: NetName=VL1 Pin=J?-2
Removed Pin From Net: NetName=VL2 Pin=J?-3
Removed Pin From Net: NetName=VL3 Pin=J?-4
Removed Pin From Net: NetName=VL4 Pin=J?-5
Removed Pin From Net: NetName=NetC59_1 Pin=U11-8
Removed Pin From Net: NetName=NetC59_1 Pin=U11-12
Removed Pin From Net: NetName=NetC59_1 Pin=U11-24
Removed Pin From Net: NetName=NetC59_1 Pin=U11-54
Removed Member From Class: ClassName=pqm_v2_page2 Member=C49
Removed Member From Class: ClassName=pqm_v2_page2 Member=C50
Removed Member From Class: ClassName=pqm_v2_page2 Member=C51
Removed Member From Class: ClassName=pqm_v2_page2 Member=C52
Removed Member From Class: ClassName=pqm_v2_page2 Member=C53
Removed Member From Class: ClassName=pqm_v2_page2 Member=J3
Removed Member From Class: ClassName=pqm_v2_page2 Member=J5
Removed Member From Class: ClassName=pqm_v2_page3 Member=J19
Removed Member From Class: ClassName=pqm_v2_page3 Member=J21
Removed Member From Class: ClassName=pqm_v2_page3 Member=J23
Removed Member From Class: ClassName=pqm_v2_page2 Member=J?
Added Pin To Net: NetName=UART0_TX Pin=J2-8
Added Pin To Net: NetName=UART0_RX Pin=J2-15
Added Pin To Net: NetName=UART0_RX Pin=U11-5
Added Pin To Net: NetName=UART0_TX Pin=U11-6
Added Pin To Net: NetName=NetC64_2 Pin=C64-2
Added Pin To Net: NetName=NetC64_2 Pin=U11-8
Added Pin To Net: NetName=NetC64_2 Pin=U11-12
Added Pin To Net: NetName=NetC64_2 Pin=U11-24
Added Pin To Net: NetName=NetC64_2 Pin=U11-54
Added Net: Name=NetC64_2
Added Pin To Net: NetName=NetJ3_15 Pin=J3-15
Added Pin To Net: NetName=NetJ3_15 Pin=J?-5
Added Net: Name=NetJ3_15
Added Pin To Net: NetName=NetJ3_17 Pin=J3-17
Added Pin To Net: NetName=NetJ3_17 Pin=J?-4
Added Net: Name=NetJ3_17
Added Pin To Net: NetName=NetJ3_19 Pin=J3-19
Added Pin To Net: NetName=NetJ3_19 Pin=J?-3
Added Net: Name=NetJ3_19
Added Pin To Net: NetName=NetJ3_21 Pin=J3-21
Added Pin To Net: NetName=NetJ3_21 Pin=J?-2
Added Net: Name=NetJ3_21
Change Class Name : Old Net Name=pqm_v2_page2 New Net Name=pqm_v2_page5
Added Class: Name=pqm_v2_page2
