Removed Member From Class: ClassName=pqm_v2_page1 Member=*
Added Component: Designator=C?(CAPC2013X110N)
Added Component: Designator=C?(CAPC2013X110N)
Added Component: Designator=C?(CAPC2013X110N)
Added Component: Designator=C?(CAPC2013X110N)
Added Component: Designator=C?(CAPC2013X110N)
Added Component: Designator=D?(SOD2512X097N)
Added Component: Designator=D?(SOD2512X097N)
Added Pin To Net: NetName=GND_ISO Pin=C?-2
Added Pin To Net: NetName=GND_ISO Pin=C?-2
Added Pin To Net: NetName=GND_ISO Pin=C?-2
Added Pin To Net: NetName=GND_ISO Pin=C?-2
Added Pin To Net: NetName=GND_ISO Pin=C?-2
Added Pin To Net: NetName=3.3V_ISO Pin=D?-2
Added Pin To Net: NetName=NetC?_1 Pin=C?-1
Added Pin To Net: NetName=NetC?_1 Pin=C?-1
Added Pin To Net: NetName=NetC?_1 Pin=C?-1
Added Pin To Net: NetName=NetC?_1 Pin=C?-1
Added Pin To Net: NetName=NetC?_1 Pin=C?-1
Added Pin To Net: NetName=NetC?_1 Pin=D?-1
Added Pin To Net: NetName=NetC?_1 Pin=D?-1
Added Pin To Net: NetName=NetC?_1 Pin=U11-7
Added Pin To Net: NetName=NetC?_1 Pin=U11-18
Added Pin To Net: NetName=NetC?_1 Pin=U11-45
Added Pin To Net: NetName=NetC?_1 Pin=U11-58
Added Net: Name=NetC?_1
Added Class: Name=pqm_v2_page2
Added Member To Class: ClassName=pqm_v2_page1 Member=Component U1 IC_LM22673TJ-ADJ
Added Room: Name=pqm_v2_page1
Added Room: Name=pqm_v2_page2
Added Room: Name=pqm_v2_page3
Added Room: Name=pqm_v2_page4
