Removed Pin From Net: NetName=SPI_MISO Pin=J10-2
Removed Pin From Net: NetName=SPI_MOSI Pin=J10-4
Removed Pin From Net: NetName=SPI_SPCK Pin=J10-6
Removed Pin From Net: NetName=SPI_NPCS0 Pin=J10-8
Removed Pin From Net: NetName=USB_DDM Pin=J11-42
Removed Pin From Net: NetName=USB_DDP Pin=J11-43
Removed Pin From Net: NetName=I2C_TCLK0 Pin=J11-55
Removed Pin From Net: NetName=I2C_TWD0 Pin=J11-56
Removed Pin From Net: NetName=GND_ISO Pin=J11-63
Removed Pin From Net: NetName=SD_CD Pin=J11-64
Removed Pin From Net: NetName=SD_MCDA2 Pin=J11-65
Removed Pin From Net: NetName=SD_MCDA3 Pin=J11-66
Removed Pin From Net: NetName=SD_MCCDA Pin=J11-67
Removed Pin From Net: NetName=SD_MCCK Pin=J11-68
Removed Pin From Net: NetName=SD_MCDA0 Pin=J11-69
Removed Pin From Net: NetName=SD_MCDA1 Pin=J11-70
Removed Member From Class: ClassName=pqm_v2_page2 Member=J10
Added Pin To Net: NetName=3.3V_ISO Pin=J11-36
Added Pin To Net: NetName=3.3V_ISO Pin=J11-37
Added Pin To Net: NetName=3.3V_ISO Pin=J11-38
Added Pin To Net: NetName=GND_ISO Pin=J11-39
Added Pin To Net: NetName=GND_ISO Pin=J11-40
Added Pin To Net: NetName=SPI_NPCS0 Pin=J11-41
Added Pin To Net: NetName=SPI_SPCK Pin=J11-42
Added Pin To Net: NetName=SPI_MOSI Pin=J11-43
Added Pin To Net: NetName=SPI_MISO Pin=J11-44
Added Pin To Net: NetName=GND_ISO Pin=J11-45
Added Pin To Net: NetName=GND_ISO Pin=J11-46
Added Pin To Net: NetName=USB_DDM Pin=J11-47
Added Pin To Net: NetName=USB_DDP Pin=J11-48
Added Pin To Net: NetName=GND_ISO Pin=J11-49
Added Pin To Net: NetName=GND_ISO Pin=J11-50
Added Pin To Net: NetName=I2C_TCLK0 Pin=J11-51
Added Pin To Net: NetName=I2C_TWD0 Pin=J11-52
Added Pin To Net: NetName=GND_ISO Pin=J11-53
Added Pin To Net: NetName=SD_CD Pin=J11-54
Added Pin To Net: NetName=SD_MCDA2 Pin=J11-55
Added Pin To Net: NetName=SD_MCDA3 Pin=J11-56
Added Pin To Net: NetName=SD_MCCDA Pin=J11-57
Added Pin To Net: NetName=SD_MCCK Pin=J11-58
Added Pin To Net: NetName=SD_MCDA0 Pin=J11-59
Added Pin To Net: NetName=SD_MCDA1 Pin=J11-60
Added Pin To Net: NetName=GND_ISO Pin=J11-61
Added Pin To Net: NetName=GND_ISO Pin=J11-62
Added Pin To Net: NetName=AD9 Pin=J11-63
Added Pin To Net: NetName=AD8 Pin=J11-64
Added Pin To Net: NetName=AD5 Pin=J11-65
Added Pin To Net: NetName=AD4 Pin=J11-66
Added Pin To Net: NetName=AD3 Pin=J11-67
Added Pin To Net: NetName=AD2 Pin=J11-68
Added Pin To Net: NetName=AD1 Pin=J11-69
Added Pin To Net: NetName=AD0 Pin=J11-70
Added Pin To Net: NetName=GND_ISO Pin=U11-35
Change Net Name : Old Net Name=GND_ISO New Net Name=SPI_NPCS3
Added Pin To Net: NetName=DAC1 Pin=J9-2
Added Pin To Net: NetName=DAC1 Pin=U11-63
Added Net: Name=DAC1
