Removed Pin From Net: NetName=DSP_SPI_STE Pin=J18-3
Removed Pin From Net: NetName=DSP_SPI_CLK Pin=J18-4
Removed Pin From Net: NetName=DSP_SPI_SIMO Pin=J18-5
Removed Pin From Net: NetName=DSP_SPI_SOMI Pin=J18-6
Removed Pin From Net: NetName=DSP_GPIO04 Pin=J18-9
Removed Pin From Net: NetName=DSP_GPIO03 Pin=J18-10
Removed Pin From Net: NetName=DSP_GPIO02 Pin=J18-11
Removed Pin From Net: NetName=DSP_GPIO00 Pin=J18-12
Removed Pin From Net: NetName=DSP_GPIO01 Pin=J18-13
Removed Pin From Net: NetName=AGND Pin=J18-14
Removed Pin From Net: NetName=VL1 Pin=J18-15
Removed Pin From Net: NetName=VL2 Pin=J18-16
Removed Pin From Net: NetName=VL3 Pin=J18-17
Removed Pin From Net: NetName=VL4 Pin=J18-18
Removed Pin From Net: NetName=NetJ3_13 Pin=J18-19
Removed Pin From Net: NetName=NetJ3_11 Pin=J18-20
Removed Pin From Net: NetName=NetJ3_9 Pin=J18-21
Removed Pin From Net: NetName=NetJ3_7 Pin=J18-22
Added Pin To Net: NetName=DSP_SPI_STE Pin=J18-4
Added Pin To Net: NetName=DSP_SPI_CLK Pin=J18-5
Added Pin To Net: NetName=DSP_SPI_SIMO Pin=J18-6
Added Pin To Net: NetName=DSP_SPI_SOMI Pin=J18-7
Added Pin To Net: NetName=DSP_GPIO04 Pin=J18-10
Added Pin To Net: NetName=DSP_GPIO03 Pin=J18-11
Added Pin To Net: NetName=DSP_GPIO02 Pin=J18-12
Added Pin To Net: NetName=DSP_GPIO00 Pin=J18-13
Added Pin To Net: NetName=DSP_GPIO01 Pin=J18-14
Added Pin To Net: NetName=AGND Pin=J18-15
Added Pin To Net: NetName=VL1 Pin=J18-16
Added Pin To Net: NetName=VL2 Pin=J18-17
Added Pin To Net: NetName=VL3 Pin=J18-18
Added Pin To Net: NetName=VL4 Pin=J18-19
Added Pin To Net: NetName=NetJ3_13 Pin=J18-20
Added Pin To Net: NetName=NetJ3_11 Pin=J18-21
Added Pin To Net: NetName=NetJ3_9 Pin=J18-22
Added Pin To Net: NetName=NetJ3_7 Pin=J18-23
