Removed Pin From Net: NetName=IL_2V5_A Pin=C83-2
Removed Pin From Net: NetName=IL_2V5_A Pin=C84-1
Removed Pin From Net: NetName=IL_2V5_A Pin=C85-2
Removed Pin From Net: NetName=IL_2V5_A Pin=C86-1
Removed Pin From Net: NetName=IL_2V5_A Pin=R85-2
Removed Pin From Net: NetName=IL_2V5_A Pin=R98-2
Removed Pin From Net: NetName=IL_2V5_A Pin=R115-1
Removed Pin From Net: NetName=IL_2V5_A Pin=R117-2
Removed Pin From Net: NetName=IL_2V5_A Pin=R119-1
Removed Pin From Net: NetName=IL_2V5_A Pin=R121-2
Removed Pin From Net: NetName=IL_2V5_A Pin=U9-5
Removed Pin From Net: NetName=IL_2V5_A Pin=U10-5
Added Component: Designator=C75(CAPC2013X110N)
Added Component: Designator=C78(CAPC2013X110N)
Added Component: Designator=U13(SOT23-3M)
Added Pin To Net: NetName=+5V Pin=C75-1
Added Pin To Net: NetName=AGND Pin=C75-2
Added Pin To Net: NetName=AGND Pin=C78-2
Added Pin To Net: NetName=+5V Pin=U13-1
Added Pin To Net: NetName=AGND Pin=U13-3
Added Pin To Net: NetName=IL_1V5_B Pin=C78-1
Added Pin To Net: NetName=IL_1V5_B Pin=U13-2
Added Net: Name=IL_1V5_B
Added Pin To Net: NetName=IL_2V5_B Pin=C83-2
Added Pin To Net: NetName=IL_2V5_B Pin=C84-1
Added Pin To Net: NetName=IL_2V5_B Pin=C85-2
Added Pin To Net: NetName=IL_2V5_B Pin=C86-1
Added Pin To Net: NetName=IL_2V5_B Pin=R85-2
Added Pin To Net: NetName=IL_2V5_B Pin=R98-2
Added Pin To Net: NetName=IL_2V5_B Pin=R115-1
Added Pin To Net: NetName=IL_2V5_B Pin=R117-2
Added Pin To Net: NetName=IL_2V5_B Pin=R119-1
Added Pin To Net: NetName=IL_2V5_B Pin=R121-2
Added Pin To Net: NetName=IL_2V5_B Pin=U9-5
Added Pin To Net: NetName=IL_2V5_B Pin=U10-5
Added Net: Name=IL_2V5_B
