Replace Part C8 CAP_GRM2195C1H103FA01D_MURATA in D:\Carugati\Dropbox\WorkSpace_Altium\pqm_v2\pqm_v2_page3.SchDoc with CAP_GRM2195C1H103FA01D_MURATA from pqm_v2_lib_cap.SchLib
Replace Part C9 CAP_GRM2195C1H103FA01D_MURATA in D:\Carugati\Dropbox\WorkSpace_Altium\pqm_v2\pqm_v2_page3.SchDoc with CAP_GRM2195C1H103FA01D_MURATA from pqm_v2_lib_cap.SchLib
Replace Part C10 CAP_GRM2195C1H103FA01D_MURATA in D:\Carugati\Dropbox\WorkSpace_Altium\pqm_v2\pqm_v2_page3.SchDoc with CAP_GRM2195C1H103FA01D_MURATA from pqm_v2_lib_cap.SchLib
Replace Part C11 CAP_GRM2195C1H103FA01D_MURATA in D:\Carugati\Dropbox\WorkSpace_Altium\pqm_v2\pqm_v2_page3.SchDoc with CAP_GRM2195C1H103FA01D_MURATA from pqm_v2_lib_cap.SchLib
Replace Part C13 CAP_CC0805KRX7R8BB104_YAGEO in D:\Carugati\Dropbox\WorkSpace_Altium\pqm_v2\pqm_v2_page3.SchDoc with CAP_CC0805KRX7R8BB104_YAGEO from pqm_v2_lib_cap.SchLib
Replace Part C15 CAP_GRM2195C1H103FA01D_MURATA in D:\Carugati\Dropbox\WorkSpace_Altium\pqm_v2\pqm_v2_page3.SchDoc with CAP_GRM2195C1H103FA01D_MURATA from pqm_v2_lib_cap.SchLib
Replace Part C16 CAP_GRM2195C1H103FA01D_MURATA in D:\Carugati\Dropbox\WorkSpace_Altium\pqm_v2\pqm_v2_page3.SchDoc with CAP_GRM2195C1H103FA01D_MURATA from pqm_v2_lib_cap.SchLib
Replace Part C17 CAP_GRM2195C1H103FA01D_MURATA in D:\Carugati\Dropbox\WorkSpace_Altium\pqm_v2\pqm_v2_page3.SchDoc with CAP_GRM2195C1H103FA01D_MURATA from pqm_v2_lib_cap.SchLib
Replace Part C18 CAP_GRM2195C1H103FA01D_MURATA in D:\Carugati\Dropbox\WorkSpace_Altium\pqm_v2\pqm_v2_page3.SchDoc with CAP_GRM2195C1H103FA01D_MURATA from pqm_v2_lib_cap.SchLib
Replace Part C20 CAP_GRM2195C1H103FA01D_MURATA in D:\Carugati\Dropbox\WorkSpace_Altium\pqm_v2\pqm_v2_page3.SchDoc with CAP_GRM2195C1H103FA01D_MURATA from pqm_v2_lib_cap.SchLib
Replace Part C21 CAP_CC0805KKX7R7BB105_YAGEO in D:\Carugati\Dropbox\WorkSpace_Altium\pqm_v2\pqm_v2_page3.SchDoc with CAP_CC0805KKX7R7BB105_YAGEO from pqm_v2_lib_cap.SchLib
Replace Part C22 CAP_GRM2195C1H103FA01D_MURATA in D:\Carugati\Dropbox\WorkSpace_Altium\pqm_v2\pqm_v2_page3.SchDoc with CAP_GRM2195C1H103FA01D_MURATA from pqm_v2_lib_cap.SchLib
Replace Part C23 CAP_GRM2195C1H103FA01D_MURATA in D:\Carugati\Dropbox\WorkSpace_Altium\pqm_v2\pqm_v2_page3.SchDoc with CAP_GRM2195C1H103FA01D_MURATA from pqm_v2_lib_cap.SchLib
Replace Part C25 CAP_CC0805KRX7R8BB104_YAGEO in D:\Carugati\Dropbox\WorkSpace_Altium\pqm_v2\pqm_v2_page3.SchDoc with CAP_CC0805KRX7R8BB104_YAGEO from pqm_v2_lib_cap.SchLib
Replace Part C27 CAP_GRM2195C1H103FA01D_MURATA in D:\Carugati\Dropbox\WorkSpace_Altium\pqm_v2\pqm_v2_page3.SchDoc with CAP_GRM2195C1H103FA01D_MURATA from pqm_v2_lib_cap.SchLib
Replace Part C28 CAP_GRM2195C1H103FA01D_MURATA in D:\Carugati\Dropbox\WorkSpace_Altium\pqm_v2\pqm_v2_page3.SchDoc with CAP_GRM2195C1H103FA01D_MURATA from pqm_v2_lib_cap.SchLib
Replace Part C29 CAP_GRM2195C1H103FA01D_MURATA in D:\Carugati\Dropbox\WorkSpace_Altium\pqm_v2\pqm_v2_page3.SchDoc with CAP_GRM2195C1H103FA01D_MURATA from pqm_v2_lib_cap.SchLib
Replace Part C30 CAP_GRM2195C1H103FA01D_MURATA in D:\Carugati\Dropbox\WorkSpace_Altium\pqm_v2\pqm_v2_page3.SchDoc with CAP_GRM2195C1H103FA01D_MURATA from pqm_v2_lib_cap.SchLib
Replace Part C73 CAP_CC0805KKX7R7BB105_YAGEO in D:\Carugati\Dropbox\WorkSpace_Altium\pqm_v2\pqm_v2_page3.SchDoc with CAP_CC0805KKX7R7BB105_YAGEO from pqm_v2_lib_cap.SchLib
Replace Part C74 CAP_GRM2195C1H103FA01D_MURATA in D:\Carugati\Dropbox\WorkSpace_Altium\pqm_v2\pqm_v2_page3.SchDoc with CAP_GRM2195C1H103FA01D_MURATA from pqm_v2_lib_cap.SchLib
Replace Part J4 CON_HeaderX8 in D:\Carugati\Dropbox\WorkSpace_Altium\pqm_v2\pqm_v2_page3.SchDoc with CON_HeaderX8 from pqm_v2_lib_connectors.SchLib
Replace Part R4 RES_RC0805FR-0710KL_YAGEO in D:\Carugati\Dropbox\WorkSpace_Altium\pqm_v2\pqm_v2_page3.SchDoc with RES_RC0805FR-0710KL_YAGEO from pqm_v2_lib_res.SchLib
Replace Part R5 RES_RC0805FR-07412KL_YAGEO in D:\Carugati\Dropbox\WorkSpace_Altium\pqm_v2\pqm_v2_page3.SchDoc with RES_RC0805FR-07412KL_YAGEO from pqm_v2_lib_res.SchLib
Replace Part R6 RES_RC0805FR-07412KL_YAGEO in D:\Carugati\Dropbox\WorkSpace_Altium\pqm_v2\pqm_v2_page3.SchDoc with RES_RC0805FR-07412KL_YAGEO from pqm_v2_lib_res.SchLib
Replace Part R7 RES_RC0805FR-07412KL_YAGEO in D:\Carugati\Dropbox\WorkSpace_Altium\pqm_v2\pqm_v2_page3.SchDoc with RES_RC0805FR-07412KL_YAGEO from pqm_v2_lib_res.SchLib
Replace Part R8 RES_RC0805FR-074K7L_YAGEO in D:\Carugati\Dropbox\WorkSpace_Altium\pqm_v2\pqm_v2_page3.SchDoc with RES_RC0805FR-074K7L_YAGEO from pqm_v2_lib_res.SchLib
Replace Part R9 RES_RC0805FR-079K31L_YAGEO in D:\Carugati\Dropbox\WorkSpace_Altium\pqm_v2\pqm_v2_page3.SchDoc with RES_RC0805FR-079K31L_YAGEO from pqm_v2_lib_res.SchLib
Replace Part R10 RES_RC0805FR-074K7L_YAGEO in D:\Carugati\Dropbox\WorkSpace_Altium\pqm_v2\pqm_v2_page3.SchDoc with RES_RC0805FR-074K7L_YAGEO from pqm_v2_lib_res.SchLib
Replace Part R11 RES_RC0805FR-07412KL_YAGEO in D:\Carugati\Dropbox\WorkSpace_Altium\pqm_v2\pqm_v2_page3.SchDoc with RES_RC0805FR-07412KL_YAGEO from pqm_v2_lib_res.SchLib
Replace Part R12 RES_RC0805FR-07412KL_YAGEO in D:\Carugati\Dropbox\WorkSpace_Altium\pqm_v2\pqm_v2_page3.SchDoc with RES_RC0805FR-07412KL_YAGEO from pqm_v2_lib_res.SchLib
Replace Part R13 RES_RC0805FR-07412KL_YAGEO in D:\Carugati\Dropbox\WorkSpace_Altium\pqm_v2\pqm_v2_page3.SchDoc with RES_RC0805FR-07412KL_YAGEO from pqm_v2_lib_res.SchLib
Replace Part R15 RES_RC0805FR-074K7L_YAGEO in D:\Carugati\Dropbox\WorkSpace_Altium\pqm_v2\pqm_v2_page3.SchDoc with RES_RC0805FR-074K7L_YAGEO from pqm_v2_lib_res.SchLib
Replace Part R16 RES_RC0805FR-079K31L_YAGEO in D:\Carugati\Dropbox\WorkSpace_Altium\pqm_v2\pqm_v2_page3.SchDoc with RES_RC0805FR-079K31L_YAGEO from pqm_v2_lib_res.SchLib
Replace Part R17 RES_RC0805FR-0710KL_YAGEO in D:\Carugati\Dropbox\WorkSpace_Altium\pqm_v2\pqm_v2_page3.SchDoc with RES_RC0805FR-0710KL_YAGEO from pqm_v2_lib_res.SchLib
Replace Part R19 RES_RC0805FR-07412KL_YAGEO in D:\Carugati\Dropbox\WorkSpace_Altium\pqm_v2\pqm_v2_page3.SchDoc with RES_RC0805FR-07412KL_YAGEO from pqm_v2_lib_res.SchLib
Replace Part R20 RES_RC0805FR-07412KL_YAGEO in D:\Carugati\Dropbox\WorkSpace_Altium\pqm_v2\pqm_v2_page3.SchDoc with RES_RC0805FR-07412KL_YAGEO from pqm_v2_lib_res.SchLib
Replace Part R21 RES_RC0805FR-07412KL_YAGEO in D:\Carugati\Dropbox\WorkSpace_Altium\pqm_v2\pqm_v2_page3.SchDoc with RES_RC0805FR-07412KL_YAGEO from pqm_v2_lib_res.SchLib
Replace Part R22 RES_RC0805FR-074K7L_YAGEO in D:\Carugati\Dropbox\WorkSpace_Altium\pqm_v2\pqm_v2_page3.SchDoc with RES_RC0805FR-074K7L_YAGEO from pqm_v2_lib_res.SchLib
Replace Part R23 RES_RC0805FR-079K31L_YAGEO in D:\Carugati\Dropbox\WorkSpace_Altium\pqm_v2\pqm_v2_page3.SchDoc with RES_RC0805FR-079K31L_YAGEO from pqm_v2_lib_res.SchLib
Replace Part R24 RES_RC0805FR-074K7L_YAGEO in D:\Carugati\Dropbox\WorkSpace_Altium\pqm_v2\pqm_v2_page3.SchDoc with RES_RC0805FR-074K7L_YAGEO from pqm_v2_lib_res.SchLib
Replace Part R25 RES_RC0805FR-07412KL_YAGEO in D:\Carugati\Dropbox\WorkSpace_Altium\pqm_v2\pqm_v2_page3.SchDoc with RES_RC0805FR-07412KL_YAGEO from pqm_v2_lib_res.SchLib
Replace Part R26 RES_RC0805FR-07412KL_YAGEO in D:\Carugati\Dropbox\WorkSpace_Altium\pqm_v2\pqm_v2_page3.SchDoc with RES_RC0805FR-07412KL_YAGEO from pqm_v2_lib_res.SchLib
Replace Part R27 RES_RC0805FR-07412KL_YAGEO in D:\Carugati\Dropbox\WorkSpace_Altium\pqm_v2\pqm_v2_page3.SchDoc with RES_RC0805FR-07412KL_YAGEO from pqm_v2_lib_res.SchLib
Replace Part R28 RES_RC0805FR-0710KL_YAGEO in D:\Carugati\Dropbox\WorkSpace_Altium\pqm_v2\pqm_v2_page3.SchDoc with RES_RC0805FR-0710KL_YAGEO from pqm_v2_lib_res.SchLib
Replace Part R29 RES_RC0805FR-074K7L_YAGEO in D:\Carugati\Dropbox\WorkSpace_Altium\pqm_v2\pqm_v2_page3.SchDoc with RES_RC0805FR-074K7L_YAGEO from pqm_v2_lib_res.SchLib
Replace Part R30 RES_RC0805FR-079K31L_YAGEO in D:\Carugati\Dropbox\WorkSpace_Altium\pqm_v2\pqm_v2_page3.SchDoc with RES_RC0805FR-079K31L_YAGEO from pqm_v2_lib_res.SchLib
Replace Part R31 RES_RC0805FR-0710KL_YAGEO in D:\Carugati\Dropbox\WorkSpace_Altium\pqm_v2\pqm_v2_page3.SchDoc with RES_RC0805FR-0710KL_YAGEO from pqm_v2_lib_res.SchLib
Replace Part R33 RES_RC0805FR-07412KL_YAGEO in D:\Carugati\Dropbox\WorkSpace_Altium\pqm_v2\pqm_v2_page3.SchDoc with RES_RC0805FR-07412KL_YAGEO from pqm_v2_lib_res.SchLib
Replace Part R34 RES_RC0805FR-07412KL_YAGEO in D:\Carugati\Dropbox\WorkSpace_Altium\pqm_v2\pqm_v2_page3.SchDoc with RES_RC0805FR-07412KL_YAGEO from pqm_v2_lib_res.SchLib
Replace Part R35 RES_RC0805FR-07412KL_YAGEO in D:\Carugati\Dropbox\WorkSpace_Altium\pqm_v2\pqm_v2_page3.SchDoc with RES_RC0805FR-07412KL_YAGEO from pqm_v2_lib_res.SchLib
Replace Part R36 RES_RC0805FR-074K7L_YAGEO in D:\Carugati\Dropbox\WorkSpace_Altium\pqm_v2\pqm_v2_page3.SchDoc with RES_RC0805FR-074K7L_YAGEO from pqm_v2_lib_res.SchLib
Replace Part R37 RES_RC0805FR-079K31L_YAGEO in D:\Carugati\Dropbox\WorkSpace_Altium\pqm_v2\pqm_v2_page3.SchDoc with RES_RC0805FR-079K31L_YAGEO from pqm_v2_lib_res.SchLib
Replace Part R38 RES_RC0805FR-074K7L_YAGEO in D:\Carugati\Dropbox\WorkSpace_Altium\pqm_v2\pqm_v2_page3.SchDoc with RES_RC0805FR-074K7L_YAGEO from pqm_v2_lib_res.SchLib
Replace Part R39 RES_RC0805FR-07412KL_YAGEO in D:\Carugati\Dropbox\WorkSpace_Altium\pqm_v2\pqm_v2_page3.SchDoc with RES_RC0805FR-07412KL_YAGEO from pqm_v2_lib_res.SchLib
Replace Part R40 RES_RC0805FR-07412KL_YAGEO in D:\Carugati\Dropbox\WorkSpace_Altium\pqm_v2\pqm_v2_page3.SchDoc with RES_RC0805FR-07412KL_YAGEO from pqm_v2_lib_res.SchLib
Replace Part R41 RES_RC0805FR-07412KL_YAGEO in D:\Carugati\Dropbox\WorkSpace_Altium\pqm_v2\pqm_v2_page3.SchDoc with RES_RC0805FR-07412KL_YAGEO from pqm_v2_lib_res.SchLib
Replace Part R42 RES_RC0805FR-0710KL_YAGEO in D:\Carugati\Dropbox\WorkSpace_Altium\pqm_v2\pqm_v2_page3.SchDoc with RES_RC0805FR-0710KL_YAGEO from pqm_v2_lib_res.SchLib
Replace Part R43 RES_RC0805FR-074K7L_YAGEO in D:\Carugati\Dropbox\WorkSpace_Altium\pqm_v2\pqm_v2_page3.SchDoc with RES_RC0805FR-074K7L_YAGEO from pqm_v2_lib_res.SchLib
Replace Part R44 RES_RC0805FR-079K31L_YAGEO in D:\Carugati\Dropbox\WorkSpace_Altium\pqm_v2\pqm_v2_page3.SchDoc with RES_RC0805FR-079K31L_YAGEO from pqm_v2_lib_res.SchLib
Replace Part R45 RES_RC0805FR-0710KL_YAGEO in D:\Carugati\Dropbox\WorkSpace_Altium\pqm_v2\pqm_v2_page3.SchDoc with RES_RC0805FR-0710KL_YAGEO from pqm_v2_lib_res.SchLib
Replace Part R47 RES_RC0805FR-07412KL_YAGEO in D:\Carugati\Dropbox\WorkSpace_Altium\pqm_v2\pqm_v2_page3.SchDoc with RES_RC0805FR-07412KL_YAGEO from pqm_v2_lib_res.SchLib
Replace Part R48 RES_RC0805FR-07412KL_YAGEO in D:\Carugati\Dropbox\WorkSpace_Altium\pqm_v2\pqm_v2_page3.SchDoc with RES_RC0805FR-07412KL_YAGEO from pqm_v2_lib_res.SchLib
Replace Part R49 RES_RC0805FR-07412KL_YAGEO in D:\Carugati\Dropbox\WorkSpace_Altium\pqm_v2\pqm_v2_page3.SchDoc with RES_RC0805FR-07412KL_YAGEO from pqm_v2_lib_res.SchLib
Replace Part R50 RES_RC0805FR-074K7L_YAGEO in D:\Carugati\Dropbox\WorkSpace_Altium\pqm_v2\pqm_v2_page3.SchDoc with RES_RC0805FR-074K7L_YAGEO from pqm_v2_lib_res.SchLib
Replace Part R51 RES_RC0805FR-079K31L_YAGEO in D:\Carugati\Dropbox\WorkSpace_Altium\pqm_v2\pqm_v2_page3.SchDoc with RES_RC0805FR-079K31L_YAGEO from pqm_v2_lib_res.SchLib
Replace Part R52 RES_RC0805FR-074K7L_YAGEO in D:\Carugati\Dropbox\WorkSpace_Altium\pqm_v2\pqm_v2_page3.SchDoc with RES_RC0805FR-074K7L_YAGEO from pqm_v2_lib_res.SchLib
Replace Part R53 RES_RC0805FR-07412KL_YAGEO in D:\Carugati\Dropbox\WorkSpace_Altium\pqm_v2\pqm_v2_page3.SchDoc with RES_RC0805FR-07412KL_YAGEO from pqm_v2_lib_res.SchLib
Replace Part R54 RES_RC0805FR-07412KL_YAGEO in D:\Carugati\Dropbox\WorkSpace_Altium\pqm_v2\pqm_v2_page3.SchDoc with RES_RC0805FR-07412KL_YAGEO from pqm_v2_lib_res.SchLib
Replace Part R55 RES_RC0805FR-07412KL_YAGEO in D:\Carugati\Dropbox\WorkSpace_Altium\pqm_v2\pqm_v2_page3.SchDoc with RES_RC0805FR-07412KL_YAGEO from pqm_v2_lib_res.SchLib
Replace Part R56 RES_RC0805FR-0710KL_YAGEO in D:\Carugati\Dropbox\WorkSpace_Altium\pqm_v2\pqm_v2_page3.SchDoc with RES_RC0805FR-0710KL_YAGEO from pqm_v2_lib_res.SchLib
Replace Part R57 RES_RC0805FR-074K7L_YAGEO in D:\Carugati\Dropbox\WorkSpace_Altium\pqm_v2\pqm_v2_page3.SchDoc with RES_RC0805FR-074K7L_YAGEO from pqm_v2_lib_res.SchLib
Replace Part R58 RES_RC0805FR-079K31L_YAGEO in D:\Carugati\Dropbox\WorkSpace_Altium\pqm_v2\pqm_v2_page3.SchDoc with RES_RC0805FR-079K31L_YAGEO from pqm_v2_lib_res.SchLib
Replace Part R59 RES_RC0805FR-0710KL_YAGEO in D:\Carugati\Dropbox\WorkSpace_Altium\pqm_v2\pqm_v2_page3.SchDoc with RES_RC0805FR-0710KL_YAGEO from pqm_v2_lib_res.SchLib
Replace Part U3 IC_TLV2474_ANALOG in D:\Carugati\Dropbox\WorkSpace_Altium\pqm_v2\pqm_v2_page3.SchDoc with IC_TLV2474_ANALOG from pqm_v2_lib_ic.SchLib
Replace Part U3 IC_TLV2474_ANALOG in D:\Carugati\Dropbox\WorkSpace_Altium\pqm_v2\pqm_v2_page3.SchDoc with IC_TLV2474_ANALOG from pqm_v2_lib_ic.SchLib
Replace Part U3 IC_TLV2474_ANALOG in D:\Carugati\Dropbox\WorkSpace_Altium\pqm_v2\pqm_v2_page3.SchDoc with IC_TLV2474_ANALOG from pqm_v2_lib_ic.SchLib
Replace Part U3 IC_TLV2474_ANALOG in D:\Carugati\Dropbox\WorkSpace_Altium\pqm_v2\pqm_v2_page3.SchDoc with IC_TLV2474_ANALOG from pqm_v2_lib_ic.SchLib
Replace Part U3 IC_TLV2474_ANALOG in D:\Carugati\Dropbox\WorkSpace_Altium\pqm_v2\pqm_v2_page3.SchDoc with IC_TLV2474_ANALOG from pqm_v2_lib_ic.SchLib
Replace Part U4 IC_TLV2474_ANALOG in D:\Carugati\Dropbox\WorkSpace_Altium\pqm_v2\pqm_v2_page3.SchDoc with IC_TLV2474_ANALOG from pqm_v2_lib_ic.SchLib
Replace Part U4 IC_TLV2474_ANALOG in D:\Carugati\Dropbox\WorkSpace_Altium\pqm_v2\pqm_v2_page3.SchDoc with IC_TLV2474_ANALOG from pqm_v2_lib_ic.SchLib
Replace Part U4 IC_TLV2474_ANALOG in D:\Carugati\Dropbox\WorkSpace_Altium\pqm_v2\pqm_v2_page3.SchDoc with IC_TLV2474_ANALOG from pqm_v2_lib_ic.SchLib
Replace Part U4 IC_TLV2474_ANALOG in D:\Carugati\Dropbox\WorkSpace_Altium\pqm_v2\pqm_v2_page3.SchDoc with IC_TLV2474_ANALOG from pqm_v2_lib_ic.SchLib
Replace Part U4 IC_TLV2474_ANALOG in D:\Carugati\Dropbox\WorkSpace_Altium\pqm_v2\pqm_v2_page3.SchDoc with IC_TLV2474_ANALOG from pqm_v2_lib_ic.SchLib
Replace Part U12 IC_ISL21010_INTERSIL in D:\Carugati\Dropbox\WorkSpace_Altium\pqm_v2\pqm_v2_page3.SchDoc with IC_ISL21010_INTERSIL from pqm_v2_lib_ic.SchLib
