Removed Pin From Net: NetName=NetJ6_1 Pin=J6-1
Removed Pin From Net: NetName=NetJ6_2 Pin=J6-2
Change Component Footprint: Designator=R4 Old Footprint=RESC3216N New Footprint=RESC2013X065BN
Change Component Footprint: Designator=R5 Old Footprint=RESC3216N New Footprint=RESC2013X065BN
Change Component Footprint: Designator=R6 Old Footprint=RESC3216N New Footprint=RESC2013X065BN
Change Component Footprint: Designator=R7 Old Footprint=RESC3216N New Footprint=RESC2013X065BN
Change Component Footprint: Designator=R8 Old Footprint=RESC3216N New Footprint=RESC2013X065BN
Change Component Footprint: Designator=R9 Old Footprint=RESC3216N New Footprint=RESC2013X065BN
Change Component Footprint: Designator=R10 Old Footprint=RESC3216N New Footprint=RESC2013X065BN
Change Component Footprint: Designator=R11 Old Footprint=RESC3216N New Footprint=RESC2013X065BN
Change Component Footprint: Designator=R12 Old Footprint=RESC3216N New Footprint=RESC2013X065BN
Change Component Footprint: Designator=R13 Old Footprint=RESC3216N New Footprint=RESC2013X065BN
Change Component Footprint: Designator=R14 Old Footprint=RESC3216N New Footprint=RESC2013X065BN
Change Component Footprint: Designator=R15 Old Footprint=RESC3216N New Footprint=RESC2013X065BN
Change Component Footprint: Designator=R16 Old Footprint=RESC3216N New Footprint=RESC2013X065BN
Change Component Footprint: Designator=R17 Old Footprint=RESC3216N New Footprint=RESC2013X065BN
Change Component Footprint: Designator=R18 Old Footprint=RESC3216N New Footprint=RESC2013X065BN
Change Component Footprint: Designator=R19 Old Footprint=RESC3216N New Footprint=RESC2013X065BN
Change Component Footprint: Designator=R20 Old Footprint=RESC3216N New Footprint=RESC2013X065BN
Change Component Footprint: Designator=R21 Old Footprint=RESC3216N New Footprint=RESC2013X065BN
Change Component Footprint: Designator=R22 Old Footprint=RESC3216N New Footprint=RESC2013X065BN
Change Component Footprint: Designator=R23 Old Footprint=RESC3216N New Footprint=RESC2013X065BN
Change Component Footprint: Designator=R24 Old Footprint=RESC3216N New Footprint=RESC2013X065BN
Change Component Footprint: Designator=R25 Old Footprint=RESC3216N New Footprint=RESC2013X065BN
Change Component Footprint: Designator=R26 Old Footprint=RESC3216N New Footprint=RESC2013X065BN
Change Component Footprint: Designator=R27 Old Footprint=RESC3216N New Footprint=RESC2013X065BN
Change Component Footprint: Designator=R28 Old Footprint=RESC3216N New Footprint=RESC2013X065BN
Change Component Footprint: Designator=R29 Old Footprint=RESC3216N New Footprint=RESC2013X065BN
Change Component Footprint: Designator=R30 Old Footprint=RESC3216N New Footprint=RESC2013X065BN
Change Component Footprint: Designator=R31 Old Footprint=RESC3216N New Footprint=RESC2013X065BN
Change Component Footprint: Designator=R32 Old Footprint=RESC3216N New Footprint=RESC2013X065BN
Change Component Footprint: Designator=R33 Old Footprint=RESC3216N New Footprint=RESC2013X065BN
Change Component Footprint: Designator=R34 Old Footprint=RESC3216N New Footprint=RESC2013X065BN
Change Component Footprint: Designator=R35 Old Footprint=RESC3216N New Footprint=RESC2013X065BN
Change Component Footprint: Designator=R36 Old Footprint=RESC3216N New Footprint=RESC2013X065BN
Change Component Footprint: Designator=R37 Old Footprint=RESC3216N New Footprint=RESC2013X065BN
Change Component Footprint: Designator=R38 Old Footprint=RESC3216N New Footprint=RESC2013X065BN
Change Component Footprint: Designator=R39 Old Footprint=RESC3216N New Footprint=RESC2013X065BN
Change Component Footprint: Designator=R40 Old Footprint=RESC3216N New Footprint=RESC2013X065BN
Change Component Footprint: Designator=R41 Old Footprint=RESC3216N New Footprint=RESC2013X065BN
Change Component Footprint: Designator=R42 Old Footprint=RESC3216N New Footprint=RESC2013X065BN
Change Component Footprint: Designator=R43 Old Footprint=RESC3216N New Footprint=RESC2013X065BN
Change Component Footprint: Designator=R44 Old Footprint=RESC3216N New Footprint=RESC2013X065BN
Change Component Footprint: Designator=R45 Old Footprint=RESC3216N New Footprint=RESC2013X065BN
Change Component Footprint: Designator=R46 Old Footprint=RESC3216N New Footprint=RESC2013X065BN
Change Component Footprint: Designator=R47 Old Footprint=RESC3216N New Footprint=RESC2013X065BN
Change Component Footprint: Designator=R48 Old Footprint=RESC3216N New Footprint=RESC2013X065BN
Change Component Footprint: Designator=R49 Old Footprint=RESC3216N New Footprint=RESC2013X065BN
Change Component Footprint: Designator=R50 Old Footprint=RESC3216N New Footprint=RESC2013X065BN
Change Component Footprint: Designator=R51 Old Footprint=RESC3216N New Footprint=RESC2013X065BN
Change Component Footprint: Designator=R52 Old Footprint=RESC3216N New Footprint=RESC2013X065BN
Change Component Footprint: Designator=R53 Old Footprint=RESC3216N New Footprint=RESC2013X065BN
Change Component Footprint: Designator=R54 Old Footprint=RESC3216N New Footprint=RESC2013X065BN
Change Component Footprint: Designator=R55 Old Footprint=RESC3216N New Footprint=RESC2013X065BN
Change Component Footprint: Designator=R56 Old Footprint=RESC3216N New Footprint=RESC2013X065BN
Change Component Footprint: Designator=R57 Old Footprint=RESC3216N New Footprint=RESC2013X065BN
Change Component Footprint: Designator=R58 Old Footprint=RESC3216N New Footprint=RESC2013X065BN
Change Component Footprint: Designator=R59 Old Footprint=RESC3216N New Footprint=RESC2013X065BN
Added Component: Designator=J6(PHOENIX_1729128)
Added Pin To Net: NetName=NetJ6_1 Pin=J6-1
Added Pin To Net: NetName=NetJ6_2 Pin=J6-2
Added Member To Class: ClassName=pqm_v2_page3 Member=Component C28 cap
Added Member To Class: ClassName=pqm_v2_page3 Member=Component C31 cap
Added Member To Class: ClassName=pqm_v2_page3 Member=Component J6 HeaderX2
Added Member To Class: ClassName=pqm_v2_page3 Member=Component R13 Res
Added Member To Class: ClassName=pqm_v2_page3 Member=Component R16 Res
Added Room: Name=pqm_v2_page1
Added Room: Name=pqm_v2_page2
Added Room: Name=pqm_v2_page3
Added Room: Name=pqm_v2_page5
