Removed Pin From Net: NetName=VIN Pin=C10-1
Removed Pin From Net: NetName=AGND Pin=C10-2
Removed Pin From Net: NetName=NetC21_1 Pin=C21-1
Removed Pin From Net: NetName=AGND Pin=C21-2
Removed Pin From Net: NetName=AGND Pin=C22-1
Removed Pin From Net: NetName=+5V_A Pin=C22-2
Removed Pin From Net: NetName=NetC24_1 Pin=C24-1
Removed Pin From Net: NetName=NetC24_2 Pin=C24-2
Removed Pin From Net: NetName=NetC25_1 Pin=C25-1
Removed Pin From Net: NetName=NetC25_2 Pin=C25-2
Removed Pin From Net: NetName=AGND Pin=C26-1
Removed Pin From Net: NetName=NetC26_2 Pin=C26-2
Removed Pin From Net: NetName=NetJ6_1 Pin=J6-1
Removed Pin From Net: NetName=NetJ6_2 Pin=J6-2
Added Component: Designator=C10(CAPC3216X135N_B)
Added Component: Designator=C21(CAPC3216X135N_B)
Added Component: Designator=C22(CAPC3216X135N_B)
Added Component: Designator=C24(CAPC3216X135N_B)
Added Component: Designator=C25(CAPC3216X135N_B)
Added Component: Designator=C26(CAPC3216X135N_B)
Added Component: Designator=J6(PHOENIX_1729128)
Added Component: Designator=U?(TSQFP50P1600X1600-100N)
Added Component: Designator=U?(TSQFP50P1600X1600-100N)
Added Component: Designator=U?(TSQFP50P1600X1600-100N)
Added Component: Designator=U?(TSQFP50P1600X1600-100N)
Added Pin To Net: NetName=VIN Pin=C10-1
Added Pin To Net: NetName=AGND Pin=C10-2
Added Pin To Net: NetName=NetC21_1 Pin=C21-1
Added Pin To Net: NetName=AGND Pin=C21-2
Added Pin To Net: NetName=AGND Pin=C22-1
Added Pin To Net: NetName=+5V_A Pin=C22-2
Added Pin To Net: NetName=NetC24_1 Pin=C24-1
Added Pin To Net: NetName=NetC24_2 Pin=C24-2
Added Pin To Net: NetName=NetC25_1 Pin=C25-1
Added Pin To Net: NetName=NetC25_2 Pin=C25-2
Added Pin To Net: NetName=AGND Pin=C26-1
Added Pin To Net: NetName=NetC26_2 Pin=C26-2
Added Pin To Net: NetName=NetJ6_1 Pin=J6-1
Added Pin To Net: NetName=NetJ6_2 Pin=J6-2
Added Class: Name=pqm_v2_page5
Added Member To Class: ClassName=pqm_v2_page1 Member=Component C10 CAP_C3216X7R1E105M085AA_TDK
Added Member To Class: ClassName=pqm_v2_page3 Member=Component J6 HeaderX2
Added Room: Name=pqm_v2_page1
Added Room: Name=pqm_v2_page2
Added Room: Name=pqm_v2_page3
Added Room: Name=pqm_v2_page5
