Added Component: Designator=J10(HDR2X7)
Added Pin To Net: NetName=DAC1/SPI_NPCS1 Pin=J9-2
Added Pin To Net: NetName=DAC1/SPI_NPCS1 Pin=J10-10
Added Pin To Net: NetName=DAC1/SPI_NPCS1 Pin=U11-63
Added Net: Name=DAC1/SPI_NPCS1
Added Pin To Net: NetName=SPI_MISO Pin=J10-2
Added Pin To Net: NetName=SPI_MISO Pin=U11-27
Added Net: Name=SPI_MISO
Added Pin To Net: NetName=SPI_MOSI Pin=J10-4
Added Pin To Net: NetName=SPI_MOSI Pin=U11-22
Added Net: Name=SPI_MOSI
Added Pin To Net: NetName=SPI_NPCS0 Pin=J10-8
Added Pin To Net: NetName=SPI_NPCS0 Pin=U11-28
Added Net: Name=SPI_NPCS0
Added Pin To Net: NetName=SPI_NPCS3 Pin=J10-14
Added Pin To Net: NetName=SPI_NPCS3 Pin=U11-35
Added Net: Name=SPI_NPCS3
Added Pin To Net: NetName=SPI_SPCK Pin=J10-6
Added Pin To Net: NetName=SPI_SPCK Pin=U11-21
Added Net: Name=SPI_SPCK
