Removed Pin From Net: NetName=GND_ISO Pin=C?-2
Removed Pin From Net: NetName=NetC28_1 Pin=J3-7
Removed Pin From Net: NetName=NetC21_1 Pin=J3-9
Removed Pin From Net: NetName=NetC9_1 Pin=J3-13
Removed Pin From Net: NetName=+5V Pin=L1-1
Change Component Designator: OldDesignator=C7 NewDesignator=C26
Change Component Designator: OldDesignator=C7 NewDesignator=C32
Change Component Designator: OldDesignator=C? NewDesignator=C14
Change Component Designator: OldDesignator=C? NewDesignator=C33
Change Component Designator: OldDesignator=C? NewDesignator=C34
Change Component Designator: OldDesignator=L1 NewDesignator=L2
Change Component Designator: OldDesignator=R? NewDesignator=R60
Added Component: Designator=J5(HDR2X7)
Added Pin To Net: NetName=3.3V_ISO Pin=C14-1
Added Pin To Net: NetName=+5V Pin=C26-1
Added Pin To Net: NetName=AGND Pin=C32-2
Added Pin To Net: NetName=AGND Pin=C33-2
Added Pin To Net: NetName=GND_ISO Pin=C34-2
Added Pin To Net: NetName=NetC28_1 Pin=J3-13
Added Pin To Net: NetName=NetC9_1 Pin=J3-61
Added Pin To Net: NetName=NetC21_1 Pin=J3-63
Added Pin To Net: NetName=AGND Pin=J5-4
Added Pin To Net: NetName=AGND Pin=J5-8
Added Pin To Net: NetName=AGND Pin=J5-10
Added Pin To Net: NetName=AGND Pin=J5-12
Added Pin To Net: NetName=NetC1_2 Pin=L1-1
Added Pin To Net: NetName=+5V Pin=L2-1
Change Net Name : Old Net Name=NetR?_1 New Net Name=NetR60_1
Added Pin To Net: NetName=EMU0 Pin=J3-100
Added Pin To Net: NetName=EMU0 Pin=J5-13
Added Net: Name=EMU0
Added Pin To Net: NetName=EMU1 Pin=J3-50
Added Pin To Net: NetName=EMU1 Pin=J5-14
Added Net: Name=EMU1
Added Pin To Net: NetName=NetC32_1 Pin=C32-1
Added Pin To Net: NetName=NetC32_1 Pin=C33-1
Added Pin To Net: NetName=NetC32_1 Pin=L2-2
Added Pin To Net: NetName=NetC32_1 Pin=U6-1
Added Pin To Net: NetName=NetC32_1 Pin=U6-2
Added Net: Name=NetC32_1
Added Pin To Net: NetName=NetC34_1 Pin=C34-1
Added Pin To Net: NetName=NetC34_1 Pin=U6-12
Added Pin To Net: NetName=NetC34_1 Pin=U6-17
Added Net: Name=NetC34_1
Added Pin To Net: NetName=NetJ3_7 Pin=J3-7
Added Net: Name=NetJ3_7
Added Pin To Net: NetName=NetJ3_9 Pin=J3-9
Added Net: Name=NetJ3_9
Added Pin To Net: NetName=TCK Pin=J3-48
Added Pin To Net: NetName=TCK Pin=J5-9
Added Pin To Net: NetName=TCK Pin=J5-11
Added Net: Name=TCK
Added Pin To Net: NetName=TDI Pin=J3-97
Added Pin To Net: NetName=TDI Pin=J5-3
Added Net: Name=TDI
Added Pin To Net: NetName=TDO Pin=J3-98
Added Pin To Net: NetName=TDO Pin=J5-7
Added Net: Name=TDO
Added Pin To Net: NetName=TMS Pin=J3-49
Added Pin To Net: NetName=TMS Pin=J5-1
Added Net: Name=TMS
Added Pin To Net: NetName=TRSTN Pin=J3-99
Added Pin To Net: NetName=TRSTN Pin=J5-2
Added Net: Name=TRSTN
Added Class: Name=pqm_v2_page2
Added Member To Class: ClassName=pqm_v2_page1 Member=Component C14 cap
Added Member To Class: ClassName=pqm_v2_page1 Member=Component C26 CAP_C3216X7R1E105M085AA_TDK
Added Member To Class: ClassName=pqm_v2_page1 Member=Component C32 CAP_C3216X7R1E105M085AA_TDK
Added Member To Class: ClassName=pqm_v2_page1 Member=Component C34 cap
Added Member To Class: ClassName=pqm_v2_page1 Member=Component L1 MAG_SRR1005-100M_BOURNS
Added Member To Class: ClassName=pqm_v2_page1 Member=Component L2 MAG_SRR1005-100M_BOURNS
Added Room: Name=pqm_v2_page1
Added Room: Name=pqm_v2_page2
Added Room: Name=pqm_v2_page3
Added Room: Name=pqm_v2_page5
