Removed Pin From Net: NetName=NetJ6_1 Pin=J6-1
Removed Pin From Net: NetName=NetJ6_2 Pin=J6-2
Removed Pin From Net: NetName=NetC12_1 Pin=U3-5
Removed Pin From Net: NetName=NetC9_2 Pin=U3-6
Removed Pin From Net: NetName=NetC9_1 Pin=U3-7
Removed Pin From Net: NetName=NetC15_2 Pin=U3-8
Removed Pin From Net: NetName=NetC15_1 Pin=U3-9
Removed Pin From Net: NetName=NetC17_1 Pin=U3-10
Removed Pin From Net: NetName=NetC16_2 Pin=U3-12
Removed Pin From Net: NetName=NetC19_1 Pin=U3-13
Removed Pin From Net: NetName=NetC16_1 Pin=U3-14
Removed Pin From Net: NetName=NetC21_2 Pin=U4-5
Removed Pin From Net: NetName=NetC24_1 Pin=U4-6
Removed Pin From Net: NetName=NetC21_1 Pin=U4-7
Removed Pin From Net: NetName=NetC27_2 Pin=U4-8
Removed Pin From Net: NetName=NetC27_1 Pin=U4-9
Removed Pin From Net: NetName=NetC29_1 Pin=U4-10
Removed Pin From Net: NetName=NetC28_2 Pin=U4-12
Removed Pin From Net: NetName=NetC31_1 Pin=U4-13
Removed Pin From Net: NetName=NetC28_1 Pin=U4-14
Added Component: Designator=J6(PHOENIX_1729128)
Added Pin To Net: NetName=NetJ6_1 Pin=J6-1
Added Pin To Net: NetName=NetJ6_2 Pin=J6-2
Added Pin To Net: NetName=NetC17_1 Pin=U3-5
Added Pin To Net: NetName=NetC15_1 Pin=U3-6
Added Pin To Net: NetName=NetC15_2 Pin=U3-7
Added Pin To Net: NetName=NetC16_1 Pin=U3-8
Added Pin To Net: NetName=NetC16_2 Pin=U3-9
Added Pin To Net: NetName=NetC19_1 Pin=U3-10
Added Pin To Net: NetName=NetC9_2 Pin=U3-12
Added Pin To Net: NetName=NetC12_1 Pin=U3-13
Added Pin To Net: NetName=NetC9_1 Pin=U3-14
Added Pin To Net: NetName=NetC27_1 Pin=U4-5
Added Pin To Net: NetName=NetC29_1 Pin=U4-6
Added Pin To Net: NetName=NetC27_2 Pin=U4-7
Added Pin To Net: NetName=NetC28_1 Pin=U4-8
Added Pin To Net: NetName=NetC28_2 Pin=U4-9
Added Pin To Net: NetName=NetC31_1 Pin=U4-10
Added Pin To Net: NetName=NetC21_2 Pin=U4-12
Added Pin To Net: NetName=NetC24_1 Pin=U4-13
Added Pin To Net: NetName=NetC21_1 Pin=U4-14
Added Member To Class: ClassName=pqm_v2_page3 Member=Component J6 HeaderX2
Added Room: Name=pqm_v2_page1
Added Room: Name=pqm_v2_page2
Added Room: Name=pqm_v2_page3
Added Room: Name=pqm_v2_page5
