Change Component Designator: Old Designator=C111 New Designator=C10
Change Component Designator: Old Designator=C112 New Designator=C8
Change Component Designator: Old Designator=C113 New Designator=C9
Change Component Designator: Old Designator=C114 New Designator=C11
Change Component Designator: Old Designator=C115 New Designator=C12
Change Component Designator: Old Designator=C116 New Designator=C13
Change Component Designator: Old Designator=C117 New Designator=C14
Change Component Designator: Old Designator=C118 New Designator=C15
Change Component Designator: Old Designator=C121 New Designator=C16
Change Component Designator: Old Designator=C131 New Designator=C1
Change Component Designator: Old Designator=C132 New Designator=C2
Change Component Designator: Old Designator=C133 New Designator=C3
Change Component Designator: Old Designator=C134 New Designator=C4
Change Component Designator: Old Designator=C135 New Designator=C5
Change Component Designator: Old Designator=C136 New Designator=C6
Change Component Designator: Old Designator=C137 New Designator=C7
Change Component Designator: Old Designator=D6 New Designator=D1
Change Component Designator: Old Designator=D8 New Designator=D2
Change Component Designator: Old Designator=J? New Designator=J1
Change Component Designator: Old Designator=J? New Designator=J2
Change Component Designator: Old Designator=L6 New Designator=L1
Change Component Designator: Old Designator=R143 New Designator=R5
Change Component Designator: Old Designator=R144 New Designator=R6
Change Component Designator: Old Designator=R149 New Designator=R1
Change Component Designator: Old Designator=R149 New Designator=R7
Change Component Designator: Old Designator=R150 New Designator=R2
Change Component Designator: Old Designator=R151 New Designator=R4
Change Component Designator: Old Designator=R156 New Designator=R3
