Removed Pin From Net: NetName=NetJ24_1 Pin=J24-1
Removed Pin From Net: NetName=NetJ24_2 Pin=J24-2
Removed Pin From Net: NetName=VL3 Pin=J25-1
Removed Pin From Net: NetName=AGND Pin=J25-2
Removed Pin From Net: NetName=+5V Pin=U3-4
Removed Pin From Net: NetName=AGND Pin=U3-8
Removed Pin From Net: NetName=+5V Pin=U4-4
Removed Pin From Net: NetName=AGND Pin=U4-8
Removed Pin From Net: NetName=+5V Pin=U17-4
Removed Pin From Net: NetName=AGND Pin=U17-8
Added Component: Designator=J24(RAD2)
Added Component: Designator=J25(RAD2)
Added Pin To Net: NetName=NetJ24_1 Pin=J24-1
Added Pin To Net: NetName=NetJ24_2 Pin=J24-2
Added Pin To Net: NetName=VL3 Pin=J25-1
Added Pin To Net: NetName=AGND Pin=J25-2
Added Pin To Net: NetName=AGND Pin=U3-4
Added Pin To Net: NetName=+5V Pin=U3-8
Added Pin To Net: NetName=AGND Pin=U4-4
Added Pin To Net: NetName=+5V Pin=U4-8
Added Pin To Net: NetName=AGND Pin=U17-4
Added Pin To Net: NetName=+5V Pin=U17-8
Added Member To Class: ClassName=pqm_v2_page3 Member=Component J24 CON_RADX2
Added Member To Class: ClassName=pqm_v2_page3 Member=Component J25 CON_RADX2
Added Member To Class: ClassName=pqm_v2_page3 Member=Component U12 ISL21010_1V5
