Removed Pin From Net: NetName=NetC?_1 Pin=C?-1
Removed Pin From Net: NetName=NetC?_1 Pin=D?-1
Removed Pin From Net: NetName=3.3V_ISO Pin=D?-2
Removed Pin From Net: NetName=NetC?_1 Pin=U11-7
Removed Pin From Net: NetName=NetC?_1 Pin=U11-18
Removed Pin From Net: NetName=NetC?_1 Pin=U11-45
Removed Pin From Net: NetName=NetC?_1 Pin=U11-58
Added Component: Designator=C?(CAPC2013X110N)
Added Component: Designator=C?(CAPC2013X110N)
Added Component: Designator=C?(CAPC2013X110N)
Added Component: Designator=C?(CAPC2013X110N)
Added Component: Designator=C?(CAPC2013X110N)
Added Component: Designator=C?(CAPC2013X110N)
Added Component: Designator=C?(CAPC2013X110N)
Added Component: Designator=C?(CAPC2013X110N)
Added Component: Designator=C?(CAPC2013X110N)
Added Component: Designator=C?(CAPC2013X110N)
Added Component: Designator=C?(CAPC2013X110N)
Added Component: Designator=C?(CAPC2013X110N)
Added Component: Designator=C?(CAPC2013X110N)
Added Pin To Net: NetName=+5V Pin=C?-1
Added Pin To Net: NetName=+5V Pin=C?-1
Added Pin To Net: NetName=+5V Pin=C?-1
Added Pin To Net: NetName=+5V Pin=C?-1
Added Pin To Net: NetName=+5V Pin=C?-1
Added Pin To Net: NetName=GND_ISO Pin=C?-1
Added Pin To Net: NetName=GND_ISO Pin=C?-1
Added Pin To Net: NetName=GND_ISO Pin=C?-1
Added Pin To Net: NetName=GND_ISO Pin=C?-1
Added Pin To Net: NetName=GND_ISO Pin=C?-1
Added Pin To Net: NetName=NetC?_1 Pin=C?-1
Added Pin To Net: NetName=AGND Pin=C?-2
Added Pin To Net: NetName=AGND Pin=C?-2
Added Pin To Net: NetName=AGND Pin=C?-2
Added Pin To Net: NetName=AGND Pin=C?-2
Added Pin To Net: NetName=AGND Pin=C?-2
Added Pin To Net: NetName=GND_ISO Pin=C?-2
Added Pin To Net: NetName=GND_ISO Pin=C?-2
Added Pin To Net: NetName=GND_ISO Pin=C?-2
Added Pin To Net: NetName=GND_ISO Pin=C?-2
Added Pin To Net: NetName=GND_ISO Pin=C?-2
Added Pin To Net: NetName=GND_ISO Pin=C?-2
Added Pin To Net: NetName=NetC?_1 Pin=C?-2
Added Pin To Net: NetName=NetC?_1 Pin=C?-2
Added Pin To Net: NetName=NetC?_1 Pin=C?-2
Added Pin To Net: NetName=NetC?_1 Pin=C?-2
Added Pin To Net: NetName=3.3V_ISO Pin=D?-2
Added Pin To Net: NetName=NetC?_1 Pin=U11-8
Added Pin To Net: NetName=NetC?_1 Pin=U11-12
Added Pin To Net: NetName=NetC?_1 Pin=U11-24
Added Pin To Net: NetName=NetC?_1 Pin=U11-54
Added Pin To Net: NetName=NetD?_2 Pin=D?-2
Added Net: Name=NetD?_2
Added Room: Name=pqm_v2_page1
Added Room: Name=pqm_v2_page2
Added Room: Name=pqm_v2_page3
Added Room: Name=pqm_v2_page4
