Change Component Designator: Old Designator=C49 New Designator=C13
Change Component Designator: Old Designator=C50 New Designator=C14
Change Component Designator: Old Designator=C51 New Designator=C15
Change Component Designator: Old Designator=C52 New Designator=C16
Change Component Designator: Old Designator=C53 New Designator=C17
Change Component Designator: Old Designator=C54 New Designator=C23
Change Component Designator: Old Designator=C55 New Designator=C24
Change Component Designator: Old Designator=C56 New Designator=C25
Change Component Designator: Old Designator=C57 New Designator=C26
Change Component Designator: Old Designator=C58 New Designator=C27
Change Component Designator: Old Designator=C59 New Designator=C29
Change Component Designator: Old Designator=C60 New Designator=C28
Change Component Designator: Old Designator=C61 New Designator=C30
Change Component Designator: Old Designator=C62 New Designator=C31
Change Component Designator: Old Designator=C63 New Designator=C32
Change Component Designator: Old Designator=C64 New Designator=C33
Change Component Designator: Old Designator=C65 New Designator=C34
Change Component Designator: Old Designator=C66 New Designator=C18
Change Component Designator: Old Designator=C67 New Designator=C21
Change Component Designator: Old Designator=C68 New Designator=C22
Change Component Designator: Old Designator=C87 New Designator=C19
Change Component Designator: Old Designator=C88 New Designator=C20
Change Component Designator: Old Designator=D2 New Designator=D3
Change Component Designator: Old Designator=D3 New Designator=D4
Change Component Designator: Old Designator=J3 New Designator=J5
Change Component Designator: Old Designator=J5 New Designator=J4
Change Component Designator: Old Designator=J7 New Designator=J8
Change Component Designator: Old Designator=J8 New Designator=J6
Change Component Designator: Old Designator=J11 New Designator=J3
Change Component Designator: Old Designator=J14 New Designator=J7
Change Component Designator: Old Designator=R83 New Designator=R6
Change Component Designator: Old Designator=R84 New Designator=R7
Change Component Designator: Old Designator=R89 New Designator=R8
Change Component Designator: Old Designator=R90 New Designator=R9
Change Component Designator: Old Designator=R96 New Designator=R11
Change Component Designator: Old Designator=R97 New Designator=R12
Change Component Designator: Old Designator=R109 New Designator=R10
Change Component Designator: Old Designator=U11 New Designator=U3
Change Component Designator: Old Designator=U11 New Designator=U3
Change Component Designator: Old Designator=U11 New Designator=U3
Change Component Designator: Old Designator=U15 New Designator=U4
