Removed Pin From Net: NetName=NetJ6_3 Pin=R63-1
Removed Pin From Net: NetName=NetJ6_4 Pin=R63-2
Removed Pin From Net: NetName=NetJ6_5 Pin=R70-1
Removed Pin From Net: NetName=NetJ6_6 Pin=R70-2
Removed Pin From Net: NetName=NetJ6_7 Pin=R76-1
Removed Pin From Net: NetName=NetJ6_8 Pin=R76-2
Removed Pin From Net: NetName=NetJ6_1 Pin=R110-1
Removed Pin From Net: NetName=NetJ6_2 Pin=R110-2
Removed Pin From Net: NetName=NetJ6_5 Pin=R116-1
Removed Pin From Net: NetName=NetR18_1 Pin=U7-1
Removed Pin From Net: NetName=NetR18_2 Pin=U7-8
Removed Pin From Net: NetName=NetR64_1 Pin=U8-1
Removed Pin From Net: NetName=NetR64_2 Pin=U8-8
Removed Pin From Net: NetName=NetR71_1 Pin=U9-1
Removed Pin From Net: NetName=NetR71_2 Pin=U9-8
Removed Pin From Net: NetName=NetR77_1 Pin=U10-1
Removed Pin From Net: NetName=NetR77_2 Pin=U10-8
Change Component DesignItemId : Designator=R63 Old DesignItemId=Res New DesignItemId=RES_RC0805FR-071RL_YAGEO
Change Component DesignItemId : Designator=R70 Old DesignItemId=Res New DesignItemId=RES_RC0805FR-071RL_YAGEO
Change Component DesignItemId : Designator=R76 Old DesignItemId=Res New DesignItemId=RES_RC0805FR-071RL_YAGEO
Change Component DesignItemId : Designator=R110 Old DesignItemId=Res New DesignItemId=RES_RC0805FR-071RL_YAGEO
Change Component DesignItemId : Designator=R18 Old DesignItemId=Res New DesignItemId=RES_RC0805FR-0749K9L_YAGEO
Change Component DesignItemId : Designator=R64 Old DesignItemId=Res New DesignItemId=RES_RC0805FR-0749K9L_YAGEO
Change Component DesignItemId : Designator=R71 Old DesignItemId=Res New DesignItemId=RES_RC0805FR-0749K9L_YAGEO
Change Component DesignItemId : Designator=R77 Old DesignItemId=Res New DesignItemId=RES_RC0805FR-0749K9L_YAGEO
Change Component Comment : Designator=R63 Old Comment=Res New Comment=RES_RC0805FR-071RL_YAGEO
Change Component Comment : Designator=R70 Old Comment=Res New Comment=RES_RC0805FR-071RL_YAGEO
Change Component Comment : Designator=R76 Old Comment=Res New Comment=RES_RC0805FR-071RL_YAGEO
Change Component Comment : Designator=R110 Old Comment=Res New Comment=RES_RC0805FR-071RL_YAGEO
Change Component Comment : Designator=R18 Old Comment=Res New Comment=RES_RC0805FR-0749K9L_YAGEO
Change Component Comment : Designator=R64 Old Comment=Res New Comment=RES_RC0805FR-0749K9L_YAGEO
Change Component Comment : Designator=R71 Old Comment=Res New Comment=RES_RC0805FR-0749K9L_YAGEO
Change Component Comment : Designator=R77 Old Comment=Res New Comment=RES_RC0805FR-0749K9L_YAGEO
Change Component Description : Designator=R63 Old Description=Res New Description=RES SMD 1 OHM 1% 1/8W 0805
Change Component Description : Designator=R70 Old Description=Res New Description=RES SMD 1 OHM 1% 1/8W 0805
Change Component Description : Designator=R76 Old Description=Res New Description=RES SMD 1 OHM 1% 1/8W 0805
Change Component Description : Designator=R110 Old Description=Res New Description=RES SMD 1 OHM 1% 1/8W 0805
Change Component Description : Designator=R18 Old Description=Res New Description=RES SMD 49.9K OHM 1% 1/8W 0805
Change Component Description : Designator=R64 Old Description=Res New Description=RES SMD 49.9K OHM 1% 1/8W 0805
Change Component Description : Designator=R71 Old Description=Res New Description=RES SMD 49.9K OHM 1% 1/8W 0805
Change Component Description : Designator=R77 Old Description=Res New Description=RES SMD 49.9K OHM 1% 1/8W 0805
Added Pin To Net: NetName=NetJ6_4 Pin=R63-1
Added Pin To Net: NetName=NetJ6_3 Pin=R63-2
Added Pin To Net: NetName=NetJ6_6 Pin=R70-1
Added Pin To Net: NetName=NetJ6_5 Pin=R70-2
Added Pin To Net: NetName=NetJ6_8 Pin=R76-1
Added Pin To Net: NetName=NetJ6_7 Pin=R76-2
Added Pin To Net: NetName=NetJ6_2 Pin=R110-1
Added Pin To Net: NetName=NetJ6_1 Pin=R110-2
Added Pin To Net: NetName=NetR18_2 Pin=U7-1
Added Pin To Net: NetName=NetR18_1 Pin=U7-8
Added Pin To Net: NetName=NetR64_2 Pin=U8-1
Added Pin To Net: NetName=NetR64_1 Pin=U8-8
Added Pin To Net: NetName=NetR71_2 Pin=U9-1
Added Pin To Net: NetName=NetR71_1 Pin=U9-8
Added Pin To Net: NetName=NetR77_2 Pin=U10-1
Added Pin To Net: NetName=NetR77_1 Pin=U10-8
Added Member To Class: ClassName=pqm_v2_page4 Member=Component R110 RES_RC0805FR-071RL_YAGEO
