Replace Part C12 CAP_GRM2195C1H103FA01D_MURATA in D:\Carugati\Dropbox\WorkSpace_Altium\pqm_v2\pqm_v2_page4.SchDoc with CAP_GRM2195C1H103FA01D_MURATA from pqm_v2_lib_cap.SchLib
Replace Part C19 CAP_GRM2195C1H103FA01D_MURATA in D:\Carugati\Dropbox\WorkSpace_Altium\pqm_v2\pqm_v2_page4.SchDoc with CAP_GRM2195C1H103FA01D_MURATA from pqm_v2_lib_cap.SchLib
Replace Part C24 CAP_GRM2195C1H103FA01D_MURATA in D:\Carugati\Dropbox\WorkSpace_Altium\pqm_v2\pqm_v2_page4.SchDoc with CAP_GRM2195C1H103FA01D_MURATA from pqm_v2_lib_cap.SchLib
Replace Part C31 CAP_GRM2195C1H103FA01D_MURATA in D:\Carugati\Dropbox\WorkSpace_Altium\pqm_v2\pqm_v2_page4.SchDoc with CAP_GRM2195C1H103FA01D_MURATA from pqm_v2_lib_cap.SchLib
Replace Part C35 CAP_CC0805KRX7R8BB104_YAGEO in D:\Carugati\Dropbox\WorkSpace_Altium\pqm_v2\pqm_v2_page4.SchDoc with CAP_CC0805KRX7R8BB104_YAGEO from pqm_v2_lib_cap.SchLib
Replace Part C36 CAP_GRM2195C1H103FA01D_MURATA in D:\Carugati\Dropbox\WorkSpace_Altium\pqm_v2\pqm_v2_page4.SchDoc with CAP_GRM2195C1H103FA01D_MURATA from pqm_v2_lib_cap.SchLib
Replace Part C37 CAP_GRM2195C1H103FA01D_MURATA in D:\Carugati\Dropbox\WorkSpace_Altium\pqm_v2\pqm_v2_page4.SchDoc with CAP_GRM2195C1H103FA01D_MURATA from pqm_v2_lib_cap.SchLib
Replace Part C38 CAP_GRM2195C1H103FA01D_MURATA in D:\Carugati\Dropbox\WorkSpace_Altium\pqm_v2\pqm_v2_page4.SchDoc with CAP_GRM2195C1H103FA01D_MURATA from pqm_v2_lib_cap.SchLib
Replace Part C39 CAP_GRM2195C1H103FA01D_MURATA in D:\Carugati\Dropbox\WorkSpace_Altium\pqm_v2\pqm_v2_page4.SchDoc with CAP_GRM2195C1H103FA01D_MURATA from pqm_v2_lib_cap.SchLib
Replace Part C40 CAP_GRM2195C1H103FA01D_MURATA in D:\Carugati\Dropbox\WorkSpace_Altium\pqm_v2\pqm_v2_page4.SchDoc with CAP_GRM2195C1H103FA01D_MURATA from pqm_v2_lib_cap.SchLib
Replace Part C41 CAP_GRM2195C1H103FA01D_MURATA in D:\Carugati\Dropbox\WorkSpace_Altium\pqm_v2\pqm_v2_page4.SchDoc with CAP_GRM2195C1H103FA01D_MURATA from pqm_v2_lib_cap.SchLib
Replace Part C42 CAP_GRM2195C1H103FA01D_MURATA in D:\Carugati\Dropbox\WorkSpace_Altium\pqm_v2\pqm_v2_page4.SchDoc with CAP_GRM2195C1H103FA01D_MURATA from pqm_v2_lib_cap.SchLib
Replace Part C43 CAP_GRM2195C1H103FA01D_MURATA in D:\Carugati\Dropbox\WorkSpace_Altium\pqm_v2\pqm_v2_page4.SchDoc with CAP_GRM2195C1H103FA01D_MURATA from pqm_v2_lib_cap.SchLib
Replace Part C44 CAP_CC0805KRX7R8BB104_YAGEO in D:\Carugati\Dropbox\WorkSpace_Altium\pqm_v2\pqm_v2_page4.SchDoc with CAP_CC0805KRX7R8BB104_YAGEO from pqm_v2_lib_cap.SchLib
Replace Part C45 CAP_GRM2195C1H103FA01D_MURATA in D:\Carugati\Dropbox\WorkSpace_Altium\pqm_v2\pqm_v2_page4.SchDoc with CAP_GRM2195C1H103FA01D_MURATA from pqm_v2_lib_cap.SchLib
Replace Part C46 CAP_GRM2195C1H103FA01D_MURATA in D:\Carugati\Dropbox\WorkSpace_Altium\pqm_v2\pqm_v2_page4.SchDoc with CAP_GRM2195C1H103FA01D_MURATA from pqm_v2_lib_cap.SchLib
Replace Part C47 CAP_GRM2195C1H103FA01D_MURATA in D:\Carugati\Dropbox\WorkSpace_Altium\pqm_v2\pqm_v2_page4.SchDoc with CAP_GRM2195C1H103FA01D_MURATA from pqm_v2_lib_cap.SchLib
Replace Part C48 CAP_GRM2195C1H103FA01D_MURATA in D:\Carugati\Dropbox\WorkSpace_Altium\pqm_v2\pqm_v2_page4.SchDoc with CAP_GRM2195C1H103FA01D_MURATA from pqm_v2_lib_cap.SchLib
Replace Part C69 CAP_CC0805KRX7R8BB104_YAGEO in D:\Carugati\Dropbox\WorkSpace_Altium\pqm_v2\pqm_v2_page4.SchDoc with CAP_CC0805KRX7R8BB104_YAGEO from pqm_v2_lib_cap.SchLib
Replace Part C70 CAP_CC0805KRX7R8BB104_YAGEO in D:\Carugati\Dropbox\WorkSpace_Altium\pqm_v2\pqm_v2_page4.SchDoc with CAP_CC0805KRX7R8BB104_YAGEO from pqm_v2_lib_cap.SchLib
Replace Part C71 CAP_CC0805KRX7R8BB104_YAGEO in D:\Carugati\Dropbox\WorkSpace_Altium\pqm_v2\pqm_v2_page4.SchDoc with CAP_CC0805KRX7R8BB104_YAGEO from pqm_v2_lib_cap.SchLib
Replace Part C72 CAP_CC0805KRX7R8BB104_YAGEO in D:\Carugati\Dropbox\WorkSpace_Altium\pqm_v2\pqm_v2_page4.SchDoc with CAP_CC0805KRX7R8BB104_YAGEO from pqm_v2_lib_cap.SchLib
Replace Part C75 CAP_CC0805KKX7R7BB105_YAGEO in D:\Carugati\Dropbox\WorkSpace_Altium\pqm_v2\pqm_v2_page4.SchDoc with CAP_CC0805KKX7R7BB105_YAGEO from pqm_v2_lib_cap.SchLib
Replace Part C76 CAP_CC0805KKX7R7BB105_YAGEO in D:\Carugati\Dropbox\WorkSpace_Altium\pqm_v2\pqm_v2_page4.SchDoc with CAP_CC0805KKX7R7BB105_YAGEO from pqm_v2_lib_cap.SchLib
Replace Part C77 CAP_CC0805KRX7R8BB104_YAGEO in D:\Carugati\Dropbox\WorkSpace_Altium\pqm_v2\pqm_v2_page4.SchDoc with CAP_CC0805KRX7R8BB104_YAGEO from pqm_v2_lib_cap.SchLib
Replace Part C78 CAP_CC0805KKX7R7BB105_YAGEO in D:\Carugati\Dropbox\WorkSpace_Altium\pqm_v2\pqm_v2_page4.SchDoc with CAP_CC0805KKX7R7BB105_YAGEO from pqm_v2_lib_cap.SchLib
Replace Part C79 CAP_CC0805JRNPO9BN101_YAGEO in D:\Carugati\Dropbox\WorkSpace_Altium\pqm_v2\pqm_v2_page4.SchDoc with CAP_CC0805JRNPO9BN101_YAGEO from pqm_v2_lib_cap.SchLib
Replace Part C80 CAP_CC0805JRNPO9BN101_YAGEO in D:\Carugati\Dropbox\WorkSpace_Altium\pqm_v2\pqm_v2_page4.SchDoc with CAP_CC0805JRNPO9BN101_YAGEO from pqm_v2_lib_cap.SchLib
Replace Part C81 CAP_CC0805JRNPO9BN101_YAGEO in D:\Carugati\Dropbox\WorkSpace_Altium\pqm_v2\pqm_v2_page4.SchDoc with CAP_CC0805JRNPO9BN101_YAGEO from pqm_v2_lib_cap.SchLib
Replace Part C82 CAP_CC0805JRNPO9BN101_YAGEO in D:\Carugati\Dropbox\WorkSpace_Altium\pqm_v2\pqm_v2_page4.SchDoc with CAP_CC0805JRNPO9BN101_YAGEO from pqm_v2_lib_cap.SchLib
Replace Part C83 CAP_CC0805JRNPO9BN101_YAGEO in D:\Carugati\Dropbox\WorkSpace_Altium\pqm_v2\pqm_v2_page4.SchDoc with CAP_CC0805JRNPO9BN101_YAGEO from pqm_v2_lib_cap.SchLib
Replace Part C84 CAP_CC0805JRNPO9BN101_YAGEO in D:\Carugati\Dropbox\WorkSpace_Altium\pqm_v2\pqm_v2_page4.SchDoc with CAP_CC0805JRNPO9BN101_YAGEO from pqm_v2_lib_cap.SchLib
Replace Part C85 CAP_CC0805JRNPO9BN101_YAGEO in D:\Carugati\Dropbox\WorkSpace_Altium\pqm_v2\pqm_v2_page4.SchDoc with CAP_CC0805JRNPO9BN101_YAGEO from pqm_v2_lib_cap.SchLib
Replace Part C86 CAP_CC0805JRNPO9BN101_YAGEO in D:\Carugati\Dropbox\WorkSpace_Altium\pqm_v2\pqm_v2_page4.SchDoc with CAP_CC0805JRNPO9BN101_YAGEO from pqm_v2_lib_cap.SchLib
Replace Part J6 CON_HeaderX8 in D:\Carugati\Dropbox\WorkSpace_Altium\pqm_v2\pqm_v2_page4.SchDoc with CON_HeaderX8 from pqm_v2_lib_connectors.SchLib
Replace Part R14 RES_RC0805FR-07510KL_YAGEO in D:\Carugati\Dropbox\WorkSpace_Altium\pqm_v2\pqm_v2_page4.SchDoc with RES_RC0805FR-07510KL_YAGEO from pqm_v2_lib_res.SchLib
Replace Part R18 RES_RC0805FR-0749K9L_YAGEO in D:\Carugati\Dropbox\WorkSpace_Altium\pqm_v2\pqm_v2_page4.SchDoc with RES_RC0805FR-0749K9L_YAGEO from pqm_v2_lib_res.SchLib
Replace Part R32 RES_RC0805FR-073K16L_YAGEO in D:\Carugati\Dropbox\WorkSpace_Altium\pqm_v2\pqm_v2_page4.SchDoc with RES_RC0805FR-073K16L_YAGEO from pqm_v2_lib_res.SchLib
Replace Part R46 RES_RC0805FR-074K7L_YAGEO in D:\Carugati\Dropbox\WorkSpace_Altium\pqm_v2\pqm_v2_page4.SchDoc with RES_RC0805FR-074K7L_YAGEO from pqm_v2_lib_res.SchLib
Replace Part R61 RES_RC0805FR-079K31L_YAGEO in D:\Carugati\Dropbox\WorkSpace_Altium\pqm_v2\pqm_v2_page4.SchDoc with RES_RC0805FR-079K31L_YAGEO from pqm_v2_lib_res.SchLib
Replace Part R62 RES_RC0805FR-074K7L_YAGEO in D:\Carugati\Dropbox\WorkSpace_Altium\pqm_v2\pqm_v2_page4.SchDoc with RES_RC0805FR-074K7L_YAGEO from pqm_v2_lib_res.SchLib
Replace Part R63 RES_RC0805FR-071RL_YAGEO in D:\Carugati\Dropbox\WorkSpace_Altium\pqm_v2\pqm_v2_page4.SchDoc with RES_RC0805FR-071RL_YAGEO from pqm_v2_lib_res.SchLib
Replace Part R64 RES_RC0805FR-0749K9L_YAGEO in D:\Carugati\Dropbox\WorkSpace_Altium\pqm_v2\pqm_v2_page4.SchDoc with RES_RC0805FR-0749K9L_YAGEO from pqm_v2_lib_res.SchLib
Replace Part R65 RES_RC0805FR-073K16L_YAGEO in D:\Carugati\Dropbox\WorkSpace_Altium\pqm_v2\pqm_v2_page4.SchDoc with RES_RC0805FR-073K16L_YAGEO from pqm_v2_lib_res.SchLib
Replace Part R66 RES_RC0805FR-074K7L_YAGEO in D:\Carugati\Dropbox\WorkSpace_Altium\pqm_v2\pqm_v2_page4.SchDoc with RES_RC0805FR-074K7L_YAGEO from pqm_v2_lib_res.SchLib
Replace Part R67 RES_RC0805FR-079K31L_YAGEO in D:\Carugati\Dropbox\WorkSpace_Altium\pqm_v2\pqm_v2_page4.SchDoc with RES_RC0805FR-079K31L_YAGEO from pqm_v2_lib_res.SchLib
Replace Part R68 RES_RC0805FR-0710KL_YAGEO in D:\Carugati\Dropbox\WorkSpace_Altium\pqm_v2\pqm_v2_page4.SchDoc with RES_RC0805FR-0710KL_YAGEO from pqm_v2_lib_res.SchLib
Replace Part R69 RES_RC0805FR-0710KL_YAGEO in D:\Carugati\Dropbox\WorkSpace_Altium\pqm_v2\pqm_v2_page4.SchDoc with RES_RC0805FR-0710KL_YAGEO from pqm_v2_lib_res.SchLib
Replace Part R70 RES_RC0805FR-071RL_YAGEO in D:\Carugati\Dropbox\WorkSpace_Altium\pqm_v2\pqm_v2_page4.SchDoc with RES_RC0805FR-071RL_YAGEO from pqm_v2_lib_res.SchLib
Replace Part R71 RES_RC0805FR-0749K9L_YAGEO in D:\Carugati\Dropbox\WorkSpace_Altium\pqm_v2\pqm_v2_page4.SchDoc with RES_RC0805FR-0749K9L_YAGEO from pqm_v2_lib_res.SchLib
Replace Part R72 RES_RC0805FR-073K16L_YAGEO in D:\Carugati\Dropbox\WorkSpace_Altium\pqm_v2\pqm_v2_page4.SchDoc with RES_RC0805FR-073K16L_YAGEO from pqm_v2_lib_res.SchLib
Replace Part R73 RES_RC0805FR-074K7L_YAGEO in D:\Carugati\Dropbox\WorkSpace_Altium\pqm_v2\pqm_v2_page4.SchDoc with RES_RC0805FR-074K7L_YAGEO from pqm_v2_lib_res.SchLib
Replace Part R74 RES_RC0805FR-079K31L_YAGEO in D:\Carugati\Dropbox\WorkSpace_Altium\pqm_v2\pqm_v2_page4.SchDoc with RES_RC0805FR-079K31L_YAGEO from pqm_v2_lib_res.SchLib
Replace Part R75 RES_RC0805FR-074K7L_YAGEO in D:\Carugati\Dropbox\WorkSpace_Altium\pqm_v2\pqm_v2_page4.SchDoc with RES_RC0805FR-074K7L_YAGEO from pqm_v2_lib_res.SchLib
Replace Part R76 RES_RC0805FR-071RL_YAGEO in D:\Carugati\Dropbox\WorkSpace_Altium\pqm_v2\pqm_v2_page4.SchDoc with RES_RC0805FR-071RL_YAGEO from pqm_v2_lib_res.SchLib
Replace Part R77 RES_RC0805FR-0749K9L_YAGEO in D:\Carugati\Dropbox\WorkSpace_Altium\pqm_v2\pqm_v2_page4.SchDoc with RES_RC0805FR-0749K9L_YAGEO from pqm_v2_lib_res.SchLib
Replace Part R78 RES_RC0805FR-073K16L_YAGEO in D:\Carugati\Dropbox\WorkSpace_Altium\pqm_v2\pqm_v2_page4.SchDoc with RES_RC0805FR-073K16L_YAGEO from pqm_v2_lib_res.SchLib
Replace Part R79 RES_RC0805FR-074K7L_YAGEO in D:\Carugati\Dropbox\WorkSpace_Altium\pqm_v2\pqm_v2_page4.SchDoc with RES_RC0805FR-074K7L_YAGEO from pqm_v2_lib_res.SchLib
Replace Part R80 RES_RC0805FR-079K31L_YAGEO in D:\Carugati\Dropbox\WorkSpace_Altium\pqm_v2\pqm_v2_page4.SchDoc with RES_RC0805FR-079K31L_YAGEO from pqm_v2_lib_res.SchLib
Replace Part R81 RES_RC0805FR-0710KL_YAGEO in D:\Carugati\Dropbox\WorkSpace_Altium\pqm_v2\pqm_v2_page4.SchDoc with RES_RC0805FR-0710KL_YAGEO from pqm_v2_lib_res.SchLib
Replace Part R82 RES_RC0805FR-0710KL_YAGEO in D:\Carugati\Dropbox\WorkSpace_Altium\pqm_v2\pqm_v2_page4.SchDoc with RES_RC0805FR-0710KL_YAGEO from pqm_v2_lib_res.SchLib
Replace Part R85 RES_RC0805FR-073K16L_YAGEO in D:\Carugati\Dropbox\WorkSpace_Altium\pqm_v2\pqm_v2_page4.SchDoc with RES_RC0805FR-073K16L_YAGEO from pqm_v2_lib_res.SchLib
Replace Part R86 RES_RC0805FR-074K7L_YAGEO in D:\Carugati\Dropbox\WorkSpace_Altium\pqm_v2\pqm_v2_page4.SchDoc with RES_RC0805FR-074K7L_YAGEO from pqm_v2_lib_res.SchLib
Replace Part R87 RES_RC0805FR-079K31L_YAGEO in D:\Carugati\Dropbox\WorkSpace_Altium\pqm_v2\pqm_v2_page4.SchDoc with RES_RC0805FR-079K31L_YAGEO from pqm_v2_lib_res.SchLib
Replace Part R88 RES_RC0805FR-074K7L_YAGEO in D:\Carugati\Dropbox\WorkSpace_Altium\pqm_v2\pqm_v2_page4.SchDoc with RES_RC0805FR-074K7L_YAGEO from pqm_v2_lib_res.SchLib
Replace Part R91 RES_RC0805FR-073K16L_YAGEO in D:\Carugati\Dropbox\WorkSpace_Altium\pqm_v2\pqm_v2_page4.SchDoc with RES_RC0805FR-073K16L_YAGEO from pqm_v2_lib_res.SchLib
Replace Part R92 RES_RC0805FR-074K7L_YAGEO in D:\Carugati\Dropbox\WorkSpace_Altium\pqm_v2\pqm_v2_page4.SchDoc with RES_RC0805FR-074K7L_YAGEO from pqm_v2_lib_res.SchLib
Replace Part R93 RES_RC0805FR-079K31L_YAGEO in D:\Carugati\Dropbox\WorkSpace_Altium\pqm_v2\pqm_v2_page4.SchDoc with RES_RC0805FR-079K31L_YAGEO from pqm_v2_lib_res.SchLib
Replace Part R94 RES_RC0805FR-0710KL_YAGEO in D:\Carugati\Dropbox\WorkSpace_Altium\pqm_v2\pqm_v2_page4.SchDoc with RES_RC0805FR-0710KL_YAGEO from pqm_v2_lib_res.SchLib
Replace Part R95 RES_RC0805FR-0710KL_YAGEO in D:\Carugati\Dropbox\WorkSpace_Altium\pqm_v2\pqm_v2_page4.SchDoc with RES_RC0805FR-0710KL_YAGEO from pqm_v2_lib_res.SchLib
Replace Part R98 RES_RC0805FR-073K16L_YAGEO in D:\Carugati\Dropbox\WorkSpace_Altium\pqm_v2\pqm_v2_page4.SchDoc with RES_RC0805FR-073K16L_YAGEO from pqm_v2_lib_res.SchLib
Replace Part R99 RES_RC0805FR-074K7L_YAGEO in D:\Carugati\Dropbox\WorkSpace_Altium\pqm_v2\pqm_v2_page4.SchDoc with RES_RC0805FR-074K7L_YAGEO from pqm_v2_lib_res.SchLib
Replace Part R100 RES_RC0805FR-079K31L_YAGEO in D:\Carugati\Dropbox\WorkSpace_Altium\pqm_v2\pqm_v2_page4.SchDoc with RES_RC0805FR-079K31L_YAGEO from pqm_v2_lib_res.SchLib
Replace Part R101 RES_RC0805FR-074K7L_YAGEO in D:\Carugati\Dropbox\WorkSpace_Altium\pqm_v2\pqm_v2_page4.SchDoc with RES_RC0805FR-074K7L_YAGEO from pqm_v2_lib_res.SchLib
Replace Part R103 RES_RC0805FR-07510KL_YAGEO in D:\Carugati\Dropbox\WorkSpace_Altium\pqm_v2\pqm_v2_page4.SchDoc with RES_RC0805FR-07510KL_YAGEO from pqm_v2_lib_res.SchLib
Replace Part R104 RES_RC0805FR-073K16L_YAGEO in D:\Carugati\Dropbox\WorkSpace_Altium\pqm_v2\pqm_v2_page4.SchDoc with RES_RC0805FR-073K16L_YAGEO from pqm_v2_lib_res.SchLib
Replace Part R105 RES_RC0805FR-074K7L_YAGEO in D:\Carugati\Dropbox\WorkSpace_Altium\pqm_v2\pqm_v2_page4.SchDoc with RES_RC0805FR-074K7L_YAGEO from pqm_v2_lib_res.SchLib
Replace Part R106 RES_RC0805FR-079K31L_YAGEO in D:\Carugati\Dropbox\WorkSpace_Altium\pqm_v2\pqm_v2_page4.SchDoc with RES_RC0805FR-079K31L_YAGEO from pqm_v2_lib_res.SchLib
Replace Part R107 RES_RC0805FR-0710KL_YAGEO in D:\Carugati\Dropbox\WorkSpace_Altium\pqm_v2\pqm_v2_page4.SchDoc with RES_RC0805FR-0710KL_YAGEO from pqm_v2_lib_res.SchLib
Replace Part R108 RES_RC0805FR-0710KL_YAGEO in D:\Carugati\Dropbox\WorkSpace_Altium\pqm_v2\pqm_v2_page4.SchDoc with RES_RC0805FR-0710KL_YAGEO from pqm_v2_lib_res.SchLib
Replace Part R110 RES_RC0805FR-071RL_YAGEO in D:\Carugati\Dropbox\WorkSpace_Altium\pqm_v2\pqm_v2_page4.SchDoc with RES_RC0805FR-071RL_YAGEO from pqm_v2_lib_res.SchLib
Replace Part R111 RES_RC0805FR-07510KL_YAGEO in D:\Carugati\Dropbox\WorkSpace_Altium\pqm_v2\pqm_v2_page4.SchDoc with RES_RC0805FR-07510KL_YAGEO from pqm_v2_lib_res.SchLib
Replace Part R113 RES_RC0805FR-07510KL_YAGEO in D:\Carugati\Dropbox\WorkSpace_Altium\pqm_v2\pqm_v2_page4.SchDoc with RES_RC0805FR-07510KL_YAGEO from pqm_v2_lib_res.SchLib
Replace Part R115 RES_RC0805FR-07510KL_YAGEO in D:\Carugati\Dropbox\WorkSpace_Altium\pqm_v2\pqm_v2_page4.SchDoc with RES_RC0805FR-07510KL_YAGEO from pqm_v2_lib_res.SchLib
Replace Part R117 RES_RC0805FR-07510KL_YAGEO in D:\Carugati\Dropbox\WorkSpace_Altium\pqm_v2\pqm_v2_page4.SchDoc with RES_RC0805FR-07510KL_YAGEO from pqm_v2_lib_res.SchLib
Replace Part R119 RES_RC0805FR-07510KL_YAGEO in D:\Carugati\Dropbox\WorkSpace_Altium\pqm_v2\pqm_v2_page4.SchDoc with RES_RC0805FR-07510KL_YAGEO from pqm_v2_lib_res.SchLib
Replace Part R121 RES_RC0805FR-07510KL_YAGEO in D:\Carugati\Dropbox\WorkSpace_Altium\pqm_v2\pqm_v2_page4.SchDoc with RES_RC0805FR-07510KL_YAGEO from pqm_v2_lib_res.SchLib
Replace Part U5 IC_TLV2474_ANALOG in D:\Carugati\Dropbox\WorkSpace_Altium\pqm_v2\pqm_v2_page4.SchDoc with IC_TLV2474_ANALOG from pqm_v2_lib_ic.SchLib
Replace Part U5 IC_TLV2474_ANALOG in D:\Carugati\Dropbox\WorkSpace_Altium\pqm_v2\pqm_v2_page4.SchDoc with IC_TLV2474_ANALOG from pqm_v2_lib_ic.SchLib
Replace Part U5 IC_TLV2474_ANALOG in D:\Carugati\Dropbox\WorkSpace_Altium\pqm_v2\pqm_v2_page4.SchDoc with IC_TLV2474_ANALOG from pqm_v2_lib_ic.SchLib
Replace Part U5 IC_TLV2474_ANALOG in D:\Carugati\Dropbox\WorkSpace_Altium\pqm_v2\pqm_v2_page4.SchDoc with IC_TLV2474_ANALOG from pqm_v2_lib_ic.SchLib
Replace Part U5 IC_TLV2474_ANALOG in D:\Carugati\Dropbox\WorkSpace_Altium\pqm_v2\pqm_v2_page4.SchDoc with IC_TLV2474_ANALOG from pqm_v2_lib_ic.SchLib
Replace Part U6 IC_TLV2474_ANALOG in D:\Carugati\Dropbox\WorkSpace_Altium\pqm_v2\pqm_v2_page4.SchDoc with IC_TLV2474_ANALOG from pqm_v2_lib_ic.SchLib
Replace Part U6 IC_TLV2474_ANALOG in D:\Carugati\Dropbox\WorkSpace_Altium\pqm_v2\pqm_v2_page4.SchDoc with IC_TLV2474_ANALOG from pqm_v2_lib_ic.SchLib
Replace Part U6 IC_TLV2474_ANALOG in D:\Carugati\Dropbox\WorkSpace_Altium\pqm_v2\pqm_v2_page4.SchDoc with IC_TLV2474_ANALOG from pqm_v2_lib_ic.SchLib
Replace Part U6 IC_TLV2474_ANALOG in D:\Carugati\Dropbox\WorkSpace_Altium\pqm_v2\pqm_v2_page4.SchDoc with IC_TLV2474_ANALOG from pqm_v2_lib_ic.SchLib
Replace Part U6 IC_TLV2474_ANALOG in D:\Carugati\Dropbox\WorkSpace_Altium\pqm_v2\pqm_v2_page4.SchDoc with IC_TLV2474_ANALOG from pqm_v2_lib_ic.SchLib
Replace Part U7 IC_INA121U in D:\Carugati\Dropbox\WorkSpace_Altium\pqm_v2\pqm_v2_page4.SchDoc with IC_INA121U from pqm_v2_lib_ic.SchLib
Replace Part U8 IC_INA121U in D:\Carugati\Dropbox\WorkSpace_Altium\pqm_v2\pqm_v2_page4.SchDoc with IC_INA121U from pqm_v2_lib_ic.SchLib
Replace Part U9 IC_INA121U in D:\Carugati\Dropbox\WorkSpace_Altium\pqm_v2\pqm_v2_page4.SchDoc with IC_INA121U from pqm_v2_lib_ic.SchLib
Replace Part U10 IC_INA121U in D:\Carugati\Dropbox\WorkSpace_Altium\pqm_v2\pqm_v2_page4.SchDoc with IC_INA121U from pqm_v2_lib_ic.SchLib
Replace Part U13 IC_ISL21010_INTERSIL in D:\Carugati\Dropbox\WorkSpace_Altium\pqm_v2\pqm_v2_page4.SchDoc with IC_ISL21010_INTERSIL from pqm_v2_lib_ic.SchLib
Replace Part U14 IC_LM4132_TI in D:\Carugati\Dropbox\WorkSpace_Altium\pqm_v2\pqm_v2_page4.SchDoc with IC_LM4132_TI from pqm_v2_lib_ic.SchLib
