Removed Pin From Net: NetName=AGND Pin=C10-2
Removed Pin From Net: NetName=AGND Pin=C12-2
Removed Pin From Net: NetName=AGND Pin=C17-2
Removed Pin From Net: NetName=AGND Pin=C19-2
Removed Pin From Net: NetName=AGND Pin=C22-2
Removed Pin From Net: NetName=AGND Pin=C24-2
Removed Pin From Net: NetName=AGND Pin=C29-2
Removed Pin From Net: NetName=AGND Pin=C31-2
Removed Pin From Net: NetName=NetC9_1 Pin=R4-1
Removed Pin From Net: NetName=NetC11_2 Pin=R4-2
Removed Pin From Net: NetName=NetC11_2 Pin=R9-1
Removed Pin From Net: NetName=NetC9_2 Pin=R10-1
Removed Pin From Net: NetName=NetC11_2 Pin=R10-2
Removed Pin From Net: NetName=AGND Pin=R15-2
Removed Pin From Net: NetName=NetC11_2 Pin=R16-1
Removed Pin From Net: NetName=AGND Pin=R17-2
Removed Pin From Net: NetName=NetC16_1 Pin=R18-1
Removed Pin From Net: NetName=NetC18_2 Pin=R18-2
Removed Pin From Net: NetName=NetC18_2 Pin=R23-1
Removed Pin From Net: NetName=NetC16_2 Pin=R24-1
Removed Pin From Net: NetName=NetC18_2 Pin=R24-2
Removed Pin From Net: NetName=AGND Pin=R29-2
Removed Pin From Net: NetName=NetC18_2 Pin=R30-1
Removed Pin From Net: NetName=NetC21_1 Pin=R32-1
Removed Pin From Net: NetName=NetC23_2 Pin=R32-2
Removed Pin From Net: NetName=NetC23_2 Pin=R37-1
Removed Pin From Net: NetName=NetC21_2 Pin=R38-1
Removed Pin From Net: NetName=NetC23_2 Pin=R38-2
Removed Pin From Net: NetName=AGND Pin=R43-2
Removed Pin From Net: NetName=NetC23_2 Pin=R44-1
Removed Pin From Net: NetName=NetC28_1 Pin=R46-1
Removed Pin From Net: NetName=NetC30_2 Pin=R46-2
Removed Pin From Net: NetName=NetC30_2 Pin=R51-1
Removed Pin From Net: NetName=NetC28_2 Pin=R52-1
Removed Pin From Net: NetName=NetC30_2 Pin=R52-2
Removed Pin From Net: NetName=AGND Pin=R57-2
Removed Pin From Net: NetName=NetC30_2 Pin=R58-1
Removed Pin From Net: NetName=NetC16_2 Pin=U3-9
Removed Pin From Net: NetName=NetC9_2 Pin=U3-12
Removed Pin From Net: NetName=NetC28_2 Pin=U4-9
Removed Pin From Net: NetName=NetC21_2 Pin=U4-12
Removed Member From Class: ClassName=pqm_v2_page3 Member=C12
Removed Member From Class: ClassName=pqm_v2_page3 Member=C19
Removed Member From Class: ClassName=pqm_v2_page3 Member=C24
Removed Member From Class: ClassName=pqm_v2_page3 Member=C31
Removed Member From Class: ClassName=pqm_v2_page3 Member=R14
Removed Member From Class: ClassName=pqm_v2_page3 Member=R18
Removed Member From Class: ClassName=pqm_v2_page3 Member=R32
Removed Member From Class: ClassName=pqm_v2_page3 Member=R46
Added Pin To Net: NetName=GND_ISO Pin=C14-2
Added Pin To Net: NetName=NetJ1_1 Pin=J3-43
Added Pin To Net: NetName=NetJ1_9 Pin=J3-93
Added Pin To Net: NetName=AGND Pin=R4-2
Added Pin To Net: NetName=NetC9_2 Pin=R9-1
Added Pin To Net: NetName=NetC11_2 Pin=R10-1
Added Pin To Net: NetName=NetC9_2 Pin=R10-2
Added Pin To Net: NetName=NetC9_2 Pin=R16-1
Added Pin To Net: NetName=NetC9_1 Pin=R17-2
Added Pin To Net: NetName=NetC16_2 Pin=R23-1
Added Pin To Net: NetName=NetC18_2 Pin=R24-1
Added Pin To Net: NetName=NetC16_2 Pin=R24-2
Added Pin To Net: NetName=NetC16_1 Pin=R28-1
Added Pin To Net: NetName=NetC16_2 Pin=R30-1
Added Pin To Net: NetName=NetC21_2 Pin=R37-1
Added Pin To Net: NetName=NetC23_2 Pin=R38-1
Added Pin To Net: NetName=NetC21_2 Pin=R38-2
Added Pin To Net: NetName=NetC21_1 Pin=R42-1
Added Pin To Net: NetName=NetC21_2 Pin=R44-1
Added Pin To Net: NetName=NetC28_2 Pin=R51-1
Added Pin To Net: NetName=NetC30_2 Pin=R52-1
Added Pin To Net: NetName=NetC28_2 Pin=R52-2
Added Pin To Net: NetName=NetC28_1 Pin=R56-1
Added Pin To Net: NetName=NetC28_2 Pin=R58-1
Added Pin To Net: NetName=NetC18_2 Pin=U3-9
Added Pin To Net: NetName=NetC11_2 Pin=U3-13
Added Pin To Net: NetName=NetC30_2 Pin=U4-9
Added Pin To Net: NetName=NetC23_2 Pin=U4-13
Added Pin To Net: NetName=NetC10_2 Pin=C10-2
Added Pin To Net: NetName=NetC10_2 Pin=C17-2
Added Pin To Net: NetName=NetC10_2 Pin=C22-2
Added Pin To Net: NetName=NetC10_2 Pin=C29-2
Added Pin To Net: NetName=NetC10_2 Pin=R15-2
Added Pin To Net: NetName=NetC10_2 Pin=R29-2
Added Pin To Net: NetName=NetC10_2 Pin=R43-2
Added Pin To Net: NetName=NetC10_2 Pin=R57-2
Added Net: Name=NetC10_2
Added Pin To Net: NetName=NetR4_1 Pin=R4-1
Added Pin To Net: NetName=NetR4_1 Pin=R17-1
Added Pin To Net: NetName=NetR4_1 Pin=U3-12
Added Net: Name=NetR4_1
Added Pin To Net: NetName=NetR28_2 Pin=R28-2
Added Pin To Net: NetName=NetR28_2 Pin=R31-1
Added Pin To Net: NetName=NetR28_2 Pin=U3-10
Added Net: Name=NetR28_2
Added Pin To Net: NetName=NetR42_2 Pin=R42-2
Added Pin To Net: NetName=NetR42_2 Pin=R45-1
Added Pin To Net: NetName=NetR42_2 Pin=U4-12
Added Net: Name=NetR42_2
Added Pin To Net: NetName=NetR56_2 Pin=R56-2
Added Pin To Net: NetName=NetR56_2 Pin=R59-1
Added Pin To Net: NetName=NetR56_2 Pin=U4-10
Added Net: Name=NetR56_2
Added Member To Class: ClassName=pqm_v2_page1 Member=Component C7 CAP_C3216X7R1E105M085AA_TDK
Added Member To Class: ClassName=pqm_v2_page1 Member=Component L1 MAG_SRR1005-100M_BOURNS
Added Room: Name=pqm_v2_page1
Added Room: Name=pqm_v2_page2
Added Room: Name=pqm_v2_page3
Added Room: Name=pqm_v2_page5
