Removed Pin From Net: NetName=NetC3_2 Pin=U1-2
Removed Pin From Net: NetName=NetC1_1 Pin=U1-3
Removed Pin From Net: NetName=NetC2_2 Pin=U1-8
Removed Pin From Net: NetName=NetC4_2 Pin=U1-9
Removed Pin From Net: NetName=NetR10_2 Pin=U1-10
Added Component: Designator=C1(CAPC3216X135N)
Added Component: Designator=C1(CAPC3216X135N)
Added Component: Designator=C5(CAPC3216X135N)
Added Component: Designator=C6(CAPC3216X135N)
Added Component: Designator=C7(CAPC3216X135N)
Added Component: Designator=C8(CAPC3216X135N)
Added Component: Designator=C9(CAPC3216X135N)
Added Component: Designator=C10(CAPC3216X135N)
Added Component: Designator=C11(CAPC3216X135N)
Added Component: Designator=C12(CAPC3216X135N)
Added Component: Designator=C13(CAPC3216X135N)
Added Component: Designator=C14(CAPC3216X135N)
Added Component: Designator=C15(CAPC3216X135N)
Added Component: Designator=C16(CAPC3216X135N)
Added Component: Designator=J1(BorneraX2)
Added Component: Designator=J2(BorneraX2)
Added Component: Designator=J3(BorneraX2)
Added Component: Designator=J4(BorneraX2)
Added Component: Designator=R13(RESC3216X071N)
Added Component: Designator=R14(RESC3216X071N)
Added Component: Designator=R15(RESC3216X071N)
Added Component: Designator=R16(RESC3216X071N)
Added Component: Designator=R17(RESC3216X071N)
Added Component: Designator=R18(RESC3216X071N)
Added Component: Designator=R19(RESC3216X071N)
Added Component: Designator=R20(RESC3216X071N)
Added Component: Designator=R21(RESC3216X071N)
Added Component: Designator=R22(RESC3216X071N)
Added Component: Designator=R23(RESC3216X071N)
Added Component: Designator=R24(RESC3216X071N)
Added Component: Designator=R25(RESC3216X071N)
Added Component: Designator=R26(RESC3216X071N)
Added Component: Designator=R27(RESC3216X071N)
Added Component: Designator=R28(RESC3216X071N)
Added Component: Designator=R29(RESC3216X071N)
Added Component: Designator=R30(RESC3216X071N)
Added Component: Designator=R31(RESC3216X071N)
Added Component: Designator=R32(RESC3216X071N)
Added Component: Designator=R33(RESC3216X071N)
Added Component: Designator=R34(RESC3216X071N)
Added Component: Designator=R35(RESC3216X071N)
Added Component: Designator=R36(RESC3216X071N)
Added Component: Designator=R37(RESC3216X071N)
Added Component: Designator=R38(RESC3216X071N)
Added Component: Designator=R39(RESC3216X071N)
Added Component: Designator=R40(RESC3216X071N)
Added Component: Designator=R41(RESC3216X071N)
Added Component: Designator=R42(RESC3216X071N)
Added Component: Designator=R43(RESC3216X071N)
Added Component: Designator=R44(RESC3216X071N)
Added Component: Designator=R45(RESC3216X071N)
Added Component: Designator=R46(RESC3216X071N)
Added Component: Designator=R47(RESC3216X071N)
Added Component: Designator=R48(RESC3216X071N)
Added Component: Designator=U2(SOIC127P600-14AN)
Added Pin To Net: NetName=NetC1_1 Pin=U1-2
Added Pin To Net: NetName=NetC3_2 Pin=U1-3
Added Pin To Net: NetName=NetC4_2 Pin=U1-5
Added Pin To Net: NetName=NetR10_2 Pin=U1-6
Added Pin To Net: NetName=NetC2_2 Pin=U1-7
Added Pin To Net: NetName=+5V_A Pin=C1-2
Added Pin To Net: NetName=+5V_A Pin=C1-2
Added Pin To Net: NetName=+5V_A Pin=U1-4
Added Pin To Net: NetName=+5V_A Pin=U2-4
Added Net: Name=+5V_A
Added Pin To Net: NetName=AGND Pin=C1-1
Added Pin To Net: NetName=AGND Pin=C1-1
Added Pin To Net: NetName=AGND Pin=C4-1
Added Pin To Net: NetName=AGND Pin=C8-1
Added Pin To Net: NetName=AGND Pin=C12-1
Added Pin To Net: NetName=AGND Pin=C16-1
Added Pin To Net: NetName=AGND Pin=R12-2
Added Pin To Net: NetName=AGND Pin=R24-2
Added Pin To Net: NetName=AGND Pin=R36-2
Added Pin To Net: NetName=AGND Pin=R48-2
Added Pin To Net: NetName=AGND Pin=U1-11
Added Pin To Net: NetName=AGND Pin=U2-11
Added Net: Name=AGND
Added Pin To Net: NetName=NetC5_1 Pin=C5-1
Added Pin To Net: NetName=NetC5_1 Pin=R15-1
Added Pin To Net: NetName=NetC5_1 Pin=R16-2
Added Pin To Net: NetName=NetC5_1 Pin=U1-9
Added Net: Name=NetC5_1
Added Pin To Net: NetName=NetC5_2 Pin=C5-2
Added Pin To Net: NetName=NetC5_2 Pin=U1-8
Added Net: Name=NetC5_2
Added Pin To Net: NetName=NetC6_1 Pin=C6-1
Added Pin To Net: NetName=NetC6_1 Pin=R17-1
Added Pin To Net: NetName=NetC6_1 Pin=R18-2
Added Net: Name=NetC6_1
Added Pin To Net: NetName=NetC6_2 Pin=C6-2
Added Pin To Net: NetName=NetC6_2 Pin=R22-1
Added Pin To Net: NetName=NetC6_2 Pin=U1-14
Added Net: Name=NetC6_2
Added Pin To Net: NetName=NetC7_1 Pin=C7-1
Added Pin To Net: NetName=NetC7_1 Pin=R23-2
Added Net: Name=NetC7_1
Added Pin To Net: NetName=NetC7_2 Pin=C7-2
Added Pin To Net: NetName=NetC7_2 Pin=R21-1
Added Pin To Net: NetName=NetC7_2 Pin=R23-1
Added Pin To Net: NetName=NetC7_2 Pin=U1-10
Added Net: Name=NetC7_2
Added Pin To Net: NetName=NetC8_2 Pin=C8-2
Added Pin To Net: NetName=NetC8_2 Pin=R18-1
Added Pin To Net: NetName=NetC8_2 Pin=U1-12
Added Net: Name=NetC8_2
Added Pin To Net: NetName=NetC9_1 Pin=C9-1
Added Pin To Net: NetName=NetC9_1 Pin=R27-1
Added Pin To Net: NetName=NetC9_1 Pin=R28-2
Added Pin To Net: NetName=NetC9_1 Pin=U2-2
Added Net: Name=NetC9_1
Added Pin To Net: NetName=NetC9_2 Pin=C9-2
Added Pin To Net: NetName=NetC9_2 Pin=U2-1
Added Net: Name=NetC9_2
Added Pin To Net: NetName=NetC10_1 Pin=C10-1
Added Pin To Net: NetName=NetC10_1 Pin=R29-1
Added Pin To Net: NetName=NetC10_1 Pin=R30-2
Added Net: Name=NetC10_1
Added Pin To Net: NetName=NetC10_2 Pin=C10-2
Added Pin To Net: NetName=NetC10_2 Pin=R34-1
Added Pin To Net: NetName=NetC10_2 Pin=U2-7
Added Net: Name=NetC10_2
Added Pin To Net: NetName=NetC11_1 Pin=C11-1
Added Pin To Net: NetName=NetC11_1 Pin=R35-2
Added Net: Name=NetC11_1
Added Pin To Net: NetName=NetC11_2 Pin=C11-2
Added Pin To Net: NetName=NetC11_2 Pin=R33-1
Added Pin To Net: NetName=NetC11_2 Pin=R35-1
Added Pin To Net: NetName=NetC11_2 Pin=U2-3
Added Net: Name=NetC11_2
Added Pin To Net: NetName=NetC12_2 Pin=C12-2
Added Pin To Net: NetName=NetC12_2 Pin=R30-1
Added Pin To Net: NetName=NetC12_2 Pin=U2-5
Added Net: Name=NetC12_2
Added Pin To Net: NetName=NetC13_1 Pin=C13-1
Added Pin To Net: NetName=NetC13_1 Pin=R39-1
Added Pin To Net: NetName=NetC13_1 Pin=R40-2
Added Pin To Net: NetName=NetC13_1 Pin=U2-9
Added Net: Name=NetC13_1
Added Pin To Net: NetName=NetC13_2 Pin=C13-2
Added Pin To Net: NetName=NetC13_2 Pin=U2-8
Added Net: Name=NetC13_2
Added Pin To Net: NetName=NetC14_1 Pin=C14-1
Added Pin To Net: NetName=NetC14_1 Pin=R41-1
Added Pin To Net: NetName=NetC14_1 Pin=R42-2
Added Net: Name=NetC14_1
Added Pin To Net: NetName=NetC14_2 Pin=C14-2
Added Pin To Net: NetName=NetC14_2 Pin=R46-1
Added Pin To Net: NetName=NetC14_2 Pin=U2-14
Added Net: Name=NetC14_2
Added Pin To Net: NetName=NetC15_1 Pin=C15-1
Added Pin To Net: NetName=NetC15_1 Pin=R47-2
Added Net: Name=NetC15_1
Added Pin To Net: NetName=NetC15_2 Pin=C15-2
Added Pin To Net: NetName=NetC15_2 Pin=R45-1
Added Pin To Net: NetName=NetC15_2 Pin=R47-1
Added Pin To Net: NetName=NetC15_2 Pin=U2-10
Added Net: Name=NetC15_2
Added Pin To Net: NetName=NetC16_2 Pin=C16-2
Added Pin To Net: NetName=NetC16_2 Pin=R42-1
Added Pin To Net: NetName=NetC16_2 Pin=U2-12
Added Net: Name=NetC16_2
Added Pin To Net: NetName=NetJ1_1 Pin=J1-1
Added Pin To Net: NetName=NetJ1_1 Pin=R1-2
Added Net: Name=NetJ1_1
Added Pin To Net: NetName=NetJ1_2 Pin=J1-2
Added Pin To Net: NetName=NetJ1_2 Pin=R7-2
Added Net: Name=NetJ1_2
Added Pin To Net: NetName=NetJ2_1 Pin=J2-1
Added Pin To Net: NetName=NetJ2_1 Pin=R13-2
Added Net: Name=NetJ2_1
Added Pin To Net: NetName=NetJ2_2 Pin=J2-2
Added Pin To Net: NetName=NetJ2_2 Pin=R19-2
Added Net: Name=NetJ2_2
Added Pin To Net: NetName=NetJ3_1 Pin=J3-1
Added Pin To Net: NetName=NetJ3_1 Pin=R25-2
Added Net: Name=NetJ3_1
Added Pin To Net: NetName=NetJ3_2 Pin=J3-2
Added Pin To Net: NetName=NetJ3_2 Pin=R31-2
Added Net: Name=NetJ3_2
Added Pin To Net: NetName=NetJ4_1 Pin=J4-1
Added Pin To Net: NetName=NetJ4_1 Pin=R37-2
Added Net: Name=NetJ4_1
Added Pin To Net: NetName=NetJ4_2 Pin=J4-2
Added Pin To Net: NetName=NetJ4_2 Pin=R43-2
Added Net: Name=NetJ4_2
Added Pin To Net: NetName=NetR13_1 Pin=R13-1
Added Pin To Net: NetName=NetR13_1 Pin=R14-2
Added Net: Name=NetR13_1
Added Pin To Net: NetName=NetR14_1 Pin=R14-1
Added Pin To Net: NetName=NetR14_1 Pin=R15-2
Added Net: Name=NetR14_1
Added Pin To Net: NetName=NetR16_1 Pin=R16-1
Added Pin To Net: NetName=NetR16_1 Pin=R17-2
Added Net: Name=NetR16_1
Added Pin To Net: NetName=NetR19_1 Pin=R19-1
Added Pin To Net: NetName=NetR19_1 Pin=R20-2
Added Net: Name=NetR19_1
Added Pin To Net: NetName=NetR20_1 Pin=R20-1
Added Pin To Net: NetName=NetR20_1 Pin=R21-2
Added Net: Name=NetR20_1
Added Pin To Net: NetName=NetR22_2 Pin=R22-2
Added Pin To Net: NetName=NetR22_2 Pin=R24-1
Added Pin To Net: NetName=NetR22_2 Pin=U1-13
Added Net: Name=NetR22_2
Added Pin To Net: NetName=NetR25_1 Pin=R25-1
Added Pin To Net: NetName=NetR25_1 Pin=R26-2
Added Net: Name=NetR25_1
Added Pin To Net: NetName=NetR26_1 Pin=R26-1
Added Pin To Net: NetName=NetR26_1 Pin=R27-2
Added Net: Name=NetR26_1
Added Pin To Net: NetName=NetR28_1 Pin=R28-1
Added Pin To Net: NetName=NetR28_1 Pin=R29-2
Added Net: Name=NetR28_1
Added Pin To Net: NetName=NetR31_1 Pin=R31-1
Added Pin To Net: NetName=NetR31_1 Pin=R32-2
Added Net: Name=NetR31_1
Added Pin To Net: NetName=NetR32_1 Pin=R32-1
Added Pin To Net: NetName=NetR32_1 Pin=R33-2
Added Net: Name=NetR32_1
Added Pin To Net: NetName=NetR34_2 Pin=R34-2
Added Pin To Net: NetName=NetR34_2 Pin=R36-1
Added Pin To Net: NetName=NetR34_2 Pin=U2-6
Added Net: Name=NetR34_2
Added Pin To Net: NetName=NetR37_1 Pin=R37-1
Added Pin To Net: NetName=NetR37_1 Pin=R38-2
Added Net: Name=NetR37_1
Added Pin To Net: NetName=NetR38_1 Pin=R38-1
Added Pin To Net: NetName=NetR38_1 Pin=R39-2
Added Net: Name=NetR38_1
Added Pin To Net: NetName=NetR40_1 Pin=R40-1
Added Pin To Net: NetName=NetR40_1 Pin=R41-2
Added Net: Name=NetR40_1
Added Pin To Net: NetName=NetR43_1 Pin=R43-1
Added Pin To Net: NetName=NetR43_1 Pin=R44-2
Added Net: Name=NetR43_1
Added Pin To Net: NetName=NetR44_1 Pin=R44-1
Added Pin To Net: NetName=NetR44_1 Pin=R45-2
Added Net: Name=NetR44_1
Added Pin To Net: NetName=NetR46_2 Pin=R46-2
Added Pin To Net: NetName=NetR46_2 Pin=R48-1
Added Pin To Net: NetName=NetR46_2 Pin=U2-13
Added Net: Name=NetR46_2
Added Member To Class: ClassName=pqm_v2_pagA Member=Component C5 CAP_CL31C300JBCNNNC_SAMSUNG
Added Member To Class: ClassName=pqm_v2_pagA Member=Component C6 CAP_CL31C300JBCNNNC_SAMSUNG
Added Member To Class: ClassName=pqm_v2_pagA Member=Component C7 CAP_CL31C300JBCNNNC_SAMSUNG
Added Member To Class: ClassName=pqm_v2_pagA Member=Component C8 CAP_CL31C300JBCNNNC_SAMSUNG
Added Member To Class: ClassName=pqm_v2_pagA Member=Component C9 CAP_CL31C300JBCNNNC_SAMSUNG
Added Member To Class: ClassName=pqm_v2_pagA Member=Component C10 CAP_CL31C300JBCNNNC_SAMSUNG
Added Member To Class: ClassName=pqm_v2_pagA Member=Component C11 CAP_CL31C300JBCNNNC_SAMSUNG
Added Member To Class: ClassName=pqm_v2_pagA Member=Component C12 CAP_CL31C300JBCNNNC_SAMSUNG
Added Member To Class: ClassName=pqm_v2_pagA Member=Component C13 CAP_CL31C300JBCNNNC_SAMSUNG
Added Member To Class: ClassName=pqm_v2_pagA Member=Component C14 CAP_CL31C300JBCNNNC_SAMSUNG
Added Member To Class: ClassName=pqm_v2_pagA Member=Component C15 CAP_CL31C300JBCNNNC_SAMSUNG
Added Member To Class: ClassName=pqm_v2_pagA Member=Component C16 CAP_CL31C300JBCNNNC_SAMSUNG
Added Member To Class: ClassName=pqm_v2_pagA Member=Component J1 HeaderX2
Added Member To Class: ClassName=pqm_v2_pagA Member=Component J2 HeaderX2
Added Member To Class: ClassName=pqm_v2_pagA Member=Component J3 HeaderX2
Added Member To Class: ClassName=pqm_v2_pagA Member=Component J4 HeaderX2
Added Member To Class: ClassName=pqm_v2_pagA Member=Component R13 RES_HV732BTTD1004D_KOA
Added Member To Class: ClassName=pqm_v2_pagA Member=Component R14 RES_HV732BTTD1004D_KOA
Added Member To Class: ClassName=pqm_v2_pagA Member=Component R15 RES_HV732BTTD1004D_KOA
Added Member To Class: ClassName=pqm_v2_pagA Member=Component R16 RES_HV732BTTD1004D_KOA
Added Member To Class: ClassName=pqm_v2_pagA Member=Component R17 RES_HV732BTTD1004D_KOA
Added Member To Class: ClassName=pqm_v2_pagA Member=Component R18 RES_HV732BTTD1004D_KOA
Added Member To Class: ClassName=pqm_v2_pagA Member=Component R19 RES_HV732BTTD1004D_KOA
Added Member To Class: ClassName=pqm_v2_pagA Member=Component R20 RES_HV732BTTD1004D_KOA
Added Member To Class: ClassName=pqm_v2_pagA Member=Component R21 RES_HV732BTTD1004D_KOA
Added Member To Class: ClassName=pqm_v2_pagA Member=Component R22 RES_HV732BTTD1004D_KOA
Added Member To Class: ClassName=pqm_v2_pagA Member=Component R23 RES_HV732BTTD1004D_KOA
Added Member To Class: ClassName=pqm_v2_pagA Member=Component R24 RES_HV732BTTD1004D_KOA
Added Member To Class: ClassName=pqm_v2_pagA Member=Component R25 RES_HV732BTTD1004D_KOA
Added Member To Class: ClassName=pqm_v2_pagA Member=Component R26 RES_HV732BTTD1004D_KOA
Added Member To Class: ClassName=pqm_v2_pagA Member=Component R27 RES_HV732BTTD1004D_KOA
Added Member To Class: ClassName=pqm_v2_pagA Member=Component R28 RES_HV732BTTD1004D_KOA
Added Member To Class: ClassName=pqm_v2_pagA Member=Component R29 RES_HV732BTTD1004D_KOA
Added Member To Class: ClassName=pqm_v2_pagA Member=Component R30 RES_HV732BTTD1004D_KOA
Added Member To Class: ClassName=pqm_v2_pagA Member=Component R31 RES_HV732BTTD1004D_KOA
Added Member To Class: ClassName=pqm_v2_pagA Member=Component R32 RES_HV732BTTD1004D_KOA
Added Member To Class: ClassName=pqm_v2_pagA Member=Component R33 RES_HV732BTTD1004D_KOA
Added Member To Class: ClassName=pqm_v2_pagA Member=Component R34 RES_HV732BTTD1004D_KOA
Added Member To Class: ClassName=pqm_v2_pagA Member=Component R35 RES_HV732BTTD1004D_KOA
Added Member To Class: ClassName=pqm_v2_pagA Member=Component R36 RES_HV732BTTD1004D_KOA
Added Member To Class: ClassName=pqm_v2_pagA Member=Component R37 RES_HV732BTTD1004D_KOA
Added Member To Class: ClassName=pqm_v2_pagA Member=Component R38 RES_HV732BTTD1004D_KOA
Added Member To Class: ClassName=pqm_v2_pagA Member=Component R39 RES_HV732BTTD1004D_KOA
Added Member To Class: ClassName=pqm_v2_pagA Member=Component R40 RES_HV732BTTD1004D_KOA
Added Member To Class: ClassName=pqm_v2_pagA Member=Component R41 RES_HV732BTTD1004D_KOA
Added Member To Class: ClassName=pqm_v2_pagA Member=Component R42 RES_HV732BTTD1004D_KOA
Added Member To Class: ClassName=pqm_v2_pagA Member=Component R43 RES_HV732BTTD1004D_KOA
Added Member To Class: ClassName=pqm_v2_pagA Member=Component R44 RES_HV732BTTD1004D_KOA
Added Member To Class: ClassName=pqm_v2_pagA Member=Component R45 RES_HV732BTTD1004D_KOA
Added Member To Class: ClassName=pqm_v2_pagA Member=Component R46 RES_HV732BTTD1004D_KOA
Added Member To Class: ClassName=pqm_v2_pagA Member=Component R47 RES_HV732BTTD1004D_KOA
Added Member To Class: ClassName=pqm_v2_pagA Member=Component R48 RES_HV732BTTD1004D_KOA
Added Member To Class: ClassName=pqm_v2_pagA Member=Component U2 IC_TLV2474_ANALOG
