Removed Pin From Net: NetName=NetR10_2 Pin=R12-1
Removed Pin From Net: NetName=AGND Pin=R12-2
Removed Pin From Net: NetName=NetR22_2 Pin=R24-1
Removed Pin From Net: NetName=AGND Pin=R24-2
Removed Pin From Net: NetName=NetR34_2 Pin=R36-1
Removed Pin From Net: NetName=AGND Pin=R36-2
Removed Pin From Net: NetName=NetR46_2 Pin=R48-1
Removed Pin From Net: NetName=AGND Pin=R48-2
Change Component DesignItemId : Designator=C1 Old DesignItemId=CAP_CL31C300JBCNNNC_SAMSUNG New DesignItemId=CAP_CL31C103GAFNNNE_SAMSUNG
Change Component DesignItemId : Designator=C2 Old DesignItemId=CAP_CL31C300JBCNNNC_SAMSUNG New DesignItemId=CAP_CL31C103GAFNNNE_SAMSUNG
Change Component DesignItemId : Designator=C3 Old DesignItemId=CAP_CL31C300JBCNNNC_SAMSUNG New DesignItemId=CAP_CL31C103GAFNNNE_SAMSUNG
Change Component DesignItemId : Designator=C4 Old DesignItemId=CAP_CL31C300JBCNNNC_SAMSUNG New DesignItemId=CAP_CL31C103GAFNNNE_SAMSUNG
Change Component DesignItemId : Designator=C5 Old DesignItemId=CAP_CL31C300JBCNNNC_SAMSUNG New DesignItemId=CAP_CL31C103GAFNNNE_SAMSUNG
Change Component DesignItemId : Designator=C6 Old DesignItemId=CAP_CL31C300JBCNNNC_SAMSUNG New DesignItemId=CAP_CL31C103GAFNNNE_SAMSUNG
Change Component DesignItemId : Designator=C7 Old DesignItemId=CAP_CL31C300JBCNNNC_SAMSUNG New DesignItemId=CAP_CL31C103GAFNNNE_SAMSUNG
Change Component DesignItemId : Designator=C8 Old DesignItemId=CAP_CL31C300JBCNNNC_SAMSUNG New DesignItemId=CAP_CL31C103GAFNNNE_SAMSUNG
Change Component DesignItemId : Designator=C9 Old DesignItemId=CAP_CL31C300JBCNNNC_SAMSUNG New DesignItemId=CAP_CL31C103GAFNNNE_SAMSUNG
Change Component DesignItemId : Designator=C10 Old DesignItemId=CAP_CL31C300JBCNNNC_SAMSUNG New DesignItemId=CAP_CL31C103GAFNNNE_SAMSUNG
Change Component DesignItemId : Designator=C11 Old DesignItemId=CAP_CL31C300JBCNNNC_SAMSUNG New DesignItemId=CAP_CL31C103GAFNNNE_SAMSUNG
Change Component DesignItemId : Designator=C12 Old DesignItemId=CAP_CL31C300JBCNNNC_SAMSUNG New DesignItemId=CAP_CL31C103GAFNNNE_SAMSUNG
Change Component DesignItemId : Designator=C13 Old DesignItemId=CAP_CL31C300JBCNNNC_SAMSUNG New DesignItemId=CAP_CL31C103GAFNNNE_SAMSUNG
Change Component DesignItemId : Designator=C14 Old DesignItemId=CAP_CL31C300JBCNNNC_SAMSUNG New DesignItemId=CAP_CL31C103GAFNNNE_SAMSUNG
Change Component DesignItemId : Designator=C15 Old DesignItemId=CAP_CL31C300JBCNNNC_SAMSUNG New DesignItemId=CAP_CL31C103GAFNNNE_SAMSUNG
Change Component DesignItemId : Designator=C16 Old DesignItemId=CAP_CL31C300JBCNNNC_SAMSUNG New DesignItemId=CAP_CL31C103GAFNNNE_SAMSUNG
Change Component DesignItemId : Designator=R10 Old DesignItemId=RES_HV732BTTD1004D_KOA New DesignItemId=RES_RC1206FR-0710KL_Yageo
Change Component DesignItemId : Designator=R12 Old DesignItemId=RES_HV732BTTD1004D_KOA New DesignItemId=RES_RC1206FR-0710KL_Yageo
Change Component DesignItemId : Designator=R22 Old DesignItemId=RES_HV732BTTD1004D_KOA New DesignItemId=RES_RC1206FR-0710KL_Yageo
Change Component DesignItemId : Designator=R24 Old DesignItemId=RES_HV732BTTD1004D_KOA New DesignItemId=RES_RC1206FR-0710KL_Yageo
Change Component DesignItemId : Designator=R34 Old DesignItemId=RES_HV732BTTD1004D_KOA New DesignItemId=RES_RC1206FR-0710KL_Yageo
Change Component DesignItemId : Designator=R36 Old DesignItemId=RES_HV732BTTD1004D_KOA New DesignItemId=RES_RC1206FR-0710KL_Yageo
Change Component DesignItemId : Designator=R46 Old DesignItemId=RES_HV732BTTD1004D_KOA New DesignItemId=RES_RC1206FR-0710KL_Yageo
Change Component DesignItemId : Designator=R48 Old DesignItemId=RES_HV732BTTD1004D_KOA New DesignItemId=RES_RC1206FR-0710KL_Yageo
Change Component DesignItemId : Designator=R4 Old DesignItemId=RES_HV732BTTD1004D_KOA New DesignItemId=RES_RMCF1206FT3K65_Stackpole 
Change Component DesignItemId : Designator=R5 Old DesignItemId=RES_HV732BTTD1004D_KOA New DesignItemId=RES_RMCF1206FT3K65_Stackpole 
Change Component DesignItemId : Designator=R6 Old DesignItemId=RES_HV732BTTD1004D_KOA New DesignItemId=RES_RMCF1206FT3K65_Stackpole 
Change Component DesignItemId : Designator=R11 Old DesignItemId=RES_HV732BTTD1004D_KOA New DesignItemId=RES_RMCF1206FT3K65_Stackpole 
Change Component DesignItemId : Designator=R16 Old DesignItemId=RES_HV732BTTD1004D_KOA New DesignItemId=RES_RMCF1206FT3K65_Stackpole 
Change Component DesignItemId : Designator=R17 Old DesignItemId=RES_HV732BTTD1004D_KOA New DesignItemId=RES_RMCF1206FT3K65_Stackpole 
Change Component DesignItemId : Designator=R18 Old DesignItemId=RES_HV732BTTD1004D_KOA New DesignItemId=RES_RMCF1206FT3K65_Stackpole 
Change Component DesignItemId : Designator=R23 Old DesignItemId=RES_HV732BTTD1004D_KOA New DesignItemId=RES_RMCF1206FT3K65_Stackpole 
Change Component DesignItemId : Designator=R28 Old DesignItemId=RES_HV732BTTD1004D_KOA New DesignItemId=RES_RMCF1206FT3K65_Stackpole 
Change Component DesignItemId : Designator=R29 Old DesignItemId=RES_HV732BTTD1004D_KOA New DesignItemId=RES_RMCF1206FT3K65_Stackpole 
Change Component DesignItemId : Designator=R30 Old DesignItemId=RES_HV732BTTD1004D_KOA New DesignItemId=RES_RMCF1206FT3K65_Stackpole 
Change Component DesignItemId : Designator=R35 Old DesignItemId=RES_HV732BTTD1004D_KOA New DesignItemId=RES_RMCF1206FT3K65_Stackpole 
Change Component DesignItemId : Designator=R40 Old DesignItemId=RES_HV732BTTD1004D_KOA New DesignItemId=RES_RMCF1206FT3K65_Stackpole 
Change Component DesignItemId : Designator=R41 Old DesignItemId=RES_HV732BTTD1004D_KOA New DesignItemId=RES_RMCF1206FT3K65_Stackpole 
Change Component DesignItemId : Designator=R42 Old DesignItemId=RES_HV732BTTD1004D_KOA New DesignItemId=RES_RMCF1206FT3K65_Stackpole 
Change Component DesignItemId : Designator=R47 Old DesignItemId=RES_HV732BTTD1004D_KOA New DesignItemId=RES_RMCF1206FT3K65_Stackpole 
Change Component Footprint: Designator=R4 Old Footprint=RESC3216X071N New Footprint=RESC3216N
Change Component Footprint: Designator=R5 Old Footprint=RESC3216X071N New Footprint=RESC3216N
Change Component Footprint: Designator=R6 Old Footprint=RESC3216X071N New Footprint=RESC3216N
Change Component Footprint: Designator=R10 Old Footprint=RESC3216X071N New Footprint=RESC3216N
Change Component Footprint: Designator=R11 Old Footprint=RESC3216X071N New Footprint=RESC3216N
Change Component Footprint: Designator=R12 Old Footprint=RESC3216X071N New Footprint=RESC3216N
Change Component Footprint: Designator=R16 Old Footprint=RESC3216X071N New Footprint=RESC3216N
Change Component Footprint: Designator=R17 Old Footprint=RESC3216X071N New Footprint=RESC3216N
Change Component Footprint: Designator=R18 Old Footprint=RESC3216X071N New Footprint=RESC3216N
Change Component Footprint: Designator=R22 Old Footprint=RESC3216X071N New Footprint=RESC3216N
Change Component Footprint: Designator=R23 Old Footprint=RESC3216X071N New Footprint=RESC3216N
Change Component Footprint: Designator=R24 Old Footprint=RESC3216X071N New Footprint=RESC3216N
Change Component Footprint: Designator=R28 Old Footprint=RESC3216X071N New Footprint=RESC3216N
Change Component Footprint: Designator=R29 Old Footprint=RESC3216X071N New Footprint=RESC3216N
Change Component Footprint: Designator=R30 Old Footprint=RESC3216X071N New Footprint=RESC3216N
Change Component Footprint: Designator=R34 Old Footprint=RESC3216X071N New Footprint=RESC3216N
Change Component Footprint: Designator=R35 Old Footprint=RESC3216X071N New Footprint=RESC3216N
Change Component Footprint: Designator=R36 Old Footprint=RESC3216X071N New Footprint=RESC3216N
Change Component Footprint: Designator=R40 Old Footprint=RESC3216X071N New Footprint=RESC3216N
Change Component Footprint: Designator=R41 Old Footprint=RESC3216X071N New Footprint=RESC3216N
Change Component Footprint: Designator=R42 Old Footprint=RESC3216X071N New Footprint=RESC3216N
Change Component Footprint: Designator=R46 Old Footprint=RESC3216X071N New Footprint=RESC3216N
Change Component Footprint: Designator=R47 Old Footprint=RESC3216X071N New Footprint=RESC3216N
Change Component Footprint: Designator=R48 Old Footprint=RESC3216X071N New Footprint=RESC3216N
Change Component Comment : Designator=C1 Old Comment=CAP_CL31C300JBCNNNC_SAMSUNG New Comment=CAP_CL31C103GAFNNNE_SAMSUNG
Change Component Comment : Designator=C2 Old Comment=CAP_CL31C300JBCNNNC_SAMSUNG New Comment=CAP_CL31C103GAFNNNE_SAMSUNG
Change Component Comment : Designator=C3 Old Comment=CAP_CL31C300JBCNNNC_SAMSUNG New Comment=CAP_CL31C103GAFNNNE_SAMSUNG
Change Component Comment : Designator=C4 Old Comment=CAP_CL31C300JBCNNNC_SAMSUNG New Comment=CAP_CL31C103GAFNNNE_SAMSUNG
Change Component Comment : Designator=C5 Old Comment=CAP_CL31C300JBCNNNC_SAMSUNG New Comment=CAP_CL31C103GAFNNNE_SAMSUNG
Change Component Comment : Designator=C6 Old Comment=CAP_CL31C300JBCNNNC_SAMSUNG New Comment=CAP_CL31C103GAFNNNE_SAMSUNG
Change Component Comment : Designator=C7 Old Comment=CAP_CL31C300JBCNNNC_SAMSUNG New Comment=CAP_CL31C103GAFNNNE_SAMSUNG
Change Component Comment : Designator=C8 Old Comment=CAP_CL31C300JBCNNNC_SAMSUNG New Comment=CAP_CL31C103GAFNNNE_SAMSUNG
Change Component Comment : Designator=C9 Old Comment=CAP_CL31C300JBCNNNC_SAMSUNG New Comment=CAP_CL31C103GAFNNNE_SAMSUNG
Change Component Comment : Designator=C10 Old Comment=CAP_CL31C300JBCNNNC_SAMSUNG New Comment=CAP_CL31C103GAFNNNE_SAMSUNG
Change Component Comment : Designator=C11 Old Comment=CAP_CL31C300JBCNNNC_SAMSUNG New Comment=CAP_CL31C103GAFNNNE_SAMSUNG
Change Component Comment : Designator=C12 Old Comment=CAP_CL31C300JBCNNNC_SAMSUNG New Comment=CAP_CL31C103GAFNNNE_SAMSUNG
Change Component Comment : Designator=C13 Old Comment=CAP_CL31C300JBCNNNC_SAMSUNG New Comment=CAP_CL31C103GAFNNNE_SAMSUNG
Change Component Comment : Designator=C14 Old Comment=CAP_CL31C300JBCNNNC_SAMSUNG New Comment=CAP_CL31C103GAFNNNE_SAMSUNG
Change Component Comment : Designator=C15 Old Comment=CAP_CL31C300JBCNNNC_SAMSUNG New Comment=CAP_CL31C103GAFNNNE_SAMSUNG
Change Component Comment : Designator=C16 Old Comment=CAP_CL31C300JBCNNNC_SAMSUNG New Comment=CAP_CL31C103GAFNNNE_SAMSUNG
Change Component Comment : Designator=R10 Old Comment=RES_HV732BTTD1004D_KOA New Comment=RES_RC1206FR-0710KL_Yageo
Change Component Comment : Designator=R12 Old Comment=RES_HV732BTTD1004D_KOA New Comment=RES_RC1206FR-0710KL_Yageo
Change Component Comment : Designator=R22 Old Comment=RES_HV732BTTD1004D_KOA New Comment=RES_RC1206FR-0710KL_Yageo
Change Component Comment : Designator=R24 Old Comment=RES_HV732BTTD1004D_KOA New Comment=RES_RC1206FR-0710KL_Yageo
Change Component Comment : Designator=R34 Old Comment=RES_HV732BTTD1004D_KOA New Comment=RES_RC1206FR-0710KL_Yageo
Change Component Comment : Designator=R36 Old Comment=RES_HV732BTTD1004D_KOA New Comment=RES_RC1206FR-0710KL_Yageo
Change Component Comment : Designator=R46 Old Comment=RES_HV732BTTD1004D_KOA New Comment=RES_RC1206FR-0710KL_Yageo
Change Component Comment : Designator=R48 Old Comment=RES_HV732BTTD1004D_KOA New Comment=RES_RC1206FR-0710KL_Yageo
Change Component Comment : Designator=R4 Old Comment=RES_HV732BTTD1004D_KOA New Comment=RES_RMCF1206FT3K65_Stackpole 
Change Component Comment : Designator=R5 Old Comment=RES_HV732BTTD1004D_KOA New Comment=RES_RMCF1206FT3K65_Stackpole 
Change Component Comment : Designator=R6 Old Comment=RES_HV732BTTD1004D_KOA New Comment=RES_RMCF1206FT3K65_Stackpole 
Change Component Comment : Designator=R11 Old Comment=RES_HV732BTTD1004D_KOA New Comment=RES_RMCF1206FT3K65_Stackpole 
Change Component Comment : Designator=R16 Old Comment=RES_HV732BTTD1004D_KOA New Comment=RES_RMCF1206FT3K65_Stackpole 
Change Component Comment : Designator=R17 Old Comment=RES_HV732BTTD1004D_KOA New Comment=RES_RMCF1206FT3K65_Stackpole 
Change Component Comment : Designator=R18 Old Comment=RES_HV732BTTD1004D_KOA New Comment=RES_RMCF1206FT3K65_Stackpole 
Change Component Comment : Designator=R23 Old Comment=RES_HV732BTTD1004D_KOA New Comment=RES_RMCF1206FT3K65_Stackpole 
Change Component Comment : Designator=R28 Old Comment=RES_HV732BTTD1004D_KOA New Comment=RES_RMCF1206FT3K65_Stackpole 
Change Component Comment : Designator=R29 Old Comment=RES_HV732BTTD1004D_KOA New Comment=RES_RMCF1206FT3K65_Stackpole 
Change Component Comment : Designator=R30 Old Comment=RES_HV732BTTD1004D_KOA New Comment=RES_RMCF1206FT3K65_Stackpole 
Change Component Comment : Designator=R35 Old Comment=RES_HV732BTTD1004D_KOA New Comment=RES_RMCF1206FT3K65_Stackpole 
Change Component Comment : Designator=R40 Old Comment=RES_HV732BTTD1004D_KOA New Comment=RES_RMCF1206FT3K65_Stackpole 
Change Component Comment : Designator=R41 Old Comment=RES_HV732BTTD1004D_KOA New Comment=RES_RMCF1206FT3K65_Stackpole 
Change Component Comment : Designator=R42 Old Comment=RES_HV732BTTD1004D_KOA New Comment=RES_RMCF1206FT3K65_Stackpole 
Change Component Comment : Designator=R47 Old Comment=RES_HV732BTTD1004D_KOA New Comment=RES_RMCF1206FT3K65_Stackpole 
Change Component Designator: OldDesignator=J? NewDesignator=J5
Change Component Description : Designator=C1 Old Description=CAP CER 30PF 50V 5% NP0 1206 New Description=CAP CER 10000PF 25V NP0 1206
Change Component Description : Designator=C2 Old Description=CAP CER 30PF 50V 5% NP0 1206 New Description=CAP CER 10000PF 25V NP0 1206
Change Component Description : Designator=C3 Old Description=CAP CER 30PF 50V 5% NP0 1206 New Description=CAP CER 10000PF 25V NP0 1206
Change Component Description : Designator=C4 Old Description=CAP CER 30PF 50V 5% NP0 1206 New Description=CAP CER 10000PF 25V NP0 1206
Change Component Description : Designator=C5 Old Description=CAP CER 30PF 50V 5% NP0 1206 New Description=CAP CER 10000PF 25V NP0 1206
Change Component Description : Designator=C6 Old Description=CAP CER 30PF 50V 5% NP0 1206 New Description=CAP CER 10000PF 25V NP0 1206
Change Component Description : Designator=C7 Old Description=CAP CER 30PF 50V 5% NP0 1206 New Description=CAP CER 10000PF 25V NP0 1206
Change Component Description : Designator=C8 Old Description=CAP CER 30PF 50V 5% NP0 1206 New Description=CAP CER 10000PF 25V NP0 1206
Change Component Description : Designator=C9 Old Description=CAP CER 30PF 50V 5% NP0 1206 New Description=CAP CER 10000PF 25V NP0 1206
Change Component Description : Designator=C10 Old Description=CAP CER 30PF 50V 5% NP0 1206 New Description=CAP CER 10000PF 25V NP0 1206
Change Component Description : Designator=C11 Old Description=CAP CER 30PF 50V 5% NP0 1206 New Description=CAP CER 10000PF 25V NP0 1206
Change Component Description : Designator=C12 Old Description=CAP CER 30PF 50V 5% NP0 1206 New Description=CAP CER 10000PF 25V NP0 1206
Change Component Description : Designator=C13 Old Description=CAP CER 30PF 50V 5% NP0 1206 New Description=CAP CER 10000PF 25V NP0 1206
Change Component Description : Designator=C14 Old Description=CAP CER 30PF 50V 5% NP0 1206 New Description=CAP CER 10000PF 25V NP0 1206
Change Component Description : Designator=C15 Old Description=CAP CER 30PF 50V 5% NP0 1206 New Description=CAP CER 10000PF 25V NP0 1206
Change Component Description : Designator=C16 Old Description=CAP CER 30PF 50V 5% NP0 1206 New Description=CAP CER 10000PF 25V NP0 1206
Change Component Library : Designator=C1 Old Library=Caps.SchLib New Library=pqm_v2_IC.SchLib
Change Component Library : Designator=C2 Old Library=Caps.SchLib New Library=pqm_v2_IC.SchLib
Change Component Library : Designator=C3 Old Library=Caps.SchLib New Library=pqm_v2_IC.SchLib
Change Component Library : Designator=C4 Old Library=Caps.SchLib New Library=pqm_v2_IC.SchLib
Change Component Library : Designator=C5 Old Library=Caps.SchLib New Library=pqm_v2_IC.SchLib
Change Component Library : Designator=C6 Old Library=Caps.SchLib New Library=pqm_v2_IC.SchLib
Change Component Library : Designator=C7 Old Library=Caps.SchLib New Library=pqm_v2_IC.SchLib
Change Component Library : Designator=C8 Old Library=Caps.SchLib New Library=pqm_v2_IC.SchLib
Change Component Library : Designator=C9 Old Library=Caps.SchLib New Library=pqm_v2_IC.SchLib
Change Component Library : Designator=C10 Old Library=Caps.SchLib New Library=pqm_v2_IC.SchLib
Change Component Library : Designator=C11 Old Library=Caps.SchLib New Library=pqm_v2_IC.SchLib
Change Component Library : Designator=C12 Old Library=Caps.SchLib New Library=pqm_v2_IC.SchLib
Change Component Library : Designator=C13 Old Library=Caps.SchLib New Library=pqm_v2_IC.SchLib
Change Component Library : Designator=C14 Old Library=Caps.SchLib New Library=pqm_v2_IC.SchLib
Change Component Library : Designator=C15 Old Library=Caps.SchLib New Library=pqm_v2_IC.SchLib
Change Component Library : Designator=C16 Old Library=Caps.SchLib New Library=pqm_v2_IC.SchLib
Added Pin To Net: NetName=AGND Pin=R12-1
Added Pin To Net: NetName=NetR10_2 Pin=R12-2
Added Pin To Net: NetName=AGND Pin=R24-1
Added Pin To Net: NetName=NetR22_2 Pin=R24-2
Added Pin To Net: NetName=AGND Pin=R36-1
Added Pin To Net: NetName=NetR34_2 Pin=R36-2
Added Pin To Net: NetName=AGND Pin=R48-1
Added Pin To Net: NetName=NetR46_2 Pin=R48-2
Added Member To Class: ClassName=pqm_v2_pagA Member=Component C1 CAP_CL31C103GAFNNNE_SAMSUNG
Added Room: Name=pqm_v2_pagA
