Removed Member From Class: ClassName=pqm_v2_pagA Member=J?
Change Component Designator: OldDesignator=C? NewDesignator=C1
Change Component Designator: OldDesignator=C? NewDesignator=C3
Change Component Designator: OldDesignator=R? NewDesignator=R1
Change Component Designator: OldDesignator=R? NewDesignator=R2
Change Component Designator: OldDesignator=R? NewDesignator=R3
Change Component Designator: OldDesignator=R? NewDesignator=R4
Change Component Designator: OldDesignator=R? NewDesignator=R7
Change Component Designator: OldDesignator=R? NewDesignator=R8
Change Component Designator: OldDesignator=R? NewDesignator=R9
Change Component Designator: OldDesignator=R? NewDesignator=R11
Added Component: Designator=C2(CAPC3216X135N)
Added Component: Designator=C4(CAPC3216X135N)
Added Component: Designator=R5(RESC3216X071N)
Added Component: Designator=R6(RESC3216X071N)
Added Component: Designator=R10(RESC3216X071N)
Added Component: Designator=R12(RESC3216X071N)
Added Pin To Net: NetName=GND Pin=C4-1
Added Pin To Net: NetName=GND Pin=R12-2
Added Net: Name=GND
Added Pin To Net: NetName=NetC1_1 Pin=C1-1
Added Pin To Net: NetName=NetC1_1 Pin=R3-1
Added Pin To Net: NetName=NetC1_1 Pin=R4-2
Added Pin To Net: NetName=NetC1_1 Pin=U1-3
Added Net: Name=NetC1_1
Added Pin To Net: NetName=NetC1_2 Pin=C1-2
Added Pin To Net: NetName=NetC1_2 Pin=R4-1
Added Pin To Net: NetName=NetC1_2 Pin=R5-2
Added Pin To Net: NetName=NetC1_2 Pin=U1-1
Added Net: Name=NetC1_2
Added Pin To Net: NetName=NetC2_1 Pin=C2-1
Added Pin To Net: NetName=NetC2_1 Pin=R5-1
Added Pin To Net: NetName=NetC2_1 Pin=R6-2
Added Net: Name=NetC2_1
Added Pin To Net: NetName=NetC2_2 Pin=C2-2
Added Pin To Net: NetName=NetC2_2 Pin=R10-1
Added Pin To Net: NetName=NetC2_2 Pin=U1-8
Added Net: Name=NetC2_2
Added Pin To Net: NetName=NetC3_1 Pin=C3-1
Added Pin To Net: NetName=NetC3_1 Pin=R11-2
Added Net: Name=NetC3_1
Added Pin To Net: NetName=NetC3_2 Pin=C3-2
Added Pin To Net: NetName=NetC3_2 Pin=R9-1
Added Pin To Net: NetName=NetC3_2 Pin=R11-1
Added Pin To Net: NetName=NetC3_2 Pin=U1-2
Added Net: Name=NetC3_2
Added Pin To Net: NetName=NetC4_2 Pin=C4-2
Added Pin To Net: NetName=NetC4_2 Pin=R6-1
Added Pin To Net: NetName=NetC4_2 Pin=U1-9
Added Net: Name=NetC4_2
Added Pin To Net: NetName=NetR1_1 Pin=R1-1
Added Pin To Net: NetName=NetR1_1 Pin=R2-2
Added Net: Name=NetR1_1
Added Pin To Net: NetName=NetR2_1 Pin=R2-1
Added Pin To Net: NetName=NetR2_1 Pin=R3-2
Added Net: Name=NetR2_1
Added Pin To Net: NetName=NetR7_1 Pin=R7-1
Added Pin To Net: NetName=NetR7_1 Pin=R8-2
Added Net: Name=NetR7_1
Added Pin To Net: NetName=NetR8_1 Pin=R8-1
Added Pin To Net: NetName=NetR8_1 Pin=R9-2
Added Net: Name=NetR8_1
Added Pin To Net: NetName=NetR10_2 Pin=R10-2
Added Pin To Net: NetName=NetR10_2 Pin=R12-1
Added Pin To Net: NetName=NetR10_2 Pin=U1-10
Added Net: Name=NetR10_2
Added Member To Class: ClassName=pqm_v2_pagA Member=Component C1 CAP_CL31C300JBCNNNC_SAMSUNG
Added Member To Class: ClassName=pqm_v2_pagA Member=Component C2 CAP_CL31C300JBCNNNC_SAMSUNG
Added Member To Class: ClassName=pqm_v2_pagA Member=Component C4 CAP_CL31C300JBCNNNC_SAMSUNG
Added Member To Class: ClassName=pqm_v2_pagA Member=Component R1 RES_HV732BTTD1004D_KOA
Added Member To Class: ClassName=pqm_v2_pagA Member=Component R2 RES_HV732BTTD1004D_KOA
Added Member To Class: ClassName=pqm_v2_pagA Member=Component R3 RES_HV732BTTD1004D_KOA
Added Member To Class: ClassName=pqm_v2_pagA Member=Component R4 RES_HV732BTTD1004D_KOA
Added Member To Class: ClassName=pqm_v2_pagA Member=Component R5 RES_HV732BTTD1004D_KOA
Added Member To Class: ClassName=pqm_v2_pagA Member=Component R6 RES_HV732BTTD1004D_KOA
Added Member To Class: ClassName=pqm_v2_pagA Member=Component R7 RES_HV732BTTD1004D_KOA
Added Member To Class: ClassName=pqm_v2_pagA Member=Component R8 RES_HV732BTTD1004D_KOA
Added Member To Class: ClassName=pqm_v2_pagA Member=Component R10 RES_HV732BTTD1004D_KOA
Added Member To Class: ClassName=pqm_v2_pagA Member=Component R11 RES_HV732BTTD1004D_KOA
Added Member To Class: ClassName=pqm_v2_pagA Member=Component R12 RES_HV732BTTD1004D_KOA
